[2023-11-01 17:42:19,654] {scheduler_job.py:182} INFO - Started process (PID=253) to work on /home/airflow/.local/lib/python3.6/site-packages/airflow/example_dags/example_xcom.py
[2023-11-01 17:42:19,654] {scheduler_job.py:633} INFO - Processing file /home/airflow/.local/lib/python3.6/site-packages/airflow/example_dags/example_xcom.py for tasks to queue
[2023-11-01 17:42:19,655] {logging_mixin.py:104} INFO - [2023-11-01 17:42:19,655] {dagbag.py:496} INFO - Filling up the DagBag from /home/airflow/.local/lib/python3.6/site-packages/airflow/example_dags/example_xcom.py
[2023-11-01 17:42:19,662] {scheduler_job.py:643} INFO - DAG(s) dict_keys(['example_xcom']) retrieved from /home/airflow/.local/lib/python3.6/site-packages/airflow/example_dags/example_xcom.py
[2023-11-01 17:42:20,814] {logging_mixin.py:104} INFO - [2023-11-01 17:42:20,814] {dag.py:1833} INFO - Sync 1 DAGs
[2023-11-01 17:42:20,820] {logging_mixin.py:104} INFO - [2023-11-01 17:42:20,819] {dag.py:1852} INFO - Creating ORM DAG for example_xcom
[2023-11-01 17:42:20,823] {logging_mixin.py:104} INFO - [2023-11-01 17:42:20,823] {dag.py:2306} INFO - Setting next_dagrun for example_xcom to 2023-10-30 00:00:00+00:00
[2023-11-01 17:42:20,829] {scheduler_job.py:190} INFO - Processing /home/airflow/.local/lib/python3.6/site-packages/airflow/example_dags/example_xcom.py took 1.178 seconds
[2023-11-01 17:42:50,886] {scheduler_job.py:182} INFO - Started process (PID=704) to work on /home/airflow/.local/lib/python3.6/site-packages/airflow/example_dags/example_xcom.py
[2023-11-01 17:42:50,886] {scheduler_job.py:633} INFO - Processing file /home/airflow/.local/lib/python3.6/site-packages/airflow/example_dags/example_xcom.py for tasks to queue
[2023-11-01 17:42:50,887] {logging_mixin.py:104} INFO - [2023-11-01 17:42:50,887] {dagbag.py:496} INFO - Filling up the DagBag from /home/airflow/.local/lib/python3.6/site-packages/airflow/example_dags/example_xcom.py
[2023-11-01 17:42:50,892] {scheduler_job.py:643} INFO - DAG(s) dict_keys(['example_xcom']) retrieved from /home/airflow/.local/lib/python3.6/site-packages/airflow/example_dags/example_xcom.py
[2023-11-01 17:42:50,902] {logging_mixin.py:104} INFO - [2023-11-01 17:42:50,902] {dag.py:1833} INFO - Sync 1 DAGs
[2023-11-01 17:42:50,908] {logging_mixin.py:104} INFO - [2023-11-01 17:42:50,908] {dag.py:2306} INFO - Setting next_dagrun for example_xcom to 2023-10-30 00:00:00+00:00
[2023-11-01 17:42:50,914] {scheduler_job.py:190} INFO - Processing /home/airflow/.local/lib/python3.6/site-packages/airflow/example_dags/example_xcom.py took 0.029 seconds
[2023-11-01 17:43:21,482] {scheduler_job.py:182} INFO - Started process (PID=765) to work on /home/airflow/.local/lib/python3.6/site-packages/airflow/example_dags/example_xcom.py
[2023-11-01 17:43:21,482] {scheduler_job.py:633} INFO - Processing file /home/airflow/.local/lib/python3.6/site-packages/airflow/example_dags/example_xcom.py for tasks to queue
[2023-11-01 17:43:21,483] {logging_mixin.py:104} INFO - [2023-11-01 17:43:21,483] {dagbag.py:496} INFO - Filling up the DagBag from /home/airflow/.local/lib/python3.6/site-packages/airflow/example_dags/example_xcom.py
[2023-11-01 17:43:21,487] {scheduler_job.py:643} INFO - DAG(s) dict_keys(['example_xcom']) retrieved from /home/airflow/.local/lib/python3.6/site-packages/airflow/example_dags/example_xcom.py
[2023-11-01 17:43:21,497] {logging_mixin.py:104} INFO - [2023-11-01 17:43:21,497] {dag.py:1833} INFO - Sync 1 DAGs
[2023-11-01 17:43:21,505] {logging_mixin.py:104} INFO - [2023-11-01 17:43:21,505] {dag.py:2306} INFO - Setting next_dagrun for example_xcom to 2023-10-30 00:00:00+00:00
[2023-11-01 17:43:21,509] {scheduler_job.py:190} INFO - Processing /home/airflow/.local/lib/python3.6/site-packages/airflow/example_dags/example_xcom.py took 0.028 seconds
[2023-11-01 17:43:52,190] {scheduler_job.py:182} INFO - Started process (PID=826) to work on /home/airflow/.local/lib/python3.6/site-packages/airflow/example_dags/example_xcom.py
[2023-11-01 17:43:52,190] {scheduler_job.py:633} INFO - Processing file /home/airflow/.local/lib/python3.6/site-packages/airflow/example_dags/example_xcom.py for tasks to queue
[2023-11-01 17:43:52,191] {logging_mixin.py:104} INFO - [2023-11-01 17:43:52,191] {dagbag.py:496} INFO - Filling up the DagBag from /home/airflow/.local/lib/python3.6/site-packages/airflow/example_dags/example_xcom.py
[2023-11-01 17:43:52,195] {scheduler_job.py:643} INFO - DAG(s) dict_keys(['example_xcom']) retrieved from /home/airflow/.local/lib/python3.6/site-packages/airflow/example_dags/example_xcom.py
[2023-11-01 17:43:52,207] {logging_mixin.py:104} INFO - [2023-11-01 17:43:52,207] {dag.py:1833} INFO - Sync 1 DAGs
[2023-11-01 17:43:52,213] {logging_mixin.py:104} INFO - [2023-11-01 17:43:52,213] {dag.py:2306} INFO - Setting next_dagrun for example_xcom to 2023-10-30 00:00:00+00:00
[2023-11-01 17:43:52,218] {scheduler_job.py:190} INFO - Processing /home/airflow/.local/lib/python3.6/site-packages/airflow/example_dags/example_xcom.py took 0.029 seconds
[2023-11-01 17:44:22,996] {scheduler_job.py:182} INFO - Started process (PID=886) to work on /home/airflow/.local/lib/python3.6/site-packages/airflow/example_dags/example_xcom.py
[2023-11-01 17:44:22,996] {scheduler_job.py:633} INFO - Processing file /home/airflow/.local/lib/python3.6/site-packages/airflow/example_dags/example_xcom.py for tasks to queue
[2023-11-01 17:44:22,997] {logging_mixin.py:104} INFO - [2023-11-01 17:44:22,996] {dagbag.py:496} INFO - Filling up the DagBag from /home/airflow/.local/lib/python3.6/site-packages/airflow/example_dags/example_xcom.py
[2023-11-01 17:44:23,001] {scheduler_job.py:643} INFO - DAG(s) dict_keys(['example_xcom']) retrieved from /home/airflow/.local/lib/python3.6/site-packages/airflow/example_dags/example_xcom.py
[2023-11-01 17:44:23,010] {logging_mixin.py:104} INFO - [2023-11-01 17:44:23,010] {dag.py:1833} INFO - Sync 1 DAGs
[2023-11-01 17:44:23,017] {logging_mixin.py:104} INFO - [2023-11-01 17:44:23,017] {dag.py:2306} INFO - Setting next_dagrun for example_xcom to 2023-10-30 00:00:00+00:00
[2023-11-01 17:44:23,035] {scheduler_job.py:190} INFO - Processing /home/airflow/.local/lib/python3.6/site-packages/airflow/example_dags/example_xcom.py took 0.040 seconds
[2023-11-01 17:44:53,669] {scheduler_job.py:182} INFO - Started process (PID=947) to work on /home/airflow/.local/lib/python3.6/site-packages/airflow/example_dags/example_xcom.py
[2023-11-01 17:44:53,669] {scheduler_job.py:633} INFO - Processing file /home/airflow/.local/lib/python3.6/site-packages/airflow/example_dags/example_xcom.py for tasks to queue
[2023-11-01 17:44:53,669] {logging_mixin.py:104} INFO - [2023-11-01 17:44:53,669] {dagbag.py:496} INFO - Filling up the DagBag from /home/airflow/.local/lib/python3.6/site-packages/airflow/example_dags/example_xcom.py
[2023-11-01 17:44:53,674] {scheduler_job.py:643} INFO - DAG(s) dict_keys(['example_xcom']) retrieved from /home/airflow/.local/lib/python3.6/site-packages/airflow/example_dags/example_xcom.py
[2023-11-01 17:44:53,686] {logging_mixin.py:104} INFO - [2023-11-01 17:44:53,685] {dag.py:1833} INFO - Sync 1 DAGs
[2023-11-01 17:44:53,692] {logging_mixin.py:104} INFO - [2023-11-01 17:44:53,692] {dag.py:2306} INFO - Setting next_dagrun for example_xcom to 2023-10-30 00:00:00+00:00
[2023-11-01 17:44:53,707] {scheduler_job.py:190} INFO - Processing /home/airflow/.local/lib/python3.6/site-packages/airflow/example_dags/example_xcom.py took 0.040 seconds
[2023-11-01 17:45:24,321] {scheduler_job.py:182} INFO - Started process (PID=998) to work on /home/airflow/.local/lib/python3.6/site-packages/airflow/example_dags/example_xcom.py
[2023-11-01 17:45:24,321] {scheduler_job.py:633} INFO - Processing file /home/airflow/.local/lib/python3.6/site-packages/airflow/example_dags/example_xcom.py for tasks to queue
[2023-11-01 17:45:24,322] {logging_mixin.py:104} INFO - [2023-11-01 17:45:24,321] {dagbag.py:496} INFO - Filling up the DagBag from /home/airflow/.local/lib/python3.6/site-packages/airflow/example_dags/example_xcom.py
[2023-11-01 17:45:24,326] {scheduler_job.py:643} INFO - DAG(s) dict_keys(['example_xcom']) retrieved from /home/airflow/.local/lib/python3.6/site-packages/airflow/example_dags/example_xcom.py
[2023-11-01 17:45:24,336] {logging_mixin.py:104} INFO - [2023-11-01 17:45:24,336] {dag.py:1833} INFO - Sync 1 DAGs
[2023-11-01 17:45:24,344] {logging_mixin.py:104} INFO - [2023-11-01 17:45:24,344] {dag.py:2306} INFO - Setting next_dagrun for example_xcom to 2023-10-30 00:00:00+00:00
[2023-11-01 17:45:24,360] {scheduler_job.py:190} INFO - Processing /home/airflow/.local/lib/python3.6/site-packages/airflow/example_dags/example_xcom.py took 0.040 seconds
[2023-11-01 17:45:55,022] {scheduler_job.py:182} INFO - Started process (PID=1059) to work on /home/airflow/.local/lib/python3.6/site-packages/airflow/example_dags/example_xcom.py
[2023-11-01 17:45:55,023] {scheduler_job.py:633} INFO - Processing file /home/airflow/.local/lib/python3.6/site-packages/airflow/example_dags/example_xcom.py for tasks to queue
[2023-11-01 17:45:55,023] {logging_mixin.py:104} INFO - [2023-11-01 17:45:55,023] {dagbag.py:496} INFO - Filling up the DagBag from /home/airflow/.local/lib/python3.6/site-packages/airflow/example_dags/example_xcom.py
[2023-11-01 17:45:55,029] {scheduler_job.py:643} INFO - DAG(s) dict_keys(['example_xcom']) retrieved from /home/airflow/.local/lib/python3.6/site-packages/airflow/example_dags/example_xcom.py
[2023-11-01 17:45:55,038] {logging_mixin.py:104} INFO - [2023-11-01 17:45:55,038] {dag.py:1833} INFO - Sync 1 DAGs
[2023-11-01 17:45:55,044] {logging_mixin.py:104} INFO - [2023-11-01 17:45:55,044] {dag.py:2306} INFO - Setting next_dagrun for example_xcom to 2023-10-30 00:00:00+00:00
[2023-11-01 17:45:55,048] {scheduler_job.py:190} INFO - Processing /home/airflow/.local/lib/python3.6/site-packages/airflow/example_dags/example_xcom.py took 0.028 seconds
[2023-11-01 17:46:25,762] {scheduler_job.py:182} INFO - Started process (PID=1120) to work on /home/airflow/.local/lib/python3.6/site-packages/airflow/example_dags/example_xcom.py
[2023-11-01 17:46:25,763] {scheduler_job.py:633} INFO - Processing file /home/airflow/.local/lib/python3.6/site-packages/airflow/example_dags/example_xcom.py for tasks to queue
[2023-11-01 17:46:25,763] {logging_mixin.py:104} INFO - [2023-11-01 17:46:25,763] {dagbag.py:496} INFO - Filling up the DagBag from /home/airflow/.local/lib/python3.6/site-packages/airflow/example_dags/example_xcom.py
[2023-11-01 17:46:25,767] {scheduler_job.py:643} INFO - DAG(s) dict_keys(['example_xcom']) retrieved from /home/airflow/.local/lib/python3.6/site-packages/airflow/example_dags/example_xcom.py
[2023-11-01 17:46:25,778] {logging_mixin.py:104} INFO - [2023-11-01 17:46:25,778] {dag.py:1833} INFO - Sync 1 DAGs
[2023-11-01 17:46:25,786] {logging_mixin.py:104} INFO - [2023-11-01 17:46:25,785] {dag.py:2306} INFO - Setting next_dagrun for example_xcom to 2023-10-30 00:00:00+00:00
[2023-11-01 17:46:25,802] {scheduler_job.py:190} INFO - Processing /home/airflow/.local/lib/python3.6/site-packages/airflow/example_dags/example_xcom.py took 0.041 seconds
[2023-11-01 17:46:56,436] {scheduler_job.py:182} INFO - Started process (PID=1181) to work on /home/airflow/.local/lib/python3.6/site-packages/airflow/example_dags/example_xcom.py
[2023-11-01 17:46:56,436] {scheduler_job.py:633} INFO - Processing file /home/airflow/.local/lib/python3.6/site-packages/airflow/example_dags/example_xcom.py for tasks to queue
[2023-11-01 17:46:56,436] {logging_mixin.py:104} INFO - [2023-11-01 17:46:56,436] {dagbag.py:496} INFO - Filling up the DagBag from /home/airflow/.local/lib/python3.6/site-packages/airflow/example_dags/example_xcom.py
[2023-11-01 17:46:56,441] {scheduler_job.py:643} INFO - DAG(s) dict_keys(['example_xcom']) retrieved from /home/airflow/.local/lib/python3.6/site-packages/airflow/example_dags/example_xcom.py
[2023-11-01 17:46:56,455] {logging_mixin.py:104} INFO - [2023-11-01 17:46:56,455] {dag.py:1833} INFO - Sync 1 DAGs
[2023-11-01 17:46:56,462] {logging_mixin.py:104} INFO - [2023-11-01 17:46:56,462] {dag.py:2306} INFO - Setting next_dagrun for example_xcom to 2023-10-30 00:00:00+00:00
[2023-11-01 17:46:56,467] {scheduler_job.py:190} INFO - Processing /home/airflow/.local/lib/python3.6/site-packages/airflow/example_dags/example_xcom.py took 0.033 seconds
[2023-11-01 17:47:27,116] {scheduler_job.py:182} INFO - Started process (PID=1251) to work on /home/airflow/.local/lib/python3.6/site-packages/airflow/example_dags/example_xcom.py
[2023-11-01 17:47:27,117] {scheduler_job.py:633} INFO - Processing file /home/airflow/.local/lib/python3.6/site-packages/airflow/example_dags/example_xcom.py for tasks to queue
[2023-11-01 17:47:27,117] {logging_mixin.py:104} INFO - [2023-11-01 17:47:27,117] {dagbag.py:496} INFO - Filling up the DagBag from /home/airflow/.local/lib/python3.6/site-packages/airflow/example_dags/example_xcom.py
[2023-11-01 17:47:27,121] {scheduler_job.py:643} INFO - DAG(s) dict_keys(['example_xcom']) retrieved from /home/airflow/.local/lib/python3.6/site-packages/airflow/example_dags/example_xcom.py
[2023-11-01 17:47:27,132] {logging_mixin.py:104} INFO - [2023-11-01 17:47:27,132] {dag.py:1833} INFO - Sync 1 DAGs
[2023-11-01 17:47:27,138] {logging_mixin.py:104} INFO - [2023-11-01 17:47:27,138] {dag.py:2306} INFO - Setting next_dagrun for example_xcom to 2023-10-30 00:00:00+00:00
[2023-11-01 17:47:27,143] {scheduler_job.py:190} INFO - Processing /home/airflow/.local/lib/python3.6/site-packages/airflow/example_dags/example_xcom.py took 0.028 seconds
[2023-11-01 17:47:57,789] {scheduler_job.py:182} INFO - Started process (PID=1331) to work on /home/airflow/.local/lib/python3.6/site-packages/airflow/example_dags/example_xcom.py
[2023-11-01 17:47:57,789] {scheduler_job.py:633} INFO - Processing file /home/airflow/.local/lib/python3.6/site-packages/airflow/example_dags/example_xcom.py for tasks to queue
[2023-11-01 17:47:57,789] {logging_mixin.py:104} INFO - [2023-11-01 17:47:57,789] {dagbag.py:496} INFO - Filling up the DagBag from /home/airflow/.local/lib/python3.6/site-packages/airflow/example_dags/example_xcom.py
[2023-11-01 17:47:57,793] {scheduler_job.py:643} INFO - DAG(s) dict_keys(['example_xcom']) retrieved from /home/airflow/.local/lib/python3.6/site-packages/airflow/example_dags/example_xcom.py
[2023-11-01 17:47:57,805] {logging_mixin.py:104} INFO - [2023-11-01 17:47:57,805] {dag.py:1833} INFO - Sync 1 DAGs
[2023-11-01 17:47:57,813] {logging_mixin.py:104} INFO - [2023-11-01 17:47:57,813] {dag.py:2306} INFO - Setting next_dagrun for example_xcom to 2023-10-30 00:00:00+00:00
[2023-11-01 17:47:57,829] {scheduler_job.py:190} INFO - Processing /home/airflow/.local/lib/python3.6/site-packages/airflow/example_dags/example_xcom.py took 0.042 seconds
[2023-11-01 17:48:28,531] {scheduler_job.py:182} INFO - Started process (PID=1412) to work on /home/airflow/.local/lib/python3.6/site-packages/airflow/example_dags/example_xcom.py
[2023-11-01 17:48:28,531] {scheduler_job.py:633} INFO - Processing file /home/airflow/.local/lib/python3.6/site-packages/airflow/example_dags/example_xcom.py for tasks to queue
[2023-11-01 17:48:28,531] {logging_mixin.py:104} INFO - [2023-11-01 17:48:28,531] {dagbag.py:496} INFO - Filling up the DagBag from /home/airflow/.local/lib/python3.6/site-packages/airflow/example_dags/example_xcom.py
[2023-11-01 17:48:28,536] {scheduler_job.py:643} INFO - DAG(s) dict_keys(['example_xcom']) retrieved from /home/airflow/.local/lib/python3.6/site-packages/airflow/example_dags/example_xcom.py
[2023-11-01 17:48:28,546] {logging_mixin.py:104} INFO - [2023-11-01 17:48:28,546] {dag.py:1833} INFO - Sync 1 DAGs
[2023-11-01 17:48:28,553] {logging_mixin.py:104} INFO - [2023-11-01 17:48:28,553] {dag.py:2306} INFO - Setting next_dagrun for example_xcom to 2023-10-30 00:00:00+00:00
[2023-11-01 17:48:28,568] {scheduler_job.py:190} INFO - Processing /home/airflow/.local/lib/python3.6/site-packages/airflow/example_dags/example_xcom.py took 0.038 seconds
[2023-11-01 17:48:59,172] {scheduler_job.py:182} INFO - Started process (PID=1493) to work on /home/airflow/.local/lib/python3.6/site-packages/airflow/example_dags/example_xcom.py
[2023-11-01 17:48:59,172] {scheduler_job.py:633} INFO - Processing file /home/airflow/.local/lib/python3.6/site-packages/airflow/example_dags/example_xcom.py for tasks to queue
[2023-11-01 17:48:59,173] {logging_mixin.py:104} INFO - [2023-11-01 17:48:59,173] {dagbag.py:496} INFO - Filling up the DagBag from /home/airflow/.local/lib/python3.6/site-packages/airflow/example_dags/example_xcom.py
[2023-11-01 17:48:59,177] {scheduler_job.py:643} INFO - DAG(s) dict_keys(['example_xcom']) retrieved from /home/airflow/.local/lib/python3.6/site-packages/airflow/example_dags/example_xcom.py
[2023-11-01 17:48:59,187] {logging_mixin.py:104} INFO - [2023-11-01 17:48:59,187] {dag.py:1833} INFO - Sync 1 DAGs
[2023-11-01 17:48:59,194] {logging_mixin.py:104} INFO - [2023-11-01 17:48:59,194] {dag.py:2306} INFO - Setting next_dagrun for example_xcom to 2023-10-30 00:00:00+00:00
[2023-11-01 17:48:59,209] {scheduler_job.py:190} INFO - Processing /home/airflow/.local/lib/python3.6/site-packages/airflow/example_dags/example_xcom.py took 0.040 seconds
[2023-11-01 17:49:29,877] {scheduler_job.py:182} INFO - Started process (PID=1573) to work on /home/airflow/.local/lib/python3.6/site-packages/airflow/example_dags/example_xcom.py
[2023-11-01 17:49:29,877] {scheduler_job.py:633} INFO - Processing file /home/airflow/.local/lib/python3.6/site-packages/airflow/example_dags/example_xcom.py for tasks to queue
[2023-11-01 17:49:29,878] {logging_mixin.py:104} INFO - [2023-11-01 17:49:29,877] {dagbag.py:496} INFO - Filling up the DagBag from /home/airflow/.local/lib/python3.6/site-packages/airflow/example_dags/example_xcom.py
[2023-11-01 17:49:29,882] {scheduler_job.py:643} INFO - DAG(s) dict_keys(['example_xcom']) retrieved from /home/airflow/.local/lib/python3.6/site-packages/airflow/example_dags/example_xcom.py
[2023-11-01 17:49:29,894] {logging_mixin.py:104} INFO - [2023-11-01 17:49:29,894] {dag.py:1833} INFO - Sync 1 DAGs
[2023-11-01 17:49:29,901] {logging_mixin.py:104} INFO - [2023-11-01 17:49:29,901] {dag.py:2306} INFO - Setting next_dagrun for example_xcom to 2023-10-30 00:00:00+00:00
[2023-11-01 17:49:29,919] {scheduler_job.py:190} INFO - Processing /home/airflow/.local/lib/python3.6/site-packages/airflow/example_dags/example_xcom.py took 0.043 seconds
[2023-11-01 17:50:00,602] {scheduler_job.py:182} INFO - Started process (PID=1644) to work on /home/airflow/.local/lib/python3.6/site-packages/airflow/example_dags/example_xcom.py
[2023-11-01 17:50:00,602] {scheduler_job.py:633} INFO - Processing file /home/airflow/.local/lib/python3.6/site-packages/airflow/example_dags/example_xcom.py for tasks to queue
[2023-11-01 17:50:00,603] {logging_mixin.py:104} INFO - [2023-11-01 17:50:00,603] {dagbag.py:496} INFO - Filling up the DagBag from /home/airflow/.local/lib/python3.6/site-packages/airflow/example_dags/example_xcom.py
[2023-11-01 17:50:00,607] {scheduler_job.py:643} INFO - DAG(s) dict_keys(['example_xcom']) retrieved from /home/airflow/.local/lib/python3.6/site-packages/airflow/example_dags/example_xcom.py
[2023-11-01 17:50:00,617] {logging_mixin.py:104} INFO - [2023-11-01 17:50:00,617] {dag.py:1833} INFO - Sync 1 DAGs
[2023-11-01 17:50:00,624] {logging_mixin.py:104} INFO - [2023-11-01 17:50:00,624] {dag.py:2306} INFO - Setting next_dagrun for example_xcom to 2023-10-30 00:00:00+00:00
[2023-11-01 17:50:00,640] {scheduler_job.py:190} INFO - Processing /home/airflow/.local/lib/python3.6/site-packages/airflow/example_dags/example_xcom.py took 0.039 seconds
[2023-11-01 17:50:31,262] {scheduler_job.py:182} INFO - Started process (PID=1724) to work on /home/airflow/.local/lib/python3.6/site-packages/airflow/example_dags/example_xcom.py
[2023-11-01 17:50:31,263] {scheduler_job.py:633} INFO - Processing file /home/airflow/.local/lib/python3.6/site-packages/airflow/example_dags/example_xcom.py for tasks to queue
[2023-11-01 17:50:31,263] {logging_mixin.py:104} INFO - [2023-11-01 17:50:31,263] {dagbag.py:496} INFO - Filling up the DagBag from /home/airflow/.local/lib/python3.6/site-packages/airflow/example_dags/example_xcom.py
[2023-11-01 17:50:31,267] {scheduler_job.py:643} INFO - DAG(s) dict_keys(['example_xcom']) retrieved from /home/airflow/.local/lib/python3.6/site-packages/airflow/example_dags/example_xcom.py
[2023-11-01 17:50:31,278] {logging_mixin.py:104} INFO - [2023-11-01 17:50:31,278] {dag.py:1833} INFO - Sync 1 DAGs
[2023-11-01 17:50:31,284] {logging_mixin.py:104} INFO - [2023-11-01 17:50:31,284] {dag.py:2306} INFO - Setting next_dagrun for example_xcom to 2023-10-30 00:00:00+00:00
[2023-11-01 17:50:31,300] {scheduler_job.py:190} INFO - Processing /home/airflow/.local/lib/python3.6/site-packages/airflow/example_dags/example_xcom.py took 0.039 seconds
[2023-11-01 17:51:01,972] {scheduler_job.py:182} INFO - Started process (PID=1805) to work on /home/airflow/.local/lib/python3.6/site-packages/airflow/example_dags/example_xcom.py
[2023-11-01 17:51:01,972] {scheduler_job.py:633} INFO - Processing file /home/airflow/.local/lib/python3.6/site-packages/airflow/example_dags/example_xcom.py for tasks to queue
[2023-11-01 17:51:01,972] {logging_mixin.py:104} INFO - [2023-11-01 17:51:01,972] {dagbag.py:496} INFO - Filling up the DagBag from /home/airflow/.local/lib/python3.6/site-packages/airflow/example_dags/example_xcom.py
[2023-11-01 17:51:01,977] {scheduler_job.py:643} INFO - DAG(s) dict_keys(['example_xcom']) retrieved from /home/airflow/.local/lib/python3.6/site-packages/airflow/example_dags/example_xcom.py
[2023-11-01 17:51:01,987] {logging_mixin.py:104} INFO - [2023-11-01 17:51:01,987] {dag.py:1833} INFO - Sync 1 DAGs
[2023-11-01 17:51:01,993] {logging_mixin.py:104} INFO - [2023-11-01 17:51:01,993] {dag.py:2306} INFO - Setting next_dagrun for example_xcom to 2023-10-30 00:00:00+00:00
[2023-11-01 17:51:02,010] {scheduler_job.py:190} INFO - Processing /home/airflow/.local/lib/python3.6/site-packages/airflow/example_dags/example_xcom.py took 0.040 seconds
[2023-11-01 17:51:32,830] {scheduler_job.py:182} INFO - Started process (PID=1886) to work on /home/airflow/.local/lib/python3.6/site-packages/airflow/example_dags/example_xcom.py
[2023-11-01 17:51:32,831] {scheduler_job.py:633} INFO - Processing file /home/airflow/.local/lib/python3.6/site-packages/airflow/example_dags/example_xcom.py for tasks to queue
[2023-11-01 17:51:32,831] {logging_mixin.py:104} INFO - [2023-11-01 17:51:32,831] {dagbag.py:496} INFO - Filling up the DagBag from /home/airflow/.local/lib/python3.6/site-packages/airflow/example_dags/example_xcom.py
[2023-11-01 17:51:32,837] {scheduler_job.py:643} INFO - DAG(s) dict_keys(['example_xcom']) retrieved from /home/airflow/.local/lib/python3.6/site-packages/airflow/example_dags/example_xcom.py
[2023-11-01 17:51:32,847] {logging_mixin.py:104} INFO - [2023-11-01 17:51:32,847] {dag.py:1833} INFO - Sync 1 DAGs
[2023-11-01 17:51:32,855] {logging_mixin.py:104} INFO - [2023-11-01 17:51:32,855] {dag.py:2306} INFO - Setting next_dagrun for example_xcom to 2023-10-30 00:00:00+00:00
[2023-11-01 17:51:32,870] {scheduler_job.py:190} INFO - Processing /home/airflow/.local/lib/python3.6/site-packages/airflow/example_dags/example_xcom.py took 0.041 seconds
[2023-11-01 17:52:02,922] {scheduler_job.py:182} INFO - Started process (PID=1957) to work on /home/airflow/.local/lib/python3.6/site-packages/airflow/example_dags/example_xcom.py
[2023-11-01 17:52:02,922] {scheduler_job.py:633} INFO - Processing file /home/airflow/.local/lib/python3.6/site-packages/airflow/example_dags/example_xcom.py for tasks to queue
[2023-11-01 17:52:02,922] {logging_mixin.py:104} INFO - [2023-11-01 17:52:02,922] {dagbag.py:496} INFO - Filling up the DagBag from /home/airflow/.local/lib/python3.6/site-packages/airflow/example_dags/example_xcom.py
[2023-11-01 17:52:02,927] {scheduler_job.py:643} INFO - DAG(s) dict_keys(['example_xcom']) retrieved from /home/airflow/.local/lib/python3.6/site-packages/airflow/example_dags/example_xcom.py
[2023-11-01 17:52:02,938] {logging_mixin.py:104} INFO - [2023-11-01 17:52:02,938] {dag.py:1833} INFO - Sync 1 DAGs
[2023-11-01 17:52:02,945] {logging_mixin.py:104} INFO - [2023-11-01 17:52:02,945] {dag.py:2306} INFO - Setting next_dagrun for example_xcom to 2023-10-30 00:00:00+00:00
[2023-11-01 17:52:02,951] {scheduler_job.py:190} INFO - Processing /home/airflow/.local/lib/python3.6/site-packages/airflow/example_dags/example_xcom.py took 0.031 seconds
[2023-11-01 17:52:33,189] {scheduler_job.py:182} INFO - Started process (PID=2038) to work on /home/airflow/.local/lib/python3.6/site-packages/airflow/example_dags/example_xcom.py
[2023-11-01 17:52:33,190] {scheduler_job.py:633} INFO - Processing file /home/airflow/.local/lib/python3.6/site-packages/airflow/example_dags/example_xcom.py for tasks to queue
[2023-11-01 17:52:33,190] {logging_mixin.py:104} INFO - [2023-11-01 17:52:33,190] {dagbag.py:496} INFO - Filling up the DagBag from /home/airflow/.local/lib/python3.6/site-packages/airflow/example_dags/example_xcom.py
[2023-11-01 17:52:33,196] {scheduler_job.py:643} INFO - DAG(s) dict_keys(['example_xcom']) retrieved from /home/airflow/.local/lib/python3.6/site-packages/airflow/example_dags/example_xcom.py
[2023-11-01 17:52:33,211] {logging_mixin.py:104} INFO - [2023-11-01 17:52:33,210] {dag.py:1833} INFO - Sync 1 DAGs
[2023-11-01 17:52:33,219] {logging_mixin.py:104} INFO - [2023-11-01 17:52:33,219] {dag.py:2306} INFO - Setting next_dagrun for example_xcom to 2023-10-30 00:00:00+00:00
[2023-11-01 17:52:33,237] {scheduler_job.py:190} INFO - Processing /home/airflow/.local/lib/python3.6/site-packages/airflow/example_dags/example_xcom.py took 0.049 seconds
[2023-11-01 17:53:03,339] {scheduler_job.py:182} INFO - Started process (PID=2119) to work on /home/airflow/.local/lib/python3.6/site-packages/airflow/example_dags/example_xcom.py
[2023-11-01 17:53:03,340] {scheduler_job.py:633} INFO - Processing file /home/airflow/.local/lib/python3.6/site-packages/airflow/example_dags/example_xcom.py for tasks to queue
[2023-11-01 17:53:03,340] {logging_mixin.py:104} INFO - [2023-11-01 17:53:03,340] {dagbag.py:496} INFO - Filling up the DagBag from /home/airflow/.local/lib/python3.6/site-packages/airflow/example_dags/example_xcom.py
[2023-11-01 17:53:03,346] {scheduler_job.py:643} INFO - DAG(s) dict_keys(['example_xcom']) retrieved from /home/airflow/.local/lib/python3.6/site-packages/airflow/example_dags/example_xcom.py
[2023-11-01 17:53:03,360] {logging_mixin.py:104} INFO - [2023-11-01 17:53:03,359] {dag.py:1833} INFO - Sync 1 DAGs
[2023-11-01 17:53:03,369] {logging_mixin.py:104} INFO - [2023-11-01 17:53:03,369] {dag.py:2306} INFO - Setting next_dagrun for example_xcom to 2023-10-30 00:00:00+00:00
[2023-11-01 17:53:03,387] {scheduler_job.py:190} INFO - Processing /home/airflow/.local/lib/python3.6/site-packages/airflow/example_dags/example_xcom.py took 0.050 seconds
[2023-11-01 17:53:34,066] {scheduler_job.py:182} INFO - Started process (PID=2200) to work on /home/airflow/.local/lib/python3.6/site-packages/airflow/example_dags/example_xcom.py
[2023-11-01 17:53:34,067] {scheduler_job.py:633} INFO - Processing file /home/airflow/.local/lib/python3.6/site-packages/airflow/example_dags/example_xcom.py for tasks to queue
[2023-11-01 17:53:34,067] {logging_mixin.py:104} INFO - [2023-11-01 17:53:34,067] {dagbag.py:496} INFO - Filling up the DagBag from /home/airflow/.local/lib/python3.6/site-packages/airflow/example_dags/example_xcom.py
[2023-11-01 17:53:34,072] {scheduler_job.py:643} INFO - DAG(s) dict_keys(['example_xcom']) retrieved from /home/airflow/.local/lib/python3.6/site-packages/airflow/example_dags/example_xcom.py
[2023-11-01 17:53:34,089] {logging_mixin.py:104} INFO - [2023-11-01 17:53:34,089] {dag.py:1833} INFO - Sync 1 DAGs
[2023-11-01 17:53:34,099] {logging_mixin.py:104} INFO - [2023-11-01 17:53:34,099] {dag.py:2306} INFO - Setting next_dagrun for example_xcom to 2023-10-30 00:00:00+00:00
[2023-11-01 17:53:34,112] {scheduler_job.py:190} INFO - Processing /home/airflow/.local/lib/python3.6/site-packages/airflow/example_dags/example_xcom.py took 0.047 seconds
[2023-11-01 17:54:04,910] {scheduler_job.py:182} INFO - Started process (PID=2271) to work on /home/airflow/.local/lib/python3.6/site-packages/airflow/example_dags/example_xcom.py
[2023-11-01 17:54:04,911] {scheduler_job.py:633} INFO - Processing file /home/airflow/.local/lib/python3.6/site-packages/airflow/example_dags/example_xcom.py for tasks to queue
[2023-11-01 17:54:04,911] {logging_mixin.py:104} INFO - [2023-11-01 17:54:04,911] {dagbag.py:496} INFO - Filling up the DagBag from /home/airflow/.local/lib/python3.6/site-packages/airflow/example_dags/example_xcom.py
[2023-11-01 17:54:04,916] {scheduler_job.py:643} INFO - DAG(s) dict_keys(['example_xcom']) retrieved from /home/airflow/.local/lib/python3.6/site-packages/airflow/example_dags/example_xcom.py
[2023-11-01 17:54:04,927] {logging_mixin.py:104} INFO - [2023-11-01 17:54:04,927] {dag.py:1833} INFO - Sync 1 DAGs
[2023-11-01 17:54:04,934] {logging_mixin.py:104} INFO - [2023-11-01 17:54:04,934] {dag.py:2306} INFO - Setting next_dagrun for example_xcom to 2023-10-30 00:00:00+00:00
[2023-11-01 17:54:04,951] {scheduler_job.py:190} INFO - Processing /home/airflow/.local/lib/python3.6/site-packages/airflow/example_dags/example_xcom.py took 0.043 seconds
[2023-11-01 17:54:35,008] {scheduler_job.py:182} INFO - Started process (PID=2373) to work on /home/airflow/.local/lib/python3.6/site-packages/airflow/example_dags/example_xcom.py
[2023-11-01 17:54:35,008] {scheduler_job.py:633} INFO - Processing file /home/airflow/.local/lib/python3.6/site-packages/airflow/example_dags/example_xcom.py for tasks to queue
[2023-11-01 17:54:35,009] {logging_mixin.py:104} INFO - [2023-11-01 17:54:35,008] {dagbag.py:496} INFO - Filling up the DagBag from /home/airflow/.local/lib/python3.6/site-packages/airflow/example_dags/example_xcom.py
[2023-11-01 17:54:35,013] {scheduler_job.py:643} INFO - DAG(s) dict_keys(['example_xcom']) retrieved from /home/airflow/.local/lib/python3.6/site-packages/airflow/example_dags/example_xcom.py
[2023-11-01 17:54:35,022] {logging_mixin.py:104} INFO - [2023-11-01 17:54:35,022] {dag.py:1833} INFO - Sync 1 DAGs
[2023-11-01 17:54:35,029] {logging_mixin.py:104} INFO - [2023-11-01 17:54:35,029] {dag.py:2306} INFO - Setting next_dagrun for example_xcom to 2023-10-30 00:00:00+00:00
[2023-11-01 17:54:35,034] {scheduler_job.py:190} INFO - Processing /home/airflow/.local/lib/python3.6/site-packages/airflow/example_dags/example_xcom.py took 0.028 seconds
[2023-11-01 17:55:05,122] {scheduler_job.py:182} INFO - Started process (PID=2454) to work on /home/airflow/.local/lib/python3.6/site-packages/airflow/example_dags/example_xcom.py
[2023-11-01 17:55:05,123] {scheduler_job.py:633} INFO - Processing file /home/airflow/.local/lib/python3.6/site-packages/airflow/example_dags/example_xcom.py for tasks to queue
[2023-11-01 17:55:05,123] {logging_mixin.py:104} INFO - [2023-11-01 17:55:05,123] {dagbag.py:496} INFO - Filling up the DagBag from /home/airflow/.local/lib/python3.6/site-packages/airflow/example_dags/example_xcom.py
[2023-11-01 17:55:05,127] {scheduler_job.py:643} INFO - DAG(s) dict_keys(['example_xcom']) retrieved from /home/airflow/.local/lib/python3.6/site-packages/airflow/example_dags/example_xcom.py
[2023-11-01 17:55:05,139] {logging_mixin.py:104} INFO - [2023-11-01 17:55:05,139] {dag.py:1833} INFO - Sync 1 DAGs
[2023-11-01 17:55:05,146] {logging_mixin.py:104} INFO - [2023-11-01 17:55:05,146] {dag.py:2306} INFO - Setting next_dagrun for example_xcom to 2023-10-30 00:00:00+00:00
[2023-11-01 17:55:05,161] {scheduler_job.py:190} INFO - Processing /home/airflow/.local/lib/python3.6/site-packages/airflow/example_dags/example_xcom.py took 0.040 seconds
[2023-11-01 17:55:36,097] {scheduler_job.py:182} INFO - Started process (PID=2534) to work on /home/airflow/.local/lib/python3.6/site-packages/airflow/example_dags/example_xcom.py
[2023-11-01 17:55:36,097] {scheduler_job.py:633} INFO - Processing file /home/airflow/.local/lib/python3.6/site-packages/airflow/example_dags/example_xcom.py for tasks to queue
[2023-11-01 17:55:36,098] {logging_mixin.py:104} INFO - [2023-11-01 17:55:36,097] {dagbag.py:496} INFO - Filling up the DagBag from /home/airflow/.local/lib/python3.6/site-packages/airflow/example_dags/example_xcom.py
[2023-11-01 17:55:36,103] {scheduler_job.py:643} INFO - DAG(s) dict_keys(['example_xcom']) retrieved from /home/airflow/.local/lib/python3.6/site-packages/airflow/example_dags/example_xcom.py
[2023-11-01 17:55:36,113] {logging_mixin.py:104} INFO - [2023-11-01 17:55:36,113] {dag.py:1833} INFO - Sync 1 DAGs
[2023-11-01 17:55:36,121] {logging_mixin.py:104} INFO - [2023-11-01 17:55:36,121] {dag.py:2306} INFO - Setting next_dagrun for example_xcom to 2023-10-30 00:00:00+00:00
[2023-11-01 17:55:36,137] {scheduler_job.py:190} INFO - Processing /home/airflow/.local/lib/python3.6/site-packages/airflow/example_dags/example_xcom.py took 0.041 seconds
[2023-11-01 17:56:06,828] {scheduler_job.py:182} INFO - Started process (PID=2606) to work on /home/airflow/.local/lib/python3.6/site-packages/airflow/example_dags/example_xcom.py
[2023-11-01 17:56:06,828] {scheduler_job.py:633} INFO - Processing file /home/airflow/.local/lib/python3.6/site-packages/airflow/example_dags/example_xcom.py for tasks to queue
[2023-11-01 17:56:06,828] {logging_mixin.py:104} INFO - [2023-11-01 17:56:06,828] {dagbag.py:496} INFO - Filling up the DagBag from /home/airflow/.local/lib/python3.6/site-packages/airflow/example_dags/example_xcom.py
[2023-11-01 17:56:06,833] {scheduler_job.py:643} INFO - DAG(s) dict_keys(['example_xcom']) retrieved from /home/airflow/.local/lib/python3.6/site-packages/airflow/example_dags/example_xcom.py
[2023-11-01 17:56:06,844] {logging_mixin.py:104} INFO - [2023-11-01 17:56:06,844] {dag.py:1833} INFO - Sync 1 DAGs
[2023-11-01 17:56:06,850] {logging_mixin.py:104} INFO - [2023-11-01 17:56:06,850] {dag.py:2306} INFO - Setting next_dagrun for example_xcom to 2023-10-30 00:00:00+00:00
[2023-11-01 17:56:06,854] {scheduler_job.py:190} INFO - Processing /home/airflow/.local/lib/python3.6/site-packages/airflow/example_dags/example_xcom.py took 0.028 seconds
[2023-11-01 17:56:37,635] {scheduler_job.py:182} INFO - Started process (PID=2687) to work on /home/airflow/.local/lib/python3.6/site-packages/airflow/example_dags/example_xcom.py
[2023-11-01 17:56:37,635] {scheduler_job.py:633} INFO - Processing file /home/airflow/.local/lib/python3.6/site-packages/airflow/example_dags/example_xcom.py for tasks to queue
[2023-11-01 17:56:37,635] {logging_mixin.py:104} INFO - [2023-11-01 17:56:37,635] {dagbag.py:496} INFO - Filling up the DagBag from /home/airflow/.local/lib/python3.6/site-packages/airflow/example_dags/example_xcom.py
[2023-11-01 17:56:37,641] {scheduler_job.py:643} INFO - DAG(s) dict_keys(['example_xcom']) retrieved from /home/airflow/.local/lib/python3.6/site-packages/airflow/example_dags/example_xcom.py
[2023-11-01 17:56:37,650] {logging_mixin.py:104} INFO - [2023-11-01 17:56:37,650] {dag.py:1833} INFO - Sync 1 DAGs
[2023-11-01 17:56:37,657] {logging_mixin.py:104} INFO - [2023-11-01 17:56:37,657] {dag.py:2306} INFO - Setting next_dagrun for example_xcom to 2023-10-30 00:00:00+00:00
[2023-11-01 17:56:37,661] {scheduler_job.py:190} INFO - Processing /home/airflow/.local/lib/python3.6/site-packages/airflow/example_dags/example_xcom.py took 0.028 seconds
[2023-11-01 17:57:08,408] {scheduler_job.py:182} INFO - Started process (PID=2768) to work on /home/airflow/.local/lib/python3.6/site-packages/airflow/example_dags/example_xcom.py
[2023-11-01 17:57:08,408] {scheduler_job.py:633} INFO - Processing file /home/airflow/.local/lib/python3.6/site-packages/airflow/example_dags/example_xcom.py for tasks to queue
[2023-11-01 17:57:08,408] {logging_mixin.py:104} INFO - [2023-11-01 17:57:08,408] {dagbag.py:496} INFO - Filling up the DagBag from /home/airflow/.local/lib/python3.6/site-packages/airflow/example_dags/example_xcom.py
[2023-11-01 17:57:08,413] {scheduler_job.py:643} INFO - DAG(s) dict_keys(['example_xcom']) retrieved from /home/airflow/.local/lib/python3.6/site-packages/airflow/example_dags/example_xcom.py
[2023-11-01 17:57:08,423] {logging_mixin.py:104} INFO - [2023-11-01 17:57:08,423] {dag.py:1833} INFO - Sync 1 DAGs
[2023-11-01 17:57:08,430] {logging_mixin.py:104} INFO - [2023-11-01 17:57:08,429] {dag.py:2306} INFO - Setting next_dagrun for example_xcom to 2023-10-30 00:00:00+00:00
[2023-11-01 17:57:08,444] {scheduler_job.py:190} INFO - Processing /home/airflow/.local/lib/python3.6/site-packages/airflow/example_dags/example_xcom.py took 0.038 seconds
[2023-11-01 17:57:39,230] {scheduler_job.py:182} INFO - Started process (PID=2849) to work on /home/airflow/.local/lib/python3.6/site-packages/airflow/example_dags/example_xcom.py
[2023-11-01 17:57:39,231] {scheduler_job.py:633} INFO - Processing file /home/airflow/.local/lib/python3.6/site-packages/airflow/example_dags/example_xcom.py for tasks to queue
[2023-11-01 17:57:39,231] {logging_mixin.py:104} INFO - [2023-11-01 17:57:39,231] {dagbag.py:496} INFO - Filling up the DagBag from /home/airflow/.local/lib/python3.6/site-packages/airflow/example_dags/example_xcom.py
[2023-11-01 17:57:39,236] {scheduler_job.py:643} INFO - DAG(s) dict_keys(['example_xcom']) retrieved from /home/airflow/.local/lib/python3.6/site-packages/airflow/example_dags/example_xcom.py
[2023-11-01 17:57:39,246] {logging_mixin.py:104} INFO - [2023-11-01 17:57:39,246] {dag.py:1833} INFO - Sync 1 DAGs
[2023-11-01 17:57:39,253] {logging_mixin.py:104} INFO - [2023-11-01 17:57:39,252] {dag.py:2306} INFO - Setting next_dagrun for example_xcom to 2023-10-30 00:00:00+00:00
[2023-11-01 17:57:39,267] {scheduler_job.py:190} INFO - Processing /home/airflow/.local/lib/python3.6/site-packages/airflow/example_dags/example_xcom.py took 0.038 seconds
[2023-11-01 17:58:10,236] {scheduler_job.py:182} INFO - Started process (PID=2920) to work on /home/airflow/.local/lib/python3.6/site-packages/airflow/example_dags/example_xcom.py
[2023-11-01 17:58:10,236] {scheduler_job.py:633} INFO - Processing file /home/airflow/.local/lib/python3.6/site-packages/airflow/example_dags/example_xcom.py for tasks to queue
[2023-11-01 17:58:10,236] {logging_mixin.py:104} INFO - [2023-11-01 17:58:10,236] {dagbag.py:496} INFO - Filling up the DagBag from /home/airflow/.local/lib/python3.6/site-packages/airflow/example_dags/example_xcom.py
[2023-11-01 17:58:10,241] {scheduler_job.py:643} INFO - DAG(s) dict_keys(['example_xcom']) retrieved from /home/airflow/.local/lib/python3.6/site-packages/airflow/example_dags/example_xcom.py
[2023-11-01 17:58:10,253] {logging_mixin.py:104} INFO - [2023-11-01 17:58:10,253] {dag.py:1833} INFO - Sync 1 DAGs
[2023-11-01 17:58:10,260] {logging_mixin.py:104} INFO - [2023-11-01 17:58:10,260] {dag.py:2306} INFO - Setting next_dagrun for example_xcom to 2023-10-30 00:00:00+00:00
[2023-11-01 17:58:10,264] {scheduler_job.py:190} INFO - Processing /home/airflow/.local/lib/python3.6/site-packages/airflow/example_dags/example_xcom.py took 0.030 seconds
[2023-11-01 17:58:40,311] {scheduler_job.py:182} INFO - Started process (PID=3001) to work on /home/airflow/.local/lib/python3.6/site-packages/airflow/example_dags/example_xcom.py
[2023-11-01 17:58:40,311] {scheduler_job.py:633} INFO - Processing file /home/airflow/.local/lib/python3.6/site-packages/airflow/example_dags/example_xcom.py for tasks to queue
[2023-11-01 17:58:40,312] {logging_mixin.py:104} INFO - [2023-11-01 17:58:40,312] {dagbag.py:496} INFO - Filling up the DagBag from /home/airflow/.local/lib/python3.6/site-packages/airflow/example_dags/example_xcom.py
[2023-11-01 17:58:40,317] {scheduler_job.py:643} INFO - DAG(s) dict_keys(['example_xcom']) retrieved from /home/airflow/.local/lib/python3.6/site-packages/airflow/example_dags/example_xcom.py
[2023-11-01 17:58:40,326] {logging_mixin.py:104} INFO - [2023-11-01 17:58:40,326] {dag.py:1833} INFO - Sync 1 DAGs
[2023-11-01 17:58:40,334] {logging_mixin.py:104} INFO - [2023-11-01 17:58:40,334] {dag.py:2306} INFO - Setting next_dagrun for example_xcom to 2023-10-30 00:00:00+00:00
[2023-11-01 17:58:40,349] {scheduler_job.py:190} INFO - Processing /home/airflow/.local/lib/python3.6/site-packages/airflow/example_dags/example_xcom.py took 0.040 seconds
[2023-11-01 17:59:11,259] {scheduler_job.py:182} INFO - Started process (PID=3082) to work on /home/airflow/.local/lib/python3.6/site-packages/airflow/example_dags/example_xcom.py
[2023-11-01 17:59:11,260] {scheduler_job.py:633} INFO - Processing file /home/airflow/.local/lib/python3.6/site-packages/airflow/example_dags/example_xcom.py for tasks to queue
[2023-11-01 17:59:11,260] {logging_mixin.py:104} INFO - [2023-11-01 17:59:11,260] {dagbag.py:496} INFO - Filling up the DagBag from /home/airflow/.local/lib/python3.6/site-packages/airflow/example_dags/example_xcom.py
[2023-11-01 17:59:11,266] {scheduler_job.py:643} INFO - DAG(s) dict_keys(['example_xcom']) retrieved from /home/airflow/.local/lib/python3.6/site-packages/airflow/example_dags/example_xcom.py
[2023-11-01 17:59:11,277] {logging_mixin.py:104} INFO - [2023-11-01 17:59:11,277] {dag.py:1833} INFO - Sync 1 DAGs
[2023-11-01 17:59:11,284] {logging_mixin.py:104} INFO - [2023-11-01 17:59:11,284] {dag.py:2306} INFO - Setting next_dagrun for example_xcom to 2023-10-30 00:00:00+00:00
[2023-11-01 17:59:11,301] {scheduler_job.py:190} INFO - Processing /home/airflow/.local/lib/python3.6/site-packages/airflow/example_dags/example_xcom.py took 0.043 seconds
[2023-11-01 17:59:41,318] {scheduler_job.py:182} INFO - Started process (PID=3182) to work on /home/airflow/.local/lib/python3.6/site-packages/airflow/example_dags/example_xcom.py
[2023-11-01 17:59:41,319] {scheduler_job.py:633} INFO - Processing file /home/airflow/.local/lib/python3.6/site-packages/airflow/example_dags/example_xcom.py for tasks to queue
[2023-11-01 17:59:41,319] {logging_mixin.py:104} INFO - [2023-11-01 17:59:41,319] {dagbag.py:496} INFO - Filling up the DagBag from /home/airflow/.local/lib/python3.6/site-packages/airflow/example_dags/example_xcom.py
[2023-11-01 17:59:41,325] {scheduler_job.py:643} INFO - DAG(s) dict_keys(['example_xcom']) retrieved from /home/airflow/.local/lib/python3.6/site-packages/airflow/example_dags/example_xcom.py
[2023-11-01 17:59:41,338] {logging_mixin.py:104} INFO - [2023-11-01 17:59:41,338] {dag.py:1833} INFO - Sync 1 DAGs
[2023-11-01 17:59:41,348] {logging_mixin.py:104} INFO - [2023-11-01 17:59:41,348] {dag.py:2306} INFO - Setting next_dagrun for example_xcom to 2023-10-30 00:00:00+00:00
[2023-11-01 17:59:41,364] {scheduler_job.py:190} INFO - Processing /home/airflow/.local/lib/python3.6/site-packages/airflow/example_dags/example_xcom.py took 0.048 seconds
[2023-11-01 18:00:12,205] {scheduler_job.py:182} INFO - Started process (PID=3263) to work on /home/airflow/.local/lib/python3.6/site-packages/airflow/example_dags/example_xcom.py
[2023-11-01 18:00:12,206] {scheduler_job.py:633} INFO - Processing file /home/airflow/.local/lib/python3.6/site-packages/airflow/example_dags/example_xcom.py for tasks to queue
[2023-11-01 18:00:12,206] {logging_mixin.py:104} INFO - [2023-11-01 18:00:12,206] {dagbag.py:496} INFO - Filling up the DagBag from /home/airflow/.local/lib/python3.6/site-packages/airflow/example_dags/example_xcom.py
[2023-11-01 18:00:12,211] {scheduler_job.py:643} INFO - DAG(s) dict_keys(['example_xcom']) retrieved from /home/airflow/.local/lib/python3.6/site-packages/airflow/example_dags/example_xcom.py
[2023-11-01 18:00:12,223] {logging_mixin.py:104} INFO - [2023-11-01 18:00:12,222] {dag.py:1833} INFO - Sync 1 DAGs
[2023-11-01 18:00:12,230] {logging_mixin.py:104} INFO - [2023-11-01 18:00:12,230] {dag.py:2306} INFO - Setting next_dagrun for example_xcom to 2023-10-30 00:00:00+00:00
[2023-11-01 18:00:12,235] {scheduler_job.py:190} INFO - Processing /home/airflow/.local/lib/python3.6/site-packages/airflow/example_dags/example_xcom.py took 0.032 seconds
