[2023-11-01 17:42:17,016] {scheduler_job.py:182} INFO - Started process (PID=158) to work on /home/airflow/.local/lib/python3.6/site-packages/airflow/example_dags/example_dag_decorator.py
[2023-11-01 17:42:17,017] {scheduler_job.py:633} INFO - Processing file /home/airflow/.local/lib/python3.6/site-packages/airflow/example_dags/example_dag_decorator.py for tasks to queue
[2023-11-01 17:42:17,017] {logging_mixin.py:104} INFO - [2023-11-01 17:42:17,017] {dagbag.py:496} INFO - Filling up the DagBag from /home/airflow/.local/lib/python3.6/site-packages/airflow/example_dags/example_dag_decorator.py
[2023-11-01 17:42:17,030] {scheduler_job.py:643} INFO - DAG(s) dict_keys(['example_dag_decorator']) retrieved from /home/airflow/.local/lib/python3.6/site-packages/airflow/example_dags/example_dag_decorator.py
[2023-11-01 17:42:18,155] {logging_mixin.py:104} INFO - [2023-11-01 17:42:18,155] {dag.py:1833} INFO - Sync 1 DAGs
[2023-11-01 17:42:18,162] {logging_mixin.py:104} INFO - [2023-11-01 17:42:18,161] {dag.py:1852} INFO - Creating ORM DAG for example_dag_decorator
[2023-11-01 17:42:18,166] {logging_mixin.py:104} INFO - [2023-11-01 17:42:18,166] {dag.py:2306} INFO - Setting next_dagrun for example_dag_decorator to None
[2023-11-01 17:42:18,172] {scheduler_job.py:190} INFO - Processing /home/airflow/.local/lib/python3.6/site-packages/airflow/example_dags/example_dag_decorator.py took 1.157 seconds
[2023-11-01 17:42:48,770] {scheduler_job.py:182} INFO - Started process (PID=699) to work on /home/airflow/.local/lib/python3.6/site-packages/airflow/example_dags/example_dag_decorator.py
[2023-11-01 17:42:48,771] {scheduler_job.py:633} INFO - Processing file /home/airflow/.local/lib/python3.6/site-packages/airflow/example_dags/example_dag_decorator.py for tasks to queue
[2023-11-01 17:42:48,771] {logging_mixin.py:104} INFO - [2023-11-01 17:42:48,771] {dagbag.py:496} INFO - Filling up the DagBag from /home/airflow/.local/lib/python3.6/site-packages/airflow/example_dags/example_dag_decorator.py
[2023-11-01 17:42:48,782] {scheduler_job.py:643} INFO - DAG(s) dict_keys(['example_dag_decorator']) retrieved from /home/airflow/.local/lib/python3.6/site-packages/airflow/example_dags/example_dag_decorator.py
[2023-11-01 17:42:48,880] {logging_mixin.py:104} INFO - [2023-11-01 17:42:48,880] {dag.py:1833} INFO - Sync 1 DAGs
[2023-11-01 17:42:48,887] {logging_mixin.py:104} INFO - [2023-11-01 17:42:48,887] {dag.py:2306} INFO - Setting next_dagrun for example_dag_decorator to None
[2023-11-01 17:42:48,891] {scheduler_job.py:190} INFO - Processing /home/airflow/.local/lib/python3.6/site-packages/airflow/example_dags/example_dag_decorator.py took 0.123 seconds
[2023-11-01 17:43:19,392] {scheduler_job.py:182} INFO - Started process (PID=760) to work on /home/airflow/.local/lib/python3.6/site-packages/airflow/example_dags/example_dag_decorator.py
[2023-11-01 17:43:19,392] {scheduler_job.py:633} INFO - Processing file /home/airflow/.local/lib/python3.6/site-packages/airflow/example_dags/example_dag_decorator.py for tasks to queue
[2023-11-01 17:43:19,392] {logging_mixin.py:104} INFO - [2023-11-01 17:43:19,392] {dagbag.py:496} INFO - Filling up the DagBag from /home/airflow/.local/lib/python3.6/site-packages/airflow/example_dags/example_dag_decorator.py
[2023-11-01 17:43:19,401] {scheduler_job.py:643} INFO - DAG(s) dict_keys(['example_dag_decorator']) retrieved from /home/airflow/.local/lib/python3.6/site-packages/airflow/example_dags/example_dag_decorator.py
[2023-11-01 17:43:19,485] {logging_mixin.py:104} INFO - [2023-11-01 17:43:19,485] {dag.py:1833} INFO - Sync 1 DAGs
[2023-11-01 17:43:19,491] {logging_mixin.py:104} INFO - [2023-11-01 17:43:19,491] {dag.py:2306} INFO - Setting next_dagrun for example_dag_decorator to None
[2023-11-01 17:43:19,496] {scheduler_job.py:190} INFO - Processing /home/airflow/.local/lib/python3.6/site-packages/airflow/example_dags/example_dag_decorator.py took 0.106 seconds
[2023-11-01 17:43:50,089] {scheduler_job.py:182} INFO - Started process (PID=821) to work on /home/airflow/.local/lib/python3.6/site-packages/airflow/example_dags/example_dag_decorator.py
[2023-11-01 17:43:50,090] {scheduler_job.py:633} INFO - Processing file /home/airflow/.local/lib/python3.6/site-packages/airflow/example_dags/example_dag_decorator.py for tasks to queue
[2023-11-01 17:43:50,090] {logging_mixin.py:104} INFO - [2023-11-01 17:43:50,090] {dagbag.py:496} INFO - Filling up the DagBag from /home/airflow/.local/lib/python3.6/site-packages/airflow/example_dags/example_dag_decorator.py
[2023-11-01 17:43:50,099] {scheduler_job.py:643} INFO - DAG(s) dict_keys(['example_dag_decorator']) retrieved from /home/airflow/.local/lib/python3.6/site-packages/airflow/example_dags/example_dag_decorator.py
[2023-11-01 17:43:50,204] {logging_mixin.py:104} INFO - [2023-11-01 17:43:50,203] {dag.py:1833} INFO - Sync 1 DAGs
[2023-11-01 17:43:50,211] {logging_mixin.py:104} INFO - [2023-11-01 17:43:50,211] {dag.py:2306} INFO - Setting next_dagrun for example_dag_decorator to None
[2023-11-01 17:43:50,217] {scheduler_job.py:190} INFO - Processing /home/airflow/.local/lib/python3.6/site-packages/airflow/example_dags/example_dag_decorator.py took 0.130 seconds
[2023-11-01 17:44:20,893] {scheduler_job.py:182} INFO - Started process (PID=881) to work on /home/airflow/.local/lib/python3.6/site-packages/airflow/example_dags/example_dag_decorator.py
[2023-11-01 17:44:20,893] {scheduler_job.py:633} INFO - Processing file /home/airflow/.local/lib/python3.6/site-packages/airflow/example_dags/example_dag_decorator.py for tasks to queue
[2023-11-01 17:44:20,893] {logging_mixin.py:104} INFO - [2023-11-01 17:44:20,893] {dagbag.py:496} INFO - Filling up the DagBag from /home/airflow/.local/lib/python3.6/site-packages/airflow/example_dags/example_dag_decorator.py
[2023-11-01 17:44:20,901] {scheduler_job.py:643} INFO - DAG(s) dict_keys(['example_dag_decorator']) retrieved from /home/airflow/.local/lib/python3.6/site-packages/airflow/example_dags/example_dag_decorator.py
[2023-11-01 17:44:20,985] {logging_mixin.py:104} INFO - [2023-11-01 17:44:20,985] {dag.py:1833} INFO - Sync 1 DAGs
[2023-11-01 17:44:20,992] {logging_mixin.py:104} INFO - [2023-11-01 17:44:20,991] {dag.py:2306} INFO - Setting next_dagrun for example_dag_decorator to None
[2023-11-01 17:44:20,997] {scheduler_job.py:190} INFO - Processing /home/airflow/.local/lib/python3.6/site-packages/airflow/example_dags/example_dag_decorator.py took 0.106 seconds
[2023-11-01 17:44:51,577] {scheduler_job.py:182} INFO - Started process (PID=932) to work on /home/airflow/.local/lib/python3.6/site-packages/airflow/example_dags/example_dag_decorator.py
[2023-11-01 17:44:51,577] {scheduler_job.py:633} INFO - Processing file /home/airflow/.local/lib/python3.6/site-packages/airflow/example_dags/example_dag_decorator.py for tasks to queue
[2023-11-01 17:44:51,577] {logging_mixin.py:104} INFO - [2023-11-01 17:44:51,577] {dagbag.py:496} INFO - Filling up the DagBag from /home/airflow/.local/lib/python3.6/site-packages/airflow/example_dags/example_dag_decorator.py
[2023-11-01 17:44:51,585] {scheduler_job.py:643} INFO - DAG(s) dict_keys(['example_dag_decorator']) retrieved from /home/airflow/.local/lib/python3.6/site-packages/airflow/example_dags/example_dag_decorator.py
[2023-11-01 17:44:51,674] {logging_mixin.py:104} INFO - [2023-11-01 17:44:51,674] {dag.py:1833} INFO - Sync 1 DAGs
[2023-11-01 17:44:51,679] {logging_mixin.py:104} INFO - [2023-11-01 17:44:51,679] {dag.py:2306} INFO - Setting next_dagrun for example_dag_decorator to None
[2023-11-01 17:44:51,684] {scheduler_job.py:190} INFO - Processing /home/airflow/.local/lib/python3.6/site-packages/airflow/example_dags/example_dag_decorator.py took 0.109 seconds
[2023-11-01 17:45:22,219] {scheduler_job.py:182} INFO - Started process (PID=993) to work on /home/airflow/.local/lib/python3.6/site-packages/airflow/example_dags/example_dag_decorator.py
[2023-11-01 17:45:22,219] {scheduler_job.py:633} INFO - Processing file /home/airflow/.local/lib/python3.6/site-packages/airflow/example_dags/example_dag_decorator.py for tasks to queue
[2023-11-01 17:45:22,219] {logging_mixin.py:104} INFO - [2023-11-01 17:45:22,219] {dagbag.py:496} INFO - Filling up the DagBag from /home/airflow/.local/lib/python3.6/site-packages/airflow/example_dags/example_dag_decorator.py
[2023-11-01 17:45:22,227] {scheduler_job.py:643} INFO - DAG(s) dict_keys(['example_dag_decorator']) retrieved from /home/airflow/.local/lib/python3.6/site-packages/airflow/example_dags/example_dag_decorator.py
[2023-11-01 17:45:22,312] {logging_mixin.py:104} INFO - [2023-11-01 17:45:22,312] {dag.py:1833} INFO - Sync 1 DAGs
[2023-11-01 17:45:22,318] {logging_mixin.py:104} INFO - [2023-11-01 17:45:22,318] {dag.py:2306} INFO - Setting next_dagrun for example_dag_decorator to None
[2023-11-01 17:45:22,323] {scheduler_job.py:190} INFO - Processing /home/airflow/.local/lib/python3.6/site-packages/airflow/example_dags/example_dag_decorator.py took 0.106 seconds
[2023-11-01 17:45:52,968] {scheduler_job.py:182} INFO - Started process (PID=1054) to work on /home/airflow/.local/lib/python3.6/site-packages/airflow/example_dags/example_dag_decorator.py
[2023-11-01 17:45:52,968] {scheduler_job.py:633} INFO - Processing file /home/airflow/.local/lib/python3.6/site-packages/airflow/example_dags/example_dag_decorator.py for tasks to queue
[2023-11-01 17:45:52,968] {logging_mixin.py:104} INFO - [2023-11-01 17:45:52,968] {dagbag.py:496} INFO - Filling up the DagBag from /home/airflow/.local/lib/python3.6/site-packages/airflow/example_dags/example_dag_decorator.py
[2023-11-01 17:45:52,977] {scheduler_job.py:643} INFO - DAG(s) dict_keys(['example_dag_decorator']) retrieved from /home/airflow/.local/lib/python3.6/site-packages/airflow/example_dags/example_dag_decorator.py
[2023-11-01 17:45:53,077] {logging_mixin.py:104} INFO - [2023-11-01 17:45:53,077] {dag.py:1833} INFO - Sync 1 DAGs
[2023-11-01 17:45:53,085] {logging_mixin.py:104} INFO - [2023-11-01 17:45:53,085] {dag.py:2306} INFO - Setting next_dagrun for example_dag_decorator to None
[2023-11-01 17:45:53,093] {scheduler_job.py:190} INFO - Processing /home/airflow/.local/lib/python3.6/site-packages/airflow/example_dags/example_dag_decorator.py took 0.127 seconds
[2023-11-01 17:46:23,681] {scheduler_job.py:182} INFO - Started process (PID=1115) to work on /home/airflow/.local/lib/python3.6/site-packages/airflow/example_dags/example_dag_decorator.py
[2023-11-01 17:46:23,682] {scheduler_job.py:633} INFO - Processing file /home/airflow/.local/lib/python3.6/site-packages/airflow/example_dags/example_dag_decorator.py for tasks to queue
[2023-11-01 17:46:23,682] {logging_mixin.py:104} INFO - [2023-11-01 17:46:23,682] {dagbag.py:496} INFO - Filling up the DagBag from /home/airflow/.local/lib/python3.6/site-packages/airflow/example_dags/example_dag_decorator.py
[2023-11-01 17:46:23,696] {scheduler_job.py:643} INFO - DAG(s) dict_keys(['example_dag_decorator']) retrieved from /home/airflow/.local/lib/python3.6/site-packages/airflow/example_dags/example_dag_decorator.py
[2023-11-01 17:46:23,804] {logging_mixin.py:104} INFO - [2023-11-01 17:46:23,804] {dag.py:1833} INFO - Sync 1 DAGs
[2023-11-01 17:46:23,813] {logging_mixin.py:104} INFO - [2023-11-01 17:46:23,813] {dag.py:2306} INFO - Setting next_dagrun for example_dag_decorator to None
[2023-11-01 17:46:23,818] {scheduler_job.py:190} INFO - Processing /home/airflow/.local/lib/python3.6/site-packages/airflow/example_dags/example_dag_decorator.py took 0.139 seconds
[2023-11-01 17:46:54,390] {scheduler_job.py:182} INFO - Started process (PID=1166) to work on /home/airflow/.local/lib/python3.6/site-packages/airflow/example_dags/example_dag_decorator.py
[2023-11-01 17:46:54,390] {scheduler_job.py:633} INFO - Processing file /home/airflow/.local/lib/python3.6/site-packages/airflow/example_dags/example_dag_decorator.py for tasks to queue
[2023-11-01 17:46:54,390] {logging_mixin.py:104} INFO - [2023-11-01 17:46:54,390] {dagbag.py:496} INFO - Filling up the DagBag from /home/airflow/.local/lib/python3.6/site-packages/airflow/example_dags/example_dag_decorator.py
[2023-11-01 17:46:54,399] {scheduler_job.py:643} INFO - DAG(s) dict_keys(['example_dag_decorator']) retrieved from /home/airflow/.local/lib/python3.6/site-packages/airflow/example_dags/example_dag_decorator.py
[2023-11-01 17:46:54,482] {logging_mixin.py:104} INFO - [2023-11-01 17:46:54,482] {dag.py:1833} INFO - Sync 1 DAGs
[2023-11-01 17:46:54,488] {logging_mixin.py:104} INFO - [2023-11-01 17:46:54,488] {dag.py:2306} INFO - Setting next_dagrun for example_dag_decorator to None
[2023-11-01 17:46:54,493] {scheduler_job.py:190} INFO - Processing /home/airflow/.local/lib/python3.6/site-packages/airflow/example_dags/example_dag_decorator.py took 0.104 seconds
[2023-11-01 17:47:25,018] {scheduler_job.py:182} INFO - Started process (PID=1246) to work on /home/airflow/.local/lib/python3.6/site-packages/airflow/example_dags/example_dag_decorator.py
[2023-11-01 17:47:25,019] {scheduler_job.py:633} INFO - Processing file /home/airflow/.local/lib/python3.6/site-packages/airflow/example_dags/example_dag_decorator.py for tasks to queue
[2023-11-01 17:47:25,019] {logging_mixin.py:104} INFO - [2023-11-01 17:47:25,019] {dagbag.py:496} INFO - Filling up the DagBag from /home/airflow/.local/lib/python3.6/site-packages/airflow/example_dags/example_dag_decorator.py
[2023-11-01 17:47:25,027] {scheduler_job.py:643} INFO - DAG(s) dict_keys(['example_dag_decorator']) retrieved from /home/airflow/.local/lib/python3.6/site-packages/airflow/example_dags/example_dag_decorator.py
[2023-11-01 17:47:25,109] {logging_mixin.py:104} INFO - [2023-11-01 17:47:25,109] {dag.py:1833} INFO - Sync 1 DAGs
[2023-11-01 17:47:25,114] {logging_mixin.py:104} INFO - [2023-11-01 17:47:25,114] {dag.py:2306} INFO - Setting next_dagrun for example_dag_decorator to None
[2023-11-01 17:47:25,119] {scheduler_job.py:190} INFO - Processing /home/airflow/.local/lib/python3.6/site-packages/airflow/example_dags/example_dag_decorator.py took 0.102 seconds
[2023-11-01 17:47:55,688] {scheduler_job.py:182} INFO - Started process (PID=1326) to work on /home/airflow/.local/lib/python3.6/site-packages/airflow/example_dags/example_dag_decorator.py
[2023-11-01 17:47:55,688] {scheduler_job.py:633} INFO - Processing file /home/airflow/.local/lib/python3.6/site-packages/airflow/example_dags/example_dag_decorator.py for tasks to queue
[2023-11-01 17:47:55,689] {logging_mixin.py:104} INFO - [2023-11-01 17:47:55,689] {dagbag.py:496} INFO - Filling up the DagBag from /home/airflow/.local/lib/python3.6/site-packages/airflow/example_dags/example_dag_decorator.py
[2023-11-01 17:47:55,696] {scheduler_job.py:643} INFO - DAG(s) dict_keys(['example_dag_decorator']) retrieved from /home/airflow/.local/lib/python3.6/site-packages/airflow/example_dags/example_dag_decorator.py
[2023-11-01 17:47:55,779] {logging_mixin.py:104} INFO - [2023-11-01 17:47:55,779] {dag.py:1833} INFO - Sync 1 DAGs
[2023-11-01 17:47:55,785] {logging_mixin.py:104} INFO - [2023-11-01 17:47:55,785] {dag.py:2306} INFO - Setting next_dagrun for example_dag_decorator to None
[2023-11-01 17:47:55,790] {scheduler_job.py:190} INFO - Processing /home/airflow/.local/lib/python3.6/site-packages/airflow/example_dags/example_dag_decorator.py took 0.103 seconds
[2023-11-01 17:48:26,427] {scheduler_job.py:182} INFO - Started process (PID=1407) to work on /home/airflow/.local/lib/python3.6/site-packages/airflow/example_dags/example_dag_decorator.py
[2023-11-01 17:48:26,427] {scheduler_job.py:633} INFO - Processing file /home/airflow/.local/lib/python3.6/site-packages/airflow/example_dags/example_dag_decorator.py for tasks to queue
[2023-11-01 17:48:26,427] {logging_mixin.py:104} INFO - [2023-11-01 17:48:26,427] {dagbag.py:496} INFO - Filling up the DagBag from /home/airflow/.local/lib/python3.6/site-packages/airflow/example_dags/example_dag_decorator.py
[2023-11-01 17:48:26,435] {scheduler_job.py:643} INFO - DAG(s) dict_keys(['example_dag_decorator']) retrieved from /home/airflow/.local/lib/python3.6/site-packages/airflow/example_dags/example_dag_decorator.py
[2023-11-01 17:48:26,520] {logging_mixin.py:104} INFO - [2023-11-01 17:48:26,519] {dag.py:1833} INFO - Sync 1 DAGs
[2023-11-01 17:48:26,526] {logging_mixin.py:104} INFO - [2023-11-01 17:48:26,526] {dag.py:2306} INFO - Setting next_dagrun for example_dag_decorator to None
[2023-11-01 17:48:26,531] {scheduler_job.py:190} INFO - Processing /home/airflow/.local/lib/python3.6/site-packages/airflow/example_dags/example_dag_decorator.py took 0.106 seconds
[2023-11-01 17:48:57,101] {scheduler_job.py:182} INFO - Started process (PID=1488) to work on /home/airflow/.local/lib/python3.6/site-packages/airflow/example_dags/example_dag_decorator.py
[2023-11-01 17:48:57,102] {scheduler_job.py:633} INFO - Processing file /home/airflow/.local/lib/python3.6/site-packages/airflow/example_dags/example_dag_decorator.py for tasks to queue
[2023-11-01 17:48:57,102] {logging_mixin.py:104} INFO - [2023-11-01 17:48:57,102] {dagbag.py:496} INFO - Filling up the DagBag from /home/airflow/.local/lib/python3.6/site-packages/airflow/example_dags/example_dag_decorator.py
[2023-11-01 17:48:57,112] {scheduler_job.py:643} INFO - DAG(s) dict_keys(['example_dag_decorator']) retrieved from /home/airflow/.local/lib/python3.6/site-packages/airflow/example_dags/example_dag_decorator.py
[2023-11-01 17:48:57,227] {logging_mixin.py:104} INFO - [2023-11-01 17:48:57,227] {dag.py:1833} INFO - Sync 1 DAGs
[2023-11-01 17:48:57,235] {logging_mixin.py:104} INFO - [2023-11-01 17:48:57,235] {dag.py:2306} INFO - Setting next_dagrun for example_dag_decorator to None
[2023-11-01 17:48:57,243] {scheduler_job.py:190} INFO - Processing /home/airflow/.local/lib/python3.6/site-packages/airflow/example_dags/example_dag_decorator.py took 0.144 seconds
[2023-11-01 17:49:27,786] {scheduler_job.py:182} INFO - Started process (PID=1558) to work on /home/airflow/.local/lib/python3.6/site-packages/airflow/example_dags/example_dag_decorator.py
[2023-11-01 17:49:27,787] {scheduler_job.py:633} INFO - Processing file /home/airflow/.local/lib/python3.6/site-packages/airflow/example_dags/example_dag_decorator.py for tasks to queue
[2023-11-01 17:49:27,787] {logging_mixin.py:104} INFO - [2023-11-01 17:49:27,787] {dagbag.py:496} INFO - Filling up the DagBag from /home/airflow/.local/lib/python3.6/site-packages/airflow/example_dags/example_dag_decorator.py
[2023-11-01 17:49:27,795] {scheduler_job.py:643} INFO - DAG(s) dict_keys(['example_dag_decorator']) retrieved from /home/airflow/.local/lib/python3.6/site-packages/airflow/example_dags/example_dag_decorator.py
[2023-11-01 17:49:27,878] {logging_mixin.py:104} INFO - [2023-11-01 17:49:27,878] {dag.py:1833} INFO - Sync 1 DAGs
[2023-11-01 17:49:27,884] {logging_mixin.py:104} INFO - [2023-11-01 17:49:27,883] {dag.py:2306} INFO - Setting next_dagrun for example_dag_decorator to None
[2023-11-01 17:49:27,888] {scheduler_job.py:190} INFO - Processing /home/airflow/.local/lib/python3.6/site-packages/airflow/example_dags/example_dag_decorator.py took 0.103 seconds
[2023-11-01 17:49:58,523] {scheduler_job.py:182} INFO - Started process (PID=1639) to work on /home/airflow/.local/lib/python3.6/site-packages/airflow/example_dags/example_dag_decorator.py
[2023-11-01 17:49:58,523] {scheduler_job.py:633} INFO - Processing file /home/airflow/.local/lib/python3.6/site-packages/airflow/example_dags/example_dag_decorator.py for tasks to queue
[2023-11-01 17:49:58,523] {logging_mixin.py:104} INFO - [2023-11-01 17:49:58,523] {dagbag.py:496} INFO - Filling up the DagBag from /home/airflow/.local/lib/python3.6/site-packages/airflow/example_dags/example_dag_decorator.py
[2023-11-01 17:49:58,531] {scheduler_job.py:643} INFO - DAG(s) dict_keys(['example_dag_decorator']) retrieved from /home/airflow/.local/lib/python3.6/site-packages/airflow/example_dags/example_dag_decorator.py
[2023-11-01 17:49:58,616] {logging_mixin.py:104} INFO - [2023-11-01 17:49:58,616] {dag.py:1833} INFO - Sync 1 DAGs
[2023-11-01 17:49:58,622] {logging_mixin.py:104} INFO - [2023-11-01 17:49:58,622] {dag.py:2306} INFO - Setting next_dagrun for example_dag_decorator to None
[2023-11-01 17:49:58,629] {scheduler_job.py:190} INFO - Processing /home/airflow/.local/lib/python3.6/site-packages/airflow/example_dags/example_dag_decorator.py took 0.108 seconds
[2023-11-01 17:50:29,198] {scheduler_job.py:182} INFO - Started process (PID=1719) to work on /home/airflow/.local/lib/python3.6/site-packages/airflow/example_dags/example_dag_decorator.py
[2023-11-01 17:50:29,198] {scheduler_job.py:633} INFO - Processing file /home/airflow/.local/lib/python3.6/site-packages/airflow/example_dags/example_dag_decorator.py for tasks to queue
[2023-11-01 17:50:29,198] {logging_mixin.py:104} INFO - [2023-11-01 17:50:29,198] {dagbag.py:496} INFO - Filling up the DagBag from /home/airflow/.local/lib/python3.6/site-packages/airflow/example_dags/example_dag_decorator.py
[2023-11-01 17:50:29,206] {scheduler_job.py:643} INFO - DAG(s) dict_keys(['example_dag_decorator']) retrieved from /home/airflow/.local/lib/python3.6/site-packages/airflow/example_dags/example_dag_decorator.py
[2023-11-01 17:50:29,289] {logging_mixin.py:104} INFO - [2023-11-01 17:50:29,289] {dag.py:1833} INFO - Sync 1 DAGs
[2023-11-01 17:50:29,295] {logging_mixin.py:104} INFO - [2023-11-01 17:50:29,295] {dag.py:2306} INFO - Setting next_dagrun for example_dag_decorator to None
[2023-11-01 17:50:29,300] {scheduler_job.py:190} INFO - Processing /home/airflow/.local/lib/python3.6/site-packages/airflow/example_dags/example_dag_decorator.py took 0.103 seconds
[2023-11-01 17:50:59,915] {scheduler_job.py:182} INFO - Started process (PID=1800) to work on /home/airflow/.local/lib/python3.6/site-packages/airflow/example_dags/example_dag_decorator.py
[2023-11-01 17:50:59,915] {scheduler_job.py:633} INFO - Processing file /home/airflow/.local/lib/python3.6/site-packages/airflow/example_dags/example_dag_decorator.py for tasks to queue
[2023-11-01 17:50:59,915] {logging_mixin.py:104} INFO - [2023-11-01 17:50:59,915] {dagbag.py:496} INFO - Filling up the DagBag from /home/airflow/.local/lib/python3.6/site-packages/airflow/example_dags/example_dag_decorator.py
[2023-11-01 17:50:59,923] {scheduler_job.py:643} INFO - DAG(s) dict_keys(['example_dag_decorator']) retrieved from /home/airflow/.local/lib/python3.6/site-packages/airflow/example_dags/example_dag_decorator.py
[2023-11-01 17:51:00,005] {logging_mixin.py:104} INFO - [2023-11-01 17:51:00,005] {dag.py:1833} INFO - Sync 1 DAGs
[2023-11-01 17:51:00,011] {logging_mixin.py:104} INFO - [2023-11-01 17:51:00,011] {dag.py:2306} INFO - Setting next_dagrun for example_dag_decorator to None
[2023-11-01 17:51:00,017] {scheduler_job.py:190} INFO - Processing /home/airflow/.local/lib/python3.6/site-packages/airflow/example_dags/example_dag_decorator.py took 0.104 seconds
[2023-11-01 17:51:30,706] {scheduler_job.py:182} INFO - Started process (PID=1881) to work on /home/airflow/.local/lib/python3.6/site-packages/airflow/example_dags/example_dag_decorator.py
[2023-11-01 17:51:30,706] {scheduler_job.py:633} INFO - Processing file /home/airflow/.local/lib/python3.6/site-packages/airflow/example_dags/example_dag_decorator.py for tasks to queue
[2023-11-01 17:51:30,707] {logging_mixin.py:104} INFO - [2023-11-01 17:51:30,707] {dagbag.py:496} INFO - Filling up the DagBag from /home/airflow/.local/lib/python3.6/site-packages/airflow/example_dags/example_dag_decorator.py
[2023-11-01 17:51:30,717] {scheduler_job.py:643} INFO - DAG(s) dict_keys(['example_dag_decorator']) retrieved from /home/airflow/.local/lib/python3.6/site-packages/airflow/example_dags/example_dag_decorator.py
[2023-11-01 17:51:30,833] {logging_mixin.py:104} INFO - [2023-11-01 17:51:30,833] {dag.py:1833} INFO - Sync 1 DAGs
[2023-11-01 17:51:30,841] {logging_mixin.py:104} INFO - [2023-11-01 17:51:30,841] {dag.py:2306} INFO - Setting next_dagrun for example_dag_decorator to None
[2023-11-01 17:51:30,848] {scheduler_job.py:190} INFO - Processing /home/airflow/.local/lib/python3.6/site-packages/airflow/example_dags/example_dag_decorator.py took 0.144 seconds
[2023-11-01 17:52:00,859] {scheduler_job.py:182} INFO - Started process (PID=1953) to work on /home/airflow/.local/lib/python3.6/site-packages/airflow/example_dags/example_dag_decorator.py
[2023-11-01 17:52:00,859] {scheduler_job.py:633} INFO - Processing file /home/airflow/.local/lib/python3.6/site-packages/airflow/example_dags/example_dag_decorator.py for tasks to queue
[2023-11-01 17:52:00,860] {logging_mixin.py:104} INFO - [2023-11-01 17:52:00,860] {dagbag.py:496} INFO - Filling up the DagBag from /home/airflow/.local/lib/python3.6/site-packages/airflow/example_dags/example_dag_decorator.py
[2023-11-01 17:52:00,869] {scheduler_job.py:643} INFO - DAG(s) dict_keys(['example_dag_decorator']) retrieved from /home/airflow/.local/lib/python3.6/site-packages/airflow/example_dags/example_dag_decorator.py
[2023-11-01 17:52:00,955] {logging_mixin.py:104} INFO - [2023-11-01 17:52:00,955] {dag.py:1833} INFO - Sync 1 DAGs
[2023-11-01 17:52:00,961] {logging_mixin.py:104} INFO - [2023-11-01 17:52:00,961] {dag.py:2306} INFO - Setting next_dagrun for example_dag_decorator to None
[2023-11-01 17:52:00,976] {scheduler_job.py:190} INFO - Processing /home/airflow/.local/lib/python3.6/site-packages/airflow/example_dags/example_dag_decorator.py took 0.119 seconds
[2023-11-01 17:52:31,096] {scheduler_job.py:182} INFO - Started process (PID=2033) to work on /home/airflow/.local/lib/python3.6/site-packages/airflow/example_dags/example_dag_decorator.py
[2023-11-01 17:52:31,097] {scheduler_job.py:633} INFO - Processing file /home/airflow/.local/lib/python3.6/site-packages/airflow/example_dags/example_dag_decorator.py for tasks to queue
[2023-11-01 17:52:31,097] {logging_mixin.py:104} INFO - [2023-11-01 17:52:31,097] {dagbag.py:496} INFO - Filling up the DagBag from /home/airflow/.local/lib/python3.6/site-packages/airflow/example_dags/example_dag_decorator.py
[2023-11-01 17:52:31,105] {scheduler_job.py:643} INFO - DAG(s) dict_keys(['example_dag_decorator']) retrieved from /home/airflow/.local/lib/python3.6/site-packages/airflow/example_dags/example_dag_decorator.py
[2023-11-01 17:52:31,195] {logging_mixin.py:104} INFO - [2023-11-01 17:52:31,195] {dag.py:1833} INFO - Sync 1 DAGs
[2023-11-01 17:52:31,200] {logging_mixin.py:104} INFO - [2023-11-01 17:52:31,200] {dag.py:2306} INFO - Setting next_dagrun for example_dag_decorator to None
[2023-11-01 17:52:31,206] {scheduler_job.py:190} INFO - Processing /home/airflow/.local/lib/python3.6/site-packages/airflow/example_dags/example_dag_decorator.py took 0.111 seconds
[2023-11-01 17:53:01,269] {scheduler_job.py:182} INFO - Started process (PID=2114) to work on /home/airflow/.local/lib/python3.6/site-packages/airflow/example_dags/example_dag_decorator.py
[2023-11-01 17:53:01,269] {scheduler_job.py:633} INFO - Processing file /home/airflow/.local/lib/python3.6/site-packages/airflow/example_dags/example_dag_decorator.py for tasks to queue
[2023-11-01 17:53:01,270] {logging_mixin.py:104} INFO - [2023-11-01 17:53:01,270] {dagbag.py:496} INFO - Filling up the DagBag from /home/airflow/.local/lib/python3.6/site-packages/airflow/example_dags/example_dag_decorator.py
[2023-11-01 17:53:01,283] {scheduler_job.py:643} INFO - DAG(s) dict_keys(['example_dag_decorator']) retrieved from /home/airflow/.local/lib/python3.6/site-packages/airflow/example_dags/example_dag_decorator.py
[2023-11-01 17:53:01,381] {logging_mixin.py:104} INFO - [2023-11-01 17:53:01,381] {dag.py:1833} INFO - Sync 1 DAGs
[2023-11-01 17:53:01,387] {logging_mixin.py:104} INFO - [2023-11-01 17:53:01,387] {dag.py:2306} INFO - Setting next_dagrun for example_dag_decorator to None
[2023-11-01 17:53:01,392] {scheduler_job.py:190} INFO - Processing /home/airflow/.local/lib/python3.6/site-packages/airflow/example_dags/example_dag_decorator.py took 0.125 seconds
[2023-11-01 17:53:32,004] {scheduler_job.py:182} INFO - Started process (PID=2185) to work on /home/airflow/.local/lib/python3.6/site-packages/airflow/example_dags/example_dag_decorator.py
[2023-11-01 17:53:32,005] {scheduler_job.py:633} INFO - Processing file /home/airflow/.local/lib/python3.6/site-packages/airflow/example_dags/example_dag_decorator.py for tasks to queue
[2023-11-01 17:53:32,005] {logging_mixin.py:104} INFO - [2023-11-01 17:53:32,005] {dagbag.py:496} INFO - Filling up the DagBag from /home/airflow/.local/lib/python3.6/site-packages/airflow/example_dags/example_dag_decorator.py
[2023-11-01 17:53:32,013] {scheduler_job.py:643} INFO - DAG(s) dict_keys(['example_dag_decorator']) retrieved from /home/airflow/.local/lib/python3.6/site-packages/airflow/example_dags/example_dag_decorator.py
[2023-11-01 17:53:32,102] {logging_mixin.py:104} INFO - [2023-11-01 17:53:32,102] {dag.py:1833} INFO - Sync 1 DAGs
[2023-11-01 17:53:32,108] {logging_mixin.py:104} INFO - [2023-11-01 17:53:32,108] {dag.py:2306} INFO - Setting next_dagrun for example_dag_decorator to None
[2023-11-01 17:53:32,113] {scheduler_job.py:190} INFO - Processing /home/airflow/.local/lib/python3.6/site-packages/airflow/example_dags/example_dag_decorator.py took 0.110 seconds
[2023-11-01 17:54:02,763] {scheduler_job.py:182} INFO - Started process (PID=2266) to work on /home/airflow/.local/lib/python3.6/site-packages/airflow/example_dags/example_dag_decorator.py
[2023-11-01 17:54:02,763] {scheduler_job.py:633} INFO - Processing file /home/airflow/.local/lib/python3.6/site-packages/airflow/example_dags/example_dag_decorator.py for tasks to queue
[2023-11-01 17:54:02,764] {logging_mixin.py:104} INFO - [2023-11-01 17:54:02,763] {dagbag.py:496} INFO - Filling up the DagBag from /home/airflow/.local/lib/python3.6/site-packages/airflow/example_dags/example_dag_decorator.py
[2023-11-01 17:54:02,773] {scheduler_job.py:643} INFO - DAG(s) dict_keys(['example_dag_decorator']) retrieved from /home/airflow/.local/lib/python3.6/site-packages/airflow/example_dags/example_dag_decorator.py
[2023-11-01 17:54:02,879] {logging_mixin.py:104} INFO - [2023-11-01 17:54:02,879] {dag.py:1833} INFO - Sync 1 DAGs
[2023-11-01 17:54:02,886] {logging_mixin.py:104} INFO - [2023-11-01 17:54:02,886] {dag.py:2306} INFO - Setting next_dagrun for example_dag_decorator to None
[2023-11-01 17:54:02,891] {scheduler_job.py:190} INFO - Processing /home/airflow/.local/lib/python3.6/site-packages/airflow/example_dags/example_dag_decorator.py took 0.130 seconds
[2023-11-01 17:54:32,923] {scheduler_job.py:182} INFO - Started process (PID=2369) to work on /home/airflow/.local/lib/python3.6/site-packages/airflow/example_dags/example_dag_decorator.py
[2023-11-01 17:54:32,924] {scheduler_job.py:633} INFO - Processing file /home/airflow/.local/lib/python3.6/site-packages/airflow/example_dags/example_dag_decorator.py for tasks to queue
[2023-11-01 17:54:32,924] {logging_mixin.py:104} INFO - [2023-11-01 17:54:32,924] {dagbag.py:496} INFO - Filling up the DagBag from /home/airflow/.local/lib/python3.6/site-packages/airflow/example_dags/example_dag_decorator.py
[2023-11-01 17:54:32,932] {scheduler_job.py:643} INFO - DAG(s) dict_keys(['example_dag_decorator']) retrieved from /home/airflow/.local/lib/python3.6/site-packages/airflow/example_dags/example_dag_decorator.py
[2023-11-01 17:54:33,013] {logging_mixin.py:104} INFO - [2023-11-01 17:54:33,013] {dag.py:1833} INFO - Sync 1 DAGs
[2023-11-01 17:54:33,019] {logging_mixin.py:104} INFO - [2023-11-01 17:54:33,019] {dag.py:2306} INFO - Setting next_dagrun for example_dag_decorator to None
[2023-11-01 17:54:33,024] {scheduler_job.py:190} INFO - Processing /home/airflow/.local/lib/python3.6/site-packages/airflow/example_dags/example_dag_decorator.py took 0.102 seconds
[2023-11-01 17:55:03,985] {scheduler_job.py:182} INFO - Started process (PID=2450) to work on /home/airflow/.local/lib/python3.6/site-packages/airflow/example_dags/example_dag_decorator.py
[2023-11-01 17:55:03,986] {scheduler_job.py:633} INFO - Processing file /home/airflow/.local/lib/python3.6/site-packages/airflow/example_dags/example_dag_decorator.py for tasks to queue
[2023-11-01 17:55:03,986] {logging_mixin.py:104} INFO - [2023-11-01 17:55:03,986] {dagbag.py:496} INFO - Filling up the DagBag from /home/airflow/.local/lib/python3.6/site-packages/airflow/example_dags/example_dag_decorator.py
[2023-11-01 17:55:03,999] {scheduler_job.py:643} INFO - DAG(s) dict_keys(['example_dag_decorator']) retrieved from /home/airflow/.local/lib/python3.6/site-packages/airflow/example_dags/example_dag_decorator.py
[2023-11-01 17:55:04,093] {logging_mixin.py:104} INFO - [2023-11-01 17:55:04,093] {dag.py:1833} INFO - Sync 1 DAGs
[2023-11-01 17:55:04,099] {logging_mixin.py:104} INFO - [2023-11-01 17:55:04,099] {dag.py:2306} INFO - Setting next_dagrun for example_dag_decorator to None
[2023-11-01 17:55:04,104] {scheduler_job.py:190} INFO - Processing /home/airflow/.local/lib/python3.6/site-packages/airflow/example_dags/example_dag_decorator.py took 0.121 seconds
[2023-11-01 17:55:35,046] {scheduler_job.py:182} INFO - Started process (PID=2521) to work on /home/airflow/.local/lib/python3.6/site-packages/airflow/example_dags/example_dag_decorator.py
[2023-11-01 17:55:35,047] {scheduler_job.py:633} INFO - Processing file /home/airflow/.local/lib/python3.6/site-packages/airflow/example_dags/example_dag_decorator.py for tasks to queue
[2023-11-01 17:55:35,047] {logging_mixin.py:104} INFO - [2023-11-01 17:55:35,047] {dagbag.py:496} INFO - Filling up the DagBag from /home/airflow/.local/lib/python3.6/site-packages/airflow/example_dags/example_dag_decorator.py
[2023-11-01 17:55:35,055] {scheduler_job.py:643} INFO - DAG(s) dict_keys(['example_dag_decorator']) retrieved from /home/airflow/.local/lib/python3.6/site-packages/airflow/example_dags/example_dag_decorator.py
[2023-11-01 17:55:35,064] {logging_mixin.py:104} INFO - [2023-11-01 17:55:35,064] {dag.py:1833} INFO - Sync 1 DAGs
[2023-11-01 17:55:35,069] {logging_mixin.py:104} INFO - [2023-11-01 17:55:35,069] {dag.py:2306} INFO - Setting next_dagrun for example_dag_decorator to None
[2023-11-01 17:55:35,086] {scheduler_job.py:190} INFO - Processing /home/airflow/.local/lib/python3.6/site-packages/airflow/example_dags/example_dag_decorator.py took 0.041 seconds
[2023-11-01 17:56:05,736] {scheduler_job.py:182} INFO - Started process (PID=2602) to work on /home/airflow/.local/lib/python3.6/site-packages/airflow/example_dags/example_dag_decorator.py
[2023-11-01 17:56:05,737] {scheduler_job.py:633} INFO - Processing file /home/airflow/.local/lib/python3.6/site-packages/airflow/example_dags/example_dag_decorator.py for tasks to queue
[2023-11-01 17:56:05,737] {logging_mixin.py:104} INFO - [2023-11-01 17:56:05,737] {dagbag.py:496} INFO - Filling up the DagBag from /home/airflow/.local/lib/python3.6/site-packages/airflow/example_dags/example_dag_decorator.py
[2023-11-01 17:56:05,745] {scheduler_job.py:643} INFO - DAG(s) dict_keys(['example_dag_decorator']) retrieved from /home/airflow/.local/lib/python3.6/site-packages/airflow/example_dags/example_dag_decorator.py
[2023-11-01 17:56:05,834] {logging_mixin.py:104} INFO - [2023-11-01 17:56:05,834] {dag.py:1833} INFO - Sync 1 DAGs
[2023-11-01 17:56:05,841] {logging_mixin.py:104} INFO - [2023-11-01 17:56:05,841] {dag.py:2306} INFO - Setting next_dagrun for example_dag_decorator to None
[2023-11-01 17:56:05,846] {scheduler_job.py:190} INFO - Processing /home/airflow/.local/lib/python3.6/site-packages/airflow/example_dags/example_dag_decorator.py took 0.111 seconds
[2023-11-01 17:56:36,554] {scheduler_job.py:182} INFO - Started process (PID=2683) to work on /home/airflow/.local/lib/python3.6/site-packages/airflow/example_dags/example_dag_decorator.py
[2023-11-01 17:56:36,555] {scheduler_job.py:633} INFO - Processing file /home/airflow/.local/lib/python3.6/site-packages/airflow/example_dags/example_dag_decorator.py for tasks to queue
[2023-11-01 17:56:36,555] {logging_mixin.py:104} INFO - [2023-11-01 17:56:36,555] {dagbag.py:496} INFO - Filling up the DagBag from /home/airflow/.local/lib/python3.6/site-packages/airflow/example_dags/example_dag_decorator.py
[2023-11-01 17:56:36,563] {scheduler_job.py:643} INFO - DAG(s) dict_keys(['example_dag_decorator']) retrieved from /home/airflow/.local/lib/python3.6/site-packages/airflow/example_dags/example_dag_decorator.py
[2023-11-01 17:56:36,648] {logging_mixin.py:104} INFO - [2023-11-01 17:56:36,648] {dag.py:1833} INFO - Sync 1 DAGs
[2023-11-01 17:56:36,654] {logging_mixin.py:104} INFO - [2023-11-01 17:56:36,654] {dag.py:2306} INFO - Setting next_dagrun for example_dag_decorator to None
[2023-11-01 17:56:36,660] {scheduler_job.py:190} INFO - Processing /home/airflow/.local/lib/python3.6/site-packages/airflow/example_dags/example_dag_decorator.py took 0.107 seconds
[2023-11-01 17:57:07,319] {scheduler_job.py:182} INFO - Started process (PID=2764) to work on /home/airflow/.local/lib/python3.6/site-packages/airflow/example_dags/example_dag_decorator.py
[2023-11-01 17:57:07,319] {scheduler_job.py:633} INFO - Processing file /home/airflow/.local/lib/python3.6/site-packages/airflow/example_dags/example_dag_decorator.py for tasks to queue
[2023-11-01 17:57:07,319] {logging_mixin.py:104} INFO - [2023-11-01 17:57:07,319] {dagbag.py:496} INFO - Filling up the DagBag from /home/airflow/.local/lib/python3.6/site-packages/airflow/example_dags/example_dag_decorator.py
[2023-11-01 17:57:07,328] {scheduler_job.py:643} INFO - DAG(s) dict_keys(['example_dag_decorator']) retrieved from /home/airflow/.local/lib/python3.6/site-packages/airflow/example_dags/example_dag_decorator.py
[2023-11-01 17:57:07,415] {logging_mixin.py:104} INFO - [2023-11-01 17:57:07,415] {dag.py:1833} INFO - Sync 1 DAGs
[2023-11-01 17:57:07,420] {logging_mixin.py:104} INFO - [2023-11-01 17:57:07,420] {dag.py:2306} INFO - Setting next_dagrun for example_dag_decorator to None
[2023-11-01 17:57:07,426] {scheduler_job.py:190} INFO - Processing /home/airflow/.local/lib/python3.6/site-packages/airflow/example_dags/example_dag_decorator.py took 0.108 seconds
[2023-11-01 17:57:38,137] {scheduler_job.py:182} INFO - Started process (PID=2845) to work on /home/airflow/.local/lib/python3.6/site-packages/airflow/example_dags/example_dag_decorator.py
[2023-11-01 17:57:38,137] {scheduler_job.py:633} INFO - Processing file /home/airflow/.local/lib/python3.6/site-packages/airflow/example_dags/example_dag_decorator.py for tasks to queue
[2023-11-01 17:57:38,137] {logging_mixin.py:104} INFO - [2023-11-01 17:57:38,137] {dagbag.py:496} INFO - Filling up the DagBag from /home/airflow/.local/lib/python3.6/site-packages/airflow/example_dags/example_dag_decorator.py
[2023-11-01 17:57:38,148] {scheduler_job.py:643} INFO - DAG(s) dict_keys(['example_dag_decorator']) retrieved from /home/airflow/.local/lib/python3.6/site-packages/airflow/example_dags/example_dag_decorator.py
[2023-11-01 17:57:38,239] {logging_mixin.py:104} INFO - [2023-11-01 17:57:38,239] {dag.py:1833} INFO - Sync 1 DAGs
[2023-11-01 17:57:38,245] {logging_mixin.py:104} INFO - [2023-11-01 17:57:38,244] {dag.py:2306} INFO - Setting next_dagrun for example_dag_decorator to None
[2023-11-01 17:57:38,249] {scheduler_job.py:190} INFO - Processing /home/airflow/.local/lib/python3.6/site-packages/airflow/example_dags/example_dag_decorator.py took 0.114 seconds
[2023-11-01 17:58:09,148] {scheduler_job.py:182} INFO - Started process (PID=2916) to work on /home/airflow/.local/lib/python3.6/site-packages/airflow/example_dags/example_dag_decorator.py
[2023-11-01 17:58:09,149] {scheduler_job.py:633} INFO - Processing file /home/airflow/.local/lib/python3.6/site-packages/airflow/example_dags/example_dag_decorator.py for tasks to queue
[2023-11-01 17:58:09,149] {logging_mixin.py:104} INFO - [2023-11-01 17:58:09,149] {dagbag.py:496} INFO - Filling up the DagBag from /home/airflow/.local/lib/python3.6/site-packages/airflow/example_dags/example_dag_decorator.py
[2023-11-01 17:58:09,157] {scheduler_job.py:643} INFO - DAG(s) dict_keys(['example_dag_decorator']) retrieved from /home/airflow/.local/lib/python3.6/site-packages/airflow/example_dags/example_dag_decorator.py
[2023-11-01 17:58:09,242] {logging_mixin.py:104} INFO - [2023-11-01 17:58:09,242] {dag.py:1833} INFO - Sync 1 DAGs
[2023-11-01 17:58:09,249] {logging_mixin.py:104} INFO - [2023-11-01 17:58:09,249] {dag.py:2306} INFO - Setting next_dagrun for example_dag_decorator to None
[2023-11-01 17:58:09,254] {scheduler_job.py:190} INFO - Processing /home/airflow/.local/lib/python3.6/site-packages/airflow/example_dags/example_dag_decorator.py took 0.107 seconds
[2023-11-01 17:58:39,306] {scheduler_job.py:182} INFO - Started process (PID=2999) to work on /home/airflow/.local/lib/python3.6/site-packages/airflow/example_dags/example_dag_decorator.py
[2023-11-01 17:58:39,307] {scheduler_job.py:633} INFO - Processing file /home/airflow/.local/lib/python3.6/site-packages/airflow/example_dags/example_dag_decorator.py for tasks to queue
[2023-11-01 17:58:39,307] {logging_mixin.py:104} INFO - [2023-11-01 17:58:39,307] {dagbag.py:496} INFO - Filling up the DagBag from /home/airflow/.local/lib/python3.6/site-packages/airflow/example_dags/example_dag_decorator.py
[2023-11-01 17:58:39,315] {scheduler_job.py:643} INFO - DAG(s) dict_keys(['example_dag_decorator']) retrieved from /home/airflow/.local/lib/python3.6/site-packages/airflow/example_dags/example_dag_decorator.py
[2023-11-01 17:58:39,404] {logging_mixin.py:104} INFO - [2023-11-01 17:58:39,404] {dag.py:1833} INFO - Sync 1 DAGs
[2023-11-01 17:58:39,410] {logging_mixin.py:104} INFO - [2023-11-01 17:58:39,410] {dag.py:2306} INFO - Setting next_dagrun for example_dag_decorator to None
[2023-11-01 17:58:39,427] {scheduler_job.py:190} INFO - Processing /home/airflow/.local/lib/python3.6/site-packages/airflow/example_dags/example_dag_decorator.py took 0.122 seconds
[2023-11-01 17:59:10,170] {scheduler_job.py:182} INFO - Started process (PID=3078) to work on /home/airflow/.local/lib/python3.6/site-packages/airflow/example_dags/example_dag_decorator.py
[2023-11-01 17:59:10,171] {scheduler_job.py:633} INFO - Processing file /home/airflow/.local/lib/python3.6/site-packages/airflow/example_dags/example_dag_decorator.py for tasks to queue
[2023-11-01 17:59:10,171] {logging_mixin.py:104} INFO - [2023-11-01 17:59:10,171] {dagbag.py:496} INFO - Filling up the DagBag from /home/airflow/.local/lib/python3.6/site-packages/airflow/example_dags/example_dag_decorator.py
[2023-11-01 17:59:10,178] {scheduler_job.py:643} INFO - DAG(s) dict_keys(['example_dag_decorator']) retrieved from /home/airflow/.local/lib/python3.6/site-packages/airflow/example_dags/example_dag_decorator.py
[2023-11-01 17:59:10,267] {logging_mixin.py:104} INFO - [2023-11-01 17:59:10,267] {dag.py:1833} INFO - Sync 1 DAGs
[2023-11-01 17:59:10,273] {logging_mixin.py:104} INFO - [2023-11-01 17:59:10,273] {dag.py:2306} INFO - Setting next_dagrun for example_dag_decorator to None
[2023-11-01 17:59:10,278] {scheduler_job.py:190} INFO - Processing /home/airflow/.local/lib/python3.6/site-packages/airflow/example_dags/example_dag_decorator.py took 0.109 seconds
[2023-11-01 17:59:40,292] {scheduler_job.py:182} INFO - Started process (PID=3180) to work on /home/airflow/.local/lib/python3.6/site-packages/airflow/example_dags/example_dag_decorator.py
[2023-11-01 17:59:40,293] {scheduler_job.py:633} INFO - Processing file /home/airflow/.local/lib/python3.6/site-packages/airflow/example_dags/example_dag_decorator.py for tasks to queue
[2023-11-01 17:59:40,294] {logging_mixin.py:104} INFO - [2023-11-01 17:59:40,294] {dagbag.py:496} INFO - Filling up the DagBag from /home/airflow/.local/lib/python3.6/site-packages/airflow/example_dags/example_dag_decorator.py
[2023-11-01 17:59:40,304] {scheduler_job.py:643} INFO - DAG(s) dict_keys(['example_dag_decorator']) retrieved from /home/airflow/.local/lib/python3.6/site-packages/airflow/example_dags/example_dag_decorator.py
[2023-11-01 17:59:40,399] {logging_mixin.py:104} INFO - [2023-11-01 17:59:40,399] {dag.py:1833} INFO - Sync 1 DAGs
[2023-11-01 17:59:40,405] {logging_mixin.py:104} INFO - [2023-11-01 17:59:40,405] {dag.py:2306} INFO - Setting next_dagrun for example_dag_decorator to None
[2023-11-01 17:59:40,422] {scheduler_job.py:190} INFO - Processing /home/airflow/.local/lib/python3.6/site-packages/airflow/example_dags/example_dag_decorator.py took 0.132 seconds
[2023-11-01 18:00:11,128] {scheduler_job.py:182} INFO - Started process (PID=3249) to work on /home/airflow/.local/lib/python3.6/site-packages/airflow/example_dags/example_dag_decorator.py
[2023-11-01 18:00:11,129] {scheduler_job.py:633} INFO - Processing file /home/airflow/.local/lib/python3.6/site-packages/airflow/example_dags/example_dag_decorator.py for tasks to queue
[2023-11-01 18:00:11,129] {logging_mixin.py:104} INFO - [2023-11-01 18:00:11,129] {dagbag.py:496} INFO - Filling up the DagBag from /home/airflow/.local/lib/python3.6/site-packages/airflow/example_dags/example_dag_decorator.py
[2023-11-01 18:00:11,136] {scheduler_job.py:643} INFO - DAG(s) dict_keys(['example_dag_decorator']) retrieved from /home/airflow/.local/lib/python3.6/site-packages/airflow/example_dags/example_dag_decorator.py
[2023-11-01 18:00:11,221] {logging_mixin.py:104} INFO - [2023-11-01 18:00:11,221] {dag.py:1833} INFO - Sync 1 DAGs
[2023-11-01 18:00:11,227] {logging_mixin.py:104} INFO - [2023-11-01 18:00:11,227] {dag.py:2306} INFO - Setting next_dagrun for example_dag_decorator to None
[2023-11-01 18:00:11,232] {scheduler_job.py:190} INFO - Processing /home/airflow/.local/lib/python3.6/site-packages/airflow/example_dags/example_dag_decorator.py took 0.105 seconds
