[2023-11-01 17:42:11,441] {scheduler_job.py:182} INFO - Started process (PID=33) to work on /home/airflow/.local/lib/python3.6/site-packages/airflow/example_dags/example_complex.py
[2023-11-01 17:42:11,441] {scheduler_job.py:633} INFO - Processing file /home/airflow/.local/lib/python3.6/site-packages/airflow/example_dags/example_complex.py for tasks to queue
[2023-11-01 17:42:11,442] {logging_mixin.py:104} INFO - [2023-11-01 17:42:11,442] {dagbag.py:496} INFO - Filling up the DagBag from /home/airflow/.local/lib/python3.6/site-packages/airflow/example_dags/example_complex.py
[2023-11-01 17:42:11,465] {scheduler_job.py:643} INFO - DAG(s) dict_keys(['example_complex']) retrieved from /home/airflow/.local/lib/python3.6/site-packages/airflow/example_dags/example_complex.py
[2023-11-01 17:42:14,429] {logging_mixin.py:104} INFO - [2023-11-01 17:42:14,429] {dag.py:1833} INFO - Sync 1 DAGs
[2023-11-01 17:42:14,433] {logging_mixin.py:104} INFO - [2023-11-01 17:42:14,433] {dag.py:1852} INFO - Creating ORM DAG for example_complex
[2023-11-01 17:42:14,436] {logging_mixin.py:104} INFO - [2023-11-01 17:42:14,435] {dag.py:2306} INFO - Setting next_dagrun for example_complex to None
[2023-11-01 17:42:14,441] {scheduler_job.py:190} INFO - Processing /home/airflow/.local/lib/python3.6/site-packages/airflow/example_dags/example_complex.py took 3.002 seconds
[2023-11-01 17:42:44,668] {scheduler_job.py:182} INFO - Started process (PID=694) to work on /home/airflow/.local/lib/python3.6/site-packages/airflow/example_dags/example_complex.py
[2023-11-01 17:42:44,669] {scheduler_job.py:633} INFO - Processing file /home/airflow/.local/lib/python3.6/site-packages/airflow/example_dags/example_complex.py for tasks to queue
[2023-11-01 17:42:44,669] {logging_mixin.py:104} INFO - [2023-11-01 17:42:44,669] {dagbag.py:496} INFO - Filling up the DagBag from /home/airflow/.local/lib/python3.6/site-packages/airflow/example_dags/example_complex.py
[2023-11-01 17:42:44,677] {scheduler_job.py:643} INFO - DAG(s) dict_keys(['example_complex']) retrieved from /home/airflow/.local/lib/python3.6/site-packages/airflow/example_dags/example_complex.py
[2023-11-01 17:42:44,690] {logging_mixin.py:104} INFO - [2023-11-01 17:42:44,690] {dag.py:1833} INFO - Sync 1 DAGs
[2023-11-01 17:42:44,697] {logging_mixin.py:104} INFO - [2023-11-01 17:42:44,696] {dag.py:2306} INFO - Setting next_dagrun for example_complex to None
[2023-11-01 17:42:44,713] {scheduler_job.py:190} INFO - Processing /home/airflow/.local/lib/python3.6/site-packages/airflow/example_dags/example_complex.py took 0.046 seconds
[2023-11-01 17:43:15,328] {scheduler_job.py:182} INFO - Started process (PID=755) to work on /home/airflow/.local/lib/python3.6/site-packages/airflow/example_dags/example_complex.py
[2023-11-01 17:43:15,329] {scheduler_job.py:633} INFO - Processing file /home/airflow/.local/lib/python3.6/site-packages/airflow/example_dags/example_complex.py for tasks to queue
[2023-11-01 17:43:15,329] {logging_mixin.py:104} INFO - [2023-11-01 17:43:15,329] {dagbag.py:496} INFO - Filling up the DagBag from /home/airflow/.local/lib/python3.6/site-packages/airflow/example_dags/example_complex.py
[2023-11-01 17:43:15,338] {scheduler_job.py:643} INFO - DAG(s) dict_keys(['example_complex']) retrieved from /home/airflow/.local/lib/python3.6/site-packages/airflow/example_dags/example_complex.py
[2023-11-01 17:43:15,349] {logging_mixin.py:104} INFO - [2023-11-01 17:43:15,349] {dag.py:1833} INFO - Sync 1 DAGs
[2023-11-01 17:43:15,356] {logging_mixin.py:104} INFO - [2023-11-01 17:43:15,356] {dag.py:2306} INFO - Setting next_dagrun for example_complex to None
[2023-11-01 17:43:15,371] {scheduler_job.py:190} INFO - Processing /home/airflow/.local/lib/python3.6/site-packages/airflow/example_dags/example_complex.py took 0.044 seconds
[2023-11-01 17:43:45,894] {scheduler_job.py:182} INFO - Started process (PID=806) to work on /home/airflow/.local/lib/python3.6/site-packages/airflow/example_dags/example_complex.py
[2023-11-01 17:43:45,894] {scheduler_job.py:633} INFO - Processing file /home/airflow/.local/lib/python3.6/site-packages/airflow/example_dags/example_complex.py for tasks to queue
[2023-11-01 17:43:45,894] {logging_mixin.py:104} INFO - [2023-11-01 17:43:45,894] {dagbag.py:496} INFO - Filling up the DagBag from /home/airflow/.local/lib/python3.6/site-packages/airflow/example_dags/example_complex.py
[2023-11-01 17:43:45,904] {scheduler_job.py:643} INFO - DAG(s) dict_keys(['example_complex']) retrieved from /home/airflow/.local/lib/python3.6/site-packages/airflow/example_dags/example_complex.py
[2023-11-01 17:43:45,918] {logging_mixin.py:104} INFO - [2023-11-01 17:43:45,918] {dag.py:1833} INFO - Sync 1 DAGs
[2023-11-01 17:43:45,926] {logging_mixin.py:104} INFO - [2023-11-01 17:43:45,926] {dag.py:2306} INFO - Setting next_dagrun for example_complex to None
[2023-11-01 17:43:45,942] {scheduler_job.py:190} INFO - Processing /home/airflow/.local/lib/python3.6/site-packages/airflow/example_dags/example_complex.py took 0.049 seconds
[2023-11-01 17:44:16,710] {scheduler_job.py:182} INFO - Started process (PID=867) to work on /home/airflow/.local/lib/python3.6/site-packages/airflow/example_dags/example_complex.py
[2023-11-01 17:44:16,711] {scheduler_job.py:633} INFO - Processing file /home/airflow/.local/lib/python3.6/site-packages/airflow/example_dags/example_complex.py for tasks to queue
[2023-11-01 17:44:16,711] {logging_mixin.py:104} INFO - [2023-11-01 17:44:16,711] {dagbag.py:496} INFO - Filling up the DagBag from /home/airflow/.local/lib/python3.6/site-packages/airflow/example_dags/example_complex.py
[2023-11-01 17:44:16,721] {scheduler_job.py:643} INFO - DAG(s) dict_keys(['example_complex']) retrieved from /home/airflow/.local/lib/python3.6/site-packages/airflow/example_dags/example_complex.py
[2023-11-01 17:44:16,737] {logging_mixin.py:104} INFO - [2023-11-01 17:44:16,736] {dag.py:1833} INFO - Sync 1 DAGs
[2023-11-01 17:44:16,745] {logging_mixin.py:104} INFO - [2023-11-01 17:44:16,745] {dag.py:2306} INFO - Setting next_dagrun for example_complex to None
[2023-11-01 17:44:16,760] {scheduler_job.py:190} INFO - Processing /home/airflow/.local/lib/python3.6/site-packages/airflow/example_dags/example_complex.py took 0.051 seconds
[2023-11-01 17:44:47,482] {scheduler_job.py:182} INFO - Started process (PID=927) to work on /home/airflow/.local/lib/python3.6/site-packages/airflow/example_dags/example_complex.py
[2023-11-01 17:44:47,482] {scheduler_job.py:633} INFO - Processing file /home/airflow/.local/lib/python3.6/site-packages/airflow/example_dags/example_complex.py for tasks to queue
[2023-11-01 17:44:47,482] {logging_mixin.py:104} INFO - [2023-11-01 17:44:47,482] {dagbag.py:496} INFO - Filling up the DagBag from /home/airflow/.local/lib/python3.6/site-packages/airflow/example_dags/example_complex.py
[2023-11-01 17:44:47,491] {scheduler_job.py:643} INFO - DAG(s) dict_keys(['example_complex']) retrieved from /home/airflow/.local/lib/python3.6/site-packages/airflow/example_dags/example_complex.py
[2023-11-01 17:44:47,501] {logging_mixin.py:104} INFO - [2023-11-01 17:44:47,501] {dag.py:1833} INFO - Sync 1 DAGs
[2023-11-01 17:44:47,508] {logging_mixin.py:104} INFO - [2023-11-01 17:44:47,508] {dag.py:2306} INFO - Setting next_dagrun for example_complex to None
[2023-11-01 17:44:47,523] {scheduler_job.py:190} INFO - Processing /home/airflow/.local/lib/python3.6/site-packages/airflow/example_dags/example_complex.py took 0.043 seconds
[2023-11-01 17:45:18,085] {scheduler_job.py:182} INFO - Started process (PID=988) to work on /home/airflow/.local/lib/python3.6/site-packages/airflow/example_dags/example_complex.py
[2023-11-01 17:45:18,085] {scheduler_job.py:633} INFO - Processing file /home/airflow/.local/lib/python3.6/site-packages/airflow/example_dags/example_complex.py for tasks to queue
[2023-11-01 17:45:18,086] {logging_mixin.py:104} INFO - [2023-11-01 17:45:18,086] {dagbag.py:496} INFO - Filling up the DagBag from /home/airflow/.local/lib/python3.6/site-packages/airflow/example_dags/example_complex.py
[2023-11-01 17:45:18,097] {scheduler_job.py:643} INFO - DAG(s) dict_keys(['example_complex']) retrieved from /home/airflow/.local/lib/python3.6/site-packages/airflow/example_dags/example_complex.py
[2023-11-01 17:45:18,113] {logging_mixin.py:104} INFO - [2023-11-01 17:45:18,113] {dag.py:1833} INFO - Sync 1 DAGs
[2023-11-01 17:45:18,126] {logging_mixin.py:104} INFO - [2023-11-01 17:45:18,126] {dag.py:2306} INFO - Setting next_dagrun for example_complex to None
[2023-11-01 17:45:18,149] {scheduler_job.py:190} INFO - Processing /home/airflow/.local/lib/python3.6/site-packages/airflow/example_dags/example_complex.py took 0.065 seconds
[2023-11-01 17:45:48,854] {scheduler_job.py:182} INFO - Started process (PID=1048) to work on /home/airflow/.local/lib/python3.6/site-packages/airflow/example_dags/example_complex.py
[2023-11-01 17:45:48,855] {scheduler_job.py:633} INFO - Processing file /home/airflow/.local/lib/python3.6/site-packages/airflow/example_dags/example_complex.py for tasks to queue
[2023-11-01 17:45:48,855] {logging_mixin.py:104} INFO - [2023-11-01 17:45:48,855] {dagbag.py:496} INFO - Filling up the DagBag from /home/airflow/.local/lib/python3.6/site-packages/airflow/example_dags/example_complex.py
[2023-11-01 17:45:48,867] {scheduler_job.py:643} INFO - DAG(s) dict_keys(['example_complex']) retrieved from /home/airflow/.local/lib/python3.6/site-packages/airflow/example_dags/example_complex.py
[2023-11-01 17:45:48,879] {logging_mixin.py:104} INFO - [2023-11-01 17:45:48,879] {dag.py:1833} INFO - Sync 1 DAGs
[2023-11-01 17:45:48,886] {logging_mixin.py:104} INFO - [2023-11-01 17:45:48,886] {dag.py:2306} INFO - Setting next_dagrun for example_complex to None
[2023-11-01 17:45:48,893] {scheduler_job.py:190} INFO - Processing /home/airflow/.local/lib/python3.6/site-packages/airflow/example_dags/example_complex.py took 0.040 seconds
[2023-11-01 17:46:19,547] {scheduler_job.py:182} INFO - Started process (PID=1100) to work on /home/airflow/.local/lib/python3.6/site-packages/airflow/example_dags/example_complex.py
[2023-11-01 17:46:19,547] {scheduler_job.py:633} INFO - Processing file /home/airflow/.local/lib/python3.6/site-packages/airflow/example_dags/example_complex.py for tasks to queue
[2023-11-01 17:46:19,547] {logging_mixin.py:104} INFO - [2023-11-01 17:46:19,547] {dagbag.py:496} INFO - Filling up the DagBag from /home/airflow/.local/lib/python3.6/site-packages/airflow/example_dags/example_complex.py
[2023-11-01 17:46:19,555] {scheduler_job.py:643} INFO - DAG(s) dict_keys(['example_complex']) retrieved from /home/airflow/.local/lib/python3.6/site-packages/airflow/example_dags/example_complex.py
[2023-11-01 17:46:19,571] {logging_mixin.py:104} INFO - [2023-11-01 17:46:19,571] {dag.py:1833} INFO - Sync 1 DAGs
[2023-11-01 17:46:19,580] {logging_mixin.py:104} INFO - [2023-11-01 17:46:19,580] {dag.py:2306} INFO - Setting next_dagrun for example_complex to None
[2023-11-01 17:46:19,599] {scheduler_job.py:190} INFO - Processing /home/airflow/.local/lib/python3.6/site-packages/airflow/example_dags/example_complex.py took 0.053 seconds
[2023-11-01 17:46:50,252] {scheduler_job.py:182} INFO - Started process (PID=1161) to work on /home/airflow/.local/lib/python3.6/site-packages/airflow/example_dags/example_complex.py
[2023-11-01 17:46:50,252] {scheduler_job.py:633} INFO - Processing file /home/airflow/.local/lib/python3.6/site-packages/airflow/example_dags/example_complex.py for tasks to queue
[2023-11-01 17:46:50,252] {logging_mixin.py:104} INFO - [2023-11-01 17:46:50,252] {dagbag.py:496} INFO - Filling up the DagBag from /home/airflow/.local/lib/python3.6/site-packages/airflow/example_dags/example_complex.py
[2023-11-01 17:46:50,261] {scheduler_job.py:643} INFO - DAG(s) dict_keys(['example_complex']) retrieved from /home/airflow/.local/lib/python3.6/site-packages/airflow/example_dags/example_complex.py
[2023-11-01 17:46:50,273] {logging_mixin.py:104} INFO - [2023-11-01 17:46:50,273] {dag.py:1833} INFO - Sync 1 DAGs
[2023-11-01 17:46:50,279] {logging_mixin.py:104} INFO - [2023-11-01 17:46:50,279] {dag.py:2306} INFO - Setting next_dagrun for example_complex to None
[2023-11-01 17:46:50,295] {scheduler_job.py:190} INFO - Processing /home/airflow/.local/lib/python3.6/site-packages/airflow/example_dags/example_complex.py took 0.044 seconds
[2023-11-01 17:47:20,878] {scheduler_job.py:182} INFO - Started process (PID=1241) to work on /home/airflow/.local/lib/python3.6/site-packages/airflow/example_dags/example_complex.py
[2023-11-01 17:47:20,878] {scheduler_job.py:633} INFO - Processing file /home/airflow/.local/lib/python3.6/site-packages/airflow/example_dags/example_complex.py for tasks to queue
[2023-11-01 17:47:20,879] {logging_mixin.py:104} INFO - [2023-11-01 17:47:20,879] {dagbag.py:496} INFO - Filling up the DagBag from /home/airflow/.local/lib/python3.6/site-packages/airflow/example_dags/example_complex.py
[2023-11-01 17:47:20,887] {scheduler_job.py:643} INFO - DAG(s) dict_keys(['example_complex']) retrieved from /home/airflow/.local/lib/python3.6/site-packages/airflow/example_dags/example_complex.py
[2023-11-01 17:47:20,899] {logging_mixin.py:104} INFO - [2023-11-01 17:47:20,899] {dag.py:1833} INFO - Sync 1 DAGs
[2023-11-01 17:47:20,906] {logging_mixin.py:104} INFO - [2023-11-01 17:47:20,906] {dag.py:2306} INFO - Setting next_dagrun for example_complex to None
[2023-11-01 17:47:20,910] {scheduler_job.py:190} INFO - Processing /home/airflow/.local/lib/python3.6/site-packages/airflow/example_dags/example_complex.py took 0.034 seconds
[2023-11-01 17:47:51,576] {scheduler_job.py:182} INFO - Started process (PID=1321) to work on /home/airflow/.local/lib/python3.6/site-packages/airflow/example_dags/example_complex.py
[2023-11-01 17:47:51,577] {scheduler_job.py:633} INFO - Processing file /home/airflow/.local/lib/python3.6/site-packages/airflow/example_dags/example_complex.py for tasks to queue
[2023-11-01 17:47:51,577] {logging_mixin.py:104} INFO - [2023-11-01 17:47:51,577] {dagbag.py:496} INFO - Filling up the DagBag from /home/airflow/.local/lib/python3.6/site-packages/airflow/example_dags/example_complex.py
[2023-11-01 17:47:51,585] {scheduler_job.py:643} INFO - DAG(s) dict_keys(['example_complex']) retrieved from /home/airflow/.local/lib/python3.6/site-packages/airflow/example_dags/example_complex.py
[2023-11-01 17:47:51,597] {logging_mixin.py:104} INFO - [2023-11-01 17:47:51,597] {dag.py:1833} INFO - Sync 1 DAGs
[2023-11-01 17:47:51,604] {logging_mixin.py:104} INFO - [2023-11-01 17:47:51,604] {dag.py:2306} INFO - Setting next_dagrun for example_complex to None
[2023-11-01 17:47:51,619] {scheduler_job.py:190} INFO - Processing /home/airflow/.local/lib/python3.6/site-packages/airflow/example_dags/example_complex.py took 0.044 seconds
[2023-11-01 17:48:22,330] {scheduler_job.py:182} INFO - Started process (PID=1392) to work on /home/airflow/.local/lib/python3.6/site-packages/airflow/example_dags/example_complex.py
[2023-11-01 17:48:22,330] {scheduler_job.py:633} INFO - Processing file /home/airflow/.local/lib/python3.6/site-packages/airflow/example_dags/example_complex.py for tasks to queue
[2023-11-01 17:48:22,330] {logging_mixin.py:104} INFO - [2023-11-01 17:48:22,330] {dagbag.py:496} INFO - Filling up the DagBag from /home/airflow/.local/lib/python3.6/site-packages/airflow/example_dags/example_complex.py
[2023-11-01 17:48:22,338] {scheduler_job.py:643} INFO - DAG(s) dict_keys(['example_complex']) retrieved from /home/airflow/.local/lib/python3.6/site-packages/airflow/example_dags/example_complex.py
[2023-11-01 17:48:22,350] {logging_mixin.py:104} INFO - [2023-11-01 17:48:22,350] {dag.py:1833} INFO - Sync 1 DAGs
[2023-11-01 17:48:22,357] {logging_mixin.py:104} INFO - [2023-11-01 17:48:22,357] {dag.py:2306} INFO - Setting next_dagrun for example_complex to None
[2023-11-01 17:48:22,372] {scheduler_job.py:190} INFO - Processing /home/airflow/.local/lib/python3.6/site-packages/airflow/example_dags/example_complex.py took 0.044 seconds
[2023-11-01 17:48:53,041] {scheduler_job.py:182} INFO - Started process (PID=1473) to work on /home/airflow/.local/lib/python3.6/site-packages/airflow/example_dags/example_complex.py
[2023-11-01 17:48:53,042] {scheduler_job.py:633} INFO - Processing file /home/airflow/.local/lib/python3.6/site-packages/airflow/example_dags/example_complex.py for tasks to queue
[2023-11-01 17:48:53,043] {logging_mixin.py:104} INFO - [2023-11-01 17:48:53,043] {dagbag.py:496} INFO - Filling up the DagBag from /home/airflow/.local/lib/python3.6/site-packages/airflow/example_dags/example_complex.py
[2023-11-01 17:48:53,051] {scheduler_job.py:643} INFO - DAG(s) dict_keys(['example_complex']) retrieved from /home/airflow/.local/lib/python3.6/site-packages/airflow/example_dags/example_complex.py
[2023-11-01 17:48:53,066] {logging_mixin.py:104} INFO - [2023-11-01 17:48:53,066] {dag.py:1833} INFO - Sync 1 DAGs
[2023-11-01 17:48:53,075] {logging_mixin.py:104} INFO - [2023-11-01 17:48:53,075] {dag.py:2306} INFO - Setting next_dagrun for example_complex to None
[2023-11-01 17:48:53,089] {scheduler_job.py:190} INFO - Processing /home/airflow/.local/lib/python3.6/site-packages/airflow/example_dags/example_complex.py took 0.050 seconds
[2023-11-01 17:49:23,649] {scheduler_job.py:182} INFO - Started process (PID=1553) to work on /home/airflow/.local/lib/python3.6/site-packages/airflow/example_dags/example_complex.py
[2023-11-01 17:49:23,649] {scheduler_job.py:633} INFO - Processing file /home/airflow/.local/lib/python3.6/site-packages/airflow/example_dags/example_complex.py for tasks to queue
[2023-11-01 17:49:23,649] {logging_mixin.py:104} INFO - [2023-11-01 17:49:23,649] {dagbag.py:496} INFO - Filling up the DagBag from /home/airflow/.local/lib/python3.6/site-packages/airflow/example_dags/example_complex.py
[2023-11-01 17:49:23,657] {scheduler_job.py:643} INFO - DAG(s) dict_keys(['example_complex']) retrieved from /home/airflow/.local/lib/python3.6/site-packages/airflow/example_dags/example_complex.py
[2023-11-01 17:49:23,669] {logging_mixin.py:104} INFO - [2023-11-01 17:49:23,669] {dag.py:1833} INFO - Sync 1 DAGs
[2023-11-01 17:49:23,676] {logging_mixin.py:104} INFO - [2023-11-01 17:49:23,676] {dag.py:2306} INFO - Setting next_dagrun for example_complex to None
[2023-11-01 17:49:23,688] {scheduler_job.py:190} INFO - Processing /home/airflow/.local/lib/python3.6/site-packages/airflow/example_dags/example_complex.py took 0.041 seconds
[2023-11-01 17:49:54,409] {scheduler_job.py:182} INFO - Started process (PID=1634) to work on /home/airflow/.local/lib/python3.6/site-packages/airflow/example_dags/example_complex.py
[2023-11-01 17:49:54,410] {scheduler_job.py:633} INFO - Processing file /home/airflow/.local/lib/python3.6/site-packages/airflow/example_dags/example_complex.py for tasks to queue
[2023-11-01 17:49:54,410] {logging_mixin.py:104} INFO - [2023-11-01 17:49:54,410] {dagbag.py:496} INFO - Filling up the DagBag from /home/airflow/.local/lib/python3.6/site-packages/airflow/example_dags/example_complex.py
[2023-11-01 17:49:54,418] {scheduler_job.py:643} INFO - DAG(s) dict_keys(['example_complex']) retrieved from /home/airflow/.local/lib/python3.6/site-packages/airflow/example_dags/example_complex.py
[2023-11-01 17:49:54,430] {logging_mixin.py:104} INFO - [2023-11-01 17:49:54,430] {dag.py:1833} INFO - Sync 1 DAGs
[2023-11-01 17:49:54,437] {logging_mixin.py:104} INFO - [2023-11-01 17:49:54,437] {dag.py:2306} INFO - Setting next_dagrun for example_complex to None
[2023-11-01 17:49:54,454] {scheduler_job.py:190} INFO - Processing /home/airflow/.local/lib/python3.6/site-packages/airflow/example_dags/example_complex.py took 0.046 seconds
[2023-11-01 17:50:25,047] {scheduler_job.py:182} INFO - Started process (PID=1714) to work on /home/airflow/.local/lib/python3.6/site-packages/airflow/example_dags/example_complex.py
[2023-11-01 17:50:25,048] {scheduler_job.py:633} INFO - Processing file /home/airflow/.local/lib/python3.6/site-packages/airflow/example_dags/example_complex.py for tasks to queue
[2023-11-01 17:50:25,048] {logging_mixin.py:104} INFO - [2023-11-01 17:50:25,048] {dagbag.py:496} INFO - Filling up the DagBag from /home/airflow/.local/lib/python3.6/site-packages/airflow/example_dags/example_complex.py
[2023-11-01 17:50:25,056] {scheduler_job.py:643} INFO - DAG(s) dict_keys(['example_complex']) retrieved from /home/airflow/.local/lib/python3.6/site-packages/airflow/example_dags/example_complex.py
[2023-11-01 17:50:25,069] {logging_mixin.py:104} INFO - [2023-11-01 17:50:25,069] {dag.py:1833} INFO - Sync 1 DAGs
[2023-11-01 17:50:25,075] {logging_mixin.py:104} INFO - [2023-11-01 17:50:25,075] {dag.py:2306} INFO - Setting next_dagrun for example_complex to None
[2023-11-01 17:50:25,090] {scheduler_job.py:190} INFO - Processing /home/airflow/.local/lib/python3.6/site-packages/airflow/example_dags/example_complex.py took 0.044 seconds
[2023-11-01 17:50:55,759] {scheduler_job.py:182} INFO - Started process (PID=1785) to work on /home/airflow/.local/lib/python3.6/site-packages/airflow/example_dags/example_complex.py
[2023-11-01 17:50:55,760] {scheduler_job.py:633} INFO - Processing file /home/airflow/.local/lib/python3.6/site-packages/airflow/example_dags/example_complex.py for tasks to queue
[2023-11-01 17:50:55,760] {logging_mixin.py:104} INFO - [2023-11-01 17:50:55,760] {dagbag.py:496} INFO - Filling up the DagBag from /home/airflow/.local/lib/python3.6/site-packages/airflow/example_dags/example_complex.py
[2023-11-01 17:50:55,770] {scheduler_job.py:643} INFO - DAG(s) dict_keys(['example_complex']) retrieved from /home/airflow/.local/lib/python3.6/site-packages/airflow/example_dags/example_complex.py
[2023-11-01 17:50:55,781] {logging_mixin.py:104} INFO - [2023-11-01 17:50:55,781] {dag.py:1833} INFO - Sync 1 DAGs
[2023-11-01 17:50:55,787] {logging_mixin.py:104} INFO - [2023-11-01 17:50:55,787] {dag.py:2306} INFO - Setting next_dagrun for example_complex to None
[2023-11-01 17:50:55,803] {scheduler_job.py:190} INFO - Processing /home/airflow/.local/lib/python3.6/site-packages/airflow/example_dags/example_complex.py took 0.045 seconds
[2023-11-01 17:51:26,496] {scheduler_job.py:182} INFO - Started process (PID=1866) to work on /home/airflow/.local/lib/python3.6/site-packages/airflow/example_dags/example_complex.py
[2023-11-01 17:51:26,496] {scheduler_job.py:633} INFO - Processing file /home/airflow/.local/lib/python3.6/site-packages/airflow/example_dags/example_complex.py for tasks to queue
[2023-11-01 17:51:26,497] {logging_mixin.py:104} INFO - [2023-11-01 17:51:26,497] {dagbag.py:496} INFO - Filling up the DagBag from /home/airflow/.local/lib/python3.6/site-packages/airflow/example_dags/example_complex.py
[2023-11-01 17:51:26,506] {scheduler_job.py:643} INFO - DAG(s) dict_keys(['example_complex']) retrieved from /home/airflow/.local/lib/python3.6/site-packages/airflow/example_dags/example_complex.py
[2023-11-01 17:51:26,521] {logging_mixin.py:104} INFO - [2023-11-01 17:51:26,521] {dag.py:1833} INFO - Sync 1 DAGs
[2023-11-01 17:51:26,527] {logging_mixin.py:104} INFO - [2023-11-01 17:51:26,527] {dag.py:2306} INFO - Setting next_dagrun for example_complex to None
[2023-11-01 17:51:26,544] {scheduler_job.py:190} INFO - Processing /home/airflow/.local/lib/python3.6/site-packages/airflow/example_dags/example_complex.py took 0.050 seconds
[2023-11-01 17:51:56,740] {scheduler_job.py:182} INFO - Started process (PID=1947) to work on /home/airflow/.local/lib/python3.6/site-packages/airflow/example_dags/example_complex.py
[2023-11-01 17:51:56,741] {scheduler_job.py:633} INFO - Processing file /home/airflow/.local/lib/python3.6/site-packages/airflow/example_dags/example_complex.py for tasks to queue
[2023-11-01 17:51:56,741] {logging_mixin.py:104} INFO - [2023-11-01 17:51:56,741] {dagbag.py:496} INFO - Filling up the DagBag from /home/airflow/.local/lib/python3.6/site-packages/airflow/example_dags/example_complex.py
[2023-11-01 17:51:56,749] {scheduler_job.py:643} INFO - DAG(s) dict_keys(['example_complex']) retrieved from /home/airflow/.local/lib/python3.6/site-packages/airflow/example_dags/example_complex.py
[2023-11-01 17:51:56,760] {logging_mixin.py:104} INFO - [2023-11-01 17:51:56,760] {dag.py:1833} INFO - Sync 1 DAGs
[2023-11-01 17:51:56,767] {logging_mixin.py:104} INFO - [2023-11-01 17:51:56,767] {dag.py:2306} INFO - Setting next_dagrun for example_complex to None
[2023-11-01 17:51:56,783] {scheduler_job.py:190} INFO - Processing /home/airflow/.local/lib/python3.6/site-packages/airflow/example_dags/example_complex.py took 0.044 seconds
[2023-11-01 17:52:26,982] {scheduler_job.py:182} INFO - Started process (PID=2028) to work on /home/airflow/.local/lib/python3.6/site-packages/airflow/example_dags/example_complex.py
[2023-11-01 17:52:26,982] {scheduler_job.py:633} INFO - Processing file /home/airflow/.local/lib/python3.6/site-packages/airflow/example_dags/example_complex.py for tasks to queue
[2023-11-01 17:52:26,983] {logging_mixin.py:104} INFO - [2023-11-01 17:52:26,983] {dagbag.py:496} INFO - Filling up the DagBag from /home/airflow/.local/lib/python3.6/site-packages/airflow/example_dags/example_complex.py
[2023-11-01 17:52:26,993] {scheduler_job.py:643} INFO - DAG(s) dict_keys(['example_complex']) retrieved from /home/airflow/.local/lib/python3.6/site-packages/airflow/example_dags/example_complex.py
[2023-11-01 17:52:27,005] {logging_mixin.py:104} INFO - [2023-11-01 17:52:27,005] {dag.py:1833} INFO - Sync 1 DAGs
[2023-11-01 17:52:27,012] {logging_mixin.py:104} INFO - [2023-11-01 17:52:27,012] {dag.py:2306} INFO - Setting next_dagrun for example_complex to None
[2023-11-01 17:52:27,029] {scheduler_job.py:190} INFO - Processing /home/airflow/.local/lib/python3.6/site-packages/airflow/example_dags/example_complex.py took 0.048 seconds
[2023-11-01 17:52:57,155] {scheduler_job.py:182} INFO - Started process (PID=2099) to work on /home/airflow/.local/lib/python3.6/site-packages/airflow/example_dags/example_complex.py
[2023-11-01 17:52:57,155] {scheduler_job.py:633} INFO - Processing file /home/airflow/.local/lib/python3.6/site-packages/airflow/example_dags/example_complex.py for tasks to queue
[2023-11-01 17:52:57,156] {logging_mixin.py:104} INFO - [2023-11-01 17:52:57,156] {dagbag.py:496} INFO - Filling up the DagBag from /home/airflow/.local/lib/python3.6/site-packages/airflow/example_dags/example_complex.py
[2023-11-01 17:52:57,166] {scheduler_job.py:643} INFO - DAG(s) dict_keys(['example_complex']) retrieved from /home/airflow/.local/lib/python3.6/site-packages/airflow/example_dags/example_complex.py
[2023-11-01 17:52:57,179] {logging_mixin.py:104} INFO - [2023-11-01 17:52:57,179] {dag.py:1833} INFO - Sync 1 DAGs
[2023-11-01 17:52:57,185] {logging_mixin.py:104} INFO - [2023-11-01 17:52:57,185] {dag.py:2306} INFO - Setting next_dagrun for example_complex to None
[2023-11-01 17:52:57,202] {scheduler_job.py:190} INFO - Processing /home/airflow/.local/lib/python3.6/site-packages/airflow/example_dags/example_complex.py took 0.049 seconds
[2023-11-01 17:53:27,914] {scheduler_job.py:182} INFO - Started process (PID=2180) to work on /home/airflow/.local/lib/python3.6/site-packages/airflow/example_dags/example_complex.py
[2023-11-01 17:53:27,914] {scheduler_job.py:633} INFO - Processing file /home/airflow/.local/lib/python3.6/site-packages/airflow/example_dags/example_complex.py for tasks to queue
[2023-11-01 17:53:27,914] {logging_mixin.py:104} INFO - [2023-11-01 17:53:27,914] {dagbag.py:496} INFO - Filling up the DagBag from /home/airflow/.local/lib/python3.6/site-packages/airflow/example_dags/example_complex.py
[2023-11-01 17:53:27,924] {scheduler_job.py:643} INFO - DAG(s) dict_keys(['example_complex']) retrieved from /home/airflow/.local/lib/python3.6/site-packages/airflow/example_dags/example_complex.py
[2023-11-01 17:53:27,936] {logging_mixin.py:104} INFO - [2023-11-01 17:53:27,935] {dag.py:1833} INFO - Sync 1 DAGs
[2023-11-01 17:53:27,943] {logging_mixin.py:104} INFO - [2023-11-01 17:53:27,943] {dag.py:2306} INFO - Setting next_dagrun for example_complex to None
[2023-11-01 17:53:27,947] {scheduler_job.py:190} INFO - Processing /home/airflow/.local/lib/python3.6/site-packages/airflow/example_dags/example_complex.py took 0.035 seconds
[2023-11-01 17:53:58,637] {scheduler_job.py:182} INFO - Started process (PID=2261) to work on /home/airflow/.local/lib/python3.6/site-packages/airflow/example_dags/example_complex.py
[2023-11-01 17:53:58,638] {scheduler_job.py:633} INFO - Processing file /home/airflow/.local/lib/python3.6/site-packages/airflow/example_dags/example_complex.py for tasks to queue
[2023-11-01 17:53:58,638] {logging_mixin.py:104} INFO - [2023-11-01 17:53:58,638] {dagbag.py:496} INFO - Filling up the DagBag from /home/airflow/.local/lib/python3.6/site-packages/airflow/example_dags/example_complex.py
[2023-11-01 17:53:58,648] {scheduler_job.py:643} INFO - DAG(s) dict_keys(['example_complex']) retrieved from /home/airflow/.local/lib/python3.6/site-packages/airflow/example_dags/example_complex.py
[2023-11-01 17:53:58,659] {logging_mixin.py:104} INFO - [2023-11-01 17:53:58,659] {dag.py:1833} INFO - Sync 1 DAGs
[2023-11-01 17:53:58,665] {logging_mixin.py:104} INFO - [2023-11-01 17:53:58,665] {dag.py:2306} INFO - Setting next_dagrun for example_complex to None
[2023-11-01 17:53:58,681] {scheduler_job.py:190} INFO - Processing /home/airflow/.local/lib/python3.6/site-packages/airflow/example_dags/example_complex.py took 0.045 seconds
[2023-11-01 17:54:28,704] {scheduler_job.py:182} INFO - Started process (PID=2331) to work on /home/airflow/.local/lib/python3.6/site-packages/airflow/example_dags/example_complex.py
[2023-11-01 17:54:28,705] {scheduler_job.py:633} INFO - Processing file /home/airflow/.local/lib/python3.6/site-packages/airflow/example_dags/example_complex.py for tasks to queue
[2023-11-01 17:54:28,705] {logging_mixin.py:104} INFO - [2023-11-01 17:54:28,705] {dagbag.py:496} INFO - Filling up the DagBag from /home/airflow/.local/lib/python3.6/site-packages/airflow/example_dags/example_complex.py
[2023-11-01 17:54:28,714] {scheduler_job.py:643} INFO - DAG(s) dict_keys(['example_complex']) retrieved from /home/airflow/.local/lib/python3.6/site-packages/airflow/example_dags/example_complex.py
[2023-11-01 17:54:28,727] {logging_mixin.py:104} INFO - [2023-11-01 17:54:28,727] {dag.py:1833} INFO - Sync 1 DAGs
[2023-11-01 17:54:28,734] {logging_mixin.py:104} INFO - [2023-11-01 17:54:28,734] {dag.py:2306} INFO - Setting next_dagrun for example_complex to None
[2023-11-01 17:54:28,750] {scheduler_job.py:190} INFO - Processing /home/airflow/.local/lib/python3.6/site-packages/airflow/example_dags/example_complex.py took 0.048 seconds
[2023-11-01 17:54:59,537] {scheduler_job.py:182} INFO - Started process (PID=2414) to work on /home/airflow/.local/lib/python3.6/site-packages/airflow/example_dags/example_complex.py
[2023-11-01 17:54:59,538] {scheduler_job.py:633} INFO - Processing file /home/airflow/.local/lib/python3.6/site-packages/airflow/example_dags/example_complex.py for tasks to queue
[2023-11-01 17:54:59,538] {logging_mixin.py:104} INFO - [2023-11-01 17:54:59,538] {dagbag.py:496} INFO - Filling up the DagBag from /home/airflow/.local/lib/python3.6/site-packages/airflow/example_dags/example_complex.py
[2023-11-01 17:54:59,548] {scheduler_job.py:643} INFO - DAG(s) dict_keys(['example_complex']) retrieved from /home/airflow/.local/lib/python3.6/site-packages/airflow/example_dags/example_complex.py
[2023-11-01 17:54:59,561] {logging_mixin.py:104} INFO - [2023-11-01 17:54:59,561] {dag.py:1833} INFO - Sync 1 DAGs
[2023-11-01 17:54:59,570] {logging_mixin.py:104} INFO - [2023-11-01 17:54:59,570] {dag.py:2306} INFO - Setting next_dagrun for example_complex to None
[2023-11-01 17:54:59,587] {scheduler_job.py:190} INFO - Processing /home/airflow/.local/lib/python3.6/site-packages/airflow/example_dags/example_complex.py took 0.052 seconds
[2023-11-01 17:55:29,639] {scheduler_job.py:182} INFO - Started process (PID=2494) to work on /home/airflow/.local/lib/python3.6/site-packages/airflow/example_dags/example_complex.py
[2023-11-01 17:55:29,640] {scheduler_job.py:633} INFO - Processing file /home/airflow/.local/lib/python3.6/site-packages/airflow/example_dags/example_complex.py for tasks to queue
[2023-11-01 17:55:29,640] {logging_mixin.py:104} INFO - [2023-11-01 17:55:29,640] {dagbag.py:496} INFO - Filling up the DagBag from /home/airflow/.local/lib/python3.6/site-packages/airflow/example_dags/example_complex.py
[2023-11-01 17:55:29,649] {scheduler_job.py:643} INFO - DAG(s) dict_keys(['example_complex']) retrieved from /home/airflow/.local/lib/python3.6/site-packages/airflow/example_dags/example_complex.py
[2023-11-01 17:55:29,659] {logging_mixin.py:104} INFO - [2023-11-01 17:55:29,659] {dag.py:1833} INFO - Sync 1 DAGs
[2023-11-01 17:55:29,667] {logging_mixin.py:104} INFO - [2023-11-01 17:55:29,667] {dag.py:2306} INFO - Setting next_dagrun for example_complex to None
[2023-11-01 17:55:29,682] {scheduler_job.py:190} INFO - Processing /home/airflow/.local/lib/python3.6/site-packages/airflow/example_dags/example_complex.py took 0.044 seconds
[2023-11-01 17:56:00,495] {scheduler_job.py:182} INFO - Started process (PID=2576) to work on /home/airflow/.local/lib/python3.6/site-packages/airflow/example_dags/example_complex.py
[2023-11-01 17:56:00,495] {scheduler_job.py:633} INFO - Processing file /home/airflow/.local/lib/python3.6/site-packages/airflow/example_dags/example_complex.py for tasks to queue
[2023-11-01 17:56:00,495] {logging_mixin.py:104} INFO - [2023-11-01 17:56:00,495] {dagbag.py:496} INFO - Filling up the DagBag from /home/airflow/.local/lib/python3.6/site-packages/airflow/example_dags/example_complex.py
[2023-11-01 17:56:00,505] {scheduler_job.py:643} INFO - DAG(s) dict_keys(['example_complex']) retrieved from /home/airflow/.local/lib/python3.6/site-packages/airflow/example_dags/example_complex.py
[2023-11-01 17:56:00,517] {logging_mixin.py:104} INFO - [2023-11-01 17:56:00,516] {dag.py:1833} INFO - Sync 1 DAGs
[2023-11-01 17:56:00,523] {logging_mixin.py:104} INFO - [2023-11-01 17:56:00,523] {dag.py:2306} INFO - Setting next_dagrun for example_complex to None
[2023-11-01 17:56:00,538] {scheduler_job.py:190} INFO - Processing /home/airflow/.local/lib/python3.6/site-packages/airflow/example_dags/example_complex.py took 0.044 seconds
[2023-11-01 17:56:31,312] {scheduler_job.py:182} INFO - Started process (PID=2657) to work on /home/airflow/.local/lib/python3.6/site-packages/airflow/example_dags/example_complex.py
[2023-11-01 17:56:31,313] {scheduler_job.py:633} INFO - Processing file /home/airflow/.local/lib/python3.6/site-packages/airflow/example_dags/example_complex.py for tasks to queue
[2023-11-01 17:56:31,313] {logging_mixin.py:104} INFO - [2023-11-01 17:56:31,313] {dagbag.py:496} INFO - Filling up the DagBag from /home/airflow/.local/lib/python3.6/site-packages/airflow/example_dags/example_complex.py
[2023-11-01 17:56:31,322] {scheduler_job.py:643} INFO - DAG(s) dict_keys(['example_complex']) retrieved from /home/airflow/.local/lib/python3.6/site-packages/airflow/example_dags/example_complex.py
[2023-11-01 17:56:31,334] {logging_mixin.py:104} INFO - [2023-11-01 17:56:31,334] {dag.py:1833} INFO - Sync 1 DAGs
[2023-11-01 17:56:31,343] {logging_mixin.py:104} INFO - [2023-11-01 17:56:31,343] {dag.py:2306} INFO - Setting next_dagrun for example_complex to None
[2023-11-01 17:56:31,358] {scheduler_job.py:190} INFO - Processing /home/airflow/.local/lib/python3.6/site-packages/airflow/example_dags/example_complex.py took 0.047 seconds
[2023-11-01 17:57:02,087] {scheduler_job.py:182} INFO - Started process (PID=2728) to work on /home/airflow/.local/lib/python3.6/site-packages/airflow/example_dags/example_complex.py
[2023-11-01 17:57:02,087] {scheduler_job.py:633} INFO - Processing file /home/airflow/.local/lib/python3.6/site-packages/airflow/example_dags/example_complex.py for tasks to queue
[2023-11-01 17:57:02,087] {logging_mixin.py:104} INFO - [2023-11-01 17:57:02,087] {dagbag.py:496} INFO - Filling up the DagBag from /home/airflow/.local/lib/python3.6/site-packages/airflow/example_dags/example_complex.py
[2023-11-01 17:57:02,096] {scheduler_job.py:643} INFO - DAG(s) dict_keys(['example_complex']) retrieved from /home/airflow/.local/lib/python3.6/site-packages/airflow/example_dags/example_complex.py
[2023-11-01 17:57:02,107] {logging_mixin.py:104} INFO - [2023-11-01 17:57:02,107] {dag.py:1833} INFO - Sync 1 DAGs
[2023-11-01 17:57:02,115] {logging_mixin.py:104} INFO - [2023-11-01 17:57:02,114] {dag.py:2306} INFO - Setting next_dagrun for example_complex to None
[2023-11-01 17:57:02,119] {scheduler_job.py:190} INFO - Processing /home/airflow/.local/lib/python3.6/site-packages/airflow/example_dags/example_complex.py took 0.034 seconds
[2023-11-01 17:57:32,915] {scheduler_job.py:182} INFO - Started process (PID=2809) to work on /home/airflow/.local/lib/python3.6/site-packages/airflow/example_dags/example_complex.py
[2023-11-01 17:57:32,916] {scheduler_job.py:633} INFO - Processing file /home/airflow/.local/lib/python3.6/site-packages/airflow/example_dags/example_complex.py for tasks to queue
[2023-11-01 17:57:32,916] {logging_mixin.py:104} INFO - [2023-11-01 17:57:32,916] {dagbag.py:496} INFO - Filling up the DagBag from /home/airflow/.local/lib/python3.6/site-packages/airflow/example_dags/example_complex.py
[2023-11-01 17:57:32,925] {scheduler_job.py:643} INFO - DAG(s) dict_keys(['example_complex']) retrieved from /home/airflow/.local/lib/python3.6/site-packages/airflow/example_dags/example_complex.py
[2023-11-01 17:57:32,936] {logging_mixin.py:104} INFO - [2023-11-01 17:57:32,936] {dag.py:1833} INFO - Sync 1 DAGs
[2023-11-01 17:57:32,943] {logging_mixin.py:104} INFO - [2023-11-01 17:57:32,943] {dag.py:2306} INFO - Setting next_dagrun for example_complex to None
[2023-11-01 17:57:32,948] {scheduler_job.py:190} INFO - Processing /home/airflow/.local/lib/python3.6/site-packages/airflow/example_dags/example_complex.py took 0.034 seconds
[2023-11-01 17:58:02,965] {scheduler_job.py:182} INFO - Started process (PID=2909) to work on /home/airflow/.local/lib/python3.6/site-packages/airflow/example_dags/example_complex.py
[2023-11-01 17:58:02,965] {scheduler_job.py:633} INFO - Processing file /home/airflow/.local/lib/python3.6/site-packages/airflow/example_dags/example_complex.py for tasks to queue
[2023-11-01 17:58:02,965] {logging_mixin.py:104} INFO - [2023-11-01 17:58:02,965] {dagbag.py:496} INFO - Filling up the DagBag from /home/airflow/.local/lib/python3.6/site-packages/airflow/example_dags/example_complex.py
[2023-11-01 17:58:02,973] {scheduler_job.py:643} INFO - DAG(s) dict_keys(['example_complex']) retrieved from /home/airflow/.local/lib/python3.6/site-packages/airflow/example_dags/example_complex.py
[2023-11-01 17:58:02,985] {logging_mixin.py:104} INFO - [2023-11-01 17:58:02,985] {dag.py:1833} INFO - Sync 1 DAGs
[2023-11-01 17:58:02,990] {logging_mixin.py:104} INFO - [2023-11-01 17:58:02,990] {dag.py:2306} INFO - Setting next_dagrun for example_complex to None
[2023-11-01 17:58:03,006] {scheduler_job.py:190} INFO - Processing /home/airflow/.local/lib/python3.6/site-packages/airflow/example_dags/example_complex.py took 0.043 seconds
[2023-11-01 17:58:33,111] {scheduler_job.py:182} INFO - Started process (PID=2990) to work on /home/airflow/.local/lib/python3.6/site-packages/airflow/example_dags/example_complex.py
[2023-11-01 17:58:33,111] {scheduler_job.py:633} INFO - Processing file /home/airflow/.local/lib/python3.6/site-packages/airflow/example_dags/example_complex.py for tasks to queue
[2023-11-01 17:58:33,111] {logging_mixin.py:104} INFO - [2023-11-01 17:58:33,111] {dagbag.py:496} INFO - Filling up the DagBag from /home/airflow/.local/lib/python3.6/site-packages/airflow/example_dags/example_complex.py
[2023-11-01 17:58:33,121] {scheduler_job.py:643} INFO - DAG(s) dict_keys(['example_complex']) retrieved from /home/airflow/.local/lib/python3.6/site-packages/airflow/example_dags/example_complex.py
[2023-11-01 17:58:33,133] {logging_mixin.py:104} INFO - [2023-11-01 17:58:33,133] {dag.py:1833} INFO - Sync 1 DAGs
[2023-11-01 17:58:33,139] {logging_mixin.py:104} INFO - [2023-11-01 17:58:33,139] {dag.py:2306} INFO - Setting next_dagrun for example_complex to None
[2023-11-01 17:58:33,154] {scheduler_job.py:190} INFO - Processing /home/airflow/.local/lib/python3.6/site-packages/airflow/example_dags/example_complex.py took 0.045 seconds
[2023-11-01 17:59:04,013] {scheduler_job.py:182} INFO - Started process (PID=3061) to work on /home/airflow/.local/lib/python3.6/site-packages/airflow/example_dags/example_complex.py
[2023-11-01 17:59:04,014] {scheduler_job.py:633} INFO - Processing file /home/airflow/.local/lib/python3.6/site-packages/airflow/example_dags/example_complex.py for tasks to queue
[2023-11-01 17:59:04,014] {logging_mixin.py:104} INFO - [2023-11-01 17:59:04,014] {dagbag.py:496} INFO - Filling up the DagBag from /home/airflow/.local/lib/python3.6/site-packages/airflow/example_dags/example_complex.py
[2023-11-01 17:59:04,024] {scheduler_job.py:643} INFO - DAG(s) dict_keys(['example_complex']) retrieved from /home/airflow/.local/lib/python3.6/site-packages/airflow/example_dags/example_complex.py
[2023-11-01 17:59:04,035] {logging_mixin.py:104} INFO - [2023-11-01 17:59:04,035] {dag.py:1833} INFO - Sync 1 DAGs
[2023-11-01 17:59:04,041] {logging_mixin.py:104} INFO - [2023-11-01 17:59:04,041] {dag.py:2306} INFO - Setting next_dagrun for example_complex to None
[2023-11-01 17:59:04,056] {scheduler_job.py:190} INFO - Processing /home/airflow/.local/lib/python3.6/site-packages/airflow/example_dags/example_complex.py took 0.045 seconds
[2023-11-01 17:59:34,117] {scheduler_job.py:182} INFO - Started process (PID=3161) to work on /home/airflow/.local/lib/python3.6/site-packages/airflow/example_dags/example_complex.py
[2023-11-01 17:59:34,118] {scheduler_job.py:633} INFO - Processing file /home/airflow/.local/lib/python3.6/site-packages/airflow/example_dags/example_complex.py for tasks to queue
[2023-11-01 17:59:34,119] {logging_mixin.py:104} INFO - [2023-11-01 17:59:34,119] {dagbag.py:496} INFO - Filling up the DagBag from /home/airflow/.local/lib/python3.6/site-packages/airflow/example_dags/example_complex.py
[2023-11-01 17:59:34,127] {scheduler_job.py:643} INFO - DAG(s) dict_keys(['example_complex']) retrieved from /home/airflow/.local/lib/python3.6/site-packages/airflow/example_dags/example_complex.py
[2023-11-01 17:59:34,139] {logging_mixin.py:104} INFO - [2023-11-01 17:59:34,139] {dag.py:1833} INFO - Sync 1 DAGs
[2023-11-01 17:59:34,145] {logging_mixin.py:104} INFO - [2023-11-01 17:59:34,145] {dag.py:2306} INFO - Setting next_dagrun for example_complex to None
[2023-11-01 17:59:34,160] {scheduler_job.py:190} INFO - Processing /home/airflow/.local/lib/python3.6/site-packages/airflow/example_dags/example_complex.py took 0.045 seconds
[2023-11-01 18:00:04,976] {scheduler_job.py:182} INFO - Started process (PID=3242) to work on /home/airflow/.local/lib/python3.6/site-packages/airflow/example_dags/example_complex.py
[2023-11-01 18:00:04,977] {scheduler_job.py:633} INFO - Processing file /home/airflow/.local/lib/python3.6/site-packages/airflow/example_dags/example_complex.py for tasks to queue
[2023-11-01 18:00:04,977] {logging_mixin.py:104} INFO - [2023-11-01 18:00:04,977] {dagbag.py:496} INFO - Filling up the DagBag from /home/airflow/.local/lib/python3.6/site-packages/airflow/example_dags/example_complex.py
[2023-11-01 18:00:04,985] {scheduler_job.py:643} INFO - DAG(s) dict_keys(['example_complex']) retrieved from /home/airflow/.local/lib/python3.6/site-packages/airflow/example_dags/example_complex.py
[2023-11-01 18:00:04,997] {logging_mixin.py:104} INFO - [2023-11-01 18:00:04,997] {dag.py:1833} INFO - Sync 1 DAGs
[2023-11-01 18:00:05,004] {logging_mixin.py:104} INFO - [2023-11-01 18:00:05,003] {dag.py:2306} INFO - Setting next_dagrun for example_complex to None
[2023-11-01 18:00:05,010] {scheduler_job.py:190} INFO - Processing /home/airflow/.local/lib/python3.6/site-packages/airflow/example_dags/example_complex.py took 0.035 seconds
