[2023-11-01 17:42:30,209] {scheduler_job.py:182} INFO - Started process (PID=639) to work on /home/airflow/.local/lib/python3.6/site-packages/airflow/example_dags/example_short_circuit_operator.py
[2023-11-01 17:42:30,210] {scheduler_job.py:633} INFO - Processing file /home/airflow/.local/lib/python3.6/site-packages/airflow/example_dags/example_short_circuit_operator.py for tasks to queue
[2023-11-01 17:42:30,211] {logging_mixin.py:104} INFO - [2023-11-01 17:42:30,211] {dagbag.py:496} INFO - Filling up the DagBag from /home/airflow/.local/lib/python3.6/site-packages/airflow/example_dags/example_short_circuit_operator.py
[2023-11-01 17:42:30,222] {scheduler_job.py:643} INFO - DAG(s) dict_keys(['example_short_circuit_operator']) retrieved from /home/airflow/.local/lib/python3.6/site-packages/airflow/example_dags/example_short_circuit_operator.py
[2023-11-01 17:42:31,564] {logging_mixin.py:104} INFO - [2023-11-01 17:42:31,564] {dag.py:1833} INFO - Sync 1 DAGs
[2023-11-01 17:42:31,571] {logging_mixin.py:104} INFO - [2023-11-01 17:42:31,571] {dag.py:1852} INFO - Creating ORM DAG for example_short_circuit_operator
[2023-11-01 17:42:31,574] {logging_mixin.py:104} INFO - [2023-11-01 17:42:31,574] {dag.py:2306} INFO - Setting next_dagrun for example_short_circuit_operator to 2023-10-30 00:00:00+00:00
[2023-11-01 17:42:31,583] {scheduler_job.py:190} INFO - Processing /home/airflow/.local/lib/python3.6/site-packages/airflow/example_dags/example_short_circuit_operator.py took 1.378 seconds
[2023-11-01 17:43:02,236] {scheduler_job.py:182} INFO - Started process (PID=731) to work on /home/airflow/.local/lib/python3.6/site-packages/airflow/example_dags/example_short_circuit_operator.py
[2023-11-01 17:43:02,237] {scheduler_job.py:633} INFO - Processing file /home/airflow/.local/lib/python3.6/site-packages/airflow/example_dags/example_short_circuit_operator.py for tasks to queue
[2023-11-01 17:43:02,237] {logging_mixin.py:104} INFO - [2023-11-01 17:43:02,237] {dagbag.py:496} INFO - Filling up the DagBag from /home/airflow/.local/lib/python3.6/site-packages/airflow/example_dags/example_short_circuit_operator.py
[2023-11-01 17:43:02,242] {scheduler_job.py:643} INFO - DAG(s) dict_keys(['example_short_circuit_operator']) retrieved from /home/airflow/.local/lib/python3.6/site-packages/airflow/example_dags/example_short_circuit_operator.py
[2023-11-01 17:43:02,252] {logging_mixin.py:104} INFO - [2023-11-01 17:43:02,252] {dag.py:1833} INFO - Sync 1 DAGs
[2023-11-01 17:43:02,259] {logging_mixin.py:104} INFO - [2023-11-01 17:43:02,259] {dag.py:2306} INFO - Setting next_dagrun for example_short_circuit_operator to 2023-10-30 00:00:00+00:00
[2023-11-01 17:43:02,263] {scheduler_job.py:190} INFO - Processing /home/airflow/.local/lib/python3.6/site-packages/airflow/example_dags/example_short_circuit_operator.py took 0.028 seconds
[2023-11-01 17:43:32,804] {scheduler_job.py:182} INFO - Started process (PID=792) to work on /home/airflow/.local/lib/python3.6/site-packages/airflow/example_dags/example_short_circuit_operator.py
[2023-11-01 17:43:32,804] {scheduler_job.py:633} INFO - Processing file /home/airflow/.local/lib/python3.6/site-packages/airflow/example_dags/example_short_circuit_operator.py for tasks to queue
[2023-11-01 17:43:32,804] {logging_mixin.py:104} INFO - [2023-11-01 17:43:32,804] {dagbag.py:496} INFO - Filling up the DagBag from /home/airflow/.local/lib/python3.6/site-packages/airflow/example_dags/example_short_circuit_operator.py
[2023-11-01 17:43:32,809] {scheduler_job.py:643} INFO - DAG(s) dict_keys(['example_short_circuit_operator']) retrieved from /home/airflow/.local/lib/python3.6/site-packages/airflow/example_dags/example_short_circuit_operator.py
[2023-11-01 17:43:32,819] {logging_mixin.py:104} INFO - [2023-11-01 17:43:32,819] {dag.py:1833} INFO - Sync 1 DAGs
[2023-11-01 17:43:32,826] {logging_mixin.py:104} INFO - [2023-11-01 17:43:32,826] {dag.py:2306} INFO - Setting next_dagrun for example_short_circuit_operator to 2023-10-30 00:00:00+00:00
[2023-11-01 17:43:32,831] {scheduler_job.py:190} INFO - Processing /home/airflow/.local/lib/python3.6/site-packages/airflow/example_dags/example_short_circuit_operator.py took 0.028 seconds
[2023-11-01 17:44:03,532] {scheduler_job.py:182} INFO - Started process (PID=853) to work on /home/airflow/.local/lib/python3.6/site-packages/airflow/example_dags/example_short_circuit_operator.py
[2023-11-01 17:44:03,532] {scheduler_job.py:633} INFO - Processing file /home/airflow/.local/lib/python3.6/site-packages/airflow/example_dags/example_short_circuit_operator.py for tasks to queue
[2023-11-01 17:44:03,532] {logging_mixin.py:104} INFO - [2023-11-01 17:44:03,532] {dagbag.py:496} INFO - Filling up the DagBag from /home/airflow/.local/lib/python3.6/site-packages/airflow/example_dags/example_short_circuit_operator.py
[2023-11-01 17:44:03,539] {scheduler_job.py:643} INFO - DAG(s) dict_keys(['example_short_circuit_operator']) retrieved from /home/airflow/.local/lib/python3.6/site-packages/airflow/example_dags/example_short_circuit_operator.py
[2023-11-01 17:44:03,553] {logging_mixin.py:104} INFO - [2023-11-01 17:44:03,553] {dag.py:1833} INFO - Sync 1 DAGs
[2023-11-01 17:44:03,561] {logging_mixin.py:104} INFO - [2023-11-01 17:44:03,561] {dag.py:2306} INFO - Setting next_dagrun for example_short_circuit_operator to 2023-10-30 00:00:00+00:00
[2023-11-01 17:44:03,576] {scheduler_job.py:190} INFO - Processing /home/airflow/.local/lib/python3.6/site-packages/airflow/example_dags/example_short_circuit_operator.py took 0.047 seconds
[2023-11-01 17:44:34,378] {scheduler_job.py:182} INFO - Started process (PID=913) to work on /home/airflow/.local/lib/python3.6/site-packages/airflow/example_dags/example_short_circuit_operator.py
[2023-11-01 17:44:34,379] {scheduler_job.py:633} INFO - Processing file /home/airflow/.local/lib/python3.6/site-packages/airflow/example_dags/example_short_circuit_operator.py for tasks to queue
[2023-11-01 17:44:34,379] {logging_mixin.py:104} INFO - [2023-11-01 17:44:34,379] {dagbag.py:496} INFO - Filling up the DagBag from /home/airflow/.local/lib/python3.6/site-packages/airflow/example_dags/example_short_circuit_operator.py
[2023-11-01 17:44:34,384] {scheduler_job.py:643} INFO - DAG(s) dict_keys(['example_short_circuit_operator']) retrieved from /home/airflow/.local/lib/python3.6/site-packages/airflow/example_dags/example_short_circuit_operator.py
[2023-11-01 17:44:34,394] {logging_mixin.py:104} INFO - [2023-11-01 17:44:34,394] {dag.py:1833} INFO - Sync 1 DAGs
[2023-11-01 17:44:34,402] {logging_mixin.py:104} INFO - [2023-11-01 17:44:34,402] {dag.py:2306} INFO - Setting next_dagrun for example_short_circuit_operator to 2023-10-30 00:00:00+00:00
[2023-11-01 17:44:34,419] {scheduler_job.py:190} INFO - Processing /home/airflow/.local/lib/python3.6/site-packages/airflow/example_dags/example_short_circuit_operator.py took 0.042 seconds
[2023-11-01 17:45:04,959] {scheduler_job.py:182} INFO - Started process (PID=974) to work on /home/airflow/.local/lib/python3.6/site-packages/airflow/example_dags/example_short_circuit_operator.py
[2023-11-01 17:45:04,960] {scheduler_job.py:633} INFO - Processing file /home/airflow/.local/lib/python3.6/site-packages/airflow/example_dags/example_short_circuit_operator.py for tasks to queue
[2023-11-01 17:45:04,960] {logging_mixin.py:104} INFO - [2023-11-01 17:45:04,960] {dagbag.py:496} INFO - Filling up the DagBag from /home/airflow/.local/lib/python3.6/site-packages/airflow/example_dags/example_short_circuit_operator.py
[2023-11-01 17:45:04,967] {scheduler_job.py:643} INFO - DAG(s) dict_keys(['example_short_circuit_operator']) retrieved from /home/airflow/.local/lib/python3.6/site-packages/airflow/example_dags/example_short_circuit_operator.py
[2023-11-01 17:45:04,982] {logging_mixin.py:104} INFO - [2023-11-01 17:45:04,982] {dag.py:1833} INFO - Sync 1 DAGs
[2023-11-01 17:45:04,991] {logging_mixin.py:104} INFO - [2023-11-01 17:45:04,991] {dag.py:2306} INFO - Setting next_dagrun for example_short_circuit_operator to 2023-10-30 00:00:00+00:00
[2023-11-01 17:45:05,009] {scheduler_job.py:190} INFO - Processing /home/airflow/.local/lib/python3.6/site-packages/airflow/example_dags/example_short_circuit_operator.py took 0.051 seconds
[2023-11-01 17:45:35,744] {scheduler_job.py:182} INFO - Started process (PID=1025) to work on /home/airflow/.local/lib/python3.6/site-packages/airflow/example_dags/example_short_circuit_operator.py
[2023-11-01 17:45:35,745] {scheduler_job.py:633} INFO - Processing file /home/airflow/.local/lib/python3.6/site-packages/airflow/example_dags/example_short_circuit_operator.py for tasks to queue
[2023-11-01 17:45:35,745] {logging_mixin.py:104} INFO - [2023-11-01 17:45:35,745] {dagbag.py:496} INFO - Filling up the DagBag from /home/airflow/.local/lib/python3.6/site-packages/airflow/example_dags/example_short_circuit_operator.py
[2023-11-01 17:45:35,752] {scheduler_job.py:643} INFO - DAG(s) dict_keys(['example_short_circuit_operator']) retrieved from /home/airflow/.local/lib/python3.6/site-packages/airflow/example_dags/example_short_circuit_operator.py
[2023-11-01 17:45:35,767] {logging_mixin.py:104} INFO - [2023-11-01 17:45:35,767] {dag.py:1833} INFO - Sync 1 DAGs
[2023-11-01 17:45:35,777] {logging_mixin.py:104} INFO - [2023-11-01 17:45:35,777] {dag.py:2306} INFO - Setting next_dagrun for example_short_circuit_operator to 2023-10-30 00:00:00+00:00
[2023-11-01 17:45:35,783] {scheduler_job.py:190} INFO - Processing /home/airflow/.local/lib/python3.6/site-packages/airflow/example_dags/example_short_circuit_operator.py took 0.041 seconds
[2023-11-01 17:46:06,383] {scheduler_job.py:182} INFO - Started process (PID=1086) to work on /home/airflow/.local/lib/python3.6/site-packages/airflow/example_dags/example_short_circuit_operator.py
[2023-11-01 17:46:06,383] {scheduler_job.py:633} INFO - Processing file /home/airflow/.local/lib/python3.6/site-packages/airflow/example_dags/example_short_circuit_operator.py for tasks to queue
[2023-11-01 17:46:06,384] {logging_mixin.py:104} INFO - [2023-11-01 17:46:06,384] {dagbag.py:496} INFO - Filling up the DagBag from /home/airflow/.local/lib/python3.6/site-packages/airflow/example_dags/example_short_circuit_operator.py
[2023-11-01 17:46:06,389] {scheduler_job.py:643} INFO - DAG(s) dict_keys(['example_short_circuit_operator']) retrieved from /home/airflow/.local/lib/python3.6/site-packages/airflow/example_dags/example_short_circuit_operator.py
[2023-11-01 17:46:06,403] {logging_mixin.py:104} INFO - [2023-11-01 17:46:06,403] {dag.py:1833} INFO - Sync 1 DAGs
[2023-11-01 17:46:06,414] {logging_mixin.py:104} INFO - [2023-11-01 17:46:06,413] {dag.py:2306} INFO - Setting next_dagrun for example_short_circuit_operator to 2023-10-30 00:00:00+00:00
[2023-11-01 17:46:06,431] {scheduler_job.py:190} INFO - Processing /home/airflow/.local/lib/python3.6/site-packages/airflow/example_dags/example_short_circuit_operator.py took 0.049 seconds
[2023-11-01 17:46:37,152] {scheduler_job.py:182} INFO - Started process (PID=1147) to work on /home/airflow/.local/lib/python3.6/site-packages/airflow/example_dags/example_short_circuit_operator.py
[2023-11-01 17:46:37,152] {scheduler_job.py:633} INFO - Processing file /home/airflow/.local/lib/python3.6/site-packages/airflow/example_dags/example_short_circuit_operator.py for tasks to queue
[2023-11-01 17:46:37,152] {logging_mixin.py:104} INFO - [2023-11-01 17:46:37,152] {dagbag.py:496} INFO - Filling up the DagBag from /home/airflow/.local/lib/python3.6/site-packages/airflow/example_dags/example_short_circuit_operator.py
[2023-11-01 17:46:37,157] {scheduler_job.py:643} INFO - DAG(s) dict_keys(['example_short_circuit_operator']) retrieved from /home/airflow/.local/lib/python3.6/site-packages/airflow/example_dags/example_short_circuit_operator.py
[2023-11-01 17:46:37,168] {logging_mixin.py:104} INFO - [2023-11-01 17:46:37,168] {dag.py:1833} INFO - Sync 1 DAGs
[2023-11-01 17:46:37,174] {logging_mixin.py:104} INFO - [2023-11-01 17:46:37,174] {dag.py:2306} INFO - Setting next_dagrun for example_short_circuit_operator to 2023-10-30 00:00:00+00:00
[2023-11-01 17:46:37,189] {scheduler_job.py:190} INFO - Processing /home/airflow/.local/lib/python3.6/site-packages/airflow/example_dags/example_short_circuit_operator.py took 0.039 seconds
[2023-11-01 17:47:07,740] {scheduler_job.py:182} INFO - Started process (PID=1207) to work on /home/airflow/.local/lib/python3.6/site-packages/airflow/example_dags/example_short_circuit_operator.py
[2023-11-01 17:47:07,740] {scheduler_job.py:633} INFO - Processing file /home/airflow/.local/lib/python3.6/site-packages/airflow/example_dags/example_short_circuit_operator.py for tasks to queue
[2023-11-01 17:47:07,741] {logging_mixin.py:104} INFO - [2023-11-01 17:47:07,741] {dagbag.py:496} INFO - Filling up the DagBag from /home/airflow/.local/lib/python3.6/site-packages/airflow/example_dags/example_short_circuit_operator.py
[2023-11-01 17:47:07,746] {scheduler_job.py:643} INFO - DAG(s) dict_keys(['example_short_circuit_operator']) retrieved from /home/airflow/.local/lib/python3.6/site-packages/airflow/example_dags/example_short_circuit_operator.py
[2023-11-01 17:47:07,758] {logging_mixin.py:104} INFO - [2023-11-01 17:47:07,758] {dag.py:1833} INFO - Sync 1 DAGs
[2023-11-01 17:47:07,765] {logging_mixin.py:104} INFO - [2023-11-01 17:47:07,765] {dag.py:2306} INFO - Setting next_dagrun for example_short_circuit_operator to 2023-10-30 00:00:00+00:00
[2023-11-01 17:47:07,780] {scheduler_job.py:190} INFO - Processing /home/airflow/.local/lib/python3.6/site-packages/airflow/example_dags/example_short_circuit_operator.py took 0.041 seconds
[2023-11-01 17:47:38,440] {scheduler_job.py:182} INFO - Started process (PID=1278) to work on /home/airflow/.local/lib/python3.6/site-packages/airflow/example_dags/example_short_circuit_operator.py
[2023-11-01 17:47:38,440] {scheduler_job.py:633} INFO - Processing file /home/airflow/.local/lib/python3.6/site-packages/airflow/example_dags/example_short_circuit_operator.py for tasks to queue
[2023-11-01 17:47:38,440] {logging_mixin.py:104} INFO - [2023-11-01 17:47:38,440] {dagbag.py:496} INFO - Filling up the DagBag from /home/airflow/.local/lib/python3.6/site-packages/airflow/example_dags/example_short_circuit_operator.py
[2023-11-01 17:47:38,446] {scheduler_job.py:643} INFO - DAG(s) dict_keys(['example_short_circuit_operator']) retrieved from /home/airflow/.local/lib/python3.6/site-packages/airflow/example_dags/example_short_circuit_operator.py
[2023-11-01 17:47:38,459] {logging_mixin.py:104} INFO - [2023-11-01 17:47:38,458] {dag.py:1833} INFO - Sync 1 DAGs
[2023-11-01 17:47:38,465] {logging_mixin.py:104} INFO - [2023-11-01 17:47:38,465] {dag.py:2306} INFO - Setting next_dagrun for example_short_circuit_operator to 2023-10-30 00:00:00+00:00
[2023-11-01 17:47:38,477] {scheduler_job.py:190} INFO - Processing /home/airflow/.local/lib/python3.6/site-packages/airflow/example_dags/example_short_circuit_operator.py took 0.038 seconds
[2023-11-01 17:48:09,196] {scheduler_job.py:182} INFO - Started process (PID=1358) to work on /home/airflow/.local/lib/python3.6/site-packages/airflow/example_dags/example_short_circuit_operator.py
[2023-11-01 17:48:09,197] {scheduler_job.py:633} INFO - Processing file /home/airflow/.local/lib/python3.6/site-packages/airflow/example_dags/example_short_circuit_operator.py for tasks to queue
[2023-11-01 17:48:09,197] {logging_mixin.py:104} INFO - [2023-11-01 17:48:09,197] {dagbag.py:496} INFO - Filling up the DagBag from /home/airflow/.local/lib/python3.6/site-packages/airflow/example_dags/example_short_circuit_operator.py
[2023-11-01 17:48:09,202] {scheduler_job.py:643} INFO - DAG(s) dict_keys(['example_short_circuit_operator']) retrieved from /home/airflow/.local/lib/python3.6/site-packages/airflow/example_dags/example_short_circuit_operator.py
[2023-11-01 17:48:09,211] {logging_mixin.py:104} INFO - [2023-11-01 17:48:09,211] {dag.py:1833} INFO - Sync 1 DAGs
[2023-11-01 17:48:09,219] {logging_mixin.py:104} INFO - [2023-11-01 17:48:09,218] {dag.py:2306} INFO - Setting next_dagrun for example_short_circuit_operator to 2023-10-30 00:00:00+00:00
[2023-11-01 17:48:09,234] {scheduler_job.py:190} INFO - Processing /home/airflow/.local/lib/python3.6/site-packages/airflow/example_dags/example_short_circuit_operator.py took 0.039 seconds
[2023-11-01 17:48:39,903] {scheduler_job.py:182} INFO - Started process (PID=1439) to work on /home/airflow/.local/lib/python3.6/site-packages/airflow/example_dags/example_short_circuit_operator.py
[2023-11-01 17:48:39,903] {scheduler_job.py:633} INFO - Processing file /home/airflow/.local/lib/python3.6/site-packages/airflow/example_dags/example_short_circuit_operator.py for tasks to queue
[2023-11-01 17:48:39,903] {logging_mixin.py:104} INFO - [2023-11-01 17:48:39,903] {dagbag.py:496} INFO - Filling up the DagBag from /home/airflow/.local/lib/python3.6/site-packages/airflow/example_dags/example_short_circuit_operator.py
[2023-11-01 17:48:39,908] {scheduler_job.py:643} INFO - DAG(s) dict_keys(['example_short_circuit_operator']) retrieved from /home/airflow/.local/lib/python3.6/site-packages/airflow/example_dags/example_short_circuit_operator.py
[2023-11-01 17:48:39,919] {logging_mixin.py:104} INFO - [2023-11-01 17:48:39,919] {dag.py:1833} INFO - Sync 1 DAGs
[2023-11-01 17:48:39,926] {logging_mixin.py:104} INFO - [2023-11-01 17:48:39,926] {dag.py:2306} INFO - Setting next_dagrun for example_short_circuit_operator to 2023-10-30 00:00:00+00:00
[2023-11-01 17:48:39,941] {scheduler_job.py:190} INFO - Processing /home/airflow/.local/lib/python3.6/site-packages/airflow/example_dags/example_short_circuit_operator.py took 0.039 seconds
[2023-11-01 17:49:10,516] {scheduler_job.py:182} INFO - Started process (PID=1520) to work on /home/airflow/.local/lib/python3.6/site-packages/airflow/example_dags/example_short_circuit_operator.py
[2023-11-01 17:49:10,516] {scheduler_job.py:633} INFO - Processing file /home/airflow/.local/lib/python3.6/site-packages/airflow/example_dags/example_short_circuit_operator.py for tasks to queue
[2023-11-01 17:49:10,516] {logging_mixin.py:104} INFO - [2023-11-01 17:49:10,516] {dagbag.py:496} INFO - Filling up the DagBag from /home/airflow/.local/lib/python3.6/site-packages/airflow/example_dags/example_short_circuit_operator.py
[2023-11-01 17:49:10,522] {scheduler_job.py:643} INFO - DAG(s) dict_keys(['example_short_circuit_operator']) retrieved from /home/airflow/.local/lib/python3.6/site-packages/airflow/example_dags/example_short_circuit_operator.py
[2023-11-01 17:49:10,532] {logging_mixin.py:104} INFO - [2023-11-01 17:49:10,532] {dag.py:1833} INFO - Sync 1 DAGs
[2023-11-01 17:49:10,538] {logging_mixin.py:104} INFO - [2023-11-01 17:49:10,538] {dag.py:2306} INFO - Setting next_dagrun for example_short_circuit_operator to 2023-10-30 00:00:00+00:00
[2023-11-01 17:49:10,553] {scheduler_job.py:190} INFO - Processing /home/airflow/.local/lib/python3.6/site-packages/airflow/example_dags/example_short_circuit_operator.py took 0.038 seconds
[2023-11-01 17:49:41,259] {scheduler_job.py:182} INFO - Started process (PID=1600) to work on /home/airflow/.local/lib/python3.6/site-packages/airflow/example_dags/example_short_circuit_operator.py
[2023-11-01 17:49:41,259] {scheduler_job.py:633} INFO - Processing file /home/airflow/.local/lib/python3.6/site-packages/airflow/example_dags/example_short_circuit_operator.py for tasks to queue
[2023-11-01 17:49:41,259] {logging_mixin.py:104} INFO - [2023-11-01 17:49:41,259] {dagbag.py:496} INFO - Filling up the DagBag from /home/airflow/.local/lib/python3.6/site-packages/airflow/example_dags/example_short_circuit_operator.py
[2023-11-01 17:49:41,264] {scheduler_job.py:643} INFO - DAG(s) dict_keys(['example_short_circuit_operator']) retrieved from /home/airflow/.local/lib/python3.6/site-packages/airflow/example_dags/example_short_circuit_operator.py
[2023-11-01 17:49:41,275] {logging_mixin.py:104} INFO - [2023-11-01 17:49:41,275] {dag.py:1833} INFO - Sync 1 DAGs
[2023-11-01 17:49:41,281] {logging_mixin.py:104} INFO - [2023-11-01 17:49:41,281] {dag.py:2306} INFO - Setting next_dagrun for example_short_circuit_operator to 2023-10-30 00:00:00+00:00
[2023-11-01 17:49:41,297] {scheduler_job.py:190} INFO - Processing /home/airflow/.local/lib/python3.6/site-packages/airflow/example_dags/example_short_circuit_operator.py took 0.039 seconds
[2023-11-01 17:50:11,919] {scheduler_job.py:182} INFO - Started process (PID=1670) to work on /home/airflow/.local/lib/python3.6/site-packages/airflow/example_dags/example_short_circuit_operator.py
[2023-11-01 17:50:11,919] {scheduler_job.py:633} INFO - Processing file /home/airflow/.local/lib/python3.6/site-packages/airflow/example_dags/example_short_circuit_operator.py for tasks to queue
[2023-11-01 17:50:11,919] {logging_mixin.py:104} INFO - [2023-11-01 17:50:11,919] {dagbag.py:496} INFO - Filling up the DagBag from /home/airflow/.local/lib/python3.6/site-packages/airflow/example_dags/example_short_circuit_operator.py
[2023-11-01 17:50:11,925] {scheduler_job.py:643} INFO - DAG(s) dict_keys(['example_short_circuit_operator']) retrieved from /home/airflow/.local/lib/python3.6/site-packages/airflow/example_dags/example_short_circuit_operator.py
[2023-11-01 17:50:11,937] {logging_mixin.py:104} INFO - [2023-11-01 17:50:11,937] {dag.py:1833} INFO - Sync 1 DAGs
[2023-11-01 17:50:11,944] {logging_mixin.py:104} INFO - [2023-11-01 17:50:11,944] {dag.py:2306} INFO - Setting next_dagrun for example_short_circuit_operator to 2023-10-30 00:00:00+00:00
[2023-11-01 17:50:11,949] {scheduler_job.py:190} INFO - Processing /home/airflow/.local/lib/python3.6/site-packages/airflow/example_dags/example_short_circuit_operator.py took 0.031 seconds
[2023-11-01 17:50:42,640] {scheduler_job.py:182} INFO - Started process (PID=1751) to work on /home/airflow/.local/lib/python3.6/site-packages/airflow/example_dags/example_short_circuit_operator.py
[2023-11-01 17:50:42,640] {scheduler_job.py:633} INFO - Processing file /home/airflow/.local/lib/python3.6/site-packages/airflow/example_dags/example_short_circuit_operator.py for tasks to queue
[2023-11-01 17:50:42,641] {logging_mixin.py:104} INFO - [2023-11-01 17:50:42,641] {dagbag.py:496} INFO - Filling up the DagBag from /home/airflow/.local/lib/python3.6/site-packages/airflow/example_dags/example_short_circuit_operator.py
[2023-11-01 17:50:42,646] {scheduler_job.py:643} INFO - DAG(s) dict_keys(['example_short_circuit_operator']) retrieved from /home/airflow/.local/lib/python3.6/site-packages/airflow/example_dags/example_short_circuit_operator.py
[2023-11-01 17:50:42,655] {logging_mixin.py:104} INFO - [2023-11-01 17:50:42,655] {dag.py:1833} INFO - Sync 1 DAGs
[2023-11-01 17:50:42,663] {logging_mixin.py:104} INFO - [2023-11-01 17:50:42,663] {dag.py:2306} INFO - Setting next_dagrun for example_short_circuit_operator to 2023-10-30 00:00:00+00:00
[2023-11-01 17:50:42,667] {scheduler_job.py:190} INFO - Processing /home/airflow/.local/lib/python3.6/site-packages/airflow/example_dags/example_short_circuit_operator.py took 0.028 seconds
[2023-11-01 17:51:13,353] {scheduler_job.py:182} INFO - Started process (PID=1832) to work on /home/airflow/.local/lib/python3.6/site-packages/airflow/example_dags/example_short_circuit_operator.py
[2023-11-01 17:51:13,354] {scheduler_job.py:633} INFO - Processing file /home/airflow/.local/lib/python3.6/site-packages/airflow/example_dags/example_short_circuit_operator.py for tasks to queue
[2023-11-01 17:51:13,354] {logging_mixin.py:104} INFO - [2023-11-01 17:51:13,354] {dagbag.py:496} INFO - Filling up the DagBag from /home/airflow/.local/lib/python3.6/site-packages/airflow/example_dags/example_short_circuit_operator.py
[2023-11-01 17:51:13,359] {scheduler_job.py:643} INFO - DAG(s) dict_keys(['example_short_circuit_operator']) retrieved from /home/airflow/.local/lib/python3.6/site-packages/airflow/example_dags/example_short_circuit_operator.py
[2023-11-01 17:51:13,370] {logging_mixin.py:104} INFO - [2023-11-01 17:51:13,370] {dag.py:1833} INFO - Sync 1 DAGs
[2023-11-01 17:51:13,377] {logging_mixin.py:104} INFO - [2023-11-01 17:51:13,377] {dag.py:2306} INFO - Setting next_dagrun for example_short_circuit_operator to 2023-10-30 00:00:00+00:00
[2023-11-01 17:51:13,391] {scheduler_job.py:190} INFO - Processing /home/airflow/.local/lib/python3.6/site-packages/airflow/example_dags/example_short_circuit_operator.py took 0.039 seconds
[2023-11-01 17:51:44,291] {scheduler_job.py:182} INFO - Started process (PID=1913) to work on /home/airflow/.local/lib/python3.6/site-packages/airflow/example_dags/example_short_circuit_operator.py
[2023-11-01 17:51:44,292] {scheduler_job.py:633} INFO - Processing file /home/airflow/.local/lib/python3.6/site-packages/airflow/example_dags/example_short_circuit_operator.py for tasks to queue
[2023-11-01 17:51:44,292] {logging_mixin.py:104} INFO - [2023-11-01 17:51:44,292] {dagbag.py:496} INFO - Filling up the DagBag from /home/airflow/.local/lib/python3.6/site-packages/airflow/example_dags/example_short_circuit_operator.py
[2023-11-01 17:51:44,298] {scheduler_job.py:643} INFO - DAG(s) dict_keys(['example_short_circuit_operator']) retrieved from /home/airflow/.local/lib/python3.6/site-packages/airflow/example_dags/example_short_circuit_operator.py
[2023-11-01 17:51:44,313] {logging_mixin.py:104} INFO - [2023-11-01 17:51:44,313] {dag.py:1833} INFO - Sync 1 DAGs
[2023-11-01 17:51:44,324] {logging_mixin.py:104} INFO - [2023-11-01 17:51:44,324] {dag.py:2306} INFO - Setting next_dagrun for example_short_circuit_operator to 2023-10-30 00:00:00+00:00
[2023-11-01 17:51:44,342] {scheduler_job.py:190} INFO - Processing /home/airflow/.local/lib/python3.6/site-packages/airflow/example_dags/example_short_circuit_operator.py took 0.052 seconds
[2023-11-01 17:52:14,357] {scheduler_job.py:182} INFO - Started process (PID=1983) to work on /home/airflow/.local/lib/python3.6/site-packages/airflow/example_dags/example_short_circuit_operator.py
[2023-11-01 17:52:14,358] {scheduler_job.py:633} INFO - Processing file /home/airflow/.local/lib/python3.6/site-packages/airflow/example_dags/example_short_circuit_operator.py for tasks to queue
[2023-11-01 17:52:14,358] {logging_mixin.py:104} INFO - [2023-11-01 17:52:14,358] {dagbag.py:496} INFO - Filling up the DagBag from /home/airflow/.local/lib/python3.6/site-packages/airflow/example_dags/example_short_circuit_operator.py
[2023-11-01 17:52:14,364] {scheduler_job.py:643} INFO - DAG(s) dict_keys(['example_short_circuit_operator']) retrieved from /home/airflow/.local/lib/python3.6/site-packages/airflow/example_dags/example_short_circuit_operator.py
[2023-11-01 17:52:14,376] {logging_mixin.py:104} INFO - [2023-11-01 17:52:14,376] {dag.py:1833} INFO - Sync 1 DAGs
[2023-11-01 17:52:14,383] {logging_mixin.py:104} INFO - [2023-11-01 17:52:14,383] {dag.py:2306} INFO - Setting next_dagrun for example_short_circuit_operator to 2023-10-30 00:00:00+00:00
[2023-11-01 17:52:14,398] {scheduler_job.py:190} INFO - Processing /home/airflow/.local/lib/python3.6/site-packages/airflow/example_dags/example_short_circuit_operator.py took 0.043 seconds
[2023-11-01 17:52:44,645] {scheduler_job.py:182} INFO - Started process (PID=2064) to work on /home/airflow/.local/lib/python3.6/site-packages/airflow/example_dags/example_short_circuit_operator.py
[2023-11-01 17:52:44,645] {scheduler_job.py:633} INFO - Processing file /home/airflow/.local/lib/python3.6/site-packages/airflow/example_dags/example_short_circuit_operator.py for tasks to queue
[2023-11-01 17:52:44,646] {logging_mixin.py:104} INFO - [2023-11-01 17:52:44,645] {dagbag.py:496} INFO - Filling up the DagBag from /home/airflow/.local/lib/python3.6/site-packages/airflow/example_dags/example_short_circuit_operator.py
[2023-11-01 17:52:44,651] {scheduler_job.py:643} INFO - DAG(s) dict_keys(['example_short_circuit_operator']) retrieved from /home/airflow/.local/lib/python3.6/site-packages/airflow/example_dags/example_short_circuit_operator.py
[2023-11-01 17:52:44,661] {logging_mixin.py:104} INFO - [2023-11-01 17:52:44,661] {dag.py:1833} INFO - Sync 1 DAGs
[2023-11-01 17:52:44,668] {logging_mixin.py:104} INFO - [2023-11-01 17:52:44,668] {dag.py:2306} INFO - Setting next_dagrun for example_short_circuit_operator to 2023-10-30 00:00:00+00:00
[2023-11-01 17:52:44,683] {scheduler_job.py:190} INFO - Processing /home/airflow/.local/lib/python3.6/site-packages/airflow/example_dags/example_short_circuit_operator.py took 0.040 seconds
[2023-11-01 17:53:14,731] {scheduler_job.py:182} INFO - Started process (PID=2145) to work on /home/airflow/.local/lib/python3.6/site-packages/airflow/example_dags/example_short_circuit_operator.py
[2023-11-01 17:53:14,732] {scheduler_job.py:633} INFO - Processing file /home/airflow/.local/lib/python3.6/site-packages/airflow/example_dags/example_short_circuit_operator.py for tasks to queue
[2023-11-01 17:53:14,732] {logging_mixin.py:104} INFO - [2023-11-01 17:53:14,732] {dagbag.py:496} INFO - Filling up the DagBag from /home/airflow/.local/lib/python3.6/site-packages/airflow/example_dags/example_short_circuit_operator.py
[2023-11-01 17:53:14,737] {scheduler_job.py:643} INFO - DAG(s) dict_keys(['example_short_circuit_operator']) retrieved from /home/airflow/.local/lib/python3.6/site-packages/airflow/example_dags/example_short_circuit_operator.py
[2023-11-01 17:53:14,748] {logging_mixin.py:104} INFO - [2023-11-01 17:53:14,748] {dag.py:1833} INFO - Sync 1 DAGs
[2023-11-01 17:53:14,755] {logging_mixin.py:104} INFO - [2023-11-01 17:53:14,755] {dag.py:2306} INFO - Setting next_dagrun for example_short_circuit_operator to 2023-10-30 00:00:00+00:00
[2023-11-01 17:53:14,771] {scheduler_job.py:190} INFO - Processing /home/airflow/.local/lib/python3.6/site-packages/airflow/example_dags/example_short_circuit_operator.py took 0.041 seconds
[2023-11-01 17:53:45,478] {scheduler_job.py:182} INFO - Started process (PID=2226) to work on /home/airflow/.local/lib/python3.6/site-packages/airflow/example_dags/example_short_circuit_operator.py
[2023-11-01 17:53:45,479] {scheduler_job.py:633} INFO - Processing file /home/airflow/.local/lib/python3.6/site-packages/airflow/example_dags/example_short_circuit_operator.py for tasks to queue
[2023-11-01 17:53:45,479] {logging_mixin.py:104} INFO - [2023-11-01 17:53:45,479] {dagbag.py:496} INFO - Filling up the DagBag from /home/airflow/.local/lib/python3.6/site-packages/airflow/example_dags/example_short_circuit_operator.py
[2023-11-01 17:53:45,484] {scheduler_job.py:643} INFO - DAG(s) dict_keys(['example_short_circuit_operator']) retrieved from /home/airflow/.local/lib/python3.6/site-packages/airflow/example_dags/example_short_circuit_operator.py
[2023-11-01 17:53:45,494] {logging_mixin.py:104} INFO - [2023-11-01 17:53:45,494] {dag.py:1833} INFO - Sync 1 DAGs
[2023-11-01 17:53:45,500] {logging_mixin.py:104} INFO - [2023-11-01 17:53:45,499] {dag.py:2306} INFO - Setting next_dagrun for example_short_circuit_operator to 2023-10-30 00:00:00+00:00
[2023-11-01 17:53:45,513] {scheduler_job.py:190} INFO - Processing /home/airflow/.local/lib/python3.6/site-packages/airflow/example_dags/example_short_circuit_operator.py took 0.036 seconds
[2023-11-01 17:54:16,242] {scheduler_job.py:182} INFO - Started process (PID=2297) to work on /home/airflow/.local/lib/python3.6/site-packages/airflow/example_dags/example_short_circuit_operator.py
[2023-11-01 17:54:16,243] {scheduler_job.py:633} INFO - Processing file /home/airflow/.local/lib/python3.6/site-packages/airflow/example_dags/example_short_circuit_operator.py for tasks to queue
[2023-11-01 17:54:16,243] {logging_mixin.py:104} INFO - [2023-11-01 17:54:16,243] {dagbag.py:496} INFO - Filling up the DagBag from /home/airflow/.local/lib/python3.6/site-packages/airflow/example_dags/example_short_circuit_operator.py
[2023-11-01 17:54:16,250] {scheduler_job.py:643} INFO - DAG(s) dict_keys(['example_short_circuit_operator']) retrieved from /home/airflow/.local/lib/python3.6/site-packages/airflow/example_dags/example_short_circuit_operator.py
[2023-11-01 17:54:16,260] {logging_mixin.py:104} INFO - [2023-11-01 17:54:16,260] {dag.py:1833} INFO - Sync 1 DAGs
[2023-11-01 17:54:16,267] {logging_mixin.py:104} INFO - [2023-11-01 17:54:16,267] {dag.py:2306} INFO - Setting next_dagrun for example_short_circuit_operator to 2023-10-30 00:00:00+00:00
[2023-11-01 17:54:16,282] {scheduler_job.py:190} INFO - Processing /home/airflow/.local/lib/python3.6/site-packages/airflow/example_dags/example_short_circuit_operator.py took 0.042 seconds
[2023-11-01 17:54:46,425] {scheduler_job.py:182} INFO - Started process (PID=2399) to work on /home/airflow/.local/lib/python3.6/site-packages/airflow/example_dags/example_short_circuit_operator.py
[2023-11-01 17:54:46,426] {scheduler_job.py:633} INFO - Processing file /home/airflow/.local/lib/python3.6/site-packages/airflow/example_dags/example_short_circuit_operator.py for tasks to queue
[2023-11-01 17:54:46,426] {logging_mixin.py:104} INFO - [2023-11-01 17:54:46,426] {dagbag.py:496} INFO - Filling up the DagBag from /home/airflow/.local/lib/python3.6/site-packages/airflow/example_dags/example_short_circuit_operator.py
[2023-11-01 17:54:46,433] {scheduler_job.py:643} INFO - DAG(s) dict_keys(['example_short_circuit_operator']) retrieved from /home/airflow/.local/lib/python3.6/site-packages/airflow/example_dags/example_short_circuit_operator.py
[2023-11-01 17:54:46,443] {logging_mixin.py:104} INFO - [2023-11-01 17:54:46,443] {dag.py:1833} INFO - Sync 1 DAGs
[2023-11-01 17:54:46,452] {logging_mixin.py:104} INFO - [2023-11-01 17:54:46,452] {dag.py:2306} INFO - Setting next_dagrun for example_short_circuit_operator to 2023-10-30 00:00:00+00:00
[2023-11-01 17:54:46,456] {scheduler_job.py:190} INFO - Processing /home/airflow/.local/lib/python3.6/site-packages/airflow/example_dags/example_short_circuit_operator.py took 0.032 seconds
[2023-11-01 17:55:16,531] {scheduler_job.py:182} INFO - Started process (PID=2480) to work on /home/airflow/.local/lib/python3.6/site-packages/airflow/example_dags/example_short_circuit_operator.py
[2023-11-01 17:55:16,532] {scheduler_job.py:633} INFO - Processing file /home/airflow/.local/lib/python3.6/site-packages/airflow/example_dags/example_short_circuit_operator.py for tasks to queue
[2023-11-01 17:55:16,532] {logging_mixin.py:104} INFO - [2023-11-01 17:55:16,532] {dagbag.py:496} INFO - Filling up the DagBag from /home/airflow/.local/lib/python3.6/site-packages/airflow/example_dags/example_short_circuit_operator.py
[2023-11-01 17:55:16,537] {scheduler_job.py:643} INFO - DAG(s) dict_keys(['example_short_circuit_operator']) retrieved from /home/airflow/.local/lib/python3.6/site-packages/airflow/example_dags/example_short_circuit_operator.py
[2023-11-01 17:55:16,551] {logging_mixin.py:104} INFO - [2023-11-01 17:55:16,551] {dag.py:1833} INFO - Sync 1 DAGs
[2023-11-01 17:55:16,559] {logging_mixin.py:104} INFO - [2023-11-01 17:55:16,559] {dag.py:2306} INFO - Setting next_dagrun for example_short_circuit_operator to 2023-10-30 00:00:00+00:00
[2023-11-01 17:55:16,578] {scheduler_job.py:190} INFO - Processing /home/airflow/.local/lib/python3.6/site-packages/airflow/example_dags/example_short_circuit_operator.py took 0.048 seconds
[2023-11-01 17:55:47,389] {scheduler_job.py:182} INFO - Started process (PID=2561) to work on /home/airflow/.local/lib/python3.6/site-packages/airflow/example_dags/example_short_circuit_operator.py
[2023-11-01 17:55:47,389] {scheduler_job.py:633} INFO - Processing file /home/airflow/.local/lib/python3.6/site-packages/airflow/example_dags/example_short_circuit_operator.py for tasks to queue
[2023-11-01 17:55:47,390] {logging_mixin.py:104} INFO - [2023-11-01 17:55:47,390] {dagbag.py:496} INFO - Filling up the DagBag from /home/airflow/.local/lib/python3.6/site-packages/airflow/example_dags/example_short_circuit_operator.py
[2023-11-01 17:55:47,396] {scheduler_job.py:643} INFO - DAG(s) dict_keys(['example_short_circuit_operator']) retrieved from /home/airflow/.local/lib/python3.6/site-packages/airflow/example_dags/example_short_circuit_operator.py
[2023-11-01 17:55:47,406] {logging_mixin.py:104} INFO - [2023-11-01 17:55:47,406] {dag.py:1833} INFO - Sync 1 DAGs
[2023-11-01 17:55:47,413] {logging_mixin.py:104} INFO - [2023-11-01 17:55:47,412] {dag.py:2306} INFO - Setting next_dagrun for example_short_circuit_operator to 2023-10-30 00:00:00+00:00
[2023-11-01 17:55:47,427] {scheduler_job.py:190} INFO - Processing /home/airflow/.local/lib/python3.6/site-packages/airflow/example_dags/example_short_circuit_operator.py took 0.039 seconds
[2023-11-01 17:56:18,201] {scheduler_job.py:182} INFO - Started process (PID=2632) to work on /home/airflow/.local/lib/python3.6/site-packages/airflow/example_dags/example_short_circuit_operator.py
[2023-11-01 17:56:18,201] {scheduler_job.py:633} INFO - Processing file /home/airflow/.local/lib/python3.6/site-packages/airflow/example_dags/example_short_circuit_operator.py for tasks to queue
[2023-11-01 17:56:18,202] {logging_mixin.py:104} INFO - [2023-11-01 17:56:18,202] {dagbag.py:496} INFO - Filling up the DagBag from /home/airflow/.local/lib/python3.6/site-packages/airflow/example_dags/example_short_circuit_operator.py
[2023-11-01 17:56:18,210] {scheduler_job.py:643} INFO - DAG(s) dict_keys(['example_short_circuit_operator']) retrieved from /home/airflow/.local/lib/python3.6/site-packages/airflow/example_dags/example_short_circuit_operator.py
[2023-11-01 17:56:18,221] {logging_mixin.py:104} INFO - [2023-11-01 17:56:18,221] {dag.py:1833} INFO - Sync 1 DAGs
[2023-11-01 17:56:18,228] {logging_mixin.py:104} INFO - [2023-11-01 17:56:18,228] {dag.py:2306} INFO - Setting next_dagrun for example_short_circuit_operator to 2023-10-30 00:00:00+00:00
[2023-11-01 17:56:18,233] {scheduler_job.py:190} INFO - Processing /home/airflow/.local/lib/python3.6/site-packages/airflow/example_dags/example_short_circuit_operator.py took 0.034 seconds
[2023-11-01 17:56:48,982] {scheduler_job.py:182} INFO - Started process (PID=2713) to work on /home/airflow/.local/lib/python3.6/site-packages/airflow/example_dags/example_short_circuit_operator.py
[2023-11-01 17:56:48,983] {scheduler_job.py:633} INFO - Processing file /home/airflow/.local/lib/python3.6/site-packages/airflow/example_dags/example_short_circuit_operator.py for tasks to queue
[2023-11-01 17:56:48,983] {logging_mixin.py:104} INFO - [2023-11-01 17:56:48,983] {dagbag.py:496} INFO - Filling up the DagBag from /home/airflow/.local/lib/python3.6/site-packages/airflow/example_dags/example_short_circuit_operator.py
[2023-11-01 17:56:48,989] {scheduler_job.py:643} INFO - DAG(s) dict_keys(['example_short_circuit_operator']) retrieved from /home/airflow/.local/lib/python3.6/site-packages/airflow/example_dags/example_short_circuit_operator.py
[2023-11-01 17:56:48,998] {logging_mixin.py:104} INFO - [2023-11-01 17:56:48,998] {dag.py:1833} INFO - Sync 1 DAGs
[2023-11-01 17:56:49,005] {logging_mixin.py:104} INFO - [2023-11-01 17:56:49,005] {dag.py:2306} INFO - Setting next_dagrun for example_short_circuit_operator to 2023-10-30 00:00:00+00:00
[2023-11-01 17:56:49,020] {scheduler_job.py:190} INFO - Processing /home/airflow/.local/lib/python3.6/site-packages/airflow/example_dags/example_short_circuit_operator.py took 0.039 seconds
[2023-11-01 17:57:19,807] {scheduler_job.py:182} INFO - Started process (PID=2794) to work on /home/airflow/.local/lib/python3.6/site-packages/airflow/example_dags/example_short_circuit_operator.py
[2023-11-01 17:57:19,808] {scheduler_job.py:633} INFO - Processing file /home/airflow/.local/lib/python3.6/site-packages/airflow/example_dags/example_short_circuit_operator.py for tasks to queue
[2023-11-01 17:57:19,808] {logging_mixin.py:104} INFO - [2023-11-01 17:57:19,808] {dagbag.py:496} INFO - Filling up the DagBag from /home/airflow/.local/lib/python3.6/site-packages/airflow/example_dags/example_short_circuit_operator.py
[2023-11-01 17:57:19,815] {scheduler_job.py:643} INFO - DAG(s) dict_keys(['example_short_circuit_operator']) retrieved from /home/airflow/.local/lib/python3.6/site-packages/airflow/example_dags/example_short_circuit_operator.py
[2023-11-01 17:57:19,827] {logging_mixin.py:104} INFO - [2023-11-01 17:57:19,827] {dag.py:1833} INFO - Sync 1 DAGs
[2023-11-01 17:57:19,833] {logging_mixin.py:104} INFO - [2023-11-01 17:57:19,833] {dag.py:2306} INFO - Setting next_dagrun for example_short_circuit_operator to 2023-10-30 00:00:00+00:00
[2023-11-01 17:57:19,848] {scheduler_job.py:190} INFO - Processing /home/airflow/.local/lib/python3.6/site-packages/airflow/example_dags/example_short_circuit_operator.py took 0.042 seconds
[2023-11-01 17:57:49,863] {scheduler_job.py:182} INFO - Started process (PID=2895) to work on /home/airflow/.local/lib/python3.6/site-packages/airflow/example_dags/example_short_circuit_operator.py
[2023-11-01 17:57:49,863] {scheduler_job.py:633} INFO - Processing file /home/airflow/.local/lib/python3.6/site-packages/airflow/example_dags/example_short_circuit_operator.py for tasks to queue
[2023-11-01 17:57:49,864] {logging_mixin.py:104} INFO - [2023-11-01 17:57:49,864] {dagbag.py:496} INFO - Filling up the DagBag from /home/airflow/.local/lib/python3.6/site-packages/airflow/example_dags/example_short_circuit_operator.py
[2023-11-01 17:57:49,870] {scheduler_job.py:643} INFO - DAG(s) dict_keys(['example_short_circuit_operator']) retrieved from /home/airflow/.local/lib/python3.6/site-packages/airflow/example_dags/example_short_circuit_operator.py
[2023-11-01 17:57:49,879] {logging_mixin.py:104} INFO - [2023-11-01 17:57:49,879] {dag.py:1833} INFO - Sync 1 DAGs
[2023-11-01 17:57:49,885] {logging_mixin.py:104} INFO - [2023-11-01 17:57:49,885] {dag.py:2306} INFO - Setting next_dagrun for example_short_circuit_operator to 2023-10-30 00:00:00+00:00
[2023-11-01 17:57:49,899] {scheduler_job.py:190} INFO - Processing /home/airflow/.local/lib/python3.6/site-packages/airflow/example_dags/example_short_circuit_operator.py took 0.038 seconds
[2023-11-01 17:58:20,006] {scheduler_job.py:182} INFO - Started process (PID=2966) to work on /home/airflow/.local/lib/python3.6/site-packages/airflow/example_dags/example_short_circuit_operator.py
[2023-11-01 17:58:20,007] {scheduler_job.py:633} INFO - Processing file /home/airflow/.local/lib/python3.6/site-packages/airflow/example_dags/example_short_circuit_operator.py for tasks to queue
[2023-11-01 17:58:20,007] {logging_mixin.py:104} INFO - [2023-11-01 17:58:20,007] {dagbag.py:496} INFO - Filling up the DagBag from /home/airflow/.local/lib/python3.6/site-packages/airflow/example_dags/example_short_circuit_operator.py
[2023-11-01 17:58:20,015] {scheduler_job.py:643} INFO - DAG(s) dict_keys(['example_short_circuit_operator']) retrieved from /home/airflow/.local/lib/python3.6/site-packages/airflow/example_dags/example_short_circuit_operator.py
[2023-11-01 17:58:20,025] {logging_mixin.py:104} INFO - [2023-11-01 17:58:20,025] {dag.py:1833} INFO - Sync 1 DAGs
[2023-11-01 17:58:20,031] {logging_mixin.py:104} INFO - [2023-11-01 17:58:20,031] {dag.py:2306} INFO - Setting next_dagrun for example_short_circuit_operator to 2023-10-30 00:00:00+00:00
[2023-11-01 17:58:20,035] {scheduler_job.py:190} INFO - Processing /home/airflow/.local/lib/python3.6/site-packages/airflow/example_dags/example_short_circuit_operator.py took 0.030 seconds
[2023-11-01 17:58:50,905] {scheduler_job.py:182} INFO - Started process (PID=3047) to work on /home/airflow/.local/lib/python3.6/site-packages/airflow/example_dags/example_short_circuit_operator.py
[2023-11-01 17:58:50,905] {scheduler_job.py:633} INFO - Processing file /home/airflow/.local/lib/python3.6/site-packages/airflow/example_dags/example_short_circuit_operator.py for tasks to queue
[2023-11-01 17:58:50,906] {logging_mixin.py:104} INFO - [2023-11-01 17:58:50,906] {dagbag.py:496} INFO - Filling up the DagBag from /home/airflow/.local/lib/python3.6/site-packages/airflow/example_dags/example_short_circuit_operator.py
[2023-11-01 17:58:50,912] {scheduler_job.py:643} INFO - DAG(s) dict_keys(['example_short_circuit_operator']) retrieved from /home/airflow/.local/lib/python3.6/site-packages/airflow/example_dags/example_short_circuit_operator.py
[2023-11-01 17:58:50,923] {logging_mixin.py:104} INFO - [2023-11-01 17:58:50,923] {dag.py:1833} INFO - Sync 1 DAGs
[2023-11-01 17:58:50,930] {logging_mixin.py:104} INFO - [2023-11-01 17:58:50,930] {dag.py:2306} INFO - Setting next_dagrun for example_short_circuit_operator to 2023-10-30 00:00:00+00:00
[2023-11-01 17:58:50,947] {scheduler_job.py:190} INFO - Processing /home/airflow/.local/lib/python3.6/site-packages/airflow/example_dags/example_short_circuit_operator.py took 0.044 seconds
[2023-11-01 17:59:21,012] {scheduler_job.py:182} INFO - Started process (PID=3148) to work on /home/airflow/.local/lib/python3.6/site-packages/airflow/example_dags/example_short_circuit_operator.py
[2023-11-01 17:59:21,014] {scheduler_job.py:633} INFO - Processing file /home/airflow/.local/lib/python3.6/site-packages/airflow/example_dags/example_short_circuit_operator.py for tasks to queue
[2023-11-01 17:59:21,014] {logging_mixin.py:104} INFO - [2023-11-01 17:59:21,014] {dagbag.py:496} INFO - Filling up the DagBag from /home/airflow/.local/lib/python3.6/site-packages/airflow/example_dags/example_short_circuit_operator.py
[2023-11-01 17:59:21,019] {scheduler_job.py:643} INFO - DAG(s) dict_keys(['example_short_circuit_operator']) retrieved from /home/airflow/.local/lib/python3.6/site-packages/airflow/example_dags/example_short_circuit_operator.py
[2023-11-01 17:59:21,028] {logging_mixin.py:104} INFO - [2023-11-01 17:59:21,028] {dag.py:1833} INFO - Sync 1 DAGs
[2023-11-01 17:59:21,036] {logging_mixin.py:104} INFO - [2023-11-01 17:59:21,036] {dag.py:2306} INFO - Setting next_dagrun for example_short_circuit_operator to 2023-10-30 00:00:00+00:00
[2023-11-01 17:59:21,051] {scheduler_job.py:190} INFO - Processing /home/airflow/.local/lib/python3.6/site-packages/airflow/example_dags/example_short_circuit_operator.py took 0.040 seconds
[2023-11-01 17:59:51,875] {scheduler_job.py:182} INFO - Started process (PID=3228) to work on /home/airflow/.local/lib/python3.6/site-packages/airflow/example_dags/example_short_circuit_operator.py
[2023-11-01 17:59:51,876] {scheduler_job.py:633} INFO - Processing file /home/airflow/.local/lib/python3.6/site-packages/airflow/example_dags/example_short_circuit_operator.py for tasks to queue
[2023-11-01 17:59:51,876] {logging_mixin.py:104} INFO - [2023-11-01 17:59:51,876] {dagbag.py:496} INFO - Filling up the DagBag from /home/airflow/.local/lib/python3.6/site-packages/airflow/example_dags/example_short_circuit_operator.py
[2023-11-01 17:59:51,881] {scheduler_job.py:643} INFO - DAG(s) dict_keys(['example_short_circuit_operator']) retrieved from /home/airflow/.local/lib/python3.6/site-packages/airflow/example_dags/example_short_circuit_operator.py
[2023-11-01 17:59:51,890] {logging_mixin.py:104} INFO - [2023-11-01 17:59:51,890] {dag.py:1833} INFO - Sync 1 DAGs
[2023-11-01 17:59:51,896] {logging_mixin.py:104} INFO - [2023-11-01 17:59:51,896] {dag.py:2306} INFO - Setting next_dagrun for example_short_circuit_operator to 2023-10-30 00:00:00+00:00
[2023-11-01 17:59:51,912] {scheduler_job.py:190} INFO - Processing /home/airflow/.local/lib/python3.6/site-packages/airflow/example_dags/example_short_circuit_operator.py took 0.038 seconds
[2023-11-01 18:00:22,689] {scheduler_job.py:182} INFO - Started process (PID=3306) to work on /home/airflow/.local/lib/python3.6/site-packages/airflow/example_dags/example_short_circuit_operator.py
[2023-11-01 18:00:22,689] {scheduler_job.py:633} INFO - Processing file /home/airflow/.local/lib/python3.6/site-packages/airflow/example_dags/example_short_circuit_operator.py for tasks to queue
[2023-11-01 18:00:22,690] {logging_mixin.py:104} INFO - [2023-11-01 18:00:22,690] {dagbag.py:496} INFO - Filling up the DagBag from /home/airflow/.local/lib/python3.6/site-packages/airflow/example_dags/example_short_circuit_operator.py
[2023-11-01 18:00:22,695] {scheduler_job.py:643} INFO - DAG(s) dict_keys(['example_short_circuit_operator']) retrieved from /home/airflow/.local/lib/python3.6/site-packages/airflow/example_dags/example_short_circuit_operator.py
[2023-11-01 18:00:22,707] {logging_mixin.py:104} INFO - [2023-11-01 18:00:22,707] {dag.py:1833} INFO - Sync 1 DAGs
[2023-11-01 18:00:22,714] {logging_mixin.py:104} INFO - [2023-11-01 18:00:22,714] {dag.py:2306} INFO - Setting next_dagrun for example_short_circuit_operator to 2023-10-30 00:00:00+00:00
[2023-11-01 18:00:22,718] {scheduler_job.py:190} INFO - Processing /home/airflow/.local/lib/python3.6/site-packages/airflow/example_dags/example_short_circuit_operator.py took 0.031 seconds
