[2023-11-01 17:42:22,062] {scheduler_job.py:182} INFO - Started process (PID=336) to work on /home/airflow/.local/lib/python3.6/site-packages/airflow/example_dags/example_skip_dag.py
[2023-11-01 17:42:22,062] {scheduler_job.py:633} INFO - Processing file /home/airflow/.local/lib/python3.6/site-packages/airflow/example_dags/example_skip_dag.py for tasks to queue
[2023-11-01 17:42:22,063] {logging_mixin.py:104} INFO - [2023-11-01 17:42:22,063] {dagbag.py:496} INFO - Filling up the DagBag from /home/airflow/.local/lib/python3.6/site-packages/airflow/example_dags/example_skip_dag.py
[2023-11-01 17:42:22,068] {scheduler_job.py:643} INFO - DAG(s) dict_keys(['example_skip_dag']) retrieved from /home/airflow/.local/lib/python3.6/site-packages/airflow/example_dags/example_skip_dag.py
[2023-11-01 17:42:23,170] {logging_mixin.py:104} INFO - [2023-11-01 17:42:23,170] {dag.py:1833} INFO - Sync 1 DAGs
[2023-11-01 17:42:23,175] {logging_mixin.py:104} INFO - [2023-11-01 17:42:23,174] {dag.py:1852} INFO - Creating ORM DAG for example_skip_dag
[2023-11-01 17:42:23,178] {logging_mixin.py:104} INFO - [2023-11-01 17:42:23,178] {dag.py:2306} INFO - Setting next_dagrun for example_skip_dag to 2023-10-30 00:00:00+00:00
[2023-11-01 17:42:23,185] {scheduler_job.py:190} INFO - Processing /home/airflow/.local/lib/python3.6/site-packages/airflow/example_dags/example_skip_dag.py took 1.125 seconds
[2023-11-01 17:42:53,952] {scheduler_job.py:182} INFO - Started process (PID=717) to work on /home/airflow/.local/lib/python3.6/site-packages/airflow/example_dags/example_skip_dag.py
[2023-11-01 17:42:53,952] {scheduler_job.py:633} INFO - Processing file /home/airflow/.local/lib/python3.6/site-packages/airflow/example_dags/example_skip_dag.py for tasks to queue
[2023-11-01 17:42:53,953] {logging_mixin.py:104} INFO - [2023-11-01 17:42:53,953] {dagbag.py:496} INFO - Filling up the DagBag from /home/airflow/.local/lib/python3.6/site-packages/airflow/example_dags/example_skip_dag.py
[2023-11-01 17:42:53,957] {scheduler_job.py:643} INFO - DAG(s) dict_keys(['example_skip_dag']) retrieved from /home/airflow/.local/lib/python3.6/site-packages/airflow/example_dags/example_skip_dag.py
[2023-11-01 17:42:53,968] {logging_mixin.py:104} INFO - [2023-11-01 17:42:53,968] {dag.py:1833} INFO - Sync 1 DAGs
[2023-11-01 17:42:53,975] {logging_mixin.py:104} INFO - [2023-11-01 17:42:53,975] {dag.py:2306} INFO - Setting next_dagrun for example_skip_dag to 2023-10-30 00:00:00+00:00
[2023-11-01 17:42:53,991] {scheduler_job.py:190} INFO - Processing /home/airflow/.local/lib/python3.6/site-packages/airflow/example_dags/example_skip_dag.py took 0.040 seconds
[2023-11-01 17:43:24,520] {scheduler_job.py:182} INFO - Started process (PID=768) to work on /home/airflow/.local/lib/python3.6/site-packages/airflow/example_dags/example_skip_dag.py
[2023-11-01 17:43:24,521] {scheduler_job.py:633} INFO - Processing file /home/airflow/.local/lib/python3.6/site-packages/airflow/example_dags/example_skip_dag.py for tasks to queue
[2023-11-01 17:43:24,521] {logging_mixin.py:104} INFO - [2023-11-01 17:43:24,521] {dagbag.py:496} INFO - Filling up the DagBag from /home/airflow/.local/lib/python3.6/site-packages/airflow/example_dags/example_skip_dag.py
[2023-11-01 17:43:24,525] {scheduler_job.py:643} INFO - DAG(s) dict_keys(['example_skip_dag']) retrieved from /home/airflow/.local/lib/python3.6/site-packages/airflow/example_dags/example_skip_dag.py
[2023-11-01 17:43:24,536] {logging_mixin.py:104} INFO - [2023-11-01 17:43:24,536] {dag.py:1833} INFO - Sync 1 DAGs
[2023-11-01 17:43:24,542] {logging_mixin.py:104} INFO - [2023-11-01 17:43:24,542] {dag.py:2306} INFO - Setting next_dagrun for example_skip_dag to 2023-10-30 00:00:00+00:00
[2023-11-01 17:43:24,547] {scheduler_job.py:190} INFO - Processing /home/airflow/.local/lib/python3.6/site-packages/airflow/example_dags/example_skip_dag.py took 0.028 seconds
[2023-11-01 17:43:55,241] {scheduler_job.py:182} INFO - Started process (PID=829) to work on /home/airflow/.local/lib/python3.6/site-packages/airflow/example_dags/example_skip_dag.py
[2023-11-01 17:43:55,241] {scheduler_job.py:633} INFO - Processing file /home/airflow/.local/lib/python3.6/site-packages/airflow/example_dags/example_skip_dag.py for tasks to queue
[2023-11-01 17:43:55,242] {logging_mixin.py:104} INFO - [2023-11-01 17:43:55,242] {dagbag.py:496} INFO - Filling up the DagBag from /home/airflow/.local/lib/python3.6/site-packages/airflow/example_dags/example_skip_dag.py
[2023-11-01 17:43:55,247] {scheduler_job.py:643} INFO - DAG(s) dict_keys(['example_skip_dag']) retrieved from /home/airflow/.local/lib/python3.6/site-packages/airflow/example_dags/example_skip_dag.py
[2023-11-01 17:43:55,257] {logging_mixin.py:104} INFO - [2023-11-01 17:43:55,256] {dag.py:1833} INFO - Sync 1 DAGs
[2023-11-01 17:43:55,263] {logging_mixin.py:104} INFO - [2023-11-01 17:43:55,263] {dag.py:2306} INFO - Setting next_dagrun for example_skip_dag to 2023-10-30 00:00:00+00:00
[2023-11-01 17:43:55,267] {scheduler_job.py:190} INFO - Processing /home/airflow/.local/lib/python3.6/site-packages/airflow/example_dags/example_skip_dag.py took 0.029 seconds
[2023-11-01 17:44:26,056] {scheduler_job.py:182} INFO - Started process (PID=889) to work on /home/airflow/.local/lib/python3.6/site-packages/airflow/example_dags/example_skip_dag.py
[2023-11-01 17:44:26,056] {scheduler_job.py:633} INFO - Processing file /home/airflow/.local/lib/python3.6/site-packages/airflow/example_dags/example_skip_dag.py for tasks to queue
[2023-11-01 17:44:26,057] {logging_mixin.py:104} INFO - [2023-11-01 17:44:26,057] {dagbag.py:496} INFO - Filling up the DagBag from /home/airflow/.local/lib/python3.6/site-packages/airflow/example_dags/example_skip_dag.py
[2023-11-01 17:44:26,061] {scheduler_job.py:643} INFO - DAG(s) dict_keys(['example_skip_dag']) retrieved from /home/airflow/.local/lib/python3.6/site-packages/airflow/example_dags/example_skip_dag.py
[2023-11-01 17:44:26,074] {logging_mixin.py:104} INFO - [2023-11-01 17:44:26,073] {dag.py:1833} INFO - Sync 1 DAGs
[2023-11-01 17:44:26,080] {logging_mixin.py:104} INFO - [2023-11-01 17:44:26,079] {dag.py:2306} INFO - Setting next_dagrun for example_skip_dag to 2023-10-30 00:00:00+00:00
[2023-11-01 17:44:26,095] {scheduler_job.py:190} INFO - Processing /home/airflow/.local/lib/python3.6/site-packages/airflow/example_dags/example_skip_dag.py took 0.040 seconds
[2023-11-01 17:44:56,730] {scheduler_job.py:182} INFO - Started process (PID=950) to work on /home/airflow/.local/lib/python3.6/site-packages/airflow/example_dags/example_skip_dag.py
[2023-11-01 17:44:56,730] {scheduler_job.py:633} INFO - Processing file /home/airflow/.local/lib/python3.6/site-packages/airflow/example_dags/example_skip_dag.py for tasks to queue
[2023-11-01 17:44:56,731] {logging_mixin.py:104} INFO - [2023-11-01 17:44:56,731] {dagbag.py:496} INFO - Filling up the DagBag from /home/airflow/.local/lib/python3.6/site-packages/airflow/example_dags/example_skip_dag.py
[2023-11-01 17:44:56,735] {scheduler_job.py:643} INFO - DAG(s) dict_keys(['example_skip_dag']) retrieved from /home/airflow/.local/lib/python3.6/site-packages/airflow/example_dags/example_skip_dag.py
[2023-11-01 17:44:56,745] {logging_mixin.py:104} INFO - [2023-11-01 17:44:56,745] {dag.py:1833} INFO - Sync 1 DAGs
[2023-11-01 17:44:56,751] {logging_mixin.py:104} INFO - [2023-11-01 17:44:56,751] {dag.py:2306} INFO - Setting next_dagrun for example_skip_dag to 2023-10-30 00:00:00+00:00
[2023-11-01 17:44:56,755] {scheduler_job.py:190} INFO - Processing /home/airflow/.local/lib/python3.6/site-packages/airflow/example_dags/example_skip_dag.py took 0.026 seconds
[2023-11-01 17:45:27,387] {scheduler_job.py:182} INFO - Started process (PID=1011) to work on /home/airflow/.local/lib/python3.6/site-packages/airflow/example_dags/example_skip_dag.py
[2023-11-01 17:45:27,387] {scheduler_job.py:633} INFO - Processing file /home/airflow/.local/lib/python3.6/site-packages/airflow/example_dags/example_skip_dag.py for tasks to queue
[2023-11-01 17:45:27,387] {logging_mixin.py:104} INFO - [2023-11-01 17:45:27,387] {dagbag.py:496} INFO - Filling up the DagBag from /home/airflow/.local/lib/python3.6/site-packages/airflow/example_dags/example_skip_dag.py
[2023-11-01 17:45:27,392] {scheduler_job.py:643} INFO - DAG(s) dict_keys(['example_skip_dag']) retrieved from /home/airflow/.local/lib/python3.6/site-packages/airflow/example_dags/example_skip_dag.py
[2023-11-01 17:45:27,404] {logging_mixin.py:104} INFO - [2023-11-01 17:45:27,404] {dag.py:1833} INFO - Sync 1 DAGs
[2023-11-01 17:45:27,411] {logging_mixin.py:104} INFO - [2023-11-01 17:45:27,411] {dag.py:2306} INFO - Setting next_dagrun for example_skip_dag to 2023-10-30 00:00:00+00:00
[2023-11-01 17:45:27,427] {scheduler_job.py:190} INFO - Processing /home/airflow/.local/lib/python3.6/site-packages/airflow/example_dags/example_skip_dag.py took 0.042 seconds
[2023-11-01 17:45:58,073] {scheduler_job.py:182} INFO - Started process (PID=1062) to work on /home/airflow/.local/lib/python3.6/site-packages/airflow/example_dags/example_skip_dag.py
[2023-11-01 17:45:58,074] {scheduler_job.py:633} INFO - Processing file /home/airflow/.local/lib/python3.6/site-packages/airflow/example_dags/example_skip_dag.py for tasks to queue
[2023-11-01 17:45:58,074] {logging_mixin.py:104} INFO - [2023-11-01 17:45:58,074] {dagbag.py:496} INFO - Filling up the DagBag from /home/airflow/.local/lib/python3.6/site-packages/airflow/example_dags/example_skip_dag.py
[2023-11-01 17:45:58,080] {scheduler_job.py:643} INFO - DAG(s) dict_keys(['example_skip_dag']) retrieved from /home/airflow/.local/lib/python3.6/site-packages/airflow/example_dags/example_skip_dag.py
[2023-11-01 17:45:58,091] {logging_mixin.py:104} INFO - [2023-11-01 17:45:58,091] {dag.py:1833} INFO - Sync 1 DAGs
[2023-11-01 17:45:58,097] {logging_mixin.py:104} INFO - [2023-11-01 17:45:58,097] {dag.py:2306} INFO - Setting next_dagrun for example_skip_dag to 2023-10-30 00:00:00+00:00
[2023-11-01 17:45:58,101] {scheduler_job.py:190} INFO - Processing /home/airflow/.local/lib/python3.6/site-packages/airflow/example_dags/example_skip_dag.py took 0.030 seconds
[2023-11-01 17:46:28,820] {scheduler_job.py:182} INFO - Started process (PID=1123) to work on /home/airflow/.local/lib/python3.6/site-packages/airflow/example_dags/example_skip_dag.py
[2023-11-01 17:46:28,821] {scheduler_job.py:633} INFO - Processing file /home/airflow/.local/lib/python3.6/site-packages/airflow/example_dags/example_skip_dag.py for tasks to queue
[2023-11-01 17:46:28,821] {logging_mixin.py:104} INFO - [2023-11-01 17:46:28,821] {dagbag.py:496} INFO - Filling up the DagBag from /home/airflow/.local/lib/python3.6/site-packages/airflow/example_dags/example_skip_dag.py
[2023-11-01 17:46:28,826] {scheduler_job.py:643} INFO - DAG(s) dict_keys(['example_skip_dag']) retrieved from /home/airflow/.local/lib/python3.6/site-packages/airflow/example_dags/example_skip_dag.py
[2023-11-01 17:46:28,838] {logging_mixin.py:104} INFO - [2023-11-01 17:46:28,838] {dag.py:1833} INFO - Sync 1 DAGs
[2023-11-01 17:46:28,844] {logging_mixin.py:104} INFO - [2023-11-01 17:46:28,844] {dag.py:2306} INFO - Setting next_dagrun for example_skip_dag to 2023-10-30 00:00:00+00:00
[2023-11-01 17:46:28,858] {scheduler_job.py:190} INFO - Processing /home/airflow/.local/lib/python3.6/site-packages/airflow/example_dags/example_skip_dag.py took 0.039 seconds
[2023-11-01 17:46:59,483] {scheduler_job.py:182} INFO - Started process (PID=1184) to work on /home/airflow/.local/lib/python3.6/site-packages/airflow/example_dags/example_skip_dag.py
[2023-11-01 17:46:59,484] {scheduler_job.py:633} INFO - Processing file /home/airflow/.local/lib/python3.6/site-packages/airflow/example_dags/example_skip_dag.py for tasks to queue
[2023-11-01 17:46:59,484] {logging_mixin.py:104} INFO - [2023-11-01 17:46:59,484] {dagbag.py:496} INFO - Filling up the DagBag from /home/airflow/.local/lib/python3.6/site-packages/airflow/example_dags/example_skip_dag.py
[2023-11-01 17:46:59,489] {scheduler_job.py:643} INFO - DAG(s) dict_keys(['example_skip_dag']) retrieved from /home/airflow/.local/lib/python3.6/site-packages/airflow/example_dags/example_skip_dag.py
[2023-11-01 17:46:59,499] {logging_mixin.py:104} INFO - [2023-11-01 17:46:59,499] {dag.py:1833} INFO - Sync 1 DAGs
[2023-11-01 17:46:59,506] {logging_mixin.py:104} INFO - [2023-11-01 17:46:59,506] {dag.py:2306} INFO - Setting next_dagrun for example_skip_dag to 2023-10-30 00:00:00+00:00
[2023-11-01 17:46:59,510] {scheduler_job.py:190} INFO - Processing /home/airflow/.local/lib/python3.6/site-packages/airflow/example_dags/example_skip_dag.py took 0.029 seconds
[2023-11-01 17:47:30,176] {scheduler_job.py:182} INFO - Started process (PID=1264) to work on /home/airflow/.local/lib/python3.6/site-packages/airflow/example_dags/example_skip_dag.py
[2023-11-01 17:47:30,176] {scheduler_job.py:633} INFO - Processing file /home/airflow/.local/lib/python3.6/site-packages/airflow/example_dags/example_skip_dag.py for tasks to queue
[2023-11-01 17:47:30,177] {logging_mixin.py:104} INFO - [2023-11-01 17:47:30,177] {dagbag.py:496} INFO - Filling up the DagBag from /home/airflow/.local/lib/python3.6/site-packages/airflow/example_dags/example_skip_dag.py
[2023-11-01 17:47:30,182] {scheduler_job.py:643} INFO - DAG(s) dict_keys(['example_skip_dag']) retrieved from /home/airflow/.local/lib/python3.6/site-packages/airflow/example_dags/example_skip_dag.py
[2023-11-01 17:47:30,192] {logging_mixin.py:104} INFO - [2023-11-01 17:47:30,192] {dag.py:1833} INFO - Sync 1 DAGs
[2023-11-01 17:47:30,198] {logging_mixin.py:104} INFO - [2023-11-01 17:47:30,198] {dag.py:2306} INFO - Setting next_dagrun for example_skip_dag to 2023-10-30 00:00:00+00:00
[2023-11-01 17:47:30,213] {scheduler_job.py:190} INFO - Processing /home/airflow/.local/lib/python3.6/site-packages/airflow/example_dags/example_skip_dag.py took 0.038 seconds
[2023-11-01 17:48:00,852] {scheduler_job.py:182} INFO - Started process (PID=1334) to work on /home/airflow/.local/lib/python3.6/site-packages/airflow/example_dags/example_skip_dag.py
[2023-11-01 17:48:00,852] {scheduler_job.py:633} INFO - Processing file /home/airflow/.local/lib/python3.6/site-packages/airflow/example_dags/example_skip_dag.py for tasks to queue
[2023-11-01 17:48:00,852] {logging_mixin.py:104} INFO - [2023-11-01 17:48:00,852] {dagbag.py:496} INFO - Filling up the DagBag from /home/airflow/.local/lib/python3.6/site-packages/airflow/example_dags/example_skip_dag.py
[2023-11-01 17:48:00,857] {scheduler_job.py:643} INFO - DAG(s) dict_keys(['example_skip_dag']) retrieved from /home/airflow/.local/lib/python3.6/site-packages/airflow/example_dags/example_skip_dag.py
[2023-11-01 17:48:00,868] {logging_mixin.py:104} INFO - [2023-11-01 17:48:00,868] {dag.py:1833} INFO - Sync 1 DAGs
[2023-11-01 17:48:00,874] {logging_mixin.py:104} INFO - [2023-11-01 17:48:00,874] {dag.py:2306} INFO - Setting next_dagrun for example_skip_dag to 2023-10-30 00:00:00+00:00
[2023-11-01 17:48:00,889] {scheduler_job.py:190} INFO - Processing /home/airflow/.local/lib/python3.6/site-packages/airflow/example_dags/example_skip_dag.py took 0.039 seconds
[2023-11-01 17:48:31,591] {scheduler_job.py:182} INFO - Started process (PID=1415) to work on /home/airflow/.local/lib/python3.6/site-packages/airflow/example_dags/example_skip_dag.py
[2023-11-01 17:48:31,592] {scheduler_job.py:633} INFO - Processing file /home/airflow/.local/lib/python3.6/site-packages/airflow/example_dags/example_skip_dag.py for tasks to queue
[2023-11-01 17:48:31,592] {logging_mixin.py:104} INFO - [2023-11-01 17:48:31,592] {dagbag.py:496} INFO - Filling up the DagBag from /home/airflow/.local/lib/python3.6/site-packages/airflow/example_dags/example_skip_dag.py
[2023-11-01 17:48:31,596] {scheduler_job.py:643} INFO - DAG(s) dict_keys(['example_skip_dag']) retrieved from /home/airflow/.local/lib/python3.6/site-packages/airflow/example_dags/example_skip_dag.py
[2023-11-01 17:48:31,606] {logging_mixin.py:104} INFO - [2023-11-01 17:48:31,606] {dag.py:1833} INFO - Sync 1 DAGs
[2023-11-01 17:48:31,612] {logging_mixin.py:104} INFO - [2023-11-01 17:48:31,612] {dag.py:2306} INFO - Setting next_dagrun for example_skip_dag to 2023-10-30 00:00:00+00:00
[2023-11-01 17:48:31,627] {scheduler_job.py:190} INFO - Processing /home/airflow/.local/lib/python3.6/site-packages/airflow/example_dags/example_skip_dag.py took 0.037 seconds
[2023-11-01 17:49:02,234] {scheduler_job.py:182} INFO - Started process (PID=1496) to work on /home/airflow/.local/lib/python3.6/site-packages/airflow/example_dags/example_skip_dag.py
[2023-11-01 17:49:02,235] {scheduler_job.py:633} INFO - Processing file /home/airflow/.local/lib/python3.6/site-packages/airflow/example_dags/example_skip_dag.py for tasks to queue
[2023-11-01 17:49:02,235] {logging_mixin.py:104} INFO - [2023-11-01 17:49:02,235] {dagbag.py:496} INFO - Filling up the DagBag from /home/airflow/.local/lib/python3.6/site-packages/airflow/example_dags/example_skip_dag.py
[2023-11-01 17:49:02,242] {scheduler_job.py:643} INFO - DAG(s) dict_keys(['example_skip_dag']) retrieved from /home/airflow/.local/lib/python3.6/site-packages/airflow/example_dags/example_skip_dag.py
[2023-11-01 17:49:02,254] {logging_mixin.py:104} INFO - [2023-11-01 17:49:02,254] {dag.py:1833} INFO - Sync 1 DAGs
[2023-11-01 17:49:02,265] {logging_mixin.py:104} INFO - [2023-11-01 17:49:02,265] {dag.py:2306} INFO - Setting next_dagrun for example_skip_dag to 2023-10-30 00:00:00+00:00
[2023-11-01 17:49:02,282] {scheduler_job.py:190} INFO - Processing /home/airflow/.local/lib/python3.6/site-packages/airflow/example_dags/example_skip_dag.py took 0.050 seconds
[2023-11-01 17:49:32,938] {scheduler_job.py:182} INFO - Started process (PID=1576) to work on /home/airflow/.local/lib/python3.6/site-packages/airflow/example_dags/example_skip_dag.py
[2023-11-01 17:49:32,938] {scheduler_job.py:633} INFO - Processing file /home/airflow/.local/lib/python3.6/site-packages/airflow/example_dags/example_skip_dag.py for tasks to queue
[2023-11-01 17:49:32,939] {logging_mixin.py:104} INFO - [2023-11-01 17:49:32,939] {dagbag.py:496} INFO - Filling up the DagBag from /home/airflow/.local/lib/python3.6/site-packages/airflow/example_dags/example_skip_dag.py
[2023-11-01 17:49:32,944] {scheduler_job.py:643} INFO - DAG(s) dict_keys(['example_skip_dag']) retrieved from /home/airflow/.local/lib/python3.6/site-packages/airflow/example_dags/example_skip_dag.py
[2023-11-01 17:49:32,953] {logging_mixin.py:104} INFO - [2023-11-01 17:49:32,953] {dag.py:1833} INFO - Sync 1 DAGs
[2023-11-01 17:49:32,959] {logging_mixin.py:104} INFO - [2023-11-01 17:49:32,959] {dag.py:2306} INFO - Setting next_dagrun for example_skip_dag to 2023-10-30 00:00:00+00:00
[2023-11-01 17:49:32,963] {scheduler_job.py:190} INFO - Processing /home/airflow/.local/lib/python3.6/site-packages/airflow/example_dags/example_skip_dag.py took 0.026 seconds
[2023-11-01 17:50:03,660] {scheduler_job.py:182} INFO - Started process (PID=1656) to work on /home/airflow/.local/lib/python3.6/site-packages/airflow/example_dags/example_skip_dag.py
[2023-11-01 17:50:03,661] {scheduler_job.py:633} INFO - Processing file /home/airflow/.local/lib/python3.6/site-packages/airflow/example_dags/example_skip_dag.py for tasks to queue
[2023-11-01 17:50:03,661] {logging_mixin.py:104} INFO - [2023-11-01 17:50:03,661] {dagbag.py:496} INFO - Filling up the DagBag from /home/airflow/.local/lib/python3.6/site-packages/airflow/example_dags/example_skip_dag.py
[2023-11-01 17:50:03,665] {scheduler_job.py:643} INFO - DAG(s) dict_keys(['example_skip_dag']) retrieved from /home/airflow/.local/lib/python3.6/site-packages/airflow/example_dags/example_skip_dag.py
[2023-11-01 17:50:03,676] {logging_mixin.py:104} INFO - [2023-11-01 17:50:03,676] {dag.py:1833} INFO - Sync 1 DAGs
[2023-11-01 17:50:03,683] {logging_mixin.py:104} INFO - [2023-11-01 17:50:03,683] {dag.py:2306} INFO - Setting next_dagrun for example_skip_dag to 2023-10-30 00:00:00+00:00
[2023-11-01 17:50:03,698] {scheduler_job.py:190} INFO - Processing /home/airflow/.local/lib/python3.6/site-packages/airflow/example_dags/example_skip_dag.py took 0.039 seconds
[2023-11-01 17:50:34,355] {scheduler_job.py:182} INFO - Started process (PID=1727) to work on /home/airflow/.local/lib/python3.6/site-packages/airflow/example_dags/example_skip_dag.py
[2023-11-01 17:50:34,355] {scheduler_job.py:633} INFO - Processing file /home/airflow/.local/lib/python3.6/site-packages/airflow/example_dags/example_skip_dag.py for tasks to queue
[2023-11-01 17:50:34,355] {logging_mixin.py:104} INFO - [2023-11-01 17:50:34,355] {dagbag.py:496} INFO - Filling up the DagBag from /home/airflow/.local/lib/python3.6/site-packages/airflow/example_dags/example_skip_dag.py
[2023-11-01 17:50:34,359] {scheduler_job.py:643} INFO - DAG(s) dict_keys(['example_skip_dag']) retrieved from /home/airflow/.local/lib/python3.6/site-packages/airflow/example_dags/example_skip_dag.py
[2023-11-01 17:50:34,369] {logging_mixin.py:104} INFO - [2023-11-01 17:50:34,369] {dag.py:1833} INFO - Sync 1 DAGs
[2023-11-01 17:50:34,375] {logging_mixin.py:104} INFO - [2023-11-01 17:50:34,375] {dag.py:2306} INFO - Setting next_dagrun for example_skip_dag to 2023-10-30 00:00:00+00:00
[2023-11-01 17:50:34,392] {scheduler_job.py:190} INFO - Processing /home/airflow/.local/lib/python3.6/site-packages/airflow/example_dags/example_skip_dag.py took 0.038 seconds
[2023-11-01 17:51:05,062] {scheduler_job.py:182} INFO - Started process (PID=1808) to work on /home/airflow/.local/lib/python3.6/site-packages/airflow/example_dags/example_skip_dag.py
[2023-11-01 17:51:05,063] {scheduler_job.py:633} INFO - Processing file /home/airflow/.local/lib/python3.6/site-packages/airflow/example_dags/example_skip_dag.py for tasks to queue
[2023-11-01 17:51:05,063] {logging_mixin.py:104} INFO - [2023-11-01 17:51:05,063] {dagbag.py:496} INFO - Filling up the DagBag from /home/airflow/.local/lib/python3.6/site-packages/airflow/example_dags/example_skip_dag.py
[2023-11-01 17:51:05,068] {scheduler_job.py:643} INFO - DAG(s) dict_keys(['example_skip_dag']) retrieved from /home/airflow/.local/lib/python3.6/site-packages/airflow/example_dags/example_skip_dag.py
[2023-11-01 17:51:05,079] {logging_mixin.py:104} INFO - [2023-11-01 17:51:05,079] {dag.py:1833} INFO - Sync 1 DAGs
[2023-11-01 17:51:05,085] {logging_mixin.py:104} INFO - [2023-11-01 17:51:05,085] {dag.py:2306} INFO - Setting next_dagrun for example_skip_dag to 2023-10-30 00:00:00+00:00
[2023-11-01 17:51:05,101] {scheduler_job.py:190} INFO - Processing /home/airflow/.local/lib/python3.6/site-packages/airflow/example_dags/example_skip_dag.py took 0.040 seconds
[2023-11-01 17:51:35,911] {scheduler_job.py:182} INFO - Started process (PID=1889) to work on /home/airflow/.local/lib/python3.6/site-packages/airflow/example_dags/example_skip_dag.py
[2023-11-01 17:51:35,912] {scheduler_job.py:633} INFO - Processing file /home/airflow/.local/lib/python3.6/site-packages/airflow/example_dags/example_skip_dag.py for tasks to queue
[2023-11-01 17:51:35,912] {logging_mixin.py:104} INFO - [2023-11-01 17:51:35,912] {dagbag.py:496} INFO - Filling up the DagBag from /home/airflow/.local/lib/python3.6/site-packages/airflow/example_dags/example_skip_dag.py
[2023-11-01 17:51:35,918] {scheduler_job.py:643} INFO - DAG(s) dict_keys(['example_skip_dag']) retrieved from /home/airflow/.local/lib/python3.6/site-packages/airflow/example_dags/example_skip_dag.py
[2023-11-01 17:51:35,927] {logging_mixin.py:104} INFO - [2023-11-01 17:51:35,927] {dag.py:1833} INFO - Sync 1 DAGs
[2023-11-01 17:51:35,934] {logging_mixin.py:104} INFO - [2023-11-01 17:51:35,934] {dag.py:2306} INFO - Setting next_dagrun for example_skip_dag to 2023-10-30 00:00:00+00:00
[2023-11-01 17:51:35,938] {scheduler_job.py:190} INFO - Processing /home/airflow/.local/lib/python3.6/site-packages/airflow/example_dags/example_skip_dag.py took 0.028 seconds
[2023-11-01 17:52:05,980] {scheduler_job.py:182} INFO - Started process (PID=1970) to work on /home/airflow/.local/lib/python3.6/site-packages/airflow/example_dags/example_skip_dag.py
[2023-11-01 17:52:05,981] {scheduler_job.py:633} INFO - Processing file /home/airflow/.local/lib/python3.6/site-packages/airflow/example_dags/example_skip_dag.py for tasks to queue
[2023-11-01 17:52:05,981] {logging_mixin.py:104} INFO - [2023-11-01 17:52:05,981] {dagbag.py:496} INFO - Filling up the DagBag from /home/airflow/.local/lib/python3.6/site-packages/airflow/example_dags/example_skip_dag.py
[2023-11-01 17:52:05,987] {scheduler_job.py:643} INFO - DAG(s) dict_keys(['example_skip_dag']) retrieved from /home/airflow/.local/lib/python3.6/site-packages/airflow/example_dags/example_skip_dag.py
[2023-11-01 17:52:05,998] {logging_mixin.py:104} INFO - [2023-11-01 17:52:05,998] {dag.py:1833} INFO - Sync 1 DAGs
[2023-11-01 17:52:06,007] {logging_mixin.py:104} INFO - [2023-11-01 17:52:06,007] {dag.py:2306} INFO - Setting next_dagrun for example_skip_dag to 2023-10-30 00:00:00+00:00
[2023-11-01 17:52:06,021] {scheduler_job.py:190} INFO - Processing /home/airflow/.local/lib/python3.6/site-packages/airflow/example_dags/example_skip_dag.py took 0.043 seconds
[2023-11-01 17:52:36,299] {scheduler_job.py:182} INFO - Started process (PID=2041) to work on /home/airflow/.local/lib/python3.6/site-packages/airflow/example_dags/example_skip_dag.py
[2023-11-01 17:52:36,300] {scheduler_job.py:633} INFO - Processing file /home/airflow/.local/lib/python3.6/site-packages/airflow/example_dags/example_skip_dag.py for tasks to queue
[2023-11-01 17:52:36,300] {logging_mixin.py:104} INFO - [2023-11-01 17:52:36,300] {dagbag.py:496} INFO - Filling up the DagBag from /home/airflow/.local/lib/python3.6/site-packages/airflow/example_dags/example_skip_dag.py
[2023-11-01 17:52:36,305] {scheduler_job.py:643} INFO - DAG(s) dict_keys(['example_skip_dag']) retrieved from /home/airflow/.local/lib/python3.6/site-packages/airflow/example_dags/example_skip_dag.py
[2023-11-01 17:52:36,317] {logging_mixin.py:104} INFO - [2023-11-01 17:52:36,316] {dag.py:1833} INFO - Sync 1 DAGs
[2023-11-01 17:52:36,327] {logging_mixin.py:104} INFO - [2023-11-01 17:52:36,327] {dag.py:2306} INFO - Setting next_dagrun for example_skip_dag to 2023-10-30 00:00:00+00:00
[2023-11-01 17:52:36,343] {scheduler_job.py:190} INFO - Processing /home/airflow/.local/lib/python3.6/site-packages/airflow/example_dags/example_skip_dag.py took 0.045 seconds
[2023-11-01 17:53:06,402] {scheduler_job.py:182} INFO - Started process (PID=2122) to work on /home/airflow/.local/lib/python3.6/site-packages/airflow/example_dags/example_skip_dag.py
[2023-11-01 17:53:06,402] {scheduler_job.py:633} INFO - Processing file /home/airflow/.local/lib/python3.6/site-packages/airflow/example_dags/example_skip_dag.py for tasks to queue
[2023-11-01 17:53:06,402] {logging_mixin.py:104} INFO - [2023-11-01 17:53:06,402] {dagbag.py:496} INFO - Filling up the DagBag from /home/airflow/.local/lib/python3.6/site-packages/airflow/example_dags/example_skip_dag.py
[2023-11-01 17:53:06,408] {scheduler_job.py:643} INFO - DAG(s) dict_keys(['example_skip_dag']) retrieved from /home/airflow/.local/lib/python3.6/site-packages/airflow/example_dags/example_skip_dag.py
[2023-11-01 17:53:06,418] {logging_mixin.py:104} INFO - [2023-11-01 17:53:06,418] {dag.py:1833} INFO - Sync 1 DAGs
[2023-11-01 17:53:06,426] {logging_mixin.py:104} INFO - [2023-11-01 17:53:06,426] {dag.py:2306} INFO - Setting next_dagrun for example_skip_dag to 2023-10-30 00:00:00+00:00
[2023-11-01 17:53:06,440] {scheduler_job.py:190} INFO - Processing /home/airflow/.local/lib/python3.6/site-packages/airflow/example_dags/example_skip_dag.py took 0.040 seconds
[2023-11-01 17:53:37,175] {scheduler_job.py:182} INFO - Started process (PID=2203) to work on /home/airflow/.local/lib/python3.6/site-packages/airflow/example_dags/example_skip_dag.py
[2023-11-01 17:53:37,176] {scheduler_job.py:633} INFO - Processing file /home/airflow/.local/lib/python3.6/site-packages/airflow/example_dags/example_skip_dag.py for tasks to queue
[2023-11-01 17:53:37,176] {logging_mixin.py:104} INFO - [2023-11-01 17:53:37,176] {dagbag.py:496} INFO - Filling up the DagBag from /home/airflow/.local/lib/python3.6/site-packages/airflow/example_dags/example_skip_dag.py
[2023-11-01 17:53:37,184] {scheduler_job.py:643} INFO - DAG(s) dict_keys(['example_skip_dag']) retrieved from /home/airflow/.local/lib/python3.6/site-packages/airflow/example_dags/example_skip_dag.py
[2023-11-01 17:53:37,201] {logging_mixin.py:104} INFO - [2023-11-01 17:53:37,201] {dag.py:1833} INFO - Sync 1 DAGs
[2023-11-01 17:53:37,213] {logging_mixin.py:104} INFO - [2023-11-01 17:53:37,213] {dag.py:2306} INFO - Setting next_dagrun for example_skip_dag to 2023-10-30 00:00:00+00:00
[2023-11-01 17:53:37,231] {scheduler_job.py:190} INFO - Processing /home/airflow/.local/lib/python3.6/site-packages/airflow/example_dags/example_skip_dag.py took 0.059 seconds
[2023-11-01 17:54:07,972] {scheduler_job.py:182} INFO - Started process (PID=2284) to work on /home/airflow/.local/lib/python3.6/site-packages/airflow/example_dags/example_skip_dag.py
[2023-11-01 17:54:07,972] {scheduler_job.py:633} INFO - Processing file /home/airflow/.local/lib/python3.6/site-packages/airflow/example_dags/example_skip_dag.py for tasks to queue
[2023-11-01 17:54:07,972] {logging_mixin.py:104} INFO - [2023-11-01 17:54:07,972] {dagbag.py:496} INFO - Filling up the DagBag from /home/airflow/.local/lib/python3.6/site-packages/airflow/example_dags/example_skip_dag.py
[2023-11-01 17:54:07,980] {scheduler_job.py:643} INFO - DAG(s) dict_keys(['example_skip_dag']) retrieved from /home/airflow/.local/lib/python3.6/site-packages/airflow/example_dags/example_skip_dag.py
[2023-11-01 17:54:07,993] {logging_mixin.py:104} INFO - [2023-11-01 17:54:07,993] {dag.py:1833} INFO - Sync 1 DAGs
[2023-11-01 17:54:08,005] {logging_mixin.py:104} INFO - [2023-11-01 17:54:08,005] {dag.py:2306} INFO - Setting next_dagrun for example_skip_dag to 2023-10-30 00:00:00+00:00
[2023-11-01 17:54:08,012] {scheduler_job.py:190} INFO - Processing /home/airflow/.local/lib/python3.6/site-packages/airflow/example_dags/example_skip_dag.py took 0.042 seconds
[2023-11-01 17:54:38,093] {scheduler_job.py:182} INFO - Started process (PID=2376) to work on /home/airflow/.local/lib/python3.6/site-packages/airflow/example_dags/example_skip_dag.py
[2023-11-01 17:54:38,094] {scheduler_job.py:633} INFO - Processing file /home/airflow/.local/lib/python3.6/site-packages/airflow/example_dags/example_skip_dag.py for tasks to queue
[2023-11-01 17:54:38,095] {logging_mixin.py:104} INFO - [2023-11-01 17:54:38,095] {dagbag.py:496} INFO - Filling up the DagBag from /home/airflow/.local/lib/python3.6/site-packages/airflow/example_dags/example_skip_dag.py
[2023-11-01 17:54:38,101] {scheduler_job.py:643} INFO - DAG(s) dict_keys(['example_skip_dag']) retrieved from /home/airflow/.local/lib/python3.6/site-packages/airflow/example_dags/example_skip_dag.py
[2023-11-01 17:54:38,115] {logging_mixin.py:104} INFO - [2023-11-01 17:54:38,115] {dag.py:1833} INFO - Sync 1 DAGs
[2023-11-01 17:54:38,125] {logging_mixin.py:104} INFO - [2023-11-01 17:54:38,125] {dag.py:2306} INFO - Setting next_dagrun for example_skip_dag to 2023-10-30 00:00:00+00:00
[2023-11-01 17:54:38,132] {scheduler_job.py:190} INFO - Processing /home/airflow/.local/lib/python3.6/site-packages/airflow/example_dags/example_skip_dag.py took 0.040 seconds
[2023-11-01 17:55:08,230] {scheduler_job.py:182} INFO - Started process (PID=2457) to work on /home/airflow/.local/lib/python3.6/site-packages/airflow/example_dags/example_skip_dag.py
[2023-11-01 17:55:08,231] {scheduler_job.py:633} INFO - Processing file /home/airflow/.local/lib/python3.6/site-packages/airflow/example_dags/example_skip_dag.py for tasks to queue
[2023-11-01 17:55:08,231] {logging_mixin.py:104} INFO - [2023-11-01 17:55:08,231] {dagbag.py:496} INFO - Filling up the DagBag from /home/airflow/.local/lib/python3.6/site-packages/airflow/example_dags/example_skip_dag.py
[2023-11-01 17:55:08,236] {scheduler_job.py:643} INFO - DAG(s) dict_keys(['example_skip_dag']) retrieved from /home/airflow/.local/lib/python3.6/site-packages/airflow/example_dags/example_skip_dag.py
[2023-11-01 17:55:08,251] {logging_mixin.py:104} INFO - [2023-11-01 17:55:08,251] {dag.py:1833} INFO - Sync 1 DAGs
[2023-11-01 17:55:08,260] {logging_mixin.py:104} INFO - [2023-11-01 17:55:08,260] {dag.py:2306} INFO - Setting next_dagrun for example_skip_dag to 2023-10-30 00:00:00+00:00
[2023-11-01 17:55:08,278] {scheduler_job.py:190} INFO - Processing /home/airflow/.local/lib/python3.6/site-packages/airflow/example_dags/example_skip_dag.py took 0.049 seconds
[2023-11-01 17:55:39,154] {scheduler_job.py:182} INFO - Started process (PID=2538) to work on /home/airflow/.local/lib/python3.6/site-packages/airflow/example_dags/example_skip_dag.py
[2023-11-01 17:55:39,155] {scheduler_job.py:633} INFO - Processing file /home/airflow/.local/lib/python3.6/site-packages/airflow/example_dags/example_skip_dag.py for tasks to queue
[2023-11-01 17:55:39,155] {logging_mixin.py:104} INFO - [2023-11-01 17:55:39,155] {dagbag.py:496} INFO - Filling up the DagBag from /home/airflow/.local/lib/python3.6/site-packages/airflow/example_dags/example_skip_dag.py
[2023-11-01 17:55:39,159] {scheduler_job.py:643} INFO - DAG(s) dict_keys(['example_skip_dag']) retrieved from /home/airflow/.local/lib/python3.6/site-packages/airflow/example_dags/example_skip_dag.py
[2023-11-01 17:55:39,171] {logging_mixin.py:104} INFO - [2023-11-01 17:55:39,171] {dag.py:1833} INFO - Sync 1 DAGs
[2023-11-01 17:55:39,176] {logging_mixin.py:104} INFO - [2023-11-01 17:55:39,176] {dag.py:2306} INFO - Setting next_dagrun for example_skip_dag to 2023-10-30 00:00:00+00:00
[2023-11-01 17:55:39,191] {scheduler_job.py:190} INFO - Processing /home/airflow/.local/lib/python3.6/site-packages/airflow/example_dags/example_skip_dag.py took 0.038 seconds
[2023-11-01 17:56:09,913] {scheduler_job.py:182} INFO - Started process (PID=2619) to work on /home/airflow/.local/lib/python3.6/site-packages/airflow/example_dags/example_skip_dag.py
[2023-11-01 17:56:09,913] {scheduler_job.py:633} INFO - Processing file /home/airflow/.local/lib/python3.6/site-packages/airflow/example_dags/example_skip_dag.py for tasks to queue
[2023-11-01 17:56:09,913] {logging_mixin.py:104} INFO - [2023-11-01 17:56:09,913] {dagbag.py:496} INFO - Filling up the DagBag from /home/airflow/.local/lib/python3.6/site-packages/airflow/example_dags/example_skip_dag.py
[2023-11-01 17:56:09,919] {scheduler_job.py:643} INFO - DAG(s) dict_keys(['example_skip_dag']) retrieved from /home/airflow/.local/lib/python3.6/site-packages/airflow/example_dags/example_skip_dag.py
[2023-11-01 17:56:09,930] {logging_mixin.py:104} INFO - [2023-11-01 17:56:09,930] {dag.py:1833} INFO - Sync 1 DAGs
[2023-11-01 17:56:09,936] {logging_mixin.py:104} INFO - [2023-11-01 17:56:09,936] {dag.py:2306} INFO - Setting next_dagrun for example_skip_dag to 2023-10-30 00:00:00+00:00
[2023-11-01 17:56:09,951] {scheduler_job.py:190} INFO - Processing /home/airflow/.local/lib/python3.6/site-packages/airflow/example_dags/example_skip_dag.py took 0.039 seconds
[2023-11-01 17:56:40,682] {scheduler_job.py:182} INFO - Started process (PID=2690) to work on /home/airflow/.local/lib/python3.6/site-packages/airflow/example_dags/example_skip_dag.py
[2023-11-01 17:56:40,683] {scheduler_job.py:633} INFO - Processing file /home/airflow/.local/lib/python3.6/site-packages/airflow/example_dags/example_skip_dag.py for tasks to queue
[2023-11-01 17:56:40,683] {logging_mixin.py:104} INFO - [2023-11-01 17:56:40,683] {dagbag.py:496} INFO - Filling up the DagBag from /home/airflow/.local/lib/python3.6/site-packages/airflow/example_dags/example_skip_dag.py
[2023-11-01 17:56:40,688] {scheduler_job.py:643} INFO - DAG(s) dict_keys(['example_skip_dag']) retrieved from /home/airflow/.local/lib/python3.6/site-packages/airflow/example_dags/example_skip_dag.py
[2023-11-01 17:56:40,699] {logging_mixin.py:104} INFO - [2023-11-01 17:56:40,699] {dag.py:1833} INFO - Sync 1 DAGs
[2023-11-01 17:56:40,707] {logging_mixin.py:104} INFO - [2023-11-01 17:56:40,707] {dag.py:2306} INFO - Setting next_dagrun for example_skip_dag to 2023-10-30 00:00:00+00:00
[2023-11-01 17:56:40,711] {scheduler_job.py:190} INFO - Processing /home/airflow/.local/lib/python3.6/site-packages/airflow/example_dags/example_skip_dag.py took 0.030 seconds
[2023-11-01 17:57:11,507] {scheduler_job.py:182} INFO - Started process (PID=2771) to work on /home/airflow/.local/lib/python3.6/site-packages/airflow/example_dags/example_skip_dag.py
[2023-11-01 17:57:11,507] {scheduler_job.py:633} INFO - Processing file /home/airflow/.local/lib/python3.6/site-packages/airflow/example_dags/example_skip_dag.py for tasks to queue
[2023-11-01 17:57:11,507] {logging_mixin.py:104} INFO - [2023-11-01 17:57:11,507] {dagbag.py:496} INFO - Filling up the DagBag from /home/airflow/.local/lib/python3.6/site-packages/airflow/example_dags/example_skip_dag.py
[2023-11-01 17:57:11,512] {scheduler_job.py:643} INFO - DAG(s) dict_keys(['example_skip_dag']) retrieved from /home/airflow/.local/lib/python3.6/site-packages/airflow/example_dags/example_skip_dag.py
[2023-11-01 17:57:11,522] {logging_mixin.py:104} INFO - [2023-11-01 17:57:11,522] {dag.py:1833} INFO - Sync 1 DAGs
[2023-11-01 17:57:11,529] {logging_mixin.py:104} INFO - [2023-11-01 17:57:11,529] {dag.py:2306} INFO - Setting next_dagrun for example_skip_dag to 2023-10-30 00:00:00+00:00
[2023-11-01 17:57:11,534] {scheduler_job.py:190} INFO - Processing /home/airflow/.local/lib/python3.6/site-packages/airflow/example_dags/example_skip_dag.py took 0.028 seconds
[2023-11-01 17:57:42,327] {scheduler_job.py:182} INFO - Started process (PID=2852) to work on /home/airflow/.local/lib/python3.6/site-packages/airflow/example_dags/example_skip_dag.py
[2023-11-01 17:57:42,327] {scheduler_job.py:633} INFO - Processing file /home/airflow/.local/lib/python3.6/site-packages/airflow/example_dags/example_skip_dag.py for tasks to queue
[2023-11-01 17:57:42,327] {logging_mixin.py:104} INFO - [2023-11-01 17:57:42,327] {dagbag.py:496} INFO - Filling up the DagBag from /home/airflow/.local/lib/python3.6/site-packages/airflow/example_dags/example_skip_dag.py
[2023-11-01 17:57:42,332] {scheduler_job.py:643} INFO - DAG(s) dict_keys(['example_skip_dag']) retrieved from /home/airflow/.local/lib/python3.6/site-packages/airflow/example_dags/example_skip_dag.py
[2023-11-01 17:57:42,343] {logging_mixin.py:104} INFO - [2023-11-01 17:57:42,343] {dag.py:1833} INFO - Sync 1 DAGs
[2023-11-01 17:57:42,350] {logging_mixin.py:104} INFO - [2023-11-01 17:57:42,350] {dag.py:2306} INFO - Setting next_dagrun for example_skip_dag to 2023-10-30 00:00:00+00:00
[2023-11-01 17:57:42,364] {scheduler_job.py:190} INFO - Processing /home/airflow/.local/lib/python3.6/site-packages/airflow/example_dags/example_skip_dag.py took 0.039 seconds
[2023-11-01 17:58:13,280] {scheduler_job.py:182} INFO - Started process (PID=2933) to work on /home/airflow/.local/lib/python3.6/site-packages/airflow/example_dags/example_skip_dag.py
[2023-11-01 17:58:13,280] {scheduler_job.py:633} INFO - Processing file /home/airflow/.local/lib/python3.6/site-packages/airflow/example_dags/example_skip_dag.py for tasks to queue
[2023-11-01 17:58:13,280] {logging_mixin.py:104} INFO - [2023-11-01 17:58:13,280] {dagbag.py:496} INFO - Filling up the DagBag from /home/airflow/.local/lib/python3.6/site-packages/airflow/example_dags/example_skip_dag.py
[2023-11-01 17:58:13,285] {scheduler_job.py:643} INFO - DAG(s) dict_keys(['example_skip_dag']) retrieved from /home/airflow/.local/lib/python3.6/site-packages/airflow/example_dags/example_skip_dag.py
[2023-11-01 17:58:13,296] {logging_mixin.py:104} INFO - [2023-11-01 17:58:13,296] {dag.py:1833} INFO - Sync 1 DAGs
[2023-11-01 17:58:13,303] {logging_mixin.py:104} INFO - [2023-11-01 17:58:13,303] {dag.py:2306} INFO - Setting next_dagrun for example_skip_dag to 2023-10-30 00:00:00+00:00
[2023-11-01 17:58:13,307] {scheduler_job.py:190} INFO - Processing /home/airflow/.local/lib/python3.6/site-packages/airflow/example_dags/example_skip_dag.py took 0.029 seconds
[2023-11-01 17:58:43,373] {scheduler_job.py:182} INFO - Started process (PID=3004) to work on /home/airflow/.local/lib/python3.6/site-packages/airflow/example_dags/example_skip_dag.py
[2023-11-01 17:58:43,373] {scheduler_job.py:633} INFO - Processing file /home/airflow/.local/lib/python3.6/site-packages/airflow/example_dags/example_skip_dag.py for tasks to queue
[2023-11-01 17:58:43,373] {logging_mixin.py:104} INFO - [2023-11-01 17:58:43,373] {dagbag.py:496} INFO - Filling up the DagBag from /home/airflow/.local/lib/python3.6/site-packages/airflow/example_dags/example_skip_dag.py
[2023-11-01 17:58:43,378] {scheduler_job.py:643} INFO - DAG(s) dict_keys(['example_skip_dag']) retrieved from /home/airflow/.local/lib/python3.6/site-packages/airflow/example_dags/example_skip_dag.py
[2023-11-01 17:58:43,390] {logging_mixin.py:104} INFO - [2023-11-01 17:58:43,390] {dag.py:1833} INFO - Sync 1 DAGs
[2023-11-01 17:58:43,398] {logging_mixin.py:104} INFO - [2023-11-01 17:58:43,398] {dag.py:2306} INFO - Setting next_dagrun for example_skip_dag to 2023-10-30 00:00:00+00:00
[2023-11-01 17:58:43,414] {scheduler_job.py:190} INFO - Processing /home/airflow/.local/lib/python3.6/site-packages/airflow/example_dags/example_skip_dag.py took 0.043 seconds
[2023-11-01 17:59:14,318] {scheduler_job.py:182} INFO - Started process (PID=3085) to work on /home/airflow/.local/lib/python3.6/site-packages/airflow/example_dags/example_skip_dag.py
[2023-11-01 17:59:14,320] {scheduler_job.py:633} INFO - Processing file /home/airflow/.local/lib/python3.6/site-packages/airflow/example_dags/example_skip_dag.py for tasks to queue
[2023-11-01 17:59:14,320] {logging_mixin.py:104} INFO - [2023-11-01 17:59:14,320] {dagbag.py:496} INFO - Filling up the DagBag from /home/airflow/.local/lib/python3.6/site-packages/airflow/example_dags/example_skip_dag.py
[2023-11-01 17:59:14,325] {scheduler_job.py:643} INFO - DAG(s) dict_keys(['example_skip_dag']) retrieved from /home/airflow/.local/lib/python3.6/site-packages/airflow/example_dags/example_skip_dag.py
[2023-11-01 17:59:14,335] {logging_mixin.py:104} INFO - [2023-11-01 17:59:14,335] {dag.py:1833} INFO - Sync 1 DAGs
[2023-11-01 17:59:14,341] {logging_mixin.py:104} INFO - [2023-11-01 17:59:14,341] {dag.py:2306} INFO - Setting next_dagrun for example_skip_dag to 2023-10-30 00:00:00+00:00
[2023-11-01 17:59:14,345] {scheduler_job.py:190} INFO - Processing /home/airflow/.local/lib/python3.6/site-packages/airflow/example_dags/example_skip_dag.py took 0.028 seconds
[2023-11-01 17:59:44,439] {scheduler_job.py:182} INFO - Started process (PID=3185) to work on /home/airflow/.local/lib/python3.6/site-packages/airflow/example_dags/example_skip_dag.py
[2023-11-01 17:59:44,439] {scheduler_job.py:633} INFO - Processing file /home/airflow/.local/lib/python3.6/site-packages/airflow/example_dags/example_skip_dag.py for tasks to queue
[2023-11-01 17:59:44,440] {logging_mixin.py:104} INFO - [2023-11-01 17:59:44,440] {dagbag.py:496} INFO - Filling up the DagBag from /home/airflow/.local/lib/python3.6/site-packages/airflow/example_dags/example_skip_dag.py
[2023-11-01 17:59:44,444] {scheduler_job.py:643} INFO - DAG(s) dict_keys(['example_skip_dag']) retrieved from /home/airflow/.local/lib/python3.6/site-packages/airflow/example_dags/example_skip_dag.py
[2023-11-01 17:59:44,454] {logging_mixin.py:104} INFO - [2023-11-01 17:59:44,454] {dag.py:1833} INFO - Sync 1 DAGs
[2023-11-01 17:59:44,460] {logging_mixin.py:104} INFO - [2023-11-01 17:59:44,460] {dag.py:2306} INFO - Setting next_dagrun for example_skip_dag to 2023-10-30 00:00:00+00:00
[2023-11-01 17:59:44,465] {scheduler_job.py:190} INFO - Processing /home/airflow/.local/lib/python3.6/site-packages/airflow/example_dags/example_skip_dag.py took 0.028 seconds
[2023-11-01 18:00:15,256] {scheduler_job.py:182} INFO - Started process (PID=3266) to work on /home/airflow/.local/lib/python3.6/site-packages/airflow/example_dags/example_skip_dag.py
[2023-11-01 18:00:15,256] {scheduler_job.py:633} INFO - Processing file /home/airflow/.local/lib/python3.6/site-packages/airflow/example_dags/example_skip_dag.py for tasks to queue
[2023-11-01 18:00:15,257] {logging_mixin.py:104} INFO - [2023-11-01 18:00:15,257] {dagbag.py:496} INFO - Filling up the DagBag from /home/airflow/.local/lib/python3.6/site-packages/airflow/example_dags/example_skip_dag.py
[2023-11-01 18:00:15,262] {scheduler_job.py:643} INFO - DAG(s) dict_keys(['example_skip_dag']) retrieved from /home/airflow/.local/lib/python3.6/site-packages/airflow/example_dags/example_skip_dag.py
[2023-11-01 18:00:15,272] {logging_mixin.py:104} INFO - [2023-11-01 18:00:15,272] {dag.py:1833} INFO - Sync 1 DAGs
[2023-11-01 18:00:15,278] {logging_mixin.py:104} INFO - [2023-11-01 18:00:15,278] {dag.py:2306} INFO - Setting next_dagrun for example_skip_dag to 2023-10-30 00:00:00+00:00
[2023-11-01 18:00:15,293] {scheduler_job.py:190} INFO - Processing /home/airflow/.local/lib/python3.6/site-packages/airflow/example_dags/example_skip_dag.py took 0.039 seconds
