[2023-11-01 17:42:26,740] {scheduler_job.py:182} INFO - Started process (PID=503) to work on /home/airflow/.local/lib/python3.6/site-packages/airflow/example_dags/example_bash_operator.py
[2023-11-01 17:42:26,741] {scheduler_job.py:633} INFO - Processing file /home/airflow/.local/lib/python3.6/site-packages/airflow/example_dags/example_bash_operator.py for tasks to queue
[2023-11-01 17:42:26,742] {logging_mixin.py:104} INFO - [2023-11-01 17:42:26,741] {dagbag.py:496} INFO - Filling up the DagBag from /home/airflow/.local/lib/python3.6/site-packages/airflow/example_dags/example_bash_operator.py
[2023-11-01 17:42:26,754] {scheduler_job.py:643} INFO - DAG(s) dict_keys(['example_bash_operator']) retrieved from /home/airflow/.local/lib/python3.6/site-packages/airflow/example_dags/example_bash_operator.py
[2023-11-01 17:42:27,788] {logging_mixin.py:104} INFO - [2023-11-01 17:42:27,788] {dag.py:1833} INFO - Sync 1 DAGs
[2023-11-01 17:42:27,792] {logging_mixin.py:104} INFO - [2023-11-01 17:42:27,791] {dag.py:1852} INFO - Creating ORM DAG for example_bash_operator
[2023-11-01 17:42:27,795] {logging_mixin.py:104} INFO - [2023-11-01 17:42:27,795] {dag.py:2306} INFO - Setting next_dagrun for example_bash_operator to 2023-10-30 00:00:00+00:00
[2023-11-01 17:42:27,801] {scheduler_job.py:190} INFO - Processing /home/airflow/.local/lib/python3.6/site-packages/airflow/example_dags/example_bash_operator.py took 1.063 seconds
[2023-11-01 17:42:58,109] {scheduler_job.py:182} INFO - Started process (PID=725) to work on /home/airflow/.local/lib/python3.6/site-packages/airflow/example_dags/example_bash_operator.py
[2023-11-01 17:42:58,110] {scheduler_job.py:633} INFO - Processing file /home/airflow/.local/lib/python3.6/site-packages/airflow/example_dags/example_bash_operator.py for tasks to queue
[2023-11-01 17:42:58,110] {logging_mixin.py:104} INFO - [2023-11-01 17:42:58,110] {dagbag.py:496} INFO - Filling up the DagBag from /home/airflow/.local/lib/python3.6/site-packages/airflow/example_dags/example_bash_operator.py
[2023-11-01 17:42:58,116] {scheduler_job.py:643} INFO - DAG(s) dict_keys(['example_bash_operator']) retrieved from /home/airflow/.local/lib/python3.6/site-packages/airflow/example_dags/example_bash_operator.py
[2023-11-01 17:42:58,126] {logging_mixin.py:104} INFO - [2023-11-01 17:42:58,126] {dag.py:1833} INFO - Sync 1 DAGs
[2023-11-01 17:42:58,135] {logging_mixin.py:104} INFO - [2023-11-01 17:42:58,135] {dag.py:2306} INFO - Setting next_dagrun for example_bash_operator to 2023-10-30 00:00:00+00:00
[2023-11-01 17:42:58,151] {scheduler_job.py:190} INFO - Processing /home/airflow/.local/lib/python3.6/site-packages/airflow/example_dags/example_bash_operator.py took 0.043 seconds
[2023-11-01 17:43:28,673] {scheduler_job.py:182} INFO - Started process (PID=786) to work on /home/airflow/.local/lib/python3.6/site-packages/airflow/example_dags/example_bash_operator.py
[2023-11-01 17:43:28,673] {scheduler_job.py:633} INFO - Processing file /home/airflow/.local/lib/python3.6/site-packages/airflow/example_dags/example_bash_operator.py for tasks to queue
[2023-11-01 17:43:28,674] {logging_mixin.py:104} INFO - [2023-11-01 17:43:28,674] {dagbag.py:496} INFO - Filling up the DagBag from /home/airflow/.local/lib/python3.6/site-packages/airflow/example_dags/example_bash_operator.py
[2023-11-01 17:43:28,679] {scheduler_job.py:643} INFO - DAG(s) dict_keys(['example_bash_operator']) retrieved from /home/airflow/.local/lib/python3.6/site-packages/airflow/example_dags/example_bash_operator.py
[2023-11-01 17:43:28,690] {logging_mixin.py:104} INFO - [2023-11-01 17:43:28,690] {dag.py:1833} INFO - Sync 1 DAGs
[2023-11-01 17:43:28,697] {logging_mixin.py:104} INFO - [2023-11-01 17:43:28,697] {dag.py:2306} INFO - Setting next_dagrun for example_bash_operator to 2023-10-30 00:00:00+00:00
[2023-11-01 17:43:28,702] {scheduler_job.py:190} INFO - Processing /home/airflow/.local/lib/python3.6/site-packages/airflow/example_dags/example_bash_operator.py took 0.030 seconds
[2023-11-01 17:43:59,404] {scheduler_job.py:182} INFO - Started process (PID=847) to work on /home/airflow/.local/lib/python3.6/site-packages/airflow/example_dags/example_bash_operator.py
[2023-11-01 17:43:59,405] {scheduler_job.py:633} INFO - Processing file /home/airflow/.local/lib/python3.6/site-packages/airflow/example_dags/example_bash_operator.py for tasks to queue
[2023-11-01 17:43:59,405] {logging_mixin.py:104} INFO - [2023-11-01 17:43:59,405] {dagbag.py:496} INFO - Filling up the DagBag from /home/airflow/.local/lib/python3.6/site-packages/airflow/example_dags/example_bash_operator.py
[2023-11-01 17:43:59,411] {scheduler_job.py:643} INFO - DAG(s) dict_keys(['example_bash_operator']) retrieved from /home/airflow/.local/lib/python3.6/site-packages/airflow/example_dags/example_bash_operator.py
[2023-11-01 17:43:59,421] {logging_mixin.py:104} INFO - [2023-11-01 17:43:59,421] {dag.py:1833} INFO - Sync 1 DAGs
[2023-11-01 17:43:59,428] {logging_mixin.py:104} INFO - [2023-11-01 17:43:59,428] {dag.py:2306} INFO - Setting next_dagrun for example_bash_operator to 2023-10-30 00:00:00+00:00
[2023-11-01 17:43:59,445] {scheduler_job.py:190} INFO - Processing /home/airflow/.local/lib/python3.6/site-packages/airflow/example_dags/example_bash_operator.py took 0.042 seconds
[2023-11-01 17:44:30,257] {scheduler_job.py:182} INFO - Started process (PID=897) to work on /home/airflow/.local/lib/python3.6/site-packages/airflow/example_dags/example_bash_operator.py
[2023-11-01 17:44:30,258] {scheduler_job.py:633} INFO - Processing file /home/airflow/.local/lib/python3.6/site-packages/airflow/example_dags/example_bash_operator.py for tasks to queue
[2023-11-01 17:44:30,259] {logging_mixin.py:104} INFO - [2023-11-01 17:44:30,259] {dagbag.py:496} INFO - Filling up the DagBag from /home/airflow/.local/lib/python3.6/site-packages/airflow/example_dags/example_bash_operator.py
[2023-11-01 17:44:30,266] {scheduler_job.py:643} INFO - DAG(s) dict_keys(['example_bash_operator']) retrieved from /home/airflow/.local/lib/python3.6/site-packages/airflow/example_dags/example_bash_operator.py
[2023-11-01 17:44:30,279] {logging_mixin.py:104} INFO - [2023-11-01 17:44:30,279] {dag.py:1833} INFO - Sync 1 DAGs
[2023-11-01 17:44:30,291] {logging_mixin.py:104} INFO - [2023-11-01 17:44:30,291] {dag.py:2306} INFO - Setting next_dagrun for example_bash_operator to 2023-10-30 00:00:00+00:00
[2023-11-01 17:44:30,307] {scheduler_job.py:190} INFO - Processing /home/airflow/.local/lib/python3.6/site-packages/airflow/example_dags/example_bash_operator.py took 0.051 seconds
[2023-11-01 17:45:00,889] {scheduler_job.py:182} INFO - Started process (PID=958) to work on /home/airflow/.local/lib/python3.6/site-packages/airflow/example_dags/example_bash_operator.py
[2023-11-01 17:45:00,889] {scheduler_job.py:633} INFO - Processing file /home/airflow/.local/lib/python3.6/site-packages/airflow/example_dags/example_bash_operator.py for tasks to queue
[2023-11-01 17:45:00,889] {logging_mixin.py:104} INFO - [2023-11-01 17:45:00,889] {dagbag.py:496} INFO - Filling up the DagBag from /home/airflow/.local/lib/python3.6/site-packages/airflow/example_dags/example_bash_operator.py
[2023-11-01 17:45:00,896] {scheduler_job.py:643} INFO - DAG(s) dict_keys(['example_bash_operator']) retrieved from /home/airflow/.local/lib/python3.6/site-packages/airflow/example_dags/example_bash_operator.py
[2023-11-01 17:45:00,905] {logging_mixin.py:104} INFO - [2023-11-01 17:45:00,905] {dag.py:1833} INFO - Sync 1 DAGs
[2023-11-01 17:45:00,912] {logging_mixin.py:104} INFO - [2023-11-01 17:45:00,912] {dag.py:2306} INFO - Setting next_dagrun for example_bash_operator to 2023-10-30 00:00:00+00:00
[2023-11-01 17:45:00,916] {scheduler_job.py:190} INFO - Processing /home/airflow/.local/lib/python3.6/site-packages/airflow/example_dags/example_bash_operator.py took 0.029 seconds
[2023-11-01 17:45:31,580] {scheduler_job.py:182} INFO - Started process (PID=1019) to work on /home/airflow/.local/lib/python3.6/site-packages/airflow/example_dags/example_bash_operator.py
[2023-11-01 17:45:31,580] {scheduler_job.py:633} INFO - Processing file /home/airflow/.local/lib/python3.6/site-packages/airflow/example_dags/example_bash_operator.py for tasks to queue
[2023-11-01 17:45:31,580] {logging_mixin.py:104} INFO - [2023-11-01 17:45:31,580] {dagbag.py:496} INFO - Filling up the DagBag from /home/airflow/.local/lib/python3.6/site-packages/airflow/example_dags/example_bash_operator.py
[2023-11-01 17:45:31,586] {scheduler_job.py:643} INFO - DAG(s) dict_keys(['example_bash_operator']) retrieved from /home/airflow/.local/lib/python3.6/site-packages/airflow/example_dags/example_bash_operator.py
[2023-11-01 17:45:31,598] {logging_mixin.py:104} INFO - [2023-11-01 17:45:31,598] {dag.py:1833} INFO - Sync 1 DAGs
[2023-11-01 17:45:31,606] {logging_mixin.py:104} INFO - [2023-11-01 17:45:31,606] {dag.py:2306} INFO - Setting next_dagrun for example_bash_operator to 2023-10-30 00:00:00+00:00
[2023-11-01 17:45:31,623] {scheduler_job.py:190} INFO - Processing /home/airflow/.local/lib/python3.6/site-packages/airflow/example_dags/example_bash_operator.py took 0.044 seconds
[2023-11-01 17:46:02,228] {scheduler_job.py:182} INFO - Started process (PID=1080) to work on /home/airflow/.local/lib/python3.6/site-packages/airflow/example_dags/example_bash_operator.py
[2023-11-01 17:46:02,229] {scheduler_job.py:633} INFO - Processing file /home/airflow/.local/lib/python3.6/site-packages/airflow/example_dags/example_bash_operator.py for tasks to queue
[2023-11-01 17:46:02,229] {logging_mixin.py:104} INFO - [2023-11-01 17:46:02,229] {dagbag.py:496} INFO - Filling up the DagBag from /home/airflow/.local/lib/python3.6/site-packages/airflow/example_dags/example_bash_operator.py
[2023-11-01 17:46:02,236] {scheduler_job.py:643} INFO - DAG(s) dict_keys(['example_bash_operator']) retrieved from /home/airflow/.local/lib/python3.6/site-packages/airflow/example_dags/example_bash_operator.py
[2023-11-01 17:46:02,247] {logging_mixin.py:104} INFO - [2023-11-01 17:46:02,247] {dag.py:1833} INFO - Sync 1 DAGs
[2023-11-01 17:46:02,254] {logging_mixin.py:104} INFO - [2023-11-01 17:46:02,254] {dag.py:2306} INFO - Setting next_dagrun for example_bash_operator to 2023-10-30 00:00:00+00:00
[2023-11-01 17:46:02,259] {scheduler_job.py:190} INFO - Processing /home/airflow/.local/lib/python3.6/site-packages/airflow/example_dags/example_bash_operator.py took 0.033 seconds
[2023-11-01 17:46:33,009] {scheduler_job.py:182} INFO - Started process (PID=1137) to work on /home/airflow/.local/lib/python3.6/site-packages/airflow/example_dags/example_bash_operator.py
[2023-11-01 17:46:33,009] {scheduler_job.py:633} INFO - Processing file /home/airflow/.local/lib/python3.6/site-packages/airflow/example_dags/example_bash_operator.py for tasks to queue
[2023-11-01 17:46:33,009] {logging_mixin.py:104} INFO - [2023-11-01 17:46:33,009] {dagbag.py:496} INFO - Filling up the DagBag from /home/airflow/.local/lib/python3.6/site-packages/airflow/example_dags/example_bash_operator.py
[2023-11-01 17:46:33,016] {scheduler_job.py:643} INFO - DAG(s) dict_keys(['example_bash_operator']) retrieved from /home/airflow/.local/lib/python3.6/site-packages/airflow/example_dags/example_bash_operator.py
[2023-11-01 17:46:33,027] {logging_mixin.py:104} INFO - [2023-11-01 17:46:33,027] {dag.py:1833} INFO - Sync 1 DAGs
[2023-11-01 17:46:33,035] {logging_mixin.py:104} INFO - [2023-11-01 17:46:33,035] {dag.py:2306} INFO - Setting next_dagrun for example_bash_operator to 2023-10-30 00:00:00+00:00
[2023-11-01 17:46:33,039] {scheduler_job.py:190} INFO - Processing /home/airflow/.local/lib/python3.6/site-packages/airflow/example_dags/example_bash_operator.py took 0.031 seconds
[2023-11-01 17:47:03,641] {scheduler_job.py:182} INFO - Started process (PID=1192) to work on /home/airflow/.local/lib/python3.6/site-packages/airflow/example_dags/example_bash_operator.py
[2023-11-01 17:47:03,642] {scheduler_job.py:633} INFO - Processing file /home/airflow/.local/lib/python3.6/site-packages/airflow/example_dags/example_bash_operator.py for tasks to queue
[2023-11-01 17:47:03,642] {logging_mixin.py:104} INFO - [2023-11-01 17:47:03,642] {dagbag.py:496} INFO - Filling up the DagBag from /home/airflow/.local/lib/python3.6/site-packages/airflow/example_dags/example_bash_operator.py
[2023-11-01 17:47:03,648] {scheduler_job.py:643} INFO - DAG(s) dict_keys(['example_bash_operator']) retrieved from /home/airflow/.local/lib/python3.6/site-packages/airflow/example_dags/example_bash_operator.py
[2023-11-01 17:47:03,657] {logging_mixin.py:104} INFO - [2023-11-01 17:47:03,657] {dag.py:1833} INFO - Sync 1 DAGs
[2023-11-01 17:47:03,665] {logging_mixin.py:104} INFO - [2023-11-01 17:47:03,665] {dag.py:2306} INFO - Setting next_dagrun for example_bash_operator to 2023-10-30 00:00:00+00:00
[2023-11-01 17:47:03,670] {scheduler_job.py:190} INFO - Processing /home/airflow/.local/lib/python3.6/site-packages/airflow/example_dags/example_bash_operator.py took 0.029 seconds
[2023-11-01 17:47:34,289] {scheduler_job.py:182} INFO - Started process (PID=1272) to work on /home/airflow/.local/lib/python3.6/site-packages/airflow/example_dags/example_bash_operator.py
[2023-11-01 17:47:34,290] {scheduler_job.py:633} INFO - Processing file /home/airflow/.local/lib/python3.6/site-packages/airflow/example_dags/example_bash_operator.py for tasks to queue
[2023-11-01 17:47:34,290] {logging_mixin.py:104} INFO - [2023-11-01 17:47:34,290] {dagbag.py:496} INFO - Filling up the DagBag from /home/airflow/.local/lib/python3.6/site-packages/airflow/example_dags/example_bash_operator.py
[2023-11-01 17:47:34,296] {scheduler_job.py:643} INFO - DAG(s) dict_keys(['example_bash_operator']) retrieved from /home/airflow/.local/lib/python3.6/site-packages/airflow/example_dags/example_bash_operator.py
[2023-11-01 17:47:34,306] {logging_mixin.py:104} INFO - [2023-11-01 17:47:34,306] {dag.py:1833} INFO - Sync 1 DAGs
[2023-11-01 17:47:34,313] {logging_mixin.py:104} INFO - [2023-11-01 17:47:34,313] {dag.py:2306} INFO - Setting next_dagrun for example_bash_operator to 2023-10-30 00:00:00+00:00
[2023-11-01 17:47:34,328] {scheduler_job.py:190} INFO - Processing /home/airflow/.local/lib/python3.6/site-packages/airflow/example_dags/example_bash_operator.py took 0.040 seconds
[2023-11-01 17:48:05,058] {scheduler_job.py:182} INFO - Started process (PID=1352) to work on /home/airflow/.local/lib/python3.6/site-packages/airflow/example_dags/example_bash_operator.py
[2023-11-01 17:48:05,058] {scheduler_job.py:633} INFO - Processing file /home/airflow/.local/lib/python3.6/site-packages/airflow/example_dags/example_bash_operator.py for tasks to queue
[2023-11-01 17:48:05,059] {logging_mixin.py:104} INFO - [2023-11-01 17:48:05,059] {dagbag.py:496} INFO - Filling up the DagBag from /home/airflow/.local/lib/python3.6/site-packages/airflow/example_dags/example_bash_operator.py
[2023-11-01 17:48:05,065] {scheduler_job.py:643} INFO - DAG(s) dict_keys(['example_bash_operator']) retrieved from /home/airflow/.local/lib/python3.6/site-packages/airflow/example_dags/example_bash_operator.py
[2023-11-01 17:48:05,074] {logging_mixin.py:104} INFO - [2023-11-01 17:48:05,074] {dag.py:1833} INFO - Sync 1 DAGs
[2023-11-01 17:48:05,083] {logging_mixin.py:104} INFO - [2023-11-01 17:48:05,083] {dag.py:2306} INFO - Setting next_dagrun for example_bash_operator to 2023-10-30 00:00:00+00:00
[2023-11-01 17:48:05,100] {scheduler_job.py:190} INFO - Processing /home/airflow/.local/lib/python3.6/site-packages/airflow/example_dags/example_bash_operator.py took 0.043 seconds
[2023-11-01 17:48:35,742] {scheduler_job.py:182} INFO - Started process (PID=1433) to work on /home/airflow/.local/lib/python3.6/site-packages/airflow/example_dags/example_bash_operator.py
[2023-11-01 17:48:35,742] {scheduler_job.py:633} INFO - Processing file /home/airflow/.local/lib/python3.6/site-packages/airflow/example_dags/example_bash_operator.py for tasks to queue
[2023-11-01 17:48:35,742] {logging_mixin.py:104} INFO - [2023-11-01 17:48:35,742] {dagbag.py:496} INFO - Filling up the DagBag from /home/airflow/.local/lib/python3.6/site-packages/airflow/example_dags/example_bash_operator.py
[2023-11-01 17:48:35,748] {scheduler_job.py:643} INFO - DAG(s) dict_keys(['example_bash_operator']) retrieved from /home/airflow/.local/lib/python3.6/site-packages/airflow/example_dags/example_bash_operator.py
[2023-11-01 17:48:35,761] {logging_mixin.py:104} INFO - [2023-11-01 17:48:35,761] {dag.py:1833} INFO - Sync 1 DAGs
[2023-11-01 17:48:35,769] {logging_mixin.py:104} INFO - [2023-11-01 17:48:35,769] {dag.py:2306} INFO - Setting next_dagrun for example_bash_operator to 2023-10-30 00:00:00+00:00
[2023-11-01 17:48:35,784] {scheduler_job.py:190} INFO - Processing /home/airflow/.local/lib/python3.6/site-packages/airflow/example_dags/example_bash_operator.py took 0.043 seconds
[2023-11-01 17:49:06,381] {scheduler_job.py:182} INFO - Started process (PID=1504) to work on /home/airflow/.local/lib/python3.6/site-packages/airflow/example_dags/example_bash_operator.py
[2023-11-01 17:49:06,382] {scheduler_job.py:633} INFO - Processing file /home/airflow/.local/lib/python3.6/site-packages/airflow/example_dags/example_bash_operator.py for tasks to queue
[2023-11-01 17:49:06,382] {logging_mixin.py:104} INFO - [2023-11-01 17:49:06,382] {dagbag.py:496} INFO - Filling up the DagBag from /home/airflow/.local/lib/python3.6/site-packages/airflow/example_dags/example_bash_operator.py
[2023-11-01 17:49:06,388] {scheduler_job.py:643} INFO - DAG(s) dict_keys(['example_bash_operator']) retrieved from /home/airflow/.local/lib/python3.6/site-packages/airflow/example_dags/example_bash_operator.py
[2023-11-01 17:49:06,401] {logging_mixin.py:104} INFO - [2023-11-01 17:49:06,401] {dag.py:1833} INFO - Sync 1 DAGs
[2023-11-01 17:49:06,412] {logging_mixin.py:104} INFO - [2023-11-01 17:49:06,412] {dag.py:2306} INFO - Setting next_dagrun for example_bash_operator to 2023-10-30 00:00:00+00:00
[2023-11-01 17:49:06,417] {scheduler_job.py:190} INFO - Processing /home/airflow/.local/lib/python3.6/site-packages/airflow/example_dags/example_bash_operator.py took 0.036 seconds
[2023-11-01 17:49:37,110] {scheduler_job.py:182} INFO - Started process (PID=1584) to work on /home/airflow/.local/lib/python3.6/site-packages/airflow/example_dags/example_bash_operator.py
[2023-11-01 17:49:37,110] {scheduler_job.py:633} INFO - Processing file /home/airflow/.local/lib/python3.6/site-packages/airflow/example_dags/example_bash_operator.py for tasks to queue
[2023-11-01 17:49:37,111] {logging_mixin.py:104} INFO - [2023-11-01 17:49:37,111] {dagbag.py:496} INFO - Filling up the DagBag from /home/airflow/.local/lib/python3.6/site-packages/airflow/example_dags/example_bash_operator.py
[2023-11-01 17:49:37,117] {scheduler_job.py:643} INFO - DAG(s) dict_keys(['example_bash_operator']) retrieved from /home/airflow/.local/lib/python3.6/site-packages/airflow/example_dags/example_bash_operator.py
[2023-11-01 17:49:37,126] {logging_mixin.py:104} INFO - [2023-11-01 17:49:37,126] {dag.py:1833} INFO - Sync 1 DAGs
[2023-11-01 17:49:37,134] {logging_mixin.py:104} INFO - [2023-11-01 17:49:37,134] {dag.py:2306} INFO - Setting next_dagrun for example_bash_operator to 2023-10-30 00:00:00+00:00
[2023-11-01 17:49:37,149] {scheduler_job.py:190} INFO - Processing /home/airflow/.local/lib/python3.6/site-packages/airflow/example_dags/example_bash_operator.py took 0.041 seconds
[2023-11-01 17:50:07,828] {scheduler_job.py:182} INFO - Started process (PID=1664) to work on /home/airflow/.local/lib/python3.6/site-packages/airflow/example_dags/example_bash_operator.py
[2023-11-01 17:50:07,828] {scheduler_job.py:633} INFO - Processing file /home/airflow/.local/lib/python3.6/site-packages/airflow/example_dags/example_bash_operator.py for tasks to queue
[2023-11-01 17:50:07,828] {logging_mixin.py:104} INFO - [2023-11-01 17:50:07,828] {dagbag.py:496} INFO - Filling up the DagBag from /home/airflow/.local/lib/python3.6/site-packages/airflow/example_dags/example_bash_operator.py
[2023-11-01 17:50:07,835] {scheduler_job.py:643} INFO - DAG(s) dict_keys(['example_bash_operator']) retrieved from /home/airflow/.local/lib/python3.6/site-packages/airflow/example_dags/example_bash_operator.py
[2023-11-01 17:50:07,846] {logging_mixin.py:104} INFO - [2023-11-01 17:50:07,845] {dag.py:1833} INFO - Sync 1 DAGs
[2023-11-01 17:50:07,854] {logging_mixin.py:104} INFO - [2023-11-01 17:50:07,854] {dag.py:2306} INFO - Setting next_dagrun for example_bash_operator to 2023-10-30 00:00:00+00:00
[2023-11-01 17:50:07,858] {scheduler_job.py:190} INFO - Processing /home/airflow/.local/lib/python3.6/site-packages/airflow/example_dags/example_bash_operator.py took 0.032 seconds
[2023-11-01 17:50:38,501] {scheduler_job.py:182} INFO - Started process (PID=1745) to work on /home/airflow/.local/lib/python3.6/site-packages/airflow/example_dags/example_bash_operator.py
[2023-11-01 17:50:38,502] {scheduler_job.py:633} INFO - Processing file /home/airflow/.local/lib/python3.6/site-packages/airflow/example_dags/example_bash_operator.py for tasks to queue
[2023-11-01 17:50:38,502] {logging_mixin.py:104} INFO - [2023-11-01 17:50:38,502] {dagbag.py:496} INFO - Filling up the DagBag from /home/airflow/.local/lib/python3.6/site-packages/airflow/example_dags/example_bash_operator.py
[2023-11-01 17:50:38,508] {scheduler_job.py:643} INFO - DAG(s) dict_keys(['example_bash_operator']) retrieved from /home/airflow/.local/lib/python3.6/site-packages/airflow/example_dags/example_bash_operator.py
[2023-11-01 17:50:38,519] {logging_mixin.py:104} INFO - [2023-11-01 17:50:38,519] {dag.py:1833} INFO - Sync 1 DAGs
[2023-11-01 17:50:38,527] {logging_mixin.py:104} INFO - [2023-11-01 17:50:38,527] {dag.py:2306} INFO - Setting next_dagrun for example_bash_operator to 2023-10-30 00:00:00+00:00
[2023-11-01 17:50:38,531] {scheduler_job.py:190} INFO - Processing /home/airflow/.local/lib/python3.6/site-packages/airflow/example_dags/example_bash_operator.py took 0.031 seconds
[2023-11-01 17:51:09,222] {scheduler_job.py:182} INFO - Started process (PID=1826) to work on /home/airflow/.local/lib/python3.6/site-packages/airflow/example_dags/example_bash_operator.py
[2023-11-01 17:51:09,222] {scheduler_job.py:633} INFO - Processing file /home/airflow/.local/lib/python3.6/site-packages/airflow/example_dags/example_bash_operator.py for tasks to queue
[2023-11-01 17:51:09,223] {logging_mixin.py:104} INFO - [2023-11-01 17:51:09,223] {dagbag.py:496} INFO - Filling up the DagBag from /home/airflow/.local/lib/python3.6/site-packages/airflow/example_dags/example_bash_operator.py
[2023-11-01 17:51:09,229] {scheduler_job.py:643} INFO - DAG(s) dict_keys(['example_bash_operator']) retrieved from /home/airflow/.local/lib/python3.6/site-packages/airflow/example_dags/example_bash_operator.py
[2023-11-01 17:51:09,238] {logging_mixin.py:104} INFO - [2023-11-01 17:51:09,238] {dag.py:1833} INFO - Sync 1 DAGs
[2023-11-01 17:51:09,247] {logging_mixin.py:104} INFO - [2023-11-01 17:51:09,247] {dag.py:2306} INFO - Setting next_dagrun for example_bash_operator to 2023-10-30 00:00:00+00:00
[2023-11-01 17:51:09,253] {scheduler_job.py:190} INFO - Processing /home/airflow/.local/lib/python3.6/site-packages/airflow/example_dags/example_bash_operator.py took 0.032 seconds
[2023-11-01 17:51:40,119] {scheduler_job.py:182} INFO - Started process (PID=1897) to work on /home/airflow/.local/lib/python3.6/site-packages/airflow/example_dags/example_bash_operator.py
[2023-11-01 17:51:40,119] {scheduler_job.py:633} INFO - Processing file /home/airflow/.local/lib/python3.6/site-packages/airflow/example_dags/example_bash_operator.py for tasks to queue
[2023-11-01 17:51:40,119] {logging_mixin.py:104} INFO - [2023-11-01 17:51:40,119] {dagbag.py:496} INFO - Filling up the DagBag from /home/airflow/.local/lib/python3.6/site-packages/airflow/example_dags/example_bash_operator.py
[2023-11-01 17:51:40,126] {scheduler_job.py:643} INFO - DAG(s) dict_keys(['example_bash_operator']) retrieved from /home/airflow/.local/lib/python3.6/site-packages/airflow/example_dags/example_bash_operator.py
[2023-11-01 17:51:40,138] {logging_mixin.py:104} INFO - [2023-11-01 17:51:40,138] {dag.py:1833} INFO - Sync 1 DAGs
[2023-11-01 17:51:40,147] {logging_mixin.py:104} INFO - [2023-11-01 17:51:40,147] {dag.py:2306} INFO - Setting next_dagrun for example_bash_operator to 2023-10-30 00:00:00+00:00
[2023-11-01 17:51:40,166] {scheduler_job.py:190} INFO - Processing /home/airflow/.local/lib/python3.6/site-packages/airflow/example_dags/example_bash_operator.py took 0.049 seconds
[2023-11-01 17:52:10,203] {scheduler_job.py:182} INFO - Started process (PID=1977) to work on /home/airflow/.local/lib/python3.6/site-packages/airflow/example_dags/example_bash_operator.py
[2023-11-01 17:52:10,205] {scheduler_job.py:633} INFO - Processing file /home/airflow/.local/lib/python3.6/site-packages/airflow/example_dags/example_bash_operator.py for tasks to queue
[2023-11-01 17:52:10,205] {logging_mixin.py:104} INFO - [2023-11-01 17:52:10,205] {dagbag.py:496} INFO - Filling up the DagBag from /home/airflow/.local/lib/python3.6/site-packages/airflow/example_dags/example_bash_operator.py
[2023-11-01 17:52:10,217] {scheduler_job.py:643} INFO - DAG(s) dict_keys(['example_bash_operator']) retrieved from /home/airflow/.local/lib/python3.6/site-packages/airflow/example_dags/example_bash_operator.py
[2023-11-01 17:52:10,232] {logging_mixin.py:104} INFO - [2023-11-01 17:52:10,232] {dag.py:1833} INFO - Sync 1 DAGs
[2023-11-01 17:52:10,244] {logging_mixin.py:104} INFO - [2023-11-01 17:52:10,244] {dag.py:2306} INFO - Setting next_dagrun for example_bash_operator to 2023-10-30 00:00:00+00:00
[2023-11-01 17:52:10,261] {scheduler_job.py:190} INFO - Processing /home/airflow/.local/lib/python3.6/site-packages/airflow/example_dags/example_bash_operator.py took 0.060 seconds
[2023-11-01 17:52:40,472] {scheduler_job.py:182} INFO - Started process (PID=2059) to work on /home/airflow/.local/lib/python3.6/site-packages/airflow/example_dags/example_bash_operator.py
[2023-11-01 17:52:40,473] {scheduler_job.py:633} INFO - Processing file /home/airflow/.local/lib/python3.6/site-packages/airflow/example_dags/example_bash_operator.py for tasks to queue
[2023-11-01 17:52:40,473] {logging_mixin.py:104} INFO - [2023-11-01 17:52:40,473] {dagbag.py:496} INFO - Filling up the DagBag from /home/airflow/.local/lib/python3.6/site-packages/airflow/example_dags/example_bash_operator.py
[2023-11-01 17:52:40,481] {scheduler_job.py:643} INFO - DAG(s) dict_keys(['example_bash_operator']) retrieved from /home/airflow/.local/lib/python3.6/site-packages/airflow/example_dags/example_bash_operator.py
[2023-11-01 17:52:40,492] {logging_mixin.py:104} INFO - [2023-11-01 17:52:40,492] {dag.py:1833} INFO - Sync 1 DAGs
[2023-11-01 17:52:40,502] {logging_mixin.py:104} INFO - [2023-11-01 17:52:40,502] {dag.py:2306} INFO - Setting next_dagrun for example_bash_operator to 2023-10-30 00:00:00+00:00
[2023-11-01 17:52:40,519] {scheduler_job.py:190} INFO - Processing /home/airflow/.local/lib/python3.6/site-packages/airflow/example_dags/example_bash_operator.py took 0.048 seconds
[2023-11-01 17:53:10,578] {scheduler_job.py:182} INFO - Started process (PID=2130) to work on /home/airflow/.local/lib/python3.6/site-packages/airflow/example_dags/example_bash_operator.py
[2023-11-01 17:53:10,578] {scheduler_job.py:633} INFO - Processing file /home/airflow/.local/lib/python3.6/site-packages/airflow/example_dags/example_bash_operator.py for tasks to queue
[2023-11-01 17:53:10,579] {logging_mixin.py:104} INFO - [2023-11-01 17:53:10,579] {dagbag.py:496} INFO - Filling up the DagBag from /home/airflow/.local/lib/python3.6/site-packages/airflow/example_dags/example_bash_operator.py
[2023-11-01 17:53:10,585] {scheduler_job.py:643} INFO - DAG(s) dict_keys(['example_bash_operator']) retrieved from /home/airflow/.local/lib/python3.6/site-packages/airflow/example_dags/example_bash_operator.py
[2023-11-01 17:53:10,595] {logging_mixin.py:104} INFO - [2023-11-01 17:53:10,595] {dag.py:1833} INFO - Sync 1 DAGs
[2023-11-01 17:53:10,602] {logging_mixin.py:104} INFO - [2023-11-01 17:53:10,602] {dag.py:2306} INFO - Setting next_dagrun for example_bash_operator to 2023-10-30 00:00:00+00:00
[2023-11-01 17:53:10,618] {scheduler_job.py:190} INFO - Processing /home/airflow/.local/lib/python3.6/site-packages/airflow/example_dags/example_bash_operator.py took 0.041 seconds
[2023-11-01 17:53:41,329] {scheduler_job.py:182} INFO - Started process (PID=2211) to work on /home/airflow/.local/lib/python3.6/site-packages/airflow/example_dags/example_bash_operator.py
[2023-11-01 17:53:41,330] {scheduler_job.py:633} INFO - Processing file /home/airflow/.local/lib/python3.6/site-packages/airflow/example_dags/example_bash_operator.py for tasks to queue
[2023-11-01 17:53:41,330] {logging_mixin.py:104} INFO - [2023-11-01 17:53:41,330] {dagbag.py:496} INFO - Filling up the DagBag from /home/airflow/.local/lib/python3.6/site-packages/airflow/example_dags/example_bash_operator.py
[2023-11-01 17:53:41,335] {scheduler_job.py:643} INFO - DAG(s) dict_keys(['example_bash_operator']) retrieved from /home/airflow/.local/lib/python3.6/site-packages/airflow/example_dags/example_bash_operator.py
[2023-11-01 17:53:41,347] {logging_mixin.py:104} INFO - [2023-11-01 17:53:41,347] {dag.py:1833} INFO - Sync 1 DAGs
[2023-11-01 17:53:41,354] {logging_mixin.py:104} INFO - [2023-11-01 17:53:41,354] {dag.py:2306} INFO - Setting next_dagrun for example_bash_operator to 2023-10-30 00:00:00+00:00
[2023-11-01 17:53:41,368] {scheduler_job.py:190} INFO - Processing /home/airflow/.local/lib/python3.6/site-packages/airflow/example_dags/example_bash_operator.py took 0.040 seconds
[2023-11-01 17:54:12,107] {scheduler_job.py:182} INFO - Started process (PID=2292) to work on /home/airflow/.local/lib/python3.6/site-packages/airflow/example_dags/example_bash_operator.py
[2023-11-01 17:54:12,108] {scheduler_job.py:633} INFO - Processing file /home/airflow/.local/lib/python3.6/site-packages/airflow/example_dags/example_bash_operator.py for tasks to queue
[2023-11-01 17:54:12,108] {logging_mixin.py:104} INFO - [2023-11-01 17:54:12,108] {dagbag.py:496} INFO - Filling up the DagBag from /home/airflow/.local/lib/python3.6/site-packages/airflow/example_dags/example_bash_operator.py
[2023-11-01 17:54:12,116] {scheduler_job.py:643} INFO - DAG(s) dict_keys(['example_bash_operator']) retrieved from /home/airflow/.local/lib/python3.6/site-packages/airflow/example_dags/example_bash_operator.py
[2023-11-01 17:54:12,131] {logging_mixin.py:104} INFO - [2023-11-01 17:54:12,131] {dag.py:1833} INFO - Sync 1 DAGs
[2023-11-01 17:54:12,139] {logging_mixin.py:104} INFO - [2023-11-01 17:54:12,139] {dag.py:2306} INFO - Setting next_dagrun for example_bash_operator to 2023-10-30 00:00:00+00:00
[2023-11-01 17:54:12,156] {scheduler_job.py:190} INFO - Processing /home/airflow/.local/lib/python3.6/site-packages/airflow/example_dags/example_bash_operator.py took 0.051 seconds
[2023-11-01 17:54:42,262] {scheduler_job.py:182} INFO - Started process (PID=2394) to work on /home/airflow/.local/lib/python3.6/site-packages/airflow/example_dags/example_bash_operator.py
[2023-11-01 17:54:42,263] {scheduler_job.py:633} INFO - Processing file /home/airflow/.local/lib/python3.6/site-packages/airflow/example_dags/example_bash_operator.py for tasks to queue
[2023-11-01 17:54:42,263] {logging_mixin.py:104} INFO - [2023-11-01 17:54:42,263] {dagbag.py:496} INFO - Filling up the DagBag from /home/airflow/.local/lib/python3.6/site-packages/airflow/example_dags/example_bash_operator.py
[2023-11-01 17:54:42,269] {scheduler_job.py:643} INFO - DAG(s) dict_keys(['example_bash_operator']) retrieved from /home/airflow/.local/lib/python3.6/site-packages/airflow/example_dags/example_bash_operator.py
[2023-11-01 17:54:42,280] {logging_mixin.py:104} INFO - [2023-11-01 17:54:42,280] {dag.py:1833} INFO - Sync 1 DAGs
[2023-11-01 17:54:42,289] {logging_mixin.py:104} INFO - [2023-11-01 17:54:42,289] {dag.py:2306} INFO - Setting next_dagrun for example_bash_operator to 2023-10-30 00:00:00+00:00
[2023-11-01 17:54:42,305] {scheduler_job.py:190} INFO - Processing /home/airflow/.local/lib/python3.6/site-packages/airflow/example_dags/example_bash_operator.py took 0.044 seconds
[2023-11-01 17:55:12,448] {scheduler_job.py:182} INFO - Started process (PID=2465) to work on /home/airflow/.local/lib/python3.6/site-packages/airflow/example_dags/example_bash_operator.py
[2023-11-01 17:55:12,449] {scheduler_job.py:633} INFO - Processing file /home/airflow/.local/lib/python3.6/site-packages/airflow/example_dags/example_bash_operator.py for tasks to queue
[2023-11-01 17:55:12,449] {logging_mixin.py:104} INFO - [2023-11-01 17:55:12,449] {dagbag.py:496} INFO - Filling up the DagBag from /home/airflow/.local/lib/python3.6/site-packages/airflow/example_dags/example_bash_operator.py
[2023-11-01 17:55:12,457] {scheduler_job.py:643} INFO - DAG(s) dict_keys(['example_bash_operator']) retrieved from /home/airflow/.local/lib/python3.6/site-packages/airflow/example_dags/example_bash_operator.py
[2023-11-01 17:55:12,469] {logging_mixin.py:104} INFO - [2023-11-01 17:55:12,469] {dag.py:1833} INFO - Sync 1 DAGs
[2023-11-01 17:55:12,477] {logging_mixin.py:104} INFO - [2023-11-01 17:55:12,477] {dag.py:2306} INFO - Setting next_dagrun for example_bash_operator to 2023-10-30 00:00:00+00:00
[2023-11-01 17:55:12,481] {scheduler_job.py:190} INFO - Processing /home/airflow/.local/lib/python3.6/site-packages/airflow/example_dags/example_bash_operator.py took 0.035 seconds
[2023-11-01 17:55:43,301] {scheduler_job.py:182} INFO - Started process (PID=2546) to work on /home/airflow/.local/lib/python3.6/site-packages/airflow/example_dags/example_bash_operator.py
[2023-11-01 17:55:43,301] {scheduler_job.py:633} INFO - Processing file /home/airflow/.local/lib/python3.6/site-packages/airflow/example_dags/example_bash_operator.py for tasks to queue
[2023-11-01 17:55:43,302] {logging_mixin.py:104} INFO - [2023-11-01 17:55:43,301] {dagbag.py:496} INFO - Filling up the DagBag from /home/airflow/.local/lib/python3.6/site-packages/airflow/example_dags/example_bash_operator.py
[2023-11-01 17:55:43,309] {scheduler_job.py:643} INFO - DAG(s) dict_keys(['example_bash_operator']) retrieved from /home/airflow/.local/lib/python3.6/site-packages/airflow/example_dags/example_bash_operator.py
[2023-11-01 17:55:43,323] {logging_mixin.py:104} INFO - [2023-11-01 17:55:43,323] {dag.py:1833} INFO - Sync 1 DAGs
[2023-11-01 17:55:43,332] {logging_mixin.py:104} INFO - [2023-11-01 17:55:43,332] {dag.py:2306} INFO - Setting next_dagrun for example_bash_operator to 2023-10-30 00:00:00+00:00
[2023-11-01 17:55:43,339] {scheduler_job.py:190} INFO - Processing /home/airflow/.local/lib/python3.6/site-packages/airflow/example_dags/example_bash_operator.py took 0.040 seconds
[2023-11-01 17:56:14,091] {scheduler_job.py:182} INFO - Started process (PID=2627) to work on /home/airflow/.local/lib/python3.6/site-packages/airflow/example_dags/example_bash_operator.py
[2023-11-01 17:56:14,091] {scheduler_job.py:633} INFO - Processing file /home/airflow/.local/lib/python3.6/site-packages/airflow/example_dags/example_bash_operator.py for tasks to queue
[2023-11-01 17:56:14,091] {logging_mixin.py:104} INFO - [2023-11-01 17:56:14,091] {dagbag.py:496} INFO - Filling up the DagBag from /home/airflow/.local/lib/python3.6/site-packages/airflow/example_dags/example_bash_operator.py
[2023-11-01 17:56:14,098] {scheduler_job.py:643} INFO - DAG(s) dict_keys(['example_bash_operator']) retrieved from /home/airflow/.local/lib/python3.6/site-packages/airflow/example_dags/example_bash_operator.py
[2023-11-01 17:56:14,107] {logging_mixin.py:104} INFO - [2023-11-01 17:56:14,107] {dag.py:1833} INFO - Sync 1 DAGs
[2023-11-01 17:56:14,114] {logging_mixin.py:104} INFO - [2023-11-01 17:56:14,114] {dag.py:2306} INFO - Setting next_dagrun for example_bash_operator to 2023-10-30 00:00:00+00:00
[2023-11-01 17:56:14,129] {scheduler_job.py:190} INFO - Processing /home/airflow/.local/lib/python3.6/site-packages/airflow/example_dags/example_bash_operator.py took 0.040 seconds
[2023-11-01 17:56:44,829] {scheduler_job.py:182} INFO - Started process (PID=2708) to work on /home/airflow/.local/lib/python3.6/site-packages/airflow/example_dags/example_bash_operator.py
[2023-11-01 17:56:44,829] {scheduler_job.py:633} INFO - Processing file /home/airflow/.local/lib/python3.6/site-packages/airflow/example_dags/example_bash_operator.py for tasks to queue
[2023-11-01 17:56:44,830] {logging_mixin.py:104} INFO - [2023-11-01 17:56:44,830] {dagbag.py:496} INFO - Filling up the DagBag from /home/airflow/.local/lib/python3.6/site-packages/airflow/example_dags/example_bash_operator.py
[2023-11-01 17:56:44,836] {scheduler_job.py:643} INFO - DAG(s) dict_keys(['example_bash_operator']) retrieved from /home/airflow/.local/lib/python3.6/site-packages/airflow/example_dags/example_bash_operator.py
[2023-11-01 17:56:44,847] {logging_mixin.py:104} INFO - [2023-11-01 17:56:44,847] {dag.py:1833} INFO - Sync 1 DAGs
[2023-11-01 17:56:44,855] {logging_mixin.py:104} INFO - [2023-11-01 17:56:44,855] {dag.py:2306} INFO - Setting next_dagrun for example_bash_operator to 2023-10-30 00:00:00+00:00
[2023-11-01 17:56:44,870] {scheduler_job.py:190} INFO - Processing /home/airflow/.local/lib/python3.6/site-packages/airflow/example_dags/example_bash_operator.py took 0.042 seconds
[2023-11-01 17:57:15,654] {scheduler_job.py:182} INFO - Started process (PID=2789) to work on /home/airflow/.local/lib/python3.6/site-packages/airflow/example_dags/example_bash_operator.py
[2023-11-01 17:57:15,655] {scheduler_job.py:633} INFO - Processing file /home/airflow/.local/lib/python3.6/site-packages/airflow/example_dags/example_bash_operator.py for tasks to queue
[2023-11-01 17:57:15,655] {logging_mixin.py:104} INFO - [2023-11-01 17:57:15,655] {dagbag.py:496} INFO - Filling up the DagBag from /home/airflow/.local/lib/python3.6/site-packages/airflow/example_dags/example_bash_operator.py
[2023-11-01 17:57:15,663] {scheduler_job.py:643} INFO - DAG(s) dict_keys(['example_bash_operator']) retrieved from /home/airflow/.local/lib/python3.6/site-packages/airflow/example_dags/example_bash_operator.py
[2023-11-01 17:57:15,675] {logging_mixin.py:104} INFO - [2023-11-01 17:57:15,675] {dag.py:1833} INFO - Sync 1 DAGs
[2023-11-01 17:57:15,682] {logging_mixin.py:104} INFO - [2023-11-01 17:57:15,682] {dag.py:2306} INFO - Setting next_dagrun for example_bash_operator to 2023-10-30 00:00:00+00:00
[2023-11-01 17:57:15,698] {scheduler_job.py:190} INFO - Processing /home/airflow/.local/lib/python3.6/site-packages/airflow/example_dags/example_bash_operator.py took 0.046 seconds
[2023-11-01 17:57:46,481] {scheduler_job.py:182} INFO - Started process (PID=2860) to work on /home/airflow/.local/lib/python3.6/site-packages/airflow/example_dags/example_bash_operator.py
[2023-11-01 17:57:46,481] {scheduler_job.py:633} INFO - Processing file /home/airflow/.local/lib/python3.6/site-packages/airflow/example_dags/example_bash_operator.py for tasks to queue
[2023-11-01 17:57:46,482] {logging_mixin.py:104} INFO - [2023-11-01 17:57:46,481] {dagbag.py:496} INFO - Filling up the DagBag from /home/airflow/.local/lib/python3.6/site-packages/airflow/example_dags/example_bash_operator.py
[2023-11-01 17:57:46,488] {scheduler_job.py:643} INFO - DAG(s) dict_keys(['example_bash_operator']) retrieved from /home/airflow/.local/lib/python3.6/site-packages/airflow/example_dags/example_bash_operator.py
[2023-11-01 17:57:46,497] {logging_mixin.py:104} INFO - [2023-11-01 17:57:46,497] {dag.py:1833} INFO - Sync 1 DAGs
[2023-11-01 17:57:46,504] {logging_mixin.py:104} INFO - [2023-11-01 17:57:46,504] {dag.py:2306} INFO - Setting next_dagrun for example_bash_operator to 2023-10-30 00:00:00+00:00
[2023-11-01 17:57:46,520] {scheduler_job.py:190} INFO - Processing /home/airflow/.local/lib/python3.6/site-packages/airflow/example_dags/example_bash_operator.py took 0.041 seconds
[2023-11-01 17:58:16,551] {scheduler_job.py:182} INFO - Started process (PID=2941) to work on /home/airflow/.local/lib/python3.6/site-packages/airflow/example_dags/example_bash_operator.py
[2023-11-01 17:58:16,552] {scheduler_job.py:633} INFO - Processing file /home/airflow/.local/lib/python3.6/site-packages/airflow/example_dags/example_bash_operator.py for tasks to queue
[2023-11-01 17:58:16,552] {logging_mixin.py:104} INFO - [2023-11-01 17:58:16,552] {dagbag.py:496} INFO - Filling up the DagBag from /home/airflow/.local/lib/python3.6/site-packages/airflow/example_dags/example_bash_operator.py
[2023-11-01 17:58:16,558] {scheduler_job.py:643} INFO - DAG(s) dict_keys(['example_bash_operator']) retrieved from /home/airflow/.local/lib/python3.6/site-packages/airflow/example_dags/example_bash_operator.py
[2023-11-01 17:58:16,567] {logging_mixin.py:104} INFO - [2023-11-01 17:58:16,567] {dag.py:1833} INFO - Sync 1 DAGs
[2023-11-01 17:58:16,575] {logging_mixin.py:104} INFO - [2023-11-01 17:58:16,575] {dag.py:2306} INFO - Setting next_dagrun for example_bash_operator to 2023-10-30 00:00:00+00:00
[2023-11-01 17:58:16,589] {scheduler_job.py:190} INFO - Processing /home/airflow/.local/lib/python3.6/site-packages/airflow/example_dags/example_bash_operator.py took 0.040 seconds
[2023-11-01 17:58:46,770] {scheduler_job.py:182} INFO - Started process (PID=3042) to work on /home/airflow/.local/lib/python3.6/site-packages/airflow/example_dags/example_bash_operator.py
[2023-11-01 17:58:46,770] {scheduler_job.py:633} INFO - Processing file /home/airflow/.local/lib/python3.6/site-packages/airflow/example_dags/example_bash_operator.py for tasks to queue
[2023-11-01 17:58:46,771] {logging_mixin.py:104} INFO - [2023-11-01 17:58:46,771] {dagbag.py:496} INFO - Filling up the DagBag from /home/airflow/.local/lib/python3.6/site-packages/airflow/example_dags/example_bash_operator.py
[2023-11-01 17:58:46,777] {scheduler_job.py:643} INFO - DAG(s) dict_keys(['example_bash_operator']) retrieved from /home/airflow/.local/lib/python3.6/site-packages/airflow/example_dags/example_bash_operator.py
[2023-11-01 17:58:46,790] {logging_mixin.py:104} INFO - [2023-11-01 17:58:46,790] {dag.py:1833} INFO - Sync 1 DAGs
[2023-11-01 17:58:46,798] {logging_mixin.py:104} INFO - [2023-11-01 17:58:46,798] {dag.py:2306} INFO - Setting next_dagrun for example_bash_operator to 2023-10-30 00:00:00+00:00
[2023-11-01 17:58:46,803] {scheduler_job.py:190} INFO - Processing /home/airflow/.local/lib/python3.6/site-packages/airflow/example_dags/example_bash_operator.py took 0.034 seconds
[2023-11-01 17:59:17,706] {scheduler_job.py:182} INFO - Started process (PID=3123) to work on /home/airflow/.local/lib/python3.6/site-packages/airflow/example_dags/example_bash_operator.py
[2023-11-01 17:59:17,707] {scheduler_job.py:633} INFO - Processing file /home/airflow/.local/lib/python3.6/site-packages/airflow/example_dags/example_bash_operator.py for tasks to queue
[2023-11-01 17:59:17,707] {logging_mixin.py:104} INFO - [2023-11-01 17:59:17,707] {dagbag.py:496} INFO - Filling up the DagBag from /home/airflow/.local/lib/python3.6/site-packages/airflow/example_dags/example_bash_operator.py
[2023-11-01 17:59:17,713] {scheduler_job.py:643} INFO - DAG(s) dict_keys(['example_bash_operator']) retrieved from /home/airflow/.local/lib/python3.6/site-packages/airflow/example_dags/example_bash_operator.py
[2023-11-01 17:59:17,722] {logging_mixin.py:104} INFO - [2023-11-01 17:59:17,722] {dag.py:1833} INFO - Sync 1 DAGs
[2023-11-01 17:59:17,729] {logging_mixin.py:104} INFO - [2023-11-01 17:59:17,729] {dag.py:2306} INFO - Setting next_dagrun for example_bash_operator to 2023-10-30 00:00:00+00:00
[2023-11-01 17:59:17,745] {scheduler_job.py:190} INFO - Processing /home/airflow/.local/lib/python3.6/site-packages/airflow/example_dags/example_bash_operator.py took 0.041 seconds
[2023-11-01 17:59:48,618] {scheduler_job.py:182} INFO - Started process (PID=3193) to work on /home/airflow/.local/lib/python3.6/site-packages/airflow/example_dags/example_bash_operator.py
[2023-11-01 17:59:48,618] {scheduler_job.py:633} INFO - Processing file /home/airflow/.local/lib/python3.6/site-packages/airflow/example_dags/example_bash_operator.py for tasks to queue
[2023-11-01 17:59:48,619] {logging_mixin.py:104} INFO - [2023-11-01 17:59:48,619] {dagbag.py:496} INFO - Filling up the DagBag from /home/airflow/.local/lib/python3.6/site-packages/airflow/example_dags/example_bash_operator.py
[2023-11-01 17:59:48,625] {scheduler_job.py:643} INFO - DAG(s) dict_keys(['example_bash_operator']) retrieved from /home/airflow/.local/lib/python3.6/site-packages/airflow/example_dags/example_bash_operator.py
[2023-11-01 17:59:48,637] {logging_mixin.py:104} INFO - [2023-11-01 17:59:48,637] {dag.py:1833} INFO - Sync 1 DAGs
[2023-11-01 17:59:48,644] {logging_mixin.py:104} INFO - [2023-11-01 17:59:48,644] {dag.py:2306} INFO - Setting next_dagrun for example_bash_operator to 2023-10-30 00:00:00+00:00
[2023-11-01 17:59:48,661] {scheduler_job.py:190} INFO - Processing /home/airflow/.local/lib/python3.6/site-packages/airflow/example_dags/example_bash_operator.py took 0.044 seconds
[2023-11-01 18:00:19,440] {scheduler_job.py:182} INFO - Started process (PID=3274) to work on /home/airflow/.local/lib/python3.6/site-packages/airflow/example_dags/example_bash_operator.py
[2023-11-01 18:00:19,440] {scheduler_job.py:633} INFO - Processing file /home/airflow/.local/lib/python3.6/site-packages/airflow/example_dags/example_bash_operator.py for tasks to queue
[2023-11-01 18:00:19,441] {logging_mixin.py:104} INFO - [2023-11-01 18:00:19,440] {dagbag.py:496} INFO - Filling up the DagBag from /home/airflow/.local/lib/python3.6/site-packages/airflow/example_dags/example_bash_operator.py
[2023-11-01 18:00:19,446] {scheduler_job.py:643} INFO - DAG(s) dict_keys(['example_bash_operator']) retrieved from /home/airflow/.local/lib/python3.6/site-packages/airflow/example_dags/example_bash_operator.py
[2023-11-01 18:00:19,457] {logging_mixin.py:104} INFO - [2023-11-01 18:00:19,456] {dag.py:1833} INFO - Sync 1 DAGs
[2023-11-01 18:00:19,464] {logging_mixin.py:104} INFO - [2023-11-01 18:00:19,464] {dag.py:2306} INFO - Setting next_dagrun for example_bash_operator to 2023-10-30 00:00:00+00:00
[2023-11-01 18:00:19,479] {scheduler_job.py:190} INFO - Processing /home/airflow/.local/lib/python3.6/site-packages/airflow/example_dags/example_bash_operator.py took 0.040 seconds
