[2023-11-01 17:42:17,047] {scheduler_job.py:182} INFO - Started process (PID=159) to work on /home/airflow/.local/lib/python3.6/site-packages/airflow/example_dags/example_branch_operator.py
[2023-11-01 17:42:17,047] {scheduler_job.py:633} INFO - Processing file /home/airflow/.local/lib/python3.6/site-packages/airflow/example_dags/example_branch_operator.py for tasks to queue
[2023-11-01 17:42:17,048] {logging_mixin.py:104} INFO - [2023-11-01 17:42:17,048] {dagbag.py:496} INFO - Filling up the DagBag from /home/airflow/.local/lib/python3.6/site-packages/airflow/example_dags/example_branch_operator.py
[2023-11-01 17:42:17,055] {scheduler_job.py:643} INFO - DAG(s) dict_keys(['example_branch_operator']) retrieved from /home/airflow/.local/lib/python3.6/site-packages/airflow/example_dags/example_branch_operator.py
[2023-11-01 17:42:18,188] {logging_mixin.py:104} INFO - [2023-11-01 17:42:18,188] {dag.py:1833} INFO - Sync 1 DAGs
[2023-11-01 17:42:18,196] {logging_mixin.py:104} INFO - [2023-11-01 17:42:18,195] {dag.py:1852} INFO - Creating ORM DAG for example_branch_operator
[2023-11-01 17:42:18,202] {logging_mixin.py:104} INFO - [2023-11-01 17:42:18,202] {dag.py:2306} INFO - Setting next_dagrun for example_branch_operator to 2023-10-30 00:00:00+00:00
[2023-11-01 17:42:18,209] {scheduler_job.py:190} INFO - Processing /home/airflow/.local/lib/python3.6/site-packages/airflow/example_dags/example_branch_operator.py took 1.165 seconds
[2023-11-01 17:42:48,772] {scheduler_job.py:182} INFO - Started process (PID=700) to work on /home/airflow/.local/lib/python3.6/site-packages/airflow/example_dags/example_branch_operator.py
[2023-11-01 17:42:48,773] {scheduler_job.py:633} INFO - Processing file /home/airflow/.local/lib/python3.6/site-packages/airflow/example_dags/example_branch_operator.py for tasks to queue
[2023-11-01 17:42:48,773] {logging_mixin.py:104} INFO - [2023-11-01 17:42:48,773] {dagbag.py:496} INFO - Filling up the DagBag from /home/airflow/.local/lib/python3.6/site-packages/airflow/example_dags/example_branch_operator.py
[2023-11-01 17:42:48,782] {scheduler_job.py:643} INFO - DAG(s) dict_keys(['example_branch_operator']) retrieved from /home/airflow/.local/lib/python3.6/site-packages/airflow/example_dags/example_branch_operator.py
[2023-11-01 17:42:48,796] {logging_mixin.py:104} INFO - [2023-11-01 17:42:48,795] {dag.py:1833} INFO - Sync 1 DAGs
[2023-11-01 17:42:48,806] {logging_mixin.py:104} INFO - [2023-11-01 17:42:48,806] {dag.py:2306} INFO - Setting next_dagrun for example_branch_operator to 2023-10-30 00:00:00+00:00
[2023-11-01 17:42:48,813] {scheduler_job.py:190} INFO - Processing /home/airflow/.local/lib/python3.6/site-packages/airflow/example_dags/example_branch_operator.py took 0.042 seconds
[2023-11-01 17:43:19,393] {scheduler_job.py:182} INFO - Started process (PID=761) to work on /home/airflow/.local/lib/python3.6/site-packages/airflow/example_dags/example_branch_operator.py
[2023-11-01 17:43:19,394] {scheduler_job.py:633} INFO - Processing file /home/airflow/.local/lib/python3.6/site-packages/airflow/example_dags/example_branch_operator.py for tasks to queue
[2023-11-01 17:43:19,394] {logging_mixin.py:104} INFO - [2023-11-01 17:43:19,394] {dagbag.py:496} INFO - Filling up the DagBag from /home/airflow/.local/lib/python3.6/site-packages/airflow/example_dags/example_branch_operator.py
[2023-11-01 17:43:19,400] {scheduler_job.py:643} INFO - DAG(s) dict_keys(['example_branch_operator']) retrieved from /home/airflow/.local/lib/python3.6/site-packages/airflow/example_dags/example_branch_operator.py
[2023-11-01 17:43:19,411] {logging_mixin.py:104} INFO - [2023-11-01 17:43:19,411] {dag.py:1833} INFO - Sync 1 DAGs
[2023-11-01 17:43:19,420] {logging_mixin.py:104} INFO - [2023-11-01 17:43:19,420] {dag.py:2306} INFO - Setting next_dagrun for example_branch_operator to 2023-10-30 00:00:00+00:00
[2023-11-01 17:43:19,424] {scheduler_job.py:190} INFO - Processing /home/airflow/.local/lib/python3.6/site-packages/airflow/example_dags/example_branch_operator.py took 0.032 seconds
[2023-11-01 17:43:50,091] {scheduler_job.py:182} INFO - Started process (PID=822) to work on /home/airflow/.local/lib/python3.6/site-packages/airflow/example_dags/example_branch_operator.py
[2023-11-01 17:43:50,091] {scheduler_job.py:633} INFO - Processing file /home/airflow/.local/lib/python3.6/site-packages/airflow/example_dags/example_branch_operator.py for tasks to queue
[2023-11-01 17:43:50,092] {logging_mixin.py:104} INFO - [2023-11-01 17:43:50,092] {dagbag.py:496} INFO - Filling up the DagBag from /home/airflow/.local/lib/python3.6/site-packages/airflow/example_dags/example_branch_operator.py
[2023-11-01 17:43:50,098] {scheduler_job.py:643} INFO - DAG(s) dict_keys(['example_branch_operator']) retrieved from /home/airflow/.local/lib/python3.6/site-packages/airflow/example_dags/example_branch_operator.py
[2023-11-01 17:43:50,109] {logging_mixin.py:104} INFO - [2023-11-01 17:43:50,109] {dag.py:1833} INFO - Sync 1 DAGs
[2023-11-01 17:43:50,120] {logging_mixin.py:104} INFO - [2023-11-01 17:43:50,119] {dag.py:2306} INFO - Setting next_dagrun for example_branch_operator to 2023-10-30 00:00:00+00:00
[2023-11-01 17:43:50,138] {scheduler_job.py:190} INFO - Processing /home/airflow/.local/lib/python3.6/site-packages/airflow/example_dags/example_branch_operator.py took 0.048 seconds
[2023-11-01 17:44:20,894] {scheduler_job.py:182} INFO - Started process (PID=882) to work on /home/airflow/.local/lib/python3.6/site-packages/airflow/example_dags/example_branch_operator.py
[2023-11-01 17:44:20,894] {scheduler_job.py:633} INFO - Processing file /home/airflow/.local/lib/python3.6/site-packages/airflow/example_dags/example_branch_operator.py for tasks to queue
[2023-11-01 17:44:20,895] {logging_mixin.py:104} INFO - [2023-11-01 17:44:20,894] {dagbag.py:496} INFO - Filling up the DagBag from /home/airflow/.local/lib/python3.6/site-packages/airflow/example_dags/example_branch_operator.py
[2023-11-01 17:44:20,901] {scheduler_job.py:643} INFO - DAG(s) dict_keys(['example_branch_operator']) retrieved from /home/airflow/.local/lib/python3.6/site-packages/airflow/example_dags/example_branch_operator.py
[2023-11-01 17:44:20,913] {logging_mixin.py:104} INFO - [2023-11-01 17:44:20,913] {dag.py:1833} INFO - Sync 1 DAGs
[2023-11-01 17:44:20,921] {logging_mixin.py:104} INFO - [2023-11-01 17:44:20,921] {dag.py:2306} INFO - Setting next_dagrun for example_branch_operator to 2023-10-30 00:00:00+00:00
[2023-11-01 17:44:20,937] {scheduler_job.py:190} INFO - Processing /home/airflow/.local/lib/python3.6/site-packages/airflow/example_dags/example_branch_operator.py took 0.044 seconds
[2023-11-01 17:44:51,578] {scheduler_job.py:182} INFO - Started process (PID=933) to work on /home/airflow/.local/lib/python3.6/site-packages/airflow/example_dags/example_branch_operator.py
[2023-11-01 17:44:51,579] {scheduler_job.py:633} INFO - Processing file /home/airflow/.local/lib/python3.6/site-packages/airflow/example_dags/example_branch_operator.py for tasks to queue
[2023-11-01 17:44:51,579] {logging_mixin.py:104} INFO - [2023-11-01 17:44:51,579] {dagbag.py:496} INFO - Filling up the DagBag from /home/airflow/.local/lib/python3.6/site-packages/airflow/example_dags/example_branch_operator.py
[2023-11-01 17:44:51,585] {scheduler_job.py:643} INFO - DAG(s) dict_keys(['example_branch_operator']) retrieved from /home/airflow/.local/lib/python3.6/site-packages/airflow/example_dags/example_branch_operator.py
[2023-11-01 17:44:51,596] {logging_mixin.py:104} INFO - [2023-11-01 17:44:51,596] {dag.py:1833} INFO - Sync 1 DAGs
[2023-11-01 17:44:51,604] {logging_mixin.py:104} INFO - [2023-11-01 17:44:51,604] {dag.py:2306} INFO - Setting next_dagrun for example_branch_operator to 2023-10-30 00:00:00+00:00
[2023-11-01 17:44:51,620] {scheduler_job.py:190} INFO - Processing /home/airflow/.local/lib/python3.6/site-packages/airflow/example_dags/example_branch_operator.py took 0.043 seconds
[2023-11-01 17:45:22,220] {scheduler_job.py:182} INFO - Started process (PID=994) to work on /home/airflow/.local/lib/python3.6/site-packages/airflow/example_dags/example_branch_operator.py
[2023-11-01 17:45:22,220] {scheduler_job.py:633} INFO - Processing file /home/airflow/.local/lib/python3.6/site-packages/airflow/example_dags/example_branch_operator.py for tasks to queue
[2023-11-01 17:45:22,221] {logging_mixin.py:104} INFO - [2023-11-01 17:45:22,220] {dagbag.py:496} INFO - Filling up the DagBag from /home/airflow/.local/lib/python3.6/site-packages/airflow/example_dags/example_branch_operator.py
[2023-11-01 17:45:22,227] {scheduler_job.py:643} INFO - DAG(s) dict_keys(['example_branch_operator']) retrieved from /home/airflow/.local/lib/python3.6/site-packages/airflow/example_dags/example_branch_operator.py
[2023-11-01 17:45:22,239] {logging_mixin.py:104} INFO - [2023-11-01 17:45:22,238] {dag.py:1833} INFO - Sync 1 DAGs
[2023-11-01 17:45:22,247] {logging_mixin.py:104} INFO - [2023-11-01 17:45:22,247] {dag.py:2306} INFO - Setting next_dagrun for example_branch_operator to 2023-10-30 00:00:00+00:00
[2023-11-01 17:45:22,262] {scheduler_job.py:190} INFO - Processing /home/airflow/.local/lib/python3.6/site-packages/airflow/example_dags/example_branch_operator.py took 0.043 seconds
[2023-11-01 17:45:52,969] {scheduler_job.py:182} INFO - Started process (PID=1055) to work on /home/airflow/.local/lib/python3.6/site-packages/airflow/example_dags/example_branch_operator.py
[2023-11-01 17:45:52,969] {scheduler_job.py:633} INFO - Processing file /home/airflow/.local/lib/python3.6/site-packages/airflow/example_dags/example_branch_operator.py for tasks to queue
[2023-11-01 17:45:52,969] {logging_mixin.py:104} INFO - [2023-11-01 17:45:52,969] {dagbag.py:496} INFO - Filling up the DagBag from /home/airflow/.local/lib/python3.6/site-packages/airflow/example_dags/example_branch_operator.py
[2023-11-01 17:45:52,976] {scheduler_job.py:643} INFO - DAG(s) dict_keys(['example_branch_operator']) retrieved from /home/airflow/.local/lib/python3.6/site-packages/airflow/example_dags/example_branch_operator.py
[2023-11-01 17:45:52,988] {logging_mixin.py:104} INFO - [2023-11-01 17:45:52,988] {dag.py:1833} INFO - Sync 1 DAGs
[2023-11-01 17:45:52,998] {logging_mixin.py:104} INFO - [2023-11-01 17:45:52,998] {dag.py:2306} INFO - Setting next_dagrun for example_branch_operator to 2023-10-30 00:00:00+00:00
[2023-11-01 17:45:53,002] {scheduler_job.py:190} INFO - Processing /home/airflow/.local/lib/python3.6/site-packages/airflow/example_dags/example_branch_operator.py took 0.034 seconds
[2023-11-01 17:46:23,684] {scheduler_job.py:182} INFO - Started process (PID=1116) to work on /home/airflow/.local/lib/python3.6/site-packages/airflow/example_dags/example_branch_operator.py
[2023-11-01 17:46:23,684] {scheduler_job.py:633} INFO - Processing file /home/airflow/.local/lib/python3.6/site-packages/airflow/example_dags/example_branch_operator.py for tasks to queue
[2023-11-01 17:46:23,685] {logging_mixin.py:104} INFO - [2023-11-01 17:46:23,685] {dagbag.py:496} INFO - Filling up the DagBag from /home/airflow/.local/lib/python3.6/site-packages/airflow/example_dags/example_branch_operator.py
[2023-11-01 17:46:23,695] {scheduler_job.py:643} INFO - DAG(s) dict_keys(['example_branch_operator']) retrieved from /home/airflow/.local/lib/python3.6/site-packages/airflow/example_dags/example_branch_operator.py
[2023-11-01 17:46:23,710] {logging_mixin.py:104} INFO - [2023-11-01 17:46:23,710] {dag.py:1833} INFO - Sync 1 DAGs
[2023-11-01 17:46:23,723] {logging_mixin.py:104} INFO - [2023-11-01 17:46:23,723] {dag.py:2306} INFO - Setting next_dagrun for example_branch_operator to 2023-10-30 00:00:00+00:00
[2023-11-01 17:46:23,742] {scheduler_job.py:190} INFO - Processing /home/airflow/.local/lib/python3.6/site-packages/airflow/example_dags/example_branch_operator.py took 0.060 seconds
[2023-11-01 17:46:54,391] {scheduler_job.py:182} INFO - Started process (PID=1167) to work on /home/airflow/.local/lib/python3.6/site-packages/airflow/example_dags/example_branch_operator.py
[2023-11-01 17:46:54,391] {scheduler_job.py:633} INFO - Processing file /home/airflow/.local/lib/python3.6/site-packages/airflow/example_dags/example_branch_operator.py for tasks to queue
[2023-11-01 17:46:54,392] {logging_mixin.py:104} INFO - [2023-11-01 17:46:54,392] {dagbag.py:496} INFO - Filling up the DagBag from /home/airflow/.local/lib/python3.6/site-packages/airflow/example_dags/example_branch_operator.py
[2023-11-01 17:46:54,399] {scheduler_job.py:643} INFO - DAG(s) dict_keys(['example_branch_operator']) retrieved from /home/airflow/.local/lib/python3.6/site-packages/airflow/example_dags/example_branch_operator.py
[2023-11-01 17:46:54,409] {logging_mixin.py:104} INFO - [2023-11-01 17:46:54,409] {dag.py:1833} INFO - Sync 1 DAGs
[2023-11-01 17:46:54,416] {logging_mixin.py:104} INFO - [2023-11-01 17:46:54,416] {dag.py:2306} INFO - Setting next_dagrun for example_branch_operator to 2023-10-30 00:00:00+00:00
[2023-11-01 17:46:54,420] {scheduler_job.py:190} INFO - Processing /home/airflow/.local/lib/python3.6/site-packages/airflow/example_dags/example_branch_operator.py took 0.030 seconds
[2023-11-01 17:47:25,020] {scheduler_job.py:182} INFO - Started process (PID=1247) to work on /home/airflow/.local/lib/python3.6/site-packages/airflow/example_dags/example_branch_operator.py
[2023-11-01 17:47:25,020] {scheduler_job.py:633} INFO - Processing file /home/airflow/.local/lib/python3.6/site-packages/airflow/example_dags/example_branch_operator.py for tasks to queue
[2023-11-01 17:47:25,020] {logging_mixin.py:104} INFO - [2023-11-01 17:47:25,020] {dagbag.py:496} INFO - Filling up the DagBag from /home/airflow/.local/lib/python3.6/site-packages/airflow/example_dags/example_branch_operator.py
[2023-11-01 17:47:25,026] {scheduler_job.py:643} INFO - DAG(s) dict_keys(['example_branch_operator']) retrieved from /home/airflow/.local/lib/python3.6/site-packages/airflow/example_dags/example_branch_operator.py
[2023-11-01 17:47:25,036] {logging_mixin.py:104} INFO - [2023-11-01 17:47:25,036] {dag.py:1833} INFO - Sync 1 DAGs
[2023-11-01 17:47:25,043] {logging_mixin.py:104} INFO - [2023-11-01 17:47:25,043] {dag.py:2306} INFO - Setting next_dagrun for example_branch_operator to 2023-10-30 00:00:00+00:00
[2023-11-01 17:47:25,059] {scheduler_job.py:190} INFO - Processing /home/airflow/.local/lib/python3.6/site-packages/airflow/example_dags/example_branch_operator.py took 0.041 seconds
[2023-11-01 17:47:55,690] {scheduler_job.py:182} INFO - Started process (PID=1327) to work on /home/airflow/.local/lib/python3.6/site-packages/airflow/example_dags/example_branch_operator.py
[2023-11-01 17:47:55,690] {scheduler_job.py:633} INFO - Processing file /home/airflow/.local/lib/python3.6/site-packages/airflow/example_dags/example_branch_operator.py for tasks to queue
[2023-11-01 17:47:55,690] {logging_mixin.py:104} INFO - [2023-11-01 17:47:55,690] {dagbag.py:496} INFO - Filling up the DagBag from /home/airflow/.local/lib/python3.6/site-packages/airflow/example_dags/example_branch_operator.py
[2023-11-01 17:47:55,696] {scheduler_job.py:643} INFO - DAG(s) dict_keys(['example_branch_operator']) retrieved from /home/airflow/.local/lib/python3.6/site-packages/airflow/example_dags/example_branch_operator.py
[2023-11-01 17:47:55,706] {logging_mixin.py:104} INFO - [2023-11-01 17:47:55,706] {dag.py:1833} INFO - Sync 1 DAGs
[2023-11-01 17:47:55,714] {logging_mixin.py:104} INFO - [2023-11-01 17:47:55,714] {dag.py:2306} INFO - Setting next_dagrun for example_branch_operator to 2023-10-30 00:00:00+00:00
[2023-11-01 17:47:55,729] {scheduler_job.py:190} INFO - Processing /home/airflow/.local/lib/python3.6/site-packages/airflow/example_dags/example_branch_operator.py took 0.041 seconds
[2023-11-01 17:48:26,428] {scheduler_job.py:182} INFO - Started process (PID=1408) to work on /home/airflow/.local/lib/python3.6/site-packages/airflow/example_dags/example_branch_operator.py
[2023-11-01 17:48:26,428] {scheduler_job.py:633} INFO - Processing file /home/airflow/.local/lib/python3.6/site-packages/airflow/example_dags/example_branch_operator.py for tasks to queue
[2023-11-01 17:48:26,429] {logging_mixin.py:104} INFO - [2023-11-01 17:48:26,429] {dagbag.py:496} INFO - Filling up the DagBag from /home/airflow/.local/lib/python3.6/site-packages/airflow/example_dags/example_branch_operator.py
[2023-11-01 17:48:26,435] {scheduler_job.py:643} INFO - DAG(s) dict_keys(['example_branch_operator']) retrieved from /home/airflow/.local/lib/python3.6/site-packages/airflow/example_dags/example_branch_operator.py
[2023-11-01 17:48:26,446] {logging_mixin.py:104} INFO - [2023-11-01 17:48:26,446] {dag.py:1833} INFO - Sync 1 DAGs
[2023-11-01 17:48:26,454] {logging_mixin.py:104} INFO - [2023-11-01 17:48:26,454] {dag.py:2306} INFO - Setting next_dagrun for example_branch_operator to 2023-10-30 00:00:00+00:00
[2023-11-01 17:48:26,470] {scheduler_job.py:190} INFO - Processing /home/airflow/.local/lib/python3.6/site-packages/airflow/example_dags/example_branch_operator.py took 0.043 seconds
[2023-11-01 17:48:57,103] {scheduler_job.py:182} INFO - Started process (PID=1489) to work on /home/airflow/.local/lib/python3.6/site-packages/airflow/example_dags/example_branch_operator.py
[2023-11-01 17:48:57,104] {scheduler_job.py:633} INFO - Processing file /home/airflow/.local/lib/python3.6/site-packages/airflow/example_dags/example_branch_operator.py for tasks to queue
[2023-11-01 17:48:57,105] {logging_mixin.py:104} INFO - [2023-11-01 17:48:57,105] {dagbag.py:496} INFO - Filling up the DagBag from /home/airflow/.local/lib/python3.6/site-packages/airflow/example_dags/example_branch_operator.py
[2023-11-01 17:48:57,112] {scheduler_job.py:643} INFO - DAG(s) dict_keys(['example_branch_operator']) retrieved from /home/airflow/.local/lib/python3.6/site-packages/airflow/example_dags/example_branch_operator.py
[2023-11-01 17:48:57,124] {logging_mixin.py:104} INFO - [2023-11-01 17:48:57,124] {dag.py:1833} INFO - Sync 1 DAGs
[2023-11-01 17:48:57,131] {logging_mixin.py:104} INFO - [2023-11-01 17:48:57,131] {dag.py:2306} INFO - Setting next_dagrun for example_branch_operator to 2023-10-30 00:00:00+00:00
[2023-11-01 17:48:57,150] {scheduler_job.py:190} INFO - Processing /home/airflow/.local/lib/python3.6/site-packages/airflow/example_dags/example_branch_operator.py took 0.049 seconds
[2023-11-01 17:49:27,788] {scheduler_job.py:182} INFO - Started process (PID=1559) to work on /home/airflow/.local/lib/python3.6/site-packages/airflow/example_dags/example_branch_operator.py
[2023-11-01 17:49:27,788] {scheduler_job.py:633} INFO - Processing file /home/airflow/.local/lib/python3.6/site-packages/airflow/example_dags/example_branch_operator.py for tasks to queue
[2023-11-01 17:49:27,788] {logging_mixin.py:104} INFO - [2023-11-01 17:49:27,788] {dagbag.py:496} INFO - Filling up the DagBag from /home/airflow/.local/lib/python3.6/site-packages/airflow/example_dags/example_branch_operator.py
[2023-11-01 17:49:27,794] {scheduler_job.py:643} INFO - DAG(s) dict_keys(['example_branch_operator']) retrieved from /home/airflow/.local/lib/python3.6/site-packages/airflow/example_dags/example_branch_operator.py
[2023-11-01 17:49:27,805] {logging_mixin.py:104} INFO - [2023-11-01 17:49:27,805] {dag.py:1833} INFO - Sync 1 DAGs
[2023-11-01 17:49:27,814] {logging_mixin.py:104} INFO - [2023-11-01 17:49:27,814] {dag.py:2306} INFO - Setting next_dagrun for example_branch_operator to 2023-10-30 00:00:00+00:00
[2023-11-01 17:49:27,819] {scheduler_job.py:190} INFO - Processing /home/airflow/.local/lib/python3.6/site-packages/airflow/example_dags/example_branch_operator.py took 0.032 seconds
[2023-11-01 17:49:58,524] {scheduler_job.py:182} INFO - Started process (PID=1640) to work on /home/airflow/.local/lib/python3.6/site-packages/airflow/example_dags/example_branch_operator.py
[2023-11-01 17:49:58,525] {scheduler_job.py:633} INFO - Processing file /home/airflow/.local/lib/python3.6/site-packages/airflow/example_dags/example_branch_operator.py for tasks to queue
[2023-11-01 17:49:58,525] {logging_mixin.py:104} INFO - [2023-11-01 17:49:58,525] {dagbag.py:496} INFO - Filling up the DagBag from /home/airflow/.local/lib/python3.6/site-packages/airflow/example_dags/example_branch_operator.py
[2023-11-01 17:49:58,531] {scheduler_job.py:643} INFO - DAG(s) dict_keys(['example_branch_operator']) retrieved from /home/airflow/.local/lib/python3.6/site-packages/airflow/example_dags/example_branch_operator.py
[2023-11-01 17:49:58,542] {logging_mixin.py:104} INFO - [2023-11-01 17:49:58,542] {dag.py:1833} INFO - Sync 1 DAGs
[2023-11-01 17:49:58,551] {logging_mixin.py:104} INFO - [2023-11-01 17:49:58,551] {dag.py:2306} INFO - Setting next_dagrun for example_branch_operator to 2023-10-30 00:00:00+00:00
[2023-11-01 17:49:58,555] {scheduler_job.py:190} INFO - Processing /home/airflow/.local/lib/python3.6/site-packages/airflow/example_dags/example_branch_operator.py took 0.032 seconds
[2023-11-01 17:50:29,199] {scheduler_job.py:182} INFO - Started process (PID=1720) to work on /home/airflow/.local/lib/python3.6/site-packages/airflow/example_dags/example_branch_operator.py
[2023-11-01 17:50:29,200] {scheduler_job.py:633} INFO - Processing file /home/airflow/.local/lib/python3.6/site-packages/airflow/example_dags/example_branch_operator.py for tasks to queue
[2023-11-01 17:50:29,200] {logging_mixin.py:104} INFO - [2023-11-01 17:50:29,200] {dagbag.py:496} INFO - Filling up the DagBag from /home/airflow/.local/lib/python3.6/site-packages/airflow/example_dags/example_branch_operator.py
[2023-11-01 17:50:29,206] {scheduler_job.py:643} INFO - DAG(s) dict_keys(['example_branch_operator']) retrieved from /home/airflow/.local/lib/python3.6/site-packages/airflow/example_dags/example_branch_operator.py
[2023-11-01 17:50:29,219] {logging_mixin.py:104} INFO - [2023-11-01 17:50:29,219] {dag.py:1833} INFO - Sync 1 DAGs
[2023-11-01 17:50:29,230] {logging_mixin.py:104} INFO - [2023-11-01 17:50:29,230] {dag.py:2306} INFO - Setting next_dagrun for example_branch_operator to 2023-10-30 00:00:00+00:00
[2023-11-01 17:50:29,245] {scheduler_job.py:190} INFO - Processing /home/airflow/.local/lib/python3.6/site-packages/airflow/example_dags/example_branch_operator.py took 0.047 seconds
[2023-11-01 17:50:59,916] {scheduler_job.py:182} INFO - Started process (PID=1801) to work on /home/airflow/.local/lib/python3.6/site-packages/airflow/example_dags/example_branch_operator.py
[2023-11-01 17:50:59,916] {scheduler_job.py:633} INFO - Processing file /home/airflow/.local/lib/python3.6/site-packages/airflow/example_dags/example_branch_operator.py for tasks to queue
[2023-11-01 17:50:59,917] {logging_mixin.py:104} INFO - [2023-11-01 17:50:59,917] {dagbag.py:496} INFO - Filling up the DagBag from /home/airflow/.local/lib/python3.6/site-packages/airflow/example_dags/example_branch_operator.py
[2023-11-01 17:50:59,923] {scheduler_job.py:643} INFO - DAG(s) dict_keys(['example_branch_operator']) retrieved from /home/airflow/.local/lib/python3.6/site-packages/airflow/example_dags/example_branch_operator.py
[2023-11-01 17:50:59,932] {logging_mixin.py:104} INFO - [2023-11-01 17:50:59,932] {dag.py:1833} INFO - Sync 1 DAGs
[2023-11-01 17:50:59,940] {logging_mixin.py:104} INFO - [2023-11-01 17:50:59,940] {dag.py:2306} INFO - Setting next_dagrun for example_branch_operator to 2023-10-30 00:00:00+00:00
[2023-11-01 17:50:59,955] {scheduler_job.py:190} INFO - Processing /home/airflow/.local/lib/python3.6/site-packages/airflow/example_dags/example_branch_operator.py took 0.040 seconds
[2023-11-01 17:51:30,709] {scheduler_job.py:182} INFO - Started process (PID=1882) to work on /home/airflow/.local/lib/python3.6/site-packages/airflow/example_dags/example_branch_operator.py
[2023-11-01 17:51:30,709] {scheduler_job.py:633} INFO - Processing file /home/airflow/.local/lib/python3.6/site-packages/airflow/example_dags/example_branch_operator.py for tasks to queue
[2023-11-01 17:51:30,709] {logging_mixin.py:104} INFO - [2023-11-01 17:51:30,709] {dagbag.py:496} INFO - Filling up the DagBag from /home/airflow/.local/lib/python3.6/site-packages/airflow/example_dags/example_branch_operator.py
[2023-11-01 17:51:30,717] {scheduler_job.py:643} INFO - DAG(s) dict_keys(['example_branch_operator']) retrieved from /home/airflow/.local/lib/python3.6/site-packages/airflow/example_dags/example_branch_operator.py
[2023-11-01 17:51:30,733] {logging_mixin.py:104} INFO - [2023-11-01 17:51:30,733] {dag.py:1833} INFO - Sync 1 DAGs
[2023-11-01 17:51:30,744] {logging_mixin.py:104} INFO - [2023-11-01 17:51:30,744] {dag.py:2306} INFO - Setting next_dagrun for example_branch_operator to 2023-10-30 00:00:00+00:00
[2023-11-01 17:51:30,761] {scheduler_job.py:190} INFO - Processing /home/airflow/.local/lib/python3.6/site-packages/airflow/example_dags/example_branch_operator.py took 0.054 seconds
[2023-11-01 17:52:00,808] {scheduler_job.py:182} INFO - Started process (PID=1952) to work on /home/airflow/.local/lib/python3.6/site-packages/airflow/example_dags/example_branch_operator.py
[2023-11-01 17:52:00,809] {scheduler_job.py:633} INFO - Processing file /home/airflow/.local/lib/python3.6/site-packages/airflow/example_dags/example_branch_operator.py for tasks to queue
[2023-11-01 17:52:00,810] {logging_mixin.py:104} INFO - [2023-11-01 17:52:00,810] {dagbag.py:496} INFO - Filling up the DagBag from /home/airflow/.local/lib/python3.6/site-packages/airflow/example_dags/example_branch_operator.py
[2023-11-01 17:52:00,816] {scheduler_job.py:643} INFO - DAG(s) dict_keys(['example_branch_operator']) retrieved from /home/airflow/.local/lib/python3.6/site-packages/airflow/example_dags/example_branch_operator.py
[2023-11-01 17:52:00,828] {logging_mixin.py:104} INFO - [2023-11-01 17:52:00,828] {dag.py:1833} INFO - Sync 1 DAGs
[2023-11-01 17:52:00,836] {logging_mixin.py:104} INFO - [2023-11-01 17:52:00,836] {dag.py:2306} INFO - Setting next_dagrun for example_branch_operator to 2023-10-30 00:00:00+00:00
[2023-11-01 17:52:00,852] {scheduler_job.py:190} INFO - Processing /home/airflow/.local/lib/python3.6/site-packages/airflow/example_dags/example_branch_operator.py took 0.046 seconds
[2023-11-01 17:52:31,098] {scheduler_job.py:182} INFO - Started process (PID=2034) to work on /home/airflow/.local/lib/python3.6/site-packages/airflow/example_dags/example_branch_operator.py
[2023-11-01 17:52:31,098] {scheduler_job.py:633} INFO - Processing file /home/airflow/.local/lib/python3.6/site-packages/airflow/example_dags/example_branch_operator.py for tasks to queue
[2023-11-01 17:52:31,098] {logging_mixin.py:104} INFO - [2023-11-01 17:52:31,098] {dagbag.py:496} INFO - Filling up the DagBag from /home/airflow/.local/lib/python3.6/site-packages/airflow/example_dags/example_branch_operator.py
[2023-11-01 17:52:31,105] {scheduler_job.py:643} INFO - DAG(s) dict_keys(['example_branch_operator']) retrieved from /home/airflow/.local/lib/python3.6/site-packages/airflow/example_dags/example_branch_operator.py
[2023-11-01 17:52:31,116] {logging_mixin.py:104} INFO - [2023-11-01 17:52:31,116] {dag.py:1833} INFO - Sync 1 DAGs
[2023-11-01 17:52:31,124] {logging_mixin.py:104} INFO - [2023-11-01 17:52:31,124] {dag.py:2306} INFO - Setting next_dagrun for example_branch_operator to 2023-10-30 00:00:00+00:00
[2023-11-01 17:52:31,128] {scheduler_job.py:190} INFO - Processing /home/airflow/.local/lib/python3.6/site-packages/airflow/example_dags/example_branch_operator.py took 0.032 seconds
[2023-11-01 17:53:01,271] {scheduler_job.py:182} INFO - Started process (PID=2115) to work on /home/airflow/.local/lib/python3.6/site-packages/airflow/example_dags/example_branch_operator.py
[2023-11-01 17:53:01,272] {scheduler_job.py:633} INFO - Processing file /home/airflow/.local/lib/python3.6/site-packages/airflow/example_dags/example_branch_operator.py for tasks to queue
[2023-11-01 17:53:01,272] {logging_mixin.py:104} INFO - [2023-11-01 17:53:01,272] {dagbag.py:496} INFO - Filling up the DagBag from /home/airflow/.local/lib/python3.6/site-packages/airflow/example_dags/example_branch_operator.py
[2023-11-01 17:53:01,281] {scheduler_job.py:643} INFO - DAG(s) dict_keys(['example_branch_operator']) retrieved from /home/airflow/.local/lib/python3.6/site-packages/airflow/example_dags/example_branch_operator.py
[2023-11-01 17:53:01,297] {logging_mixin.py:104} INFO - [2023-11-01 17:53:01,297] {dag.py:1833} INFO - Sync 1 DAGs
[2023-11-01 17:53:01,308] {logging_mixin.py:104} INFO - [2023-11-01 17:53:01,308] {dag.py:2306} INFO - Setting next_dagrun for example_branch_operator to 2023-10-30 00:00:00+00:00
[2023-11-01 17:53:01,315] {scheduler_job.py:190} INFO - Processing /home/airflow/.local/lib/python3.6/site-packages/airflow/example_dags/example_branch_operator.py took 0.046 seconds
[2023-11-01 17:53:32,006] {scheduler_job.py:182} INFO - Started process (PID=2186) to work on /home/airflow/.local/lib/python3.6/site-packages/airflow/example_dags/example_branch_operator.py
[2023-11-01 17:53:32,006] {scheduler_job.py:633} INFO - Processing file /home/airflow/.local/lib/python3.6/site-packages/airflow/example_dags/example_branch_operator.py for tasks to queue
[2023-11-01 17:53:32,007] {logging_mixin.py:104} INFO - [2023-11-01 17:53:32,007] {dagbag.py:496} INFO - Filling up the DagBag from /home/airflow/.local/lib/python3.6/site-packages/airflow/example_dags/example_branch_operator.py
[2023-11-01 17:53:32,013] {scheduler_job.py:643} INFO - DAG(s) dict_keys(['example_branch_operator']) retrieved from /home/airflow/.local/lib/python3.6/site-packages/airflow/example_dags/example_branch_operator.py
[2023-11-01 17:53:32,023] {logging_mixin.py:104} INFO - [2023-11-01 17:53:32,023] {dag.py:1833} INFO - Sync 1 DAGs
[2023-11-01 17:53:32,031] {logging_mixin.py:104} INFO - [2023-11-01 17:53:32,031] {dag.py:2306} INFO - Setting next_dagrun for example_branch_operator to 2023-10-30 00:00:00+00:00
[2023-11-01 17:53:32,046] {scheduler_job.py:190} INFO - Processing /home/airflow/.local/lib/python3.6/site-packages/airflow/example_dags/example_branch_operator.py took 0.041 seconds
[2023-11-01 17:54:02,765] {scheduler_job.py:182} INFO - Started process (PID=2267) to work on /home/airflow/.local/lib/python3.6/site-packages/airflow/example_dags/example_branch_operator.py
[2023-11-01 17:54:02,765] {scheduler_job.py:633} INFO - Processing file /home/airflow/.local/lib/python3.6/site-packages/airflow/example_dags/example_branch_operator.py for tasks to queue
[2023-11-01 17:54:02,766] {logging_mixin.py:104} INFO - [2023-11-01 17:54:02,766] {dagbag.py:496} INFO - Filling up the DagBag from /home/airflow/.local/lib/python3.6/site-packages/airflow/example_dags/example_branch_operator.py
[2023-11-01 17:54:02,772] {scheduler_job.py:643} INFO - DAG(s) dict_keys(['example_branch_operator']) retrieved from /home/airflow/.local/lib/python3.6/site-packages/airflow/example_dags/example_branch_operator.py
[2023-11-01 17:54:02,788] {logging_mixin.py:104} INFO - [2023-11-01 17:54:02,788] {dag.py:1833} INFO - Sync 1 DAGs
[2023-11-01 17:54:02,800] {logging_mixin.py:104} INFO - [2023-11-01 17:54:02,800] {dag.py:2306} INFO - Setting next_dagrun for example_branch_operator to 2023-10-30 00:00:00+00:00
[2023-11-01 17:54:02,817] {scheduler_job.py:190} INFO - Processing /home/airflow/.local/lib/python3.6/site-packages/airflow/example_dags/example_branch_operator.py took 0.054 seconds
[2023-11-01 17:54:32,878] {scheduler_job.py:182} INFO - Started process (PID=2368) to work on /home/airflow/.local/lib/python3.6/site-packages/airflow/example_dags/example_branch_operator.py
[2023-11-01 17:54:32,879] {scheduler_job.py:633} INFO - Processing file /home/airflow/.local/lib/python3.6/site-packages/airflow/example_dags/example_branch_operator.py for tasks to queue
[2023-11-01 17:54:32,879] {logging_mixin.py:104} INFO - [2023-11-01 17:54:32,879] {dagbag.py:496} INFO - Filling up the DagBag from /home/airflow/.local/lib/python3.6/site-packages/airflow/example_dags/example_branch_operator.py
[2023-11-01 17:54:32,884] {scheduler_job.py:643} INFO - DAG(s) dict_keys(['example_branch_operator']) retrieved from /home/airflow/.local/lib/python3.6/site-packages/airflow/example_dags/example_branch_operator.py
[2023-11-01 17:54:32,894] {logging_mixin.py:104} INFO - [2023-11-01 17:54:32,894] {dag.py:1833} INFO - Sync 1 DAGs
[2023-11-01 17:54:32,901] {logging_mixin.py:104} INFO - [2023-11-01 17:54:32,901] {dag.py:2306} INFO - Setting next_dagrun for example_branch_operator to 2023-10-30 00:00:00+00:00
[2023-11-01 17:54:32,916] {scheduler_job.py:190} INFO - Processing /home/airflow/.local/lib/python3.6/site-packages/airflow/example_dags/example_branch_operator.py took 0.039 seconds
[2023-11-01 17:55:02,937] {scheduler_job.py:182} INFO - Started process (PID=2449) to work on /home/airflow/.local/lib/python3.6/site-packages/airflow/example_dags/example_branch_operator.py
[2023-11-01 17:55:02,937] {scheduler_job.py:633} INFO - Processing file /home/airflow/.local/lib/python3.6/site-packages/airflow/example_dags/example_branch_operator.py for tasks to queue
[2023-11-01 17:55:02,937] {logging_mixin.py:104} INFO - [2023-11-01 17:55:02,937] {dagbag.py:496} INFO - Filling up the DagBag from /home/airflow/.local/lib/python3.6/site-packages/airflow/example_dags/example_branch_operator.py
[2023-11-01 17:55:02,944] {scheduler_job.py:643} INFO - DAG(s) dict_keys(['example_branch_operator']) retrieved from /home/airflow/.local/lib/python3.6/site-packages/airflow/example_dags/example_branch_operator.py
[2023-11-01 17:55:02,956] {logging_mixin.py:104} INFO - [2023-11-01 17:55:02,956] {dag.py:1833} INFO - Sync 1 DAGs
[2023-11-01 17:55:02,966] {logging_mixin.py:104} INFO - [2023-11-01 17:55:02,966] {dag.py:2306} INFO - Setting next_dagrun for example_branch_operator to 2023-10-30 00:00:00+00:00
[2023-11-01 17:55:02,972] {scheduler_job.py:190} INFO - Processing /home/airflow/.local/lib/python3.6/site-packages/airflow/example_dags/example_branch_operator.py took 0.037 seconds
[2023-11-01 17:55:33,040] {scheduler_job.py:182} INFO - Started process (PID=2520) to work on /home/airflow/.local/lib/python3.6/site-packages/airflow/example_dags/example_branch_operator.py
[2023-11-01 17:55:33,041] {scheduler_job.py:633} INFO - Processing file /home/airflow/.local/lib/python3.6/site-packages/airflow/example_dags/example_branch_operator.py for tasks to queue
[2023-11-01 17:55:33,041] {logging_mixin.py:104} INFO - [2023-11-01 17:55:33,041] {dagbag.py:496} INFO - Filling up the DagBag from /home/airflow/.local/lib/python3.6/site-packages/airflow/example_dags/example_branch_operator.py
[2023-11-01 17:55:33,048] {scheduler_job.py:643} INFO - DAG(s) dict_keys(['example_branch_operator']) retrieved from /home/airflow/.local/lib/python3.6/site-packages/airflow/example_dags/example_branch_operator.py
[2023-11-01 17:55:33,058] {logging_mixin.py:104} INFO - [2023-11-01 17:55:33,058] {dag.py:1833} INFO - Sync 1 DAGs
[2023-11-01 17:55:33,067] {logging_mixin.py:104} INFO - [2023-11-01 17:55:33,067] {dag.py:2306} INFO - Setting next_dagrun for example_branch_operator to 2023-10-30 00:00:00+00:00
[2023-11-01 17:55:33,071] {scheduler_job.py:190} INFO - Processing /home/airflow/.local/lib/python3.6/site-packages/airflow/example_dags/example_branch_operator.py took 0.032 seconds
[2023-11-01 17:56:03,693] {scheduler_job.py:182} INFO - Started process (PID=2601) to work on /home/airflow/.local/lib/python3.6/site-packages/airflow/example_dags/example_branch_operator.py
[2023-11-01 17:56:03,693] {scheduler_job.py:633} INFO - Processing file /home/airflow/.local/lib/python3.6/site-packages/airflow/example_dags/example_branch_operator.py for tasks to queue
[2023-11-01 17:56:03,694] {logging_mixin.py:104} INFO - [2023-11-01 17:56:03,693] {dagbag.py:496} INFO - Filling up the DagBag from /home/airflow/.local/lib/python3.6/site-packages/airflow/example_dags/example_branch_operator.py
[2023-11-01 17:56:03,700] {scheduler_job.py:643} INFO - DAG(s) dict_keys(['example_branch_operator']) retrieved from /home/airflow/.local/lib/python3.6/site-packages/airflow/example_dags/example_branch_operator.py
[2023-11-01 17:56:03,711] {logging_mixin.py:104} INFO - [2023-11-01 17:56:03,711] {dag.py:1833} INFO - Sync 1 DAGs
[2023-11-01 17:56:03,718] {logging_mixin.py:104} INFO - [2023-11-01 17:56:03,718] {dag.py:2306} INFO - Setting next_dagrun for example_branch_operator to 2023-10-30 00:00:00+00:00
[2023-11-01 17:56:03,723] {scheduler_job.py:190} INFO - Processing /home/airflow/.local/lib/python3.6/site-packages/airflow/example_dags/example_branch_operator.py took 0.031 seconds
[2023-11-01 17:56:34,510] {scheduler_job.py:182} INFO - Started process (PID=2682) to work on /home/airflow/.local/lib/python3.6/site-packages/airflow/example_dags/example_branch_operator.py
[2023-11-01 17:56:34,511] {scheduler_job.py:633} INFO - Processing file /home/airflow/.local/lib/python3.6/site-packages/airflow/example_dags/example_branch_operator.py for tasks to queue
[2023-11-01 17:56:34,511] {logging_mixin.py:104} INFO - [2023-11-01 17:56:34,511] {dagbag.py:496} INFO - Filling up the DagBag from /home/airflow/.local/lib/python3.6/site-packages/airflow/example_dags/example_branch_operator.py
[2023-11-01 17:56:34,517] {scheduler_job.py:643} INFO - DAG(s) dict_keys(['example_branch_operator']) retrieved from /home/airflow/.local/lib/python3.6/site-packages/airflow/example_dags/example_branch_operator.py
[2023-11-01 17:56:34,530] {logging_mixin.py:104} INFO - [2023-11-01 17:56:34,530] {dag.py:1833} INFO - Sync 1 DAGs
[2023-11-01 17:56:34,538] {logging_mixin.py:104} INFO - [2023-11-01 17:56:34,537] {dag.py:2306} INFO - Setting next_dagrun for example_branch_operator to 2023-10-30 00:00:00+00:00
[2023-11-01 17:56:34,542] {scheduler_job.py:190} INFO - Processing /home/airflow/.local/lib/python3.6/site-packages/airflow/example_dags/example_branch_operator.py took 0.033 seconds
[2023-11-01 17:57:05,273] {scheduler_job.py:182} INFO - Started process (PID=2763) to work on /home/airflow/.local/lib/python3.6/site-packages/airflow/example_dags/example_branch_operator.py
[2023-11-01 17:57:05,274] {scheduler_job.py:633} INFO - Processing file /home/airflow/.local/lib/python3.6/site-packages/airflow/example_dags/example_branch_operator.py for tasks to queue
[2023-11-01 17:57:05,274] {logging_mixin.py:104} INFO - [2023-11-01 17:57:05,274] {dagbag.py:496} INFO - Filling up the DagBag from /home/airflow/.local/lib/python3.6/site-packages/airflow/example_dags/example_branch_operator.py
[2023-11-01 17:57:05,282] {scheduler_job.py:643} INFO - DAG(s) dict_keys(['example_branch_operator']) retrieved from /home/airflow/.local/lib/python3.6/site-packages/airflow/example_dags/example_branch_operator.py
[2023-11-01 17:57:05,293] {logging_mixin.py:104} INFO - [2023-11-01 17:57:05,293] {dag.py:1833} INFO - Sync 1 DAGs
[2023-11-01 17:57:05,300] {logging_mixin.py:104} INFO - [2023-11-01 17:57:05,300] {dag.py:2306} INFO - Setting next_dagrun for example_branch_operator to 2023-10-30 00:00:00+00:00
[2023-11-01 17:57:05,306] {scheduler_job.py:190} INFO - Processing /home/airflow/.local/lib/python3.6/site-packages/airflow/example_dags/example_branch_operator.py took 0.036 seconds
[2023-11-01 17:57:36,094] {scheduler_job.py:182} INFO - Started process (PID=2834) to work on /home/airflow/.local/lib/python3.6/site-packages/airflow/example_dags/example_branch_operator.py
[2023-11-01 17:57:36,094] {scheduler_job.py:633} INFO - Processing file /home/airflow/.local/lib/python3.6/site-packages/airflow/example_dags/example_branch_operator.py for tasks to queue
[2023-11-01 17:57:36,094] {logging_mixin.py:104} INFO - [2023-11-01 17:57:36,094] {dagbag.py:496} INFO - Filling up the DagBag from /home/airflow/.local/lib/python3.6/site-packages/airflow/example_dags/example_branch_operator.py
[2023-11-01 17:57:36,101] {scheduler_job.py:643} INFO - DAG(s) dict_keys(['example_branch_operator']) retrieved from /home/airflow/.local/lib/python3.6/site-packages/airflow/example_dags/example_branch_operator.py
[2023-11-01 17:57:36,112] {logging_mixin.py:104} INFO - [2023-11-01 17:57:36,112] {dag.py:1833} INFO - Sync 1 DAGs
[2023-11-01 17:57:36,119] {logging_mixin.py:104} INFO - [2023-11-01 17:57:36,119] {dag.py:2306} INFO - Setting next_dagrun for example_branch_operator to 2023-10-30 00:00:00+00:00
[2023-11-01 17:57:36,124] {scheduler_job.py:190} INFO - Processing /home/airflow/.local/lib/python3.6/site-packages/airflow/example_dags/example_branch_operator.py took 0.032 seconds
[2023-11-01 17:58:06,138] {scheduler_job.py:182} INFO - Started process (PID=2915) to work on /home/airflow/.local/lib/python3.6/site-packages/airflow/example_dags/example_branch_operator.py
[2023-11-01 17:58:06,138] {scheduler_job.py:633} INFO - Processing file /home/airflow/.local/lib/python3.6/site-packages/airflow/example_dags/example_branch_operator.py for tasks to queue
[2023-11-01 17:58:06,138] {logging_mixin.py:104} INFO - [2023-11-01 17:58:06,138] {dagbag.py:496} INFO - Filling up the DagBag from /home/airflow/.local/lib/python3.6/site-packages/airflow/example_dags/example_branch_operator.py
[2023-11-01 17:58:06,145] {scheduler_job.py:643} INFO - DAG(s) dict_keys(['example_branch_operator']) retrieved from /home/airflow/.local/lib/python3.6/site-packages/airflow/example_dags/example_branch_operator.py
[2023-11-01 17:58:06,154] {logging_mixin.py:104} INFO - [2023-11-01 17:58:06,154] {dag.py:1833} INFO - Sync 1 DAGs
[2023-11-01 17:58:06,162] {logging_mixin.py:104} INFO - [2023-11-01 17:58:06,162] {dag.py:2306} INFO - Setting next_dagrun for example_branch_operator to 2023-10-30 00:00:00+00:00
[2023-11-01 17:58:06,166] {scheduler_job.py:190} INFO - Processing /home/airflow/.local/lib/python3.6/site-packages/airflow/example_dags/example_branch_operator.py took 0.030 seconds
[2023-11-01 17:58:36,249] {scheduler_job.py:182} INFO - Started process (PID=2996) to work on /home/airflow/.local/lib/python3.6/site-packages/airflow/example_dags/example_branch_operator.py
[2023-11-01 17:58:36,250] {scheduler_job.py:633} INFO - Processing file /home/airflow/.local/lib/python3.6/site-packages/airflow/example_dags/example_branch_operator.py for tasks to queue
[2023-11-01 17:58:36,250] {logging_mixin.py:104} INFO - [2023-11-01 17:58:36,250] {dagbag.py:496} INFO - Filling up the DagBag from /home/airflow/.local/lib/python3.6/site-packages/airflow/example_dags/example_branch_operator.py
[2023-11-01 17:58:36,257] {scheduler_job.py:643} INFO - DAG(s) dict_keys(['example_branch_operator']) retrieved from /home/airflow/.local/lib/python3.6/site-packages/airflow/example_dags/example_branch_operator.py
[2023-11-01 17:58:36,269] {logging_mixin.py:104} INFO - [2023-11-01 17:58:36,269] {dag.py:1833} INFO - Sync 1 DAGs
[2023-11-01 17:58:36,277] {logging_mixin.py:104} INFO - [2023-11-01 17:58:36,277] {dag.py:2306} INFO - Setting next_dagrun for example_branch_operator to 2023-10-30 00:00:00+00:00
[2023-11-01 17:58:36,283] {scheduler_job.py:190} INFO - Processing /home/airflow/.local/lib/python3.6/site-packages/airflow/example_dags/example_branch_operator.py took 0.035 seconds
[2023-11-01 17:59:07,158] {scheduler_job.py:182} INFO - Started process (PID=3077) to work on /home/airflow/.local/lib/python3.6/site-packages/airflow/example_dags/example_branch_operator.py
[2023-11-01 17:59:07,158] {scheduler_job.py:633} INFO - Processing file /home/airflow/.local/lib/python3.6/site-packages/airflow/example_dags/example_branch_operator.py for tasks to queue
[2023-11-01 17:59:07,158] {logging_mixin.py:104} INFO - [2023-11-01 17:59:07,158] {dagbag.py:496} INFO - Filling up the DagBag from /home/airflow/.local/lib/python3.6/site-packages/airflow/example_dags/example_branch_operator.py
[2023-11-01 17:59:07,165] {scheduler_job.py:643} INFO - DAG(s) dict_keys(['example_branch_operator']) retrieved from /home/airflow/.local/lib/python3.6/site-packages/airflow/example_dags/example_branch_operator.py
[2023-11-01 17:59:07,174] {logging_mixin.py:104} INFO - [2023-11-01 17:59:07,174] {dag.py:1833} INFO - Sync 1 DAGs
[2023-11-01 17:59:07,182] {logging_mixin.py:104} INFO - [2023-11-01 17:59:07,182] {dag.py:2306} INFO - Setting next_dagrun for example_branch_operator to 2023-10-30 00:00:00+00:00
[2023-11-01 17:59:07,186] {scheduler_job.py:190} INFO - Processing /home/airflow/.local/lib/python3.6/site-packages/airflow/example_dags/example_branch_operator.py took 0.030 seconds
[2023-11-01 17:59:37,217] {scheduler_job.py:182} INFO - Started process (PID=3167) to work on /home/airflow/.local/lib/python3.6/site-packages/airflow/example_dags/example_branch_operator.py
[2023-11-01 17:59:37,219] {scheduler_job.py:633} INFO - Processing file /home/airflow/.local/lib/python3.6/site-packages/airflow/example_dags/example_branch_operator.py for tasks to queue
[2023-11-01 17:59:37,219] {logging_mixin.py:104} INFO - [2023-11-01 17:59:37,219] {dagbag.py:496} INFO - Filling up the DagBag from /home/airflow/.local/lib/python3.6/site-packages/airflow/example_dags/example_branch_operator.py
[2023-11-01 17:59:37,225] {scheduler_job.py:643} INFO - DAG(s) dict_keys(['example_branch_operator']) retrieved from /home/airflow/.local/lib/python3.6/site-packages/airflow/example_dags/example_branch_operator.py
[2023-11-01 17:59:37,235] {logging_mixin.py:104} INFO - [2023-11-01 17:59:37,235] {dag.py:1833} INFO - Sync 1 DAGs
[2023-11-01 17:59:37,242] {logging_mixin.py:104} INFO - [2023-11-01 17:59:37,242] {dag.py:2306} INFO - Setting next_dagrun for example_branch_operator to 2023-10-30 00:00:00+00:00
[2023-11-01 17:59:37,247] {scheduler_job.py:190} INFO - Processing /home/airflow/.local/lib/python3.6/site-packages/airflow/example_dags/example_branch_operator.py took 0.032 seconds
[2023-11-01 18:00:08,116] {scheduler_job.py:182} INFO - Started process (PID=3248) to work on /home/airflow/.local/lib/python3.6/site-packages/airflow/example_dags/example_branch_operator.py
[2023-11-01 18:00:08,117] {scheduler_job.py:633} INFO - Processing file /home/airflow/.local/lib/python3.6/site-packages/airflow/example_dags/example_branch_operator.py for tasks to queue
[2023-11-01 18:00:08,117] {logging_mixin.py:104} INFO - [2023-11-01 18:00:08,117] {dagbag.py:496} INFO - Filling up the DagBag from /home/airflow/.local/lib/python3.6/site-packages/airflow/example_dags/example_branch_operator.py
[2023-11-01 18:00:08,124] {scheduler_job.py:643} INFO - DAG(s) dict_keys(['example_branch_operator']) retrieved from /home/airflow/.local/lib/python3.6/site-packages/airflow/example_dags/example_branch_operator.py
[2023-11-01 18:00:08,134] {logging_mixin.py:104} INFO - [2023-11-01 18:00:08,134] {dag.py:1833} INFO - Sync 1 DAGs
[2023-11-01 18:00:08,141] {logging_mixin.py:104} INFO - [2023-11-01 18:00:08,141] {dag.py:2306} INFO - Setting next_dagrun for example_branch_operator to 2023-10-30 00:00:00+00:00
[2023-11-01 18:00:08,145] {scheduler_job.py:190} INFO - Processing /home/airflow/.local/lib/python3.6/site-packages/airflow/example_dags/example_branch_operator.py took 0.030 seconds
