[2023-11-01 17:42:23,201] {scheduler_job.py:182} INFO - Started process (PID=377) to work on /home/airflow/.local/lib/python3.6/site-packages/airflow/example_dags/example_branch_labels.py
[2023-11-01 17:42:23,201] {scheduler_job.py:633} INFO - Processing file /home/airflow/.local/lib/python3.6/site-packages/airflow/example_dags/example_branch_labels.py for tasks to queue
[2023-11-01 17:42:23,202] {logging_mixin.py:104} INFO - [2023-11-01 17:42:23,202] {dagbag.py:496} INFO - Filling up the DagBag from /home/airflow/.local/lib/python3.6/site-packages/airflow/example_dags/example_branch_labels.py
[2023-11-01 17:42:23,207] {scheduler_job.py:643} INFO - DAG(s) dict_keys(['example_branch_labels']) retrieved from /home/airflow/.local/lib/python3.6/site-packages/airflow/example_dags/example_branch_labels.py
[2023-11-01 17:42:24,451] {logging_mixin.py:104} INFO - [2023-11-01 17:42:24,451] {dag.py:1833} INFO - Sync 1 DAGs
[2023-11-01 17:42:24,458] {logging_mixin.py:104} INFO - [2023-11-01 17:42:24,458] {dag.py:1852} INFO - Creating ORM DAG for example_branch_labels
[2023-11-01 17:42:24,464] {logging_mixin.py:104} INFO - [2023-11-01 17:42:24,464] {dag.py:2306} INFO - Setting next_dagrun for example_branch_labels to 2023-10-30 00:00:00+00:00
[2023-11-01 17:42:24,470] {scheduler_job.py:190} INFO - Processing /home/airflow/.local/lib/python3.6/site-packages/airflow/example_dags/example_branch_labels.py took 1.271 seconds
[2023-11-01 17:42:54,958] {scheduler_job.py:182} INFO - Started process (PID=719) to work on /home/airflow/.local/lib/python3.6/site-packages/airflow/example_dags/example_branch_labels.py
[2023-11-01 17:42:54,958] {scheduler_job.py:633} INFO - Processing file /home/airflow/.local/lib/python3.6/site-packages/airflow/example_dags/example_branch_labels.py for tasks to queue
[2023-11-01 17:42:54,958] {logging_mixin.py:104} INFO - [2023-11-01 17:42:54,958] {dagbag.py:496} INFO - Filling up the DagBag from /home/airflow/.local/lib/python3.6/site-packages/airflow/example_dags/example_branch_labels.py
[2023-11-01 17:42:54,963] {scheduler_job.py:643} INFO - DAG(s) dict_keys(['example_branch_labels']) retrieved from /home/airflow/.local/lib/python3.6/site-packages/airflow/example_dags/example_branch_labels.py
[2023-11-01 17:42:54,975] {logging_mixin.py:104} INFO - [2023-11-01 17:42:54,975] {dag.py:1833} INFO - Sync 1 DAGs
[2023-11-01 17:42:54,986] {logging_mixin.py:104} INFO - [2023-11-01 17:42:54,986] {dag.py:2306} INFO - Setting next_dagrun for example_branch_labels to 2023-10-30 00:00:00+00:00
[2023-11-01 17:42:55,000] {scheduler_job.py:190} INFO - Processing /home/airflow/.local/lib/python3.6/site-packages/airflow/example_dags/example_branch_labels.py took 0.044 seconds
[2023-11-01 17:43:25,534] {scheduler_job.py:182} INFO - Started process (PID=780) to work on /home/airflow/.local/lib/python3.6/site-packages/airflow/example_dags/example_branch_labels.py
[2023-11-01 17:43:25,535] {scheduler_job.py:633} INFO - Processing file /home/airflow/.local/lib/python3.6/site-packages/airflow/example_dags/example_branch_labels.py for tasks to queue
[2023-11-01 17:43:25,535] {logging_mixin.py:104} INFO - [2023-11-01 17:43:25,535] {dagbag.py:496} INFO - Filling up the DagBag from /home/airflow/.local/lib/python3.6/site-packages/airflow/example_dags/example_branch_labels.py
[2023-11-01 17:43:25,539] {scheduler_job.py:643} INFO - DAG(s) dict_keys(['example_branch_labels']) retrieved from /home/airflow/.local/lib/python3.6/site-packages/airflow/example_dags/example_branch_labels.py
[2023-11-01 17:43:25,551] {logging_mixin.py:104} INFO - [2023-11-01 17:43:25,550] {dag.py:1833} INFO - Sync 1 DAGs
[2023-11-01 17:43:25,559] {logging_mixin.py:104} INFO - [2023-11-01 17:43:25,559] {dag.py:2306} INFO - Setting next_dagrun for example_branch_labels to 2023-10-30 00:00:00+00:00
[2023-11-01 17:43:25,574] {scheduler_job.py:190} INFO - Processing /home/airflow/.local/lib/python3.6/site-packages/airflow/example_dags/example_branch_labels.py took 0.041 seconds
[2023-11-01 17:43:56,246] {scheduler_job.py:182} INFO - Started process (PID=831) to work on /home/airflow/.local/lib/python3.6/site-packages/airflow/example_dags/example_branch_labels.py
[2023-11-01 17:43:56,246] {scheduler_job.py:633} INFO - Processing file /home/airflow/.local/lib/python3.6/site-packages/airflow/example_dags/example_branch_labels.py for tasks to queue
[2023-11-01 17:43:56,246] {logging_mixin.py:104} INFO - [2023-11-01 17:43:56,246] {dagbag.py:496} INFO - Filling up the DagBag from /home/airflow/.local/lib/python3.6/site-packages/airflow/example_dags/example_branch_labels.py
[2023-11-01 17:43:56,251] {scheduler_job.py:643} INFO - DAG(s) dict_keys(['example_branch_labels']) retrieved from /home/airflow/.local/lib/python3.6/site-packages/airflow/example_dags/example_branch_labels.py
[2023-11-01 17:43:56,263] {logging_mixin.py:104} INFO - [2023-11-01 17:43:56,263] {dag.py:1833} INFO - Sync 1 DAGs
[2023-11-01 17:43:56,271] {logging_mixin.py:104} INFO - [2023-11-01 17:43:56,271] {dag.py:2306} INFO - Setting next_dagrun for example_branch_labels to 2023-10-30 00:00:00+00:00
[2023-11-01 17:43:56,275] {scheduler_job.py:190} INFO - Processing /home/airflow/.local/lib/python3.6/site-packages/airflow/example_dags/example_branch_labels.py took 0.030 seconds
[2023-11-01 17:44:27,105] {scheduler_job.py:182} INFO - Started process (PID=891) to work on /home/airflow/.local/lib/python3.6/site-packages/airflow/example_dags/example_branch_labels.py
[2023-11-01 17:44:27,106] {scheduler_job.py:633} INFO - Processing file /home/airflow/.local/lib/python3.6/site-packages/airflow/example_dags/example_branch_labels.py for tasks to queue
[2023-11-01 17:44:27,106] {logging_mixin.py:104} INFO - [2023-11-01 17:44:27,106] {dagbag.py:496} INFO - Filling up the DagBag from /home/airflow/.local/lib/python3.6/site-packages/airflow/example_dags/example_branch_labels.py
[2023-11-01 17:44:27,111] {scheduler_job.py:643} INFO - DAG(s) dict_keys(['example_branch_labels']) retrieved from /home/airflow/.local/lib/python3.6/site-packages/airflow/example_dags/example_branch_labels.py
[2023-11-01 17:44:27,122] {logging_mixin.py:104} INFO - [2023-11-01 17:44:27,122] {dag.py:1833} INFO - Sync 1 DAGs
[2023-11-01 17:44:27,129] {logging_mixin.py:104} INFO - [2023-11-01 17:44:27,129] {dag.py:2306} INFO - Setting next_dagrun for example_branch_labels to 2023-10-30 00:00:00+00:00
[2023-11-01 17:44:27,144] {scheduler_job.py:190} INFO - Processing /home/airflow/.local/lib/python3.6/site-packages/airflow/example_dags/example_branch_labels.py took 0.040 seconds
[2023-11-01 17:44:57,736] {scheduler_job.py:182} INFO - Started process (PID=952) to work on /home/airflow/.local/lib/python3.6/site-packages/airflow/example_dags/example_branch_labels.py
[2023-11-01 17:44:57,736] {scheduler_job.py:633} INFO - Processing file /home/airflow/.local/lib/python3.6/site-packages/airflow/example_dags/example_branch_labels.py for tasks to queue
[2023-11-01 17:44:57,737] {logging_mixin.py:104} INFO - [2023-11-01 17:44:57,737] {dagbag.py:496} INFO - Filling up the DagBag from /home/airflow/.local/lib/python3.6/site-packages/airflow/example_dags/example_branch_labels.py
[2023-11-01 17:44:57,741] {scheduler_job.py:643} INFO - DAG(s) dict_keys(['example_branch_labels']) retrieved from /home/airflow/.local/lib/python3.6/site-packages/airflow/example_dags/example_branch_labels.py
[2023-11-01 17:44:57,753] {logging_mixin.py:104} INFO - [2023-11-01 17:44:57,753] {dag.py:1833} INFO - Sync 1 DAGs
[2023-11-01 17:44:57,760] {logging_mixin.py:104} INFO - [2023-11-01 17:44:57,760] {dag.py:2306} INFO - Setting next_dagrun for example_branch_labels to 2023-10-30 00:00:00+00:00
[2023-11-01 17:44:57,775] {scheduler_job.py:190} INFO - Processing /home/airflow/.local/lib/python3.6/site-packages/airflow/example_dags/example_branch_labels.py took 0.040 seconds
[2023-11-01 17:45:28,393] {scheduler_job.py:182} INFO - Started process (PID=1013) to work on /home/airflow/.local/lib/python3.6/site-packages/airflow/example_dags/example_branch_labels.py
[2023-11-01 17:45:28,393] {scheduler_job.py:633} INFO - Processing file /home/airflow/.local/lib/python3.6/site-packages/airflow/example_dags/example_branch_labels.py for tasks to queue
[2023-11-01 17:45:28,393] {logging_mixin.py:104} INFO - [2023-11-01 17:45:28,393] {dagbag.py:496} INFO - Filling up the DagBag from /home/airflow/.local/lib/python3.6/site-packages/airflow/example_dags/example_branch_labels.py
[2023-11-01 17:45:28,398] {scheduler_job.py:643} INFO - DAG(s) dict_keys(['example_branch_labels']) retrieved from /home/airflow/.local/lib/python3.6/site-packages/airflow/example_dags/example_branch_labels.py
[2023-11-01 17:45:28,409] {logging_mixin.py:104} INFO - [2023-11-01 17:45:28,408] {dag.py:1833} INFO - Sync 1 DAGs
[2023-11-01 17:45:28,416] {logging_mixin.py:104} INFO - [2023-11-01 17:45:28,416] {dag.py:2306} INFO - Setting next_dagrun for example_branch_labels to 2023-10-30 00:00:00+00:00
[2023-11-01 17:45:28,426] {scheduler_job.py:190} INFO - Processing /home/airflow/.local/lib/python3.6/site-packages/airflow/example_dags/example_branch_labels.py took 0.034 seconds
[2023-11-01 17:45:59,083] {scheduler_job.py:182} INFO - Started process (PID=1064) to work on /home/airflow/.local/lib/python3.6/site-packages/airflow/example_dags/example_branch_labels.py
[2023-11-01 17:45:59,083] {scheduler_job.py:633} INFO - Processing file /home/airflow/.local/lib/python3.6/site-packages/airflow/example_dags/example_branch_labels.py for tasks to queue
[2023-11-01 17:45:59,084] {logging_mixin.py:104} INFO - [2023-11-01 17:45:59,084] {dagbag.py:496} INFO - Filling up the DagBag from /home/airflow/.local/lib/python3.6/site-packages/airflow/example_dags/example_branch_labels.py
[2023-11-01 17:45:59,090] {scheduler_job.py:643} INFO - DAG(s) dict_keys(['example_branch_labels']) retrieved from /home/airflow/.local/lib/python3.6/site-packages/airflow/example_dags/example_branch_labels.py
[2023-11-01 17:45:59,103] {logging_mixin.py:104} INFO - [2023-11-01 17:45:59,103] {dag.py:1833} INFO - Sync 1 DAGs
[2023-11-01 17:45:59,112] {logging_mixin.py:104} INFO - [2023-11-01 17:45:59,112] {dag.py:2306} INFO - Setting next_dagrun for example_branch_labels to 2023-10-30 00:00:00+00:00
[2023-11-01 17:45:59,117] {scheduler_job.py:190} INFO - Processing /home/airflow/.local/lib/python3.6/site-packages/airflow/example_dags/example_branch_labels.py took 0.036 seconds
[2023-11-01 17:46:29,858] {scheduler_job.py:182} INFO - Started process (PID=1125) to work on /home/airflow/.local/lib/python3.6/site-packages/airflow/example_dags/example_branch_labels.py
[2023-11-01 17:46:29,858] {scheduler_job.py:633} INFO - Processing file /home/airflow/.local/lib/python3.6/site-packages/airflow/example_dags/example_branch_labels.py for tasks to queue
[2023-11-01 17:46:29,858] {logging_mixin.py:104} INFO - [2023-11-01 17:46:29,858] {dagbag.py:496} INFO - Filling up the DagBag from /home/airflow/.local/lib/python3.6/site-packages/airflow/example_dags/example_branch_labels.py
[2023-11-01 17:46:29,863] {scheduler_job.py:643} INFO - DAG(s) dict_keys(['example_branch_labels']) retrieved from /home/airflow/.local/lib/python3.6/site-packages/airflow/example_dags/example_branch_labels.py
[2023-11-01 17:46:29,873] {logging_mixin.py:104} INFO - [2023-11-01 17:46:29,873] {dag.py:1833} INFO - Sync 1 DAGs
[2023-11-01 17:46:29,882] {logging_mixin.py:104} INFO - [2023-11-01 17:46:29,882] {dag.py:2306} INFO - Setting next_dagrun for example_branch_labels to 2023-10-30 00:00:00+00:00
[2023-11-01 17:46:29,897] {scheduler_job.py:190} INFO - Processing /home/airflow/.local/lib/python3.6/site-packages/airflow/example_dags/example_branch_labels.py took 0.041 seconds
[2023-11-01 17:47:00,514] {scheduler_job.py:182} INFO - Started process (PID=1186) to work on /home/airflow/.local/lib/python3.6/site-packages/airflow/example_dags/example_branch_labels.py
[2023-11-01 17:47:00,514] {scheduler_job.py:633} INFO - Processing file /home/airflow/.local/lib/python3.6/site-packages/airflow/example_dags/example_branch_labels.py for tasks to queue
[2023-11-01 17:47:00,515] {logging_mixin.py:104} INFO - [2023-11-01 17:47:00,515] {dagbag.py:496} INFO - Filling up the DagBag from /home/airflow/.local/lib/python3.6/site-packages/airflow/example_dags/example_branch_labels.py
[2023-11-01 17:47:00,519] {scheduler_job.py:643} INFO - DAG(s) dict_keys(['example_branch_labels']) retrieved from /home/airflow/.local/lib/python3.6/site-packages/airflow/example_dags/example_branch_labels.py
[2023-11-01 17:47:00,530] {logging_mixin.py:104} INFO - [2023-11-01 17:47:00,530] {dag.py:1833} INFO - Sync 1 DAGs
[2023-11-01 17:47:00,538] {logging_mixin.py:104} INFO - [2023-11-01 17:47:00,538] {dag.py:2306} INFO - Setting next_dagrun for example_branch_labels to 2023-10-30 00:00:00+00:00
[2023-11-01 17:47:00,542] {scheduler_job.py:190} INFO - Processing /home/airflow/.local/lib/python3.6/site-packages/airflow/example_dags/example_branch_labels.py took 0.029 seconds
[2023-11-01 17:47:31,185] {scheduler_job.py:182} INFO - Started process (PID=1266) to work on /home/airflow/.local/lib/python3.6/site-packages/airflow/example_dags/example_branch_labels.py
[2023-11-01 17:47:31,186] {scheduler_job.py:633} INFO - Processing file /home/airflow/.local/lib/python3.6/site-packages/airflow/example_dags/example_branch_labels.py for tasks to queue
[2023-11-01 17:47:31,186] {logging_mixin.py:104} INFO - [2023-11-01 17:47:31,186] {dagbag.py:496} INFO - Filling up the DagBag from /home/airflow/.local/lib/python3.6/site-packages/airflow/example_dags/example_branch_labels.py
[2023-11-01 17:47:31,191] {scheduler_job.py:643} INFO - DAG(s) dict_keys(['example_branch_labels']) retrieved from /home/airflow/.local/lib/python3.6/site-packages/airflow/example_dags/example_branch_labels.py
[2023-11-01 17:47:31,202] {logging_mixin.py:104} INFO - [2023-11-01 17:47:31,202] {dag.py:1833} INFO - Sync 1 DAGs
[2023-11-01 17:47:31,209] {logging_mixin.py:104} INFO - [2023-11-01 17:47:31,209] {dag.py:2306} INFO - Setting next_dagrun for example_branch_labels to 2023-10-30 00:00:00+00:00
[2023-11-01 17:47:31,223] {scheduler_job.py:190} INFO - Processing /home/airflow/.local/lib/python3.6/site-packages/airflow/example_dags/example_branch_labels.py took 0.039 seconds
[2023-11-01 17:48:01,891] {scheduler_job.py:182} INFO - Started process (PID=1346) to work on /home/airflow/.local/lib/python3.6/site-packages/airflow/example_dags/example_branch_labels.py
[2023-11-01 17:48:01,891] {scheduler_job.py:633} INFO - Processing file /home/airflow/.local/lib/python3.6/site-packages/airflow/example_dags/example_branch_labels.py for tasks to queue
[2023-11-01 17:48:01,891] {logging_mixin.py:104} INFO - [2023-11-01 17:48:01,891] {dagbag.py:496} INFO - Filling up the DagBag from /home/airflow/.local/lib/python3.6/site-packages/airflow/example_dags/example_branch_labels.py
[2023-11-01 17:48:01,896] {scheduler_job.py:643} INFO - DAG(s) dict_keys(['example_branch_labels']) retrieved from /home/airflow/.local/lib/python3.6/site-packages/airflow/example_dags/example_branch_labels.py
[2023-11-01 17:48:01,907] {logging_mixin.py:104} INFO - [2023-11-01 17:48:01,907] {dag.py:1833} INFO - Sync 1 DAGs
[2023-11-01 17:48:01,915] {logging_mixin.py:104} INFO - [2023-11-01 17:48:01,915] {dag.py:2306} INFO - Setting next_dagrun for example_branch_labels to 2023-10-30 00:00:00+00:00
[2023-11-01 17:48:01,931] {scheduler_job.py:190} INFO - Processing /home/airflow/.local/lib/python3.6/site-packages/airflow/example_dags/example_branch_labels.py took 0.041 seconds
[2023-11-01 17:48:32,597] {scheduler_job.py:182} INFO - Started process (PID=1417) to work on /home/airflow/.local/lib/python3.6/site-packages/airflow/example_dags/example_branch_labels.py
[2023-11-01 17:48:32,597] {scheduler_job.py:633} INFO - Processing file /home/airflow/.local/lib/python3.6/site-packages/airflow/example_dags/example_branch_labels.py for tasks to queue
[2023-11-01 17:48:32,597] {logging_mixin.py:104} INFO - [2023-11-01 17:48:32,597] {dagbag.py:496} INFO - Filling up the DagBag from /home/airflow/.local/lib/python3.6/site-packages/airflow/example_dags/example_branch_labels.py
[2023-11-01 17:48:32,602] {scheduler_job.py:643} INFO - DAG(s) dict_keys(['example_branch_labels']) retrieved from /home/airflow/.local/lib/python3.6/site-packages/airflow/example_dags/example_branch_labels.py
[2023-11-01 17:48:32,612] {logging_mixin.py:104} INFO - [2023-11-01 17:48:32,612] {dag.py:1833} INFO - Sync 1 DAGs
[2023-11-01 17:48:32,620] {logging_mixin.py:104} INFO - [2023-11-01 17:48:32,620] {dag.py:2306} INFO - Setting next_dagrun for example_branch_labels to 2023-10-30 00:00:00+00:00
[2023-11-01 17:48:32,634] {scheduler_job.py:190} INFO - Processing /home/airflow/.local/lib/python3.6/site-packages/airflow/example_dags/example_branch_labels.py took 0.039 seconds
[2023-11-01 17:49:03,269] {scheduler_job.py:182} INFO - Started process (PID=1498) to work on /home/airflow/.local/lib/python3.6/site-packages/airflow/example_dags/example_branch_labels.py
[2023-11-01 17:49:03,270] {scheduler_job.py:633} INFO - Processing file /home/airflow/.local/lib/python3.6/site-packages/airflow/example_dags/example_branch_labels.py for tasks to queue
[2023-11-01 17:49:03,270] {logging_mixin.py:104} INFO - [2023-11-01 17:49:03,270] {dagbag.py:496} INFO - Filling up the DagBag from /home/airflow/.local/lib/python3.6/site-packages/airflow/example_dags/example_branch_labels.py
[2023-11-01 17:49:03,275] {scheduler_job.py:643} INFO - DAG(s) dict_keys(['example_branch_labels']) retrieved from /home/airflow/.local/lib/python3.6/site-packages/airflow/example_dags/example_branch_labels.py
[2023-11-01 17:49:03,285] {logging_mixin.py:104} INFO - [2023-11-01 17:49:03,285] {dag.py:1833} INFO - Sync 1 DAGs
[2023-11-01 17:49:03,292] {logging_mixin.py:104} INFO - [2023-11-01 17:49:03,292] {dag.py:2306} INFO - Setting next_dagrun for example_branch_labels to 2023-10-30 00:00:00+00:00
[2023-11-01 17:49:03,295] {scheduler_job.py:190} INFO - Processing /home/airflow/.local/lib/python3.6/site-packages/airflow/example_dags/example_branch_labels.py took 0.028 seconds
[2023-11-01 17:49:33,973] {scheduler_job.py:182} INFO - Started process (PID=1578) to work on /home/airflow/.local/lib/python3.6/site-packages/airflow/example_dags/example_branch_labels.py
[2023-11-01 17:49:33,973] {scheduler_job.py:633} INFO - Processing file /home/airflow/.local/lib/python3.6/site-packages/airflow/example_dags/example_branch_labels.py for tasks to queue
[2023-11-01 17:49:33,974] {logging_mixin.py:104} INFO - [2023-11-01 17:49:33,974] {dagbag.py:496} INFO - Filling up the DagBag from /home/airflow/.local/lib/python3.6/site-packages/airflow/example_dags/example_branch_labels.py
[2023-11-01 17:49:33,979] {scheduler_job.py:643} INFO - DAG(s) dict_keys(['example_branch_labels']) retrieved from /home/airflow/.local/lib/python3.6/site-packages/airflow/example_dags/example_branch_labels.py
[2023-11-01 17:49:33,988] {logging_mixin.py:104} INFO - [2023-11-01 17:49:33,988] {dag.py:1833} INFO - Sync 1 DAGs
[2023-11-01 17:49:33,996] {logging_mixin.py:104} INFO - [2023-11-01 17:49:33,996] {dag.py:2306} INFO - Setting next_dagrun for example_branch_labels to 2023-10-30 00:00:00+00:00
[2023-11-01 17:49:34,010] {scheduler_job.py:190} INFO - Processing /home/airflow/.local/lib/python3.6/site-packages/airflow/example_dags/example_branch_labels.py took 0.038 seconds
[2023-11-01 17:50:04,694] {scheduler_job.py:182} INFO - Started process (PID=1658) to work on /home/airflow/.local/lib/python3.6/site-packages/airflow/example_dags/example_branch_labels.py
[2023-11-01 17:50:04,694] {scheduler_job.py:633} INFO - Processing file /home/airflow/.local/lib/python3.6/site-packages/airflow/example_dags/example_branch_labels.py for tasks to queue
[2023-11-01 17:50:04,695] {logging_mixin.py:104} INFO - [2023-11-01 17:50:04,695] {dagbag.py:496} INFO - Filling up the DagBag from /home/airflow/.local/lib/python3.6/site-packages/airflow/example_dags/example_branch_labels.py
[2023-11-01 17:50:04,699] {scheduler_job.py:643} INFO - DAG(s) dict_keys(['example_branch_labels']) retrieved from /home/airflow/.local/lib/python3.6/site-packages/airflow/example_dags/example_branch_labels.py
[2023-11-01 17:50:04,710] {logging_mixin.py:104} INFO - [2023-11-01 17:50:04,710] {dag.py:1833} INFO - Sync 1 DAGs
[2023-11-01 17:50:04,718] {logging_mixin.py:104} INFO - [2023-11-01 17:50:04,718] {dag.py:2306} INFO - Setting next_dagrun for example_branch_labels to 2023-10-30 00:00:00+00:00
[2023-11-01 17:50:04,732] {scheduler_job.py:190} INFO - Processing /home/airflow/.local/lib/python3.6/site-packages/airflow/example_dags/example_branch_labels.py took 0.039 seconds
[2023-11-01 17:50:35,362] {scheduler_job.py:182} INFO - Started process (PID=1739) to work on /home/airflow/.local/lib/python3.6/site-packages/airflow/example_dags/example_branch_labels.py
[2023-11-01 17:50:35,362] {scheduler_job.py:633} INFO - Processing file /home/airflow/.local/lib/python3.6/site-packages/airflow/example_dags/example_branch_labels.py for tasks to queue
[2023-11-01 17:50:35,362] {logging_mixin.py:104} INFO - [2023-11-01 17:50:35,362] {dagbag.py:496} INFO - Filling up the DagBag from /home/airflow/.local/lib/python3.6/site-packages/airflow/example_dags/example_branch_labels.py
[2023-11-01 17:50:35,367] {scheduler_job.py:643} INFO - DAG(s) dict_keys(['example_branch_labels']) retrieved from /home/airflow/.local/lib/python3.6/site-packages/airflow/example_dags/example_branch_labels.py
[2023-11-01 17:50:35,378] {logging_mixin.py:104} INFO - [2023-11-01 17:50:35,378] {dag.py:1833} INFO - Sync 1 DAGs
[2023-11-01 17:50:35,386] {logging_mixin.py:104} INFO - [2023-11-01 17:50:35,386] {dag.py:2306} INFO - Setting next_dagrun for example_branch_labels to 2023-10-30 00:00:00+00:00
[2023-11-01 17:50:35,390] {scheduler_job.py:190} INFO - Processing /home/airflow/.local/lib/python3.6/site-packages/airflow/example_dags/example_branch_labels.py took 0.030 seconds
[2023-11-01 17:51:06,070] {scheduler_job.py:182} INFO - Started process (PID=1810) to work on /home/airflow/.local/lib/python3.6/site-packages/airflow/example_dags/example_branch_labels.py
[2023-11-01 17:51:06,070] {scheduler_job.py:633} INFO - Processing file /home/airflow/.local/lib/python3.6/site-packages/airflow/example_dags/example_branch_labels.py for tasks to queue
[2023-11-01 17:51:06,070] {logging_mixin.py:104} INFO - [2023-11-01 17:51:06,070] {dagbag.py:496} INFO - Filling up the DagBag from /home/airflow/.local/lib/python3.6/site-packages/airflow/example_dags/example_branch_labels.py
[2023-11-01 17:51:06,075] {scheduler_job.py:643} INFO - DAG(s) dict_keys(['example_branch_labels']) retrieved from /home/airflow/.local/lib/python3.6/site-packages/airflow/example_dags/example_branch_labels.py
[2023-11-01 17:51:06,086] {logging_mixin.py:104} INFO - [2023-11-01 17:51:06,086] {dag.py:1833} INFO - Sync 1 DAGs
[2023-11-01 17:51:06,093] {logging_mixin.py:104} INFO - [2023-11-01 17:51:06,093] {dag.py:2306} INFO - Setting next_dagrun for example_branch_labels to 2023-10-30 00:00:00+00:00
[2023-11-01 17:51:06,109] {scheduler_job.py:190} INFO - Processing /home/airflow/.local/lib/python3.6/site-packages/airflow/example_dags/example_branch_labels.py took 0.040 seconds
[2023-11-01 17:51:36,923] {scheduler_job.py:182} INFO - Started process (PID=1891) to work on /home/airflow/.local/lib/python3.6/site-packages/airflow/example_dags/example_branch_labels.py
[2023-11-01 17:51:36,923] {scheduler_job.py:633} INFO - Processing file /home/airflow/.local/lib/python3.6/site-packages/airflow/example_dags/example_branch_labels.py for tasks to queue
[2023-11-01 17:51:36,924] {logging_mixin.py:104} INFO - [2023-11-01 17:51:36,924] {dagbag.py:496} INFO - Filling up the DagBag from /home/airflow/.local/lib/python3.6/site-packages/airflow/example_dags/example_branch_labels.py
[2023-11-01 17:51:36,931] {scheduler_job.py:643} INFO - DAG(s) dict_keys(['example_branch_labels']) retrieved from /home/airflow/.local/lib/python3.6/site-packages/airflow/example_dags/example_branch_labels.py
[2023-11-01 17:51:36,946] {logging_mixin.py:104} INFO - [2023-11-01 17:51:36,946] {dag.py:1833} INFO - Sync 1 DAGs
[2023-11-01 17:51:36,957] {logging_mixin.py:104} INFO - [2023-11-01 17:51:36,957] {dag.py:2306} INFO - Setting next_dagrun for example_branch_labels to 2023-10-30 00:00:00+00:00
[2023-11-01 17:51:36,974] {scheduler_job.py:190} INFO - Processing /home/airflow/.local/lib/python3.6/site-packages/airflow/example_dags/example_branch_labels.py took 0.053 seconds
[2023-11-01 17:52:07,031] {scheduler_job.py:182} INFO - Started process (PID=1971) to work on /home/airflow/.local/lib/python3.6/site-packages/airflow/example_dags/example_branch_labels.py
[2023-11-01 17:52:07,032] {scheduler_job.py:633} INFO - Processing file /home/airflow/.local/lib/python3.6/site-packages/airflow/example_dags/example_branch_labels.py for tasks to queue
[2023-11-01 17:52:07,032] {logging_mixin.py:104} INFO - [2023-11-01 17:52:07,032] {dagbag.py:496} INFO - Filling up the DagBag from /home/airflow/.local/lib/python3.6/site-packages/airflow/example_dags/example_branch_labels.py
[2023-11-01 17:52:07,039] {scheduler_job.py:643} INFO - DAG(s) dict_keys(['example_branch_labels']) retrieved from /home/airflow/.local/lib/python3.6/site-packages/airflow/example_dags/example_branch_labels.py
[2023-11-01 17:52:07,052] {logging_mixin.py:104} INFO - [2023-11-01 17:52:07,052] {dag.py:1833} INFO - Sync 1 DAGs
[2023-11-01 17:52:07,062] {logging_mixin.py:104} INFO - [2023-11-01 17:52:07,062] {dag.py:2306} INFO - Setting next_dagrun for example_branch_labels to 2023-10-30 00:00:00+00:00
[2023-11-01 17:52:07,078] {scheduler_job.py:190} INFO - Processing /home/airflow/.local/lib/python3.6/site-packages/airflow/example_dags/example_branch_labels.py took 0.049 seconds
[2023-11-01 17:52:37,314] {scheduler_job.py:182} INFO - Started process (PID=2043) to work on /home/airflow/.local/lib/python3.6/site-packages/airflow/example_dags/example_branch_labels.py
[2023-11-01 17:52:37,315] {scheduler_job.py:633} INFO - Processing file /home/airflow/.local/lib/python3.6/site-packages/airflow/example_dags/example_branch_labels.py for tasks to queue
[2023-11-01 17:52:37,315] {logging_mixin.py:104} INFO - [2023-11-01 17:52:37,315] {dagbag.py:496} INFO - Filling up the DagBag from /home/airflow/.local/lib/python3.6/site-packages/airflow/example_dags/example_branch_labels.py
[2023-11-01 17:52:37,322] {scheduler_job.py:643} INFO - DAG(s) dict_keys(['example_branch_labels']) retrieved from /home/airflow/.local/lib/python3.6/site-packages/airflow/example_dags/example_branch_labels.py
[2023-11-01 17:52:37,334] {logging_mixin.py:104} INFO - [2023-11-01 17:52:37,334] {dag.py:1833} INFO - Sync 1 DAGs
[2023-11-01 17:52:37,346] {logging_mixin.py:104} INFO - [2023-11-01 17:52:37,346] {dag.py:2306} INFO - Setting next_dagrun for example_branch_labels to 2023-10-30 00:00:00+00:00
[2023-11-01 17:52:37,360] {scheduler_job.py:190} INFO - Processing /home/airflow/.local/lib/python3.6/site-packages/airflow/example_dags/example_branch_labels.py took 0.047 seconds
[2023-11-01 17:53:07,436] {scheduler_job.py:182} INFO - Started process (PID=2123) to work on /home/airflow/.local/lib/python3.6/site-packages/airflow/example_dags/example_branch_labels.py
[2023-11-01 17:53:07,437] {scheduler_job.py:633} INFO - Processing file /home/airflow/.local/lib/python3.6/site-packages/airflow/example_dags/example_branch_labels.py for tasks to queue
[2023-11-01 17:53:07,437] {logging_mixin.py:104} INFO - [2023-11-01 17:53:07,437] {dagbag.py:496} INFO - Filling up the DagBag from /home/airflow/.local/lib/python3.6/site-packages/airflow/example_dags/example_branch_labels.py
[2023-11-01 17:53:07,441] {scheduler_job.py:643} INFO - DAG(s) dict_keys(['example_branch_labels']) retrieved from /home/airflow/.local/lib/python3.6/site-packages/airflow/example_dags/example_branch_labels.py
[2023-11-01 17:53:07,451] {logging_mixin.py:104} INFO - [2023-11-01 17:53:07,450] {dag.py:1833} INFO - Sync 1 DAGs
[2023-11-01 17:53:07,458] {logging_mixin.py:104} INFO - [2023-11-01 17:53:07,458] {dag.py:2306} INFO - Setting next_dagrun for example_branch_labels to 2023-10-30 00:00:00+00:00
[2023-11-01 17:53:07,461] {scheduler_job.py:190} INFO - Processing /home/airflow/.local/lib/python3.6/site-packages/airflow/example_dags/example_branch_labels.py took 0.027 seconds
[2023-11-01 17:53:38,182] {scheduler_job.py:182} INFO - Started process (PID=2205) to work on /home/airflow/.local/lib/python3.6/site-packages/airflow/example_dags/example_branch_labels.py
[2023-11-01 17:53:38,183] {scheduler_job.py:633} INFO - Processing file /home/airflow/.local/lib/python3.6/site-packages/airflow/example_dags/example_branch_labels.py for tasks to queue
[2023-11-01 17:53:38,183] {logging_mixin.py:104} INFO - [2023-11-01 17:53:38,183] {dagbag.py:496} INFO - Filling up the DagBag from /home/airflow/.local/lib/python3.6/site-packages/airflow/example_dags/example_branch_labels.py
[2023-11-01 17:53:38,187] {scheduler_job.py:643} INFO - DAG(s) dict_keys(['example_branch_labels']) retrieved from /home/airflow/.local/lib/python3.6/site-packages/airflow/example_dags/example_branch_labels.py
[2023-11-01 17:53:38,198] {logging_mixin.py:104} INFO - [2023-11-01 17:53:38,198] {dag.py:1833} INFO - Sync 1 DAGs
[2023-11-01 17:53:38,206] {logging_mixin.py:104} INFO - [2023-11-01 17:53:38,206] {dag.py:2306} INFO - Setting next_dagrun for example_branch_labels to 2023-10-30 00:00:00+00:00
[2023-11-01 17:53:38,210] {scheduler_job.py:190} INFO - Processing /home/airflow/.local/lib/python3.6/site-packages/airflow/example_dags/example_branch_labels.py took 0.029 seconds
[2023-11-01 17:54:08,979] {scheduler_job.py:182} INFO - Started process (PID=2286) to work on /home/airflow/.local/lib/python3.6/site-packages/airflow/example_dags/example_branch_labels.py
[2023-11-01 17:54:08,979] {scheduler_job.py:633} INFO - Processing file /home/airflow/.local/lib/python3.6/site-packages/airflow/example_dags/example_branch_labels.py for tasks to queue
[2023-11-01 17:54:08,980] {logging_mixin.py:104} INFO - [2023-11-01 17:54:08,980] {dagbag.py:496} INFO - Filling up the DagBag from /home/airflow/.local/lib/python3.6/site-packages/airflow/example_dags/example_branch_labels.py
[2023-11-01 17:54:08,986] {scheduler_job.py:643} INFO - DAG(s) dict_keys(['example_branch_labels']) retrieved from /home/airflow/.local/lib/python3.6/site-packages/airflow/example_dags/example_branch_labels.py
[2023-11-01 17:54:09,001] {logging_mixin.py:104} INFO - [2023-11-01 17:54:09,001] {dag.py:1833} INFO - Sync 1 DAGs
[2023-11-01 17:54:09,011] {logging_mixin.py:104} INFO - [2023-11-01 17:54:09,011] {dag.py:2306} INFO - Setting next_dagrun for example_branch_labels to 2023-10-30 00:00:00+00:00
[2023-11-01 17:54:09,028] {scheduler_job.py:190} INFO - Processing /home/airflow/.local/lib/python3.6/site-packages/airflow/example_dags/example_branch_labels.py took 0.051 seconds
[2023-11-01 17:54:39,099] {scheduler_job.py:182} INFO - Started process (PID=2377) to work on /home/airflow/.local/lib/python3.6/site-packages/airflow/example_dags/example_branch_labels.py
[2023-11-01 17:54:39,100] {scheduler_job.py:633} INFO - Processing file /home/airflow/.local/lib/python3.6/site-packages/airflow/example_dags/example_branch_labels.py for tasks to queue
[2023-11-01 17:54:39,101] {logging_mixin.py:104} INFO - [2023-11-01 17:54:39,101] {dagbag.py:496} INFO - Filling up the DagBag from /home/airflow/.local/lib/python3.6/site-packages/airflow/example_dags/example_branch_labels.py
[2023-11-01 17:54:39,106] {scheduler_job.py:643} INFO - DAG(s) dict_keys(['example_branch_labels']) retrieved from /home/airflow/.local/lib/python3.6/site-packages/airflow/example_dags/example_branch_labels.py
[2023-11-01 17:54:39,119] {logging_mixin.py:104} INFO - [2023-11-01 17:54:39,119] {dag.py:1833} INFO - Sync 1 DAGs
[2023-11-01 17:54:39,128] {logging_mixin.py:104} INFO - [2023-11-01 17:54:39,128] {dag.py:2306} INFO - Setting next_dagrun for example_branch_labels to 2023-10-30 00:00:00+00:00
[2023-11-01 17:54:39,132] {scheduler_job.py:190} INFO - Processing /home/airflow/.local/lib/python3.6/site-packages/airflow/example_dags/example_branch_labels.py took 0.035 seconds
[2023-11-01 17:55:09,240] {scheduler_job.py:182} INFO - Started process (PID=2458) to work on /home/airflow/.local/lib/python3.6/site-packages/airflow/example_dags/example_branch_labels.py
[2023-11-01 17:55:09,240] {scheduler_job.py:633} INFO - Processing file /home/airflow/.local/lib/python3.6/site-packages/airflow/example_dags/example_branch_labels.py for tasks to queue
[2023-11-01 17:55:09,241] {logging_mixin.py:104} INFO - [2023-11-01 17:55:09,241] {dagbag.py:496} INFO - Filling up the DagBag from /home/airflow/.local/lib/python3.6/site-packages/airflow/example_dags/example_branch_labels.py
[2023-11-01 17:55:09,250] {scheduler_job.py:643} INFO - DAG(s) dict_keys(['example_branch_labels']) retrieved from /home/airflow/.local/lib/python3.6/site-packages/airflow/example_dags/example_branch_labels.py
[2023-11-01 17:55:09,270] {logging_mixin.py:104} INFO - [2023-11-01 17:55:09,269] {dag.py:1833} INFO - Sync 1 DAGs
[2023-11-01 17:55:09,282] {logging_mixin.py:104} INFO - [2023-11-01 17:55:09,282] {dag.py:2306} INFO - Setting next_dagrun for example_branch_labels to 2023-10-30 00:00:00+00:00
[2023-11-01 17:55:09,299] {scheduler_job.py:190} INFO - Processing /home/airflow/.local/lib/python3.6/site-packages/airflow/example_dags/example_branch_labels.py took 0.062 seconds
[2023-11-01 17:55:40,161] {scheduler_job.py:182} INFO - Started process (PID=2540) to work on /home/airflow/.local/lib/python3.6/site-packages/airflow/example_dags/example_branch_labels.py
[2023-11-01 17:55:40,161] {scheduler_job.py:633} INFO - Processing file /home/airflow/.local/lib/python3.6/site-packages/airflow/example_dags/example_branch_labels.py for tasks to queue
[2023-11-01 17:55:40,161] {logging_mixin.py:104} INFO - [2023-11-01 17:55:40,161] {dagbag.py:496} INFO - Filling up the DagBag from /home/airflow/.local/lib/python3.6/site-packages/airflow/example_dags/example_branch_labels.py
[2023-11-01 17:55:40,167] {scheduler_job.py:643} INFO - DAG(s) dict_keys(['example_branch_labels']) retrieved from /home/airflow/.local/lib/python3.6/site-packages/airflow/example_dags/example_branch_labels.py
[2023-11-01 17:55:40,179] {logging_mixin.py:104} INFO - [2023-11-01 17:55:40,179] {dag.py:1833} INFO - Sync 1 DAGs
[2023-11-01 17:55:40,189] {logging_mixin.py:104} INFO - [2023-11-01 17:55:40,189] {dag.py:2306} INFO - Setting next_dagrun for example_branch_labels to 2023-10-30 00:00:00+00:00
[2023-11-01 17:55:40,203] {scheduler_job.py:190} INFO - Processing /home/airflow/.local/lib/python3.6/site-packages/airflow/example_dags/example_branch_labels.py took 0.044 seconds
[2023-11-01 17:56:10,923] {scheduler_job.py:182} INFO - Started process (PID=2621) to work on /home/airflow/.local/lib/python3.6/site-packages/airflow/example_dags/example_branch_labels.py
[2023-11-01 17:56:10,924] {scheduler_job.py:633} INFO - Processing file /home/airflow/.local/lib/python3.6/site-packages/airflow/example_dags/example_branch_labels.py for tasks to queue
[2023-11-01 17:56:10,924] {logging_mixin.py:104} INFO - [2023-11-01 17:56:10,924] {dagbag.py:496} INFO - Filling up the DagBag from /home/airflow/.local/lib/python3.6/site-packages/airflow/example_dags/example_branch_labels.py
[2023-11-01 17:56:10,928] {scheduler_job.py:643} INFO - DAG(s) dict_keys(['example_branch_labels']) retrieved from /home/airflow/.local/lib/python3.6/site-packages/airflow/example_dags/example_branch_labels.py
[2023-11-01 17:56:10,940] {logging_mixin.py:104} INFO - [2023-11-01 17:56:10,940] {dag.py:1833} INFO - Sync 1 DAGs
[2023-11-01 17:56:10,947] {logging_mixin.py:104} INFO - [2023-11-01 17:56:10,947] {dag.py:2306} INFO - Setting next_dagrun for example_branch_labels to 2023-10-30 00:00:00+00:00
[2023-11-01 17:56:10,962] {scheduler_job.py:190} INFO - Processing /home/airflow/.local/lib/python3.6/site-packages/airflow/example_dags/example_branch_labels.py took 0.040 seconds
[2023-11-01 17:56:41,689] {scheduler_job.py:182} INFO - Started process (PID=2692) to work on /home/airflow/.local/lib/python3.6/site-packages/airflow/example_dags/example_branch_labels.py
[2023-11-01 17:56:41,690] {scheduler_job.py:633} INFO - Processing file /home/airflow/.local/lib/python3.6/site-packages/airflow/example_dags/example_branch_labels.py for tasks to queue
[2023-11-01 17:56:41,690] {logging_mixin.py:104} INFO - [2023-11-01 17:56:41,690] {dagbag.py:496} INFO - Filling up the DagBag from /home/airflow/.local/lib/python3.6/site-packages/airflow/example_dags/example_branch_labels.py
[2023-11-01 17:56:41,695] {scheduler_job.py:643} INFO - DAG(s) dict_keys(['example_branch_labels']) retrieved from /home/airflow/.local/lib/python3.6/site-packages/airflow/example_dags/example_branch_labels.py
[2023-11-01 17:56:41,708] {logging_mixin.py:104} INFO - [2023-11-01 17:56:41,707] {dag.py:1833} INFO - Sync 1 DAGs
[2023-11-01 17:56:41,716] {logging_mixin.py:104} INFO - [2023-11-01 17:56:41,716] {dag.py:2306} INFO - Setting next_dagrun for example_branch_labels to 2023-10-30 00:00:00+00:00
[2023-11-01 17:56:41,720] {scheduler_job.py:190} INFO - Processing /home/airflow/.local/lib/python3.6/site-packages/airflow/example_dags/example_branch_labels.py took 0.032 seconds
[2023-11-01 17:57:12,525] {scheduler_job.py:182} INFO - Started process (PID=2773) to work on /home/airflow/.local/lib/python3.6/site-packages/airflow/example_dags/example_branch_labels.py
[2023-11-01 17:57:12,526] {scheduler_job.py:633} INFO - Processing file /home/airflow/.local/lib/python3.6/site-packages/airflow/example_dags/example_branch_labels.py for tasks to queue
[2023-11-01 17:57:12,526] {logging_mixin.py:104} INFO - [2023-11-01 17:57:12,526] {dagbag.py:496} INFO - Filling up the DagBag from /home/airflow/.local/lib/python3.6/site-packages/airflow/example_dags/example_branch_labels.py
[2023-11-01 17:57:12,531] {scheduler_job.py:643} INFO - DAG(s) dict_keys(['example_branch_labels']) retrieved from /home/airflow/.local/lib/python3.6/site-packages/airflow/example_dags/example_branch_labels.py
[2023-11-01 17:57:12,541] {logging_mixin.py:104} INFO - [2023-11-01 17:57:12,541] {dag.py:1833} INFO - Sync 1 DAGs
[2023-11-01 17:57:12,548] {logging_mixin.py:104} INFO - [2023-11-01 17:57:12,548] {dag.py:2306} INFO - Setting next_dagrun for example_branch_labels to 2023-10-30 00:00:00+00:00
[2023-11-01 17:57:12,551] {scheduler_job.py:190} INFO - Processing /home/airflow/.local/lib/python3.6/site-packages/airflow/example_dags/example_branch_labels.py took 0.028 seconds
[2023-11-01 17:57:43,333] {scheduler_job.py:182} INFO - Started process (PID=2854) to work on /home/airflow/.local/lib/python3.6/site-packages/airflow/example_dags/example_branch_labels.py
[2023-11-01 17:57:43,333] {scheduler_job.py:633} INFO - Processing file /home/airflow/.local/lib/python3.6/site-packages/airflow/example_dags/example_branch_labels.py for tasks to queue
[2023-11-01 17:57:43,333] {logging_mixin.py:104} INFO - [2023-11-01 17:57:43,333] {dagbag.py:496} INFO - Filling up the DagBag from /home/airflow/.local/lib/python3.6/site-packages/airflow/example_dags/example_branch_labels.py
[2023-11-01 17:57:43,338] {scheduler_job.py:643} INFO - DAG(s) dict_keys(['example_branch_labels']) retrieved from /home/airflow/.local/lib/python3.6/site-packages/airflow/example_dags/example_branch_labels.py
[2023-11-01 17:57:43,350] {logging_mixin.py:104} INFO - [2023-11-01 17:57:43,350] {dag.py:1833} INFO - Sync 1 DAGs
[2023-11-01 17:57:43,357] {logging_mixin.py:104} INFO - [2023-11-01 17:57:43,357] {dag.py:2306} INFO - Setting next_dagrun for example_branch_labels to 2023-10-30 00:00:00+00:00
[2023-11-01 17:57:43,371] {scheduler_job.py:190} INFO - Processing /home/airflow/.local/lib/python3.6/site-packages/airflow/example_dags/example_branch_labels.py took 0.039 seconds
[2023-11-01 17:58:14,319] {scheduler_job.py:182} INFO - Started process (PID=2935) to work on /home/airflow/.local/lib/python3.6/site-packages/airflow/example_dags/example_branch_labels.py
[2023-11-01 17:58:14,320] {scheduler_job.py:633} INFO - Processing file /home/airflow/.local/lib/python3.6/site-packages/airflow/example_dags/example_branch_labels.py for tasks to queue
[2023-11-01 17:58:14,320] {logging_mixin.py:104} INFO - [2023-11-01 17:58:14,320] {dagbag.py:496} INFO - Filling up the DagBag from /home/airflow/.local/lib/python3.6/site-packages/airflow/example_dags/example_branch_labels.py
[2023-11-01 17:58:14,325] {scheduler_job.py:643} INFO - DAG(s) dict_keys(['example_branch_labels']) retrieved from /home/airflow/.local/lib/python3.6/site-packages/airflow/example_dags/example_branch_labels.py
[2023-11-01 17:58:14,335] {logging_mixin.py:104} INFO - [2023-11-01 17:58:14,335] {dag.py:1833} INFO - Sync 1 DAGs
[2023-11-01 17:58:14,343] {logging_mixin.py:104} INFO - [2023-11-01 17:58:14,343] {dag.py:2306} INFO - Setting next_dagrun for example_branch_labels to 2023-10-30 00:00:00+00:00
[2023-11-01 17:58:14,358] {scheduler_job.py:190} INFO - Processing /home/airflow/.local/lib/python3.6/site-packages/airflow/example_dags/example_branch_labels.py took 0.040 seconds
[2023-11-01 17:58:44,425] {scheduler_job.py:182} INFO - Started process (PID=3016) to work on /home/airflow/.local/lib/python3.6/site-packages/airflow/example_dags/example_branch_labels.py
[2023-11-01 17:58:44,426] {scheduler_job.py:633} INFO - Processing file /home/airflow/.local/lib/python3.6/site-packages/airflow/example_dags/example_branch_labels.py for tasks to queue
[2023-11-01 17:58:44,426] {logging_mixin.py:104} INFO - [2023-11-01 17:58:44,426] {dagbag.py:496} INFO - Filling up the DagBag from /home/airflow/.local/lib/python3.6/site-packages/airflow/example_dags/example_branch_labels.py
[2023-11-01 17:58:44,431] {scheduler_job.py:643} INFO - DAG(s) dict_keys(['example_branch_labels']) retrieved from /home/airflow/.local/lib/python3.6/site-packages/airflow/example_dags/example_branch_labels.py
[2023-11-01 17:58:44,443] {logging_mixin.py:104} INFO - [2023-11-01 17:58:44,443] {dag.py:1833} INFO - Sync 1 DAGs
[2023-11-01 17:58:44,457] {logging_mixin.py:104} INFO - [2023-11-01 17:58:44,456] {dag.py:2306} INFO - Setting next_dagrun for example_branch_labels to 2023-10-30 00:00:00+00:00
[2023-11-01 17:58:44,461] {scheduler_job.py:190} INFO - Processing /home/airflow/.local/lib/python3.6/site-packages/airflow/example_dags/example_branch_labels.py took 0.036 seconds
[2023-11-01 17:59:15,546] {scheduler_job.py:182} INFO - Started process (PID=3107) to work on /home/airflow/.local/lib/python3.6/site-packages/airflow/example_dags/example_branch_labels.py
[2023-11-01 17:59:15,548] {scheduler_job.py:633} INFO - Processing file /home/airflow/.local/lib/python3.6/site-packages/airflow/example_dags/example_branch_labels.py for tasks to queue
[2023-11-01 17:59:15,548] {logging_mixin.py:104} INFO - [2023-11-01 17:59:15,548] {dagbag.py:496} INFO - Filling up the DagBag from /home/airflow/.local/lib/python3.6/site-packages/airflow/example_dags/example_branch_labels.py
[2023-11-01 17:59:15,553] {scheduler_job.py:643} INFO - DAG(s) dict_keys(['example_branch_labels']) retrieved from /home/airflow/.local/lib/python3.6/site-packages/airflow/example_dags/example_branch_labels.py
[2023-11-01 17:59:15,563] {logging_mixin.py:104} INFO - [2023-11-01 17:59:15,563] {dag.py:1833} INFO - Sync 1 DAGs
[2023-11-01 17:59:15,571] {logging_mixin.py:104} INFO - [2023-11-01 17:59:15,571] {dag.py:2306} INFO - Setting next_dagrun for example_branch_labels to 2023-10-30 00:00:00+00:00
[2023-11-01 17:59:15,575] {scheduler_job.py:190} INFO - Processing /home/airflow/.local/lib/python3.6/site-packages/airflow/example_dags/example_branch_labels.py took 0.031 seconds
[2023-11-01 17:59:46,448] {scheduler_job.py:182} INFO - Started process (PID=3187) to work on /home/airflow/.local/lib/python3.6/site-packages/airflow/example_dags/example_branch_labels.py
[2023-11-01 17:59:46,448] {scheduler_job.py:633} INFO - Processing file /home/airflow/.local/lib/python3.6/site-packages/airflow/example_dags/example_branch_labels.py for tasks to queue
[2023-11-01 17:59:46,448] {logging_mixin.py:104} INFO - [2023-11-01 17:59:46,448] {dagbag.py:496} INFO - Filling up the DagBag from /home/airflow/.local/lib/python3.6/site-packages/airflow/example_dags/example_branch_labels.py
[2023-11-01 17:59:46,453] {scheduler_job.py:643} INFO - DAG(s) dict_keys(['example_branch_labels']) retrieved from /home/airflow/.local/lib/python3.6/site-packages/airflow/example_dags/example_branch_labels.py
[2023-11-01 17:59:46,462] {logging_mixin.py:104} INFO - [2023-11-01 17:59:46,462] {dag.py:1833} INFO - Sync 1 DAGs
[2023-11-01 17:59:46,470] {logging_mixin.py:104} INFO - [2023-11-01 17:59:46,470] {dag.py:2306} INFO - Setting next_dagrun for example_branch_labels to 2023-10-30 00:00:00+00:00
[2023-11-01 17:59:46,485] {scheduler_job.py:190} INFO - Processing /home/airflow/.local/lib/python3.6/site-packages/airflow/example_dags/example_branch_labels.py took 0.038 seconds
[2023-11-01 18:00:17,264] {scheduler_job.py:182} INFO - Started process (PID=3268) to work on /home/airflow/.local/lib/python3.6/site-packages/airflow/example_dags/example_branch_labels.py
[2023-11-01 18:00:17,264] {scheduler_job.py:633} INFO - Processing file /home/airflow/.local/lib/python3.6/site-packages/airflow/example_dags/example_branch_labels.py for tasks to queue
[2023-11-01 18:00:17,264] {logging_mixin.py:104} INFO - [2023-11-01 18:00:17,264] {dagbag.py:496} INFO - Filling up the DagBag from /home/airflow/.local/lib/python3.6/site-packages/airflow/example_dags/example_branch_labels.py
[2023-11-01 18:00:17,269] {scheduler_job.py:643} INFO - DAG(s) dict_keys(['example_branch_labels']) retrieved from /home/airflow/.local/lib/python3.6/site-packages/airflow/example_dags/example_branch_labels.py
[2023-11-01 18:00:17,279] {logging_mixin.py:104} INFO - [2023-11-01 18:00:17,279] {dag.py:1833} INFO - Sync 1 DAGs
[2023-11-01 18:00:17,287] {logging_mixin.py:104} INFO - [2023-11-01 18:00:17,287] {dag.py:2306} INFO - Setting next_dagrun for example_branch_labels to 2023-10-30 00:00:00+00:00
[2023-11-01 18:00:17,301] {scheduler_job.py:190} INFO - Processing /home/airflow/.local/lib/python3.6/site-packages/airflow/example_dags/example_branch_labels.py took 0.039 seconds
