[2023-11-01 17:42:20,845] {scheduler_job.py:182} INFO - Started process (PID=294) to work on /home/airflow/.local/lib/python3.6/site-packages/airflow/example_dags/example_nested_branch_dag.py
[2023-11-01 17:42:20,846] {scheduler_job.py:633} INFO - Processing file /home/airflow/.local/lib/python3.6/site-packages/airflow/example_dags/example_nested_branch_dag.py for tasks to queue
[2023-11-01 17:42:20,846] {logging_mixin.py:104} INFO - [2023-11-01 17:42:20,846] {dagbag.py:496} INFO - Filling up the DagBag from /home/airflow/.local/lib/python3.6/site-packages/airflow/example_dags/example_nested_branch_dag.py
[2023-11-01 17:42:20,854] {scheduler_job.py:643} INFO - DAG(s) dict_keys(['example_nested_branch_dag']) retrieved from /home/airflow/.local/lib/python3.6/site-packages/airflow/example_dags/example_nested_branch_dag.py
[2023-11-01 17:42:22,037] {logging_mixin.py:104} INFO - [2023-11-01 17:42:22,037] {dag.py:1833} INFO - Sync 1 DAGs
[2023-11-01 17:42:22,041] {logging_mixin.py:104} INFO - [2023-11-01 17:42:22,041] {dag.py:1852} INFO - Creating ORM DAG for example_nested_branch_dag
[2023-11-01 17:42:22,044] {logging_mixin.py:104} INFO - [2023-11-01 17:42:22,044] {dag.py:2306} INFO - Setting next_dagrun for example_nested_branch_dag to 2023-10-30 00:00:00+00:00
[2023-11-01 17:42:22,049] {scheduler_job.py:190} INFO - Processing /home/airflow/.local/lib/python3.6/site-packages/airflow/example_dags/example_nested_branch_dag.py took 1.206 seconds
[2023-11-01 17:42:52,898] {scheduler_job.py:182} INFO - Started process (PID=715) to work on /home/airflow/.local/lib/python3.6/site-packages/airflow/example_dags/example_nested_branch_dag.py
[2023-11-01 17:42:52,898] {scheduler_job.py:633} INFO - Processing file /home/airflow/.local/lib/python3.6/site-packages/airflow/example_dags/example_nested_branch_dag.py for tasks to queue
[2023-11-01 17:42:52,899] {logging_mixin.py:104} INFO - [2023-11-01 17:42:52,899] {dagbag.py:496} INFO - Filling up the DagBag from /home/airflow/.local/lib/python3.6/site-packages/airflow/example_dags/example_nested_branch_dag.py
[2023-11-01 17:42:52,906] {scheduler_job.py:643} INFO - DAG(s) dict_keys(['example_nested_branch_dag']) retrieved from /home/airflow/.local/lib/python3.6/site-packages/airflow/example_dags/example_nested_branch_dag.py
[2023-11-01 17:42:52,918] {logging_mixin.py:104} INFO - [2023-11-01 17:42:52,918] {dag.py:1833} INFO - Sync 1 DAGs
[2023-11-01 17:42:52,926] {logging_mixin.py:104} INFO - [2023-11-01 17:42:52,926] {dag.py:2306} INFO - Setting next_dagrun for example_nested_branch_dag to 2023-10-30 00:00:00+00:00
[2023-11-01 17:42:52,942] {scheduler_job.py:190} INFO - Processing /home/airflow/.local/lib/python3.6/site-packages/airflow/example_dags/example_nested_branch_dag.py took 0.046 seconds
[2023-11-01 17:43:23,491] {scheduler_job.py:182} INFO - Started process (PID=766) to work on /home/airflow/.local/lib/python3.6/site-packages/airflow/example_dags/example_nested_branch_dag.py
[2023-11-01 17:43:23,492] {scheduler_job.py:633} INFO - Processing file /home/airflow/.local/lib/python3.6/site-packages/airflow/example_dags/example_nested_branch_dag.py for tasks to queue
[2023-11-01 17:43:23,492] {logging_mixin.py:104} INFO - [2023-11-01 17:43:23,492] {dagbag.py:496} INFO - Filling up the DagBag from /home/airflow/.local/lib/python3.6/site-packages/airflow/example_dags/example_nested_branch_dag.py
[2023-11-01 17:43:23,498] {scheduler_job.py:643} INFO - DAG(s) dict_keys(['example_nested_branch_dag']) retrieved from /home/airflow/.local/lib/python3.6/site-packages/airflow/example_dags/example_nested_branch_dag.py
[2023-11-01 17:43:23,509] {logging_mixin.py:104} INFO - [2023-11-01 17:43:23,509] {dag.py:1833} INFO - Sync 1 DAGs
[2023-11-01 17:43:23,516] {logging_mixin.py:104} INFO - [2023-11-01 17:43:23,516] {dag.py:2306} INFO - Setting next_dagrun for example_nested_branch_dag to 2023-10-30 00:00:00+00:00
[2023-11-01 17:43:23,522] {scheduler_job.py:190} INFO - Processing /home/airflow/.local/lib/python3.6/site-packages/airflow/example_dags/example_nested_branch_dag.py took 0.032 seconds
[2023-11-01 17:43:54,200] {scheduler_job.py:182} INFO - Started process (PID=827) to work on /home/airflow/.local/lib/python3.6/site-packages/airflow/example_dags/example_nested_branch_dag.py
[2023-11-01 17:43:54,201] {scheduler_job.py:633} INFO - Processing file /home/airflow/.local/lib/python3.6/site-packages/airflow/example_dags/example_nested_branch_dag.py for tasks to queue
[2023-11-01 17:43:54,201] {logging_mixin.py:104} INFO - [2023-11-01 17:43:54,201] {dagbag.py:496} INFO - Filling up the DagBag from /home/airflow/.local/lib/python3.6/site-packages/airflow/example_dags/example_nested_branch_dag.py
[2023-11-01 17:43:54,207] {scheduler_job.py:643} INFO - DAG(s) dict_keys(['example_nested_branch_dag']) retrieved from /home/airflow/.local/lib/python3.6/site-packages/airflow/example_dags/example_nested_branch_dag.py
[2023-11-01 17:43:54,218] {logging_mixin.py:104} INFO - [2023-11-01 17:43:54,218] {dag.py:1833} INFO - Sync 1 DAGs
[2023-11-01 17:43:54,225] {logging_mixin.py:104} INFO - [2023-11-01 17:43:54,225] {dag.py:2306} INFO - Setting next_dagrun for example_nested_branch_dag to 2023-10-30 00:00:00+00:00
[2023-11-01 17:43:54,230] {scheduler_job.py:190} INFO - Processing /home/airflow/.local/lib/python3.6/site-packages/airflow/example_dags/example_nested_branch_dag.py took 0.031 seconds
[2023-11-01 17:44:25,048] {scheduler_job.py:182} INFO - Started process (PID=887) to work on /home/airflow/.local/lib/python3.6/site-packages/airflow/example_dags/example_nested_branch_dag.py
[2023-11-01 17:44:25,048] {scheduler_job.py:633} INFO - Processing file /home/airflow/.local/lib/python3.6/site-packages/airflow/example_dags/example_nested_branch_dag.py for tasks to queue
[2023-11-01 17:44:25,048] {logging_mixin.py:104} INFO - [2023-11-01 17:44:25,048] {dagbag.py:496} INFO - Filling up the DagBag from /home/airflow/.local/lib/python3.6/site-packages/airflow/example_dags/example_nested_branch_dag.py
[2023-11-01 17:44:25,054] {scheduler_job.py:643} INFO - DAG(s) dict_keys(['example_nested_branch_dag']) retrieved from /home/airflow/.local/lib/python3.6/site-packages/airflow/example_dags/example_nested_branch_dag.py
[2023-11-01 17:44:25,065] {logging_mixin.py:104} INFO - [2023-11-01 17:44:25,065] {dag.py:1833} INFO - Sync 1 DAGs
[2023-11-01 17:44:25,073] {logging_mixin.py:104} INFO - [2023-11-01 17:44:25,073] {dag.py:2306} INFO - Setting next_dagrun for example_nested_branch_dag to 2023-10-30 00:00:00+00:00
[2023-11-01 17:44:25,089] {scheduler_job.py:190} INFO - Processing /home/airflow/.local/lib/python3.6/site-packages/airflow/example_dags/example_nested_branch_dag.py took 0.043 seconds
[2023-11-01 17:44:55,723] {scheduler_job.py:182} INFO - Started process (PID=948) to work on /home/airflow/.local/lib/python3.6/site-packages/airflow/example_dags/example_nested_branch_dag.py
[2023-11-01 17:44:55,724] {scheduler_job.py:633} INFO - Processing file /home/airflow/.local/lib/python3.6/site-packages/airflow/example_dags/example_nested_branch_dag.py for tasks to queue
[2023-11-01 17:44:55,724] {logging_mixin.py:104} INFO - [2023-11-01 17:44:55,724] {dagbag.py:496} INFO - Filling up the DagBag from /home/airflow/.local/lib/python3.6/site-packages/airflow/example_dags/example_nested_branch_dag.py
[2023-11-01 17:44:55,730] {scheduler_job.py:643} INFO - DAG(s) dict_keys(['example_nested_branch_dag']) retrieved from /home/airflow/.local/lib/python3.6/site-packages/airflow/example_dags/example_nested_branch_dag.py
[2023-11-01 17:44:55,741] {logging_mixin.py:104} INFO - [2023-11-01 17:44:55,741] {dag.py:1833} INFO - Sync 1 DAGs
[2023-11-01 17:44:55,748] {logging_mixin.py:104} INFO - [2023-11-01 17:44:55,748] {dag.py:2306} INFO - Setting next_dagrun for example_nested_branch_dag to 2023-10-30 00:00:00+00:00
[2023-11-01 17:44:55,754] {scheduler_job.py:190} INFO - Processing /home/airflow/.local/lib/python3.6/site-packages/airflow/example_dags/example_nested_branch_dag.py took 0.032 seconds
[2023-11-01 17:45:26,383] {scheduler_job.py:182} INFO - Started process (PID=1006) to work on /home/airflow/.local/lib/python3.6/site-packages/airflow/example_dags/example_nested_branch_dag.py
[2023-11-01 17:45:26,384] {scheduler_job.py:633} INFO - Processing file /home/airflow/.local/lib/python3.6/site-packages/airflow/example_dags/example_nested_branch_dag.py for tasks to queue
[2023-11-01 17:45:26,384] {logging_mixin.py:104} INFO - [2023-11-01 17:45:26,384] {dagbag.py:496} INFO - Filling up the DagBag from /home/airflow/.local/lib/python3.6/site-packages/airflow/example_dags/example_nested_branch_dag.py
[2023-11-01 17:45:26,393] {scheduler_job.py:643} INFO - DAG(s) dict_keys(['example_nested_branch_dag']) retrieved from /home/airflow/.local/lib/python3.6/site-packages/airflow/example_dags/example_nested_branch_dag.py
[2023-11-01 17:45:26,406] {logging_mixin.py:104} INFO - [2023-11-01 17:45:26,406] {dag.py:1833} INFO - Sync 1 DAGs
[2023-11-01 17:45:26,417] {logging_mixin.py:104} INFO - [2023-11-01 17:45:26,417] {dag.py:2306} INFO - Setting next_dagrun for example_nested_branch_dag to 2023-10-30 00:00:00+00:00
[2023-11-01 17:45:26,424] {scheduler_job.py:190} INFO - Processing /home/airflow/.local/lib/python3.6/site-packages/airflow/example_dags/example_nested_branch_dag.py took 0.043 seconds
[2023-11-01 17:45:57,065] {scheduler_job.py:182} INFO - Started process (PID=1060) to work on /home/airflow/.local/lib/python3.6/site-packages/airflow/example_dags/example_nested_branch_dag.py
[2023-11-01 17:45:57,066] {scheduler_job.py:633} INFO - Processing file /home/airflow/.local/lib/python3.6/site-packages/airflow/example_dags/example_nested_branch_dag.py for tasks to queue
[2023-11-01 17:45:57,066] {logging_mixin.py:104} INFO - [2023-11-01 17:45:57,066] {dagbag.py:496} INFO - Filling up the DagBag from /home/airflow/.local/lib/python3.6/site-packages/airflow/example_dags/example_nested_branch_dag.py
[2023-11-01 17:45:57,075] {scheduler_job.py:643} INFO - DAG(s) dict_keys(['example_nested_branch_dag']) retrieved from /home/airflow/.local/lib/python3.6/site-packages/airflow/example_dags/example_nested_branch_dag.py
[2023-11-01 17:45:57,095] {logging_mixin.py:104} INFO - [2023-11-01 17:45:57,095] {dag.py:1833} INFO - Sync 1 DAGs
[2023-11-01 17:45:57,104] {logging_mixin.py:104} INFO - [2023-11-01 17:45:57,104] {dag.py:2306} INFO - Setting next_dagrun for example_nested_branch_dag to 2023-10-30 00:00:00+00:00
[2023-11-01 17:45:57,111] {scheduler_job.py:190} INFO - Processing /home/airflow/.local/lib/python3.6/site-packages/airflow/example_dags/example_nested_branch_dag.py took 0.048 seconds
[2023-11-01 17:46:27,815] {scheduler_job.py:182} INFO - Started process (PID=1121) to work on /home/airflow/.local/lib/python3.6/site-packages/airflow/example_dags/example_nested_branch_dag.py
[2023-11-01 17:46:27,815] {scheduler_job.py:633} INFO - Processing file /home/airflow/.local/lib/python3.6/site-packages/airflow/example_dags/example_nested_branch_dag.py for tasks to queue
[2023-11-01 17:46:27,816] {logging_mixin.py:104} INFO - [2023-11-01 17:46:27,816] {dagbag.py:496} INFO - Filling up the DagBag from /home/airflow/.local/lib/python3.6/site-packages/airflow/example_dags/example_nested_branch_dag.py
[2023-11-01 17:46:27,821] {scheduler_job.py:643} INFO - DAG(s) dict_keys(['example_nested_branch_dag']) retrieved from /home/airflow/.local/lib/python3.6/site-packages/airflow/example_dags/example_nested_branch_dag.py
[2023-11-01 17:46:27,834] {logging_mixin.py:104} INFO - [2023-11-01 17:46:27,834] {dag.py:1833} INFO - Sync 1 DAGs
[2023-11-01 17:46:27,841] {logging_mixin.py:104} INFO - [2023-11-01 17:46:27,841] {dag.py:2306} INFO - Setting next_dagrun for example_nested_branch_dag to 2023-10-30 00:00:00+00:00
[2023-11-01 17:46:27,845] {scheduler_job.py:190} INFO - Processing /home/airflow/.local/lib/python3.6/site-packages/airflow/example_dags/example_nested_branch_dag.py took 0.032 seconds
[2023-11-01 17:46:58,473] {scheduler_job.py:182} INFO - Started process (PID=1182) to work on /home/airflow/.local/lib/python3.6/site-packages/airflow/example_dags/example_nested_branch_dag.py
[2023-11-01 17:46:58,474] {scheduler_job.py:633} INFO - Processing file /home/airflow/.local/lib/python3.6/site-packages/airflow/example_dags/example_nested_branch_dag.py for tasks to queue
[2023-11-01 17:46:58,474] {logging_mixin.py:104} INFO - [2023-11-01 17:46:58,474] {dagbag.py:496} INFO - Filling up the DagBag from /home/airflow/.local/lib/python3.6/site-packages/airflow/example_dags/example_nested_branch_dag.py
[2023-11-01 17:46:58,482] {scheduler_job.py:643} INFO - DAG(s) dict_keys(['example_nested_branch_dag']) retrieved from /home/airflow/.local/lib/python3.6/site-packages/airflow/example_dags/example_nested_branch_dag.py
[2023-11-01 17:46:58,491] {logging_mixin.py:104} INFO - [2023-11-01 17:46:58,491] {dag.py:1833} INFO - Sync 1 DAGs
[2023-11-01 17:46:58,498] {logging_mixin.py:104} INFO - [2023-11-01 17:46:58,498] {dag.py:2306} INFO - Setting next_dagrun for example_nested_branch_dag to 2023-10-30 00:00:00+00:00
[2023-11-01 17:46:58,502] {scheduler_job.py:190} INFO - Processing /home/airflow/.local/lib/python3.6/site-packages/airflow/example_dags/example_nested_branch_dag.py took 0.030 seconds
[2023-11-01 17:47:29,127] {scheduler_job.py:182} INFO - Started process (PID=1262) to work on /home/airflow/.local/lib/python3.6/site-packages/airflow/example_dags/example_nested_branch_dag.py
[2023-11-01 17:47:29,128] {scheduler_job.py:633} INFO - Processing file /home/airflow/.local/lib/python3.6/site-packages/airflow/example_dags/example_nested_branch_dag.py for tasks to queue
[2023-11-01 17:47:29,128] {logging_mixin.py:104} INFO - [2023-11-01 17:47:29,128] {dagbag.py:496} INFO - Filling up the DagBag from /home/airflow/.local/lib/python3.6/site-packages/airflow/example_dags/example_nested_branch_dag.py
[2023-11-01 17:47:29,134] {scheduler_job.py:643} INFO - DAG(s) dict_keys(['example_nested_branch_dag']) retrieved from /home/airflow/.local/lib/python3.6/site-packages/airflow/example_dags/example_nested_branch_dag.py
[2023-11-01 17:47:29,144] {logging_mixin.py:104} INFO - [2023-11-01 17:47:29,144] {dag.py:1833} INFO - Sync 1 DAGs
[2023-11-01 17:47:29,152] {logging_mixin.py:104} INFO - [2023-11-01 17:47:29,152] {dag.py:2306} INFO - Setting next_dagrun for example_nested_branch_dag to 2023-10-30 00:00:00+00:00
[2023-11-01 17:47:29,168] {scheduler_job.py:190} INFO - Processing /home/airflow/.local/lib/python3.6/site-packages/airflow/example_dags/example_nested_branch_dag.py took 0.042 seconds
[2023-11-01 17:47:59,845] {scheduler_job.py:182} INFO - Started process (PID=1332) to work on /home/airflow/.local/lib/python3.6/site-packages/airflow/example_dags/example_nested_branch_dag.py
[2023-11-01 17:47:59,846] {scheduler_job.py:633} INFO - Processing file /home/airflow/.local/lib/python3.6/site-packages/airflow/example_dags/example_nested_branch_dag.py for tasks to queue
[2023-11-01 17:47:59,846] {logging_mixin.py:104} INFO - [2023-11-01 17:47:59,846] {dagbag.py:496} INFO - Filling up the DagBag from /home/airflow/.local/lib/python3.6/site-packages/airflow/example_dags/example_nested_branch_dag.py
[2023-11-01 17:47:59,852] {scheduler_job.py:643} INFO - DAG(s) dict_keys(['example_nested_branch_dag']) retrieved from /home/airflow/.local/lib/python3.6/site-packages/airflow/example_dags/example_nested_branch_dag.py
[2023-11-01 17:47:59,862] {logging_mixin.py:104} INFO - [2023-11-01 17:47:59,862] {dag.py:1833} INFO - Sync 1 DAGs
[2023-11-01 17:47:59,870] {logging_mixin.py:104} INFO - [2023-11-01 17:47:59,870] {dag.py:2306} INFO - Setting next_dagrun for example_nested_branch_dag to 2023-10-30 00:00:00+00:00
[2023-11-01 17:47:59,877] {scheduler_job.py:190} INFO - Processing /home/airflow/.local/lib/python3.6/site-packages/airflow/example_dags/example_nested_branch_dag.py took 0.033 seconds
[2023-11-01 17:48:30,584] {scheduler_job.py:182} INFO - Started process (PID=1413) to work on /home/airflow/.local/lib/python3.6/site-packages/airflow/example_dags/example_nested_branch_dag.py
[2023-11-01 17:48:30,584] {scheduler_job.py:633} INFO - Processing file /home/airflow/.local/lib/python3.6/site-packages/airflow/example_dags/example_nested_branch_dag.py for tasks to queue
[2023-11-01 17:48:30,585] {logging_mixin.py:104} INFO - [2023-11-01 17:48:30,584] {dagbag.py:496} INFO - Filling up the DagBag from /home/airflow/.local/lib/python3.6/site-packages/airflow/example_dags/example_nested_branch_dag.py
[2023-11-01 17:48:30,591] {scheduler_job.py:643} INFO - DAG(s) dict_keys(['example_nested_branch_dag']) retrieved from /home/airflow/.local/lib/python3.6/site-packages/airflow/example_dags/example_nested_branch_dag.py
[2023-11-01 17:48:30,602] {logging_mixin.py:104} INFO - [2023-11-01 17:48:30,602] {dag.py:1833} INFO - Sync 1 DAGs
[2023-11-01 17:48:30,610] {logging_mixin.py:104} INFO - [2023-11-01 17:48:30,610] {dag.py:2306} INFO - Setting next_dagrun for example_nested_branch_dag to 2023-10-30 00:00:00+00:00
[2023-11-01 17:48:30,625] {scheduler_job.py:190} INFO - Processing /home/airflow/.local/lib/python3.6/site-packages/airflow/example_dags/example_nested_branch_dag.py took 0.043 seconds
[2023-11-01 17:49:01,225] {scheduler_job.py:182} INFO - Started process (PID=1494) to work on /home/airflow/.local/lib/python3.6/site-packages/airflow/example_dags/example_nested_branch_dag.py
[2023-11-01 17:49:01,226] {scheduler_job.py:633} INFO - Processing file /home/airflow/.local/lib/python3.6/site-packages/airflow/example_dags/example_nested_branch_dag.py for tasks to queue
[2023-11-01 17:49:01,226] {logging_mixin.py:104} INFO - [2023-11-01 17:49:01,226] {dagbag.py:496} INFO - Filling up the DagBag from /home/airflow/.local/lib/python3.6/site-packages/airflow/example_dags/example_nested_branch_dag.py
[2023-11-01 17:49:01,232] {scheduler_job.py:643} INFO - DAG(s) dict_keys(['example_nested_branch_dag']) retrieved from /home/airflow/.local/lib/python3.6/site-packages/airflow/example_dags/example_nested_branch_dag.py
[2023-11-01 17:49:01,242] {logging_mixin.py:104} INFO - [2023-11-01 17:49:01,242] {dag.py:1833} INFO - Sync 1 DAGs
[2023-11-01 17:49:01,249] {logging_mixin.py:104} INFO - [2023-11-01 17:49:01,249] {dag.py:2306} INFO - Setting next_dagrun for example_nested_branch_dag to 2023-10-30 00:00:00+00:00
[2023-11-01 17:49:01,254] {scheduler_job.py:190} INFO - Processing /home/airflow/.local/lib/python3.6/site-packages/airflow/example_dags/example_nested_branch_dag.py took 0.031 seconds
[2023-11-01 17:49:31,931] {scheduler_job.py:182} INFO - Started process (PID=1574) to work on /home/airflow/.local/lib/python3.6/site-packages/airflow/example_dags/example_nested_branch_dag.py
[2023-11-01 17:49:31,931] {scheduler_job.py:633} INFO - Processing file /home/airflow/.local/lib/python3.6/site-packages/airflow/example_dags/example_nested_branch_dag.py for tasks to queue
[2023-11-01 17:49:31,931] {logging_mixin.py:104} INFO - [2023-11-01 17:49:31,931] {dagbag.py:496} INFO - Filling up the DagBag from /home/airflow/.local/lib/python3.6/site-packages/airflow/example_dags/example_nested_branch_dag.py
[2023-11-01 17:49:31,937] {scheduler_job.py:643} INFO - DAG(s) dict_keys(['example_nested_branch_dag']) retrieved from /home/airflow/.local/lib/python3.6/site-packages/airflow/example_dags/example_nested_branch_dag.py
[2023-11-01 17:49:31,947] {logging_mixin.py:104} INFO - [2023-11-01 17:49:31,947] {dag.py:1833} INFO - Sync 1 DAGs
[2023-11-01 17:49:31,955] {logging_mixin.py:104} INFO - [2023-11-01 17:49:31,955] {dag.py:2306} INFO - Setting next_dagrun for example_nested_branch_dag to 2023-10-30 00:00:00+00:00
[2023-11-01 17:49:31,960] {scheduler_job.py:190} INFO - Processing /home/airflow/.local/lib/python3.6/site-packages/airflow/example_dags/example_nested_branch_dag.py took 0.030 seconds
[2023-11-01 17:50:02,654] {scheduler_job.py:182} INFO - Started process (PID=1654) to work on /home/airflow/.local/lib/python3.6/site-packages/airflow/example_dags/example_nested_branch_dag.py
[2023-11-01 17:50:02,654] {scheduler_job.py:633} INFO - Processing file /home/airflow/.local/lib/python3.6/site-packages/airflow/example_dags/example_nested_branch_dag.py for tasks to queue
[2023-11-01 17:50:02,654] {logging_mixin.py:104} INFO - [2023-11-01 17:50:02,654] {dagbag.py:496} INFO - Filling up the DagBag from /home/airflow/.local/lib/python3.6/site-packages/airflow/example_dags/example_nested_branch_dag.py
[2023-11-01 17:50:02,660] {scheduler_job.py:643} INFO - DAG(s) dict_keys(['example_nested_branch_dag']) retrieved from /home/airflow/.local/lib/python3.6/site-packages/airflow/example_dags/example_nested_branch_dag.py
[2023-11-01 17:50:02,670] {logging_mixin.py:104} INFO - [2023-11-01 17:50:02,670] {dag.py:1833} INFO - Sync 1 DAGs
[2023-11-01 17:50:02,678] {logging_mixin.py:104} INFO - [2023-11-01 17:50:02,678] {dag.py:2306} INFO - Setting next_dagrun for example_nested_branch_dag to 2023-10-30 00:00:00+00:00
[2023-11-01 17:50:02,682] {scheduler_job.py:190} INFO - Processing /home/airflow/.local/lib/python3.6/site-packages/airflow/example_dags/example_nested_branch_dag.py took 0.030 seconds
[2023-11-01 17:50:33,315] {scheduler_job.py:182} INFO - Started process (PID=1725) to work on /home/airflow/.local/lib/python3.6/site-packages/airflow/example_dags/example_nested_branch_dag.py
[2023-11-01 17:50:33,316] {scheduler_job.py:633} INFO - Processing file /home/airflow/.local/lib/python3.6/site-packages/airflow/example_dags/example_nested_branch_dag.py for tasks to queue
[2023-11-01 17:50:33,316] {logging_mixin.py:104} INFO - [2023-11-01 17:50:33,316] {dagbag.py:496} INFO - Filling up the DagBag from /home/airflow/.local/lib/python3.6/site-packages/airflow/example_dags/example_nested_branch_dag.py
[2023-11-01 17:50:33,321] {scheduler_job.py:643} INFO - DAG(s) dict_keys(['example_nested_branch_dag']) retrieved from /home/airflow/.local/lib/python3.6/site-packages/airflow/example_dags/example_nested_branch_dag.py
[2023-11-01 17:50:33,334] {logging_mixin.py:104} INFO - [2023-11-01 17:50:33,334] {dag.py:1833} INFO - Sync 1 DAGs
[2023-11-01 17:50:33,341] {logging_mixin.py:104} INFO - [2023-11-01 17:50:33,341] {dag.py:2306} INFO - Setting next_dagrun for example_nested_branch_dag to 2023-10-30 00:00:00+00:00
[2023-11-01 17:50:33,346] {scheduler_job.py:190} INFO - Processing /home/airflow/.local/lib/python3.6/site-packages/airflow/example_dags/example_nested_branch_dag.py took 0.032 seconds
[2023-11-01 17:51:04,023] {scheduler_job.py:182} INFO - Started process (PID=1806) to work on /home/airflow/.local/lib/python3.6/site-packages/airflow/example_dags/example_nested_branch_dag.py
[2023-11-01 17:51:04,024] {scheduler_job.py:633} INFO - Processing file /home/airflow/.local/lib/python3.6/site-packages/airflow/example_dags/example_nested_branch_dag.py for tasks to queue
[2023-11-01 17:51:04,024] {logging_mixin.py:104} INFO - [2023-11-01 17:51:04,024] {dagbag.py:496} INFO - Filling up the DagBag from /home/airflow/.local/lib/python3.6/site-packages/airflow/example_dags/example_nested_branch_dag.py
[2023-11-01 17:51:04,031] {scheduler_job.py:643} INFO - DAG(s) dict_keys(['example_nested_branch_dag']) retrieved from /home/airflow/.local/lib/python3.6/site-packages/airflow/example_dags/example_nested_branch_dag.py
[2023-11-01 17:51:04,042] {logging_mixin.py:104} INFO - [2023-11-01 17:51:04,041] {dag.py:1833} INFO - Sync 1 DAGs
[2023-11-01 17:51:04,050] {logging_mixin.py:104} INFO - [2023-11-01 17:51:04,049] {dag.py:2306} INFO - Setting next_dagrun for example_nested_branch_dag to 2023-10-30 00:00:00+00:00
[2023-11-01 17:51:04,054] {scheduler_job.py:190} INFO - Processing /home/airflow/.local/lib/python3.6/site-packages/airflow/example_dags/example_nested_branch_dag.py took 0.032 seconds
[2023-11-01 17:51:34,904] {scheduler_job.py:182} INFO - Started process (PID=1887) to work on /home/airflow/.local/lib/python3.6/site-packages/airflow/example_dags/example_nested_branch_dag.py
[2023-11-01 17:51:34,905] {scheduler_job.py:633} INFO - Processing file /home/airflow/.local/lib/python3.6/site-packages/airflow/example_dags/example_nested_branch_dag.py for tasks to queue
[2023-11-01 17:51:34,905] {logging_mixin.py:104} INFO - [2023-11-01 17:51:34,905] {dagbag.py:496} INFO - Filling up the DagBag from /home/airflow/.local/lib/python3.6/site-packages/airflow/example_dags/example_nested_branch_dag.py
[2023-11-01 17:51:34,911] {scheduler_job.py:643} INFO - DAG(s) dict_keys(['example_nested_branch_dag']) retrieved from /home/airflow/.local/lib/python3.6/site-packages/airflow/example_dags/example_nested_branch_dag.py
[2023-11-01 17:51:34,925] {logging_mixin.py:104} INFO - [2023-11-01 17:51:34,925] {dag.py:1833} INFO - Sync 1 DAGs
[2023-11-01 17:51:34,936] {logging_mixin.py:104} INFO - [2023-11-01 17:51:34,936] {dag.py:2306} INFO - Setting next_dagrun for example_nested_branch_dag to 2023-10-30 00:00:00+00:00
[2023-11-01 17:51:34,940] {scheduler_job.py:190} INFO - Processing /home/airflow/.local/lib/python3.6/site-packages/airflow/example_dags/example_nested_branch_dag.py took 0.038 seconds
[2023-11-01 17:52:04,966] {scheduler_job.py:182} INFO - Started process (PID=1968) to work on /home/airflow/.local/lib/python3.6/site-packages/airflow/example_dags/example_nested_branch_dag.py
[2023-11-01 17:52:04,967] {scheduler_job.py:633} INFO - Processing file /home/airflow/.local/lib/python3.6/site-packages/airflow/example_dags/example_nested_branch_dag.py for tasks to queue
[2023-11-01 17:52:04,968] {logging_mixin.py:104} INFO - [2023-11-01 17:52:04,968] {dagbag.py:496} INFO - Filling up the DagBag from /home/airflow/.local/lib/python3.6/site-packages/airflow/example_dags/example_nested_branch_dag.py
[2023-11-01 17:52:04,977] {scheduler_job.py:643} INFO - DAG(s) dict_keys(['example_nested_branch_dag']) retrieved from /home/airflow/.local/lib/python3.6/site-packages/airflow/example_dags/example_nested_branch_dag.py
[2023-11-01 17:52:04,992] {logging_mixin.py:104} INFO - [2023-11-01 17:52:04,992] {dag.py:1833} INFO - Sync 1 DAGs
[2023-11-01 17:52:05,007] {logging_mixin.py:104} INFO - [2023-11-01 17:52:05,007] {dag.py:2306} INFO - Setting next_dagrun for example_nested_branch_dag to 2023-10-30 00:00:00+00:00
[2023-11-01 17:52:05,013] {scheduler_job.py:190} INFO - Processing /home/airflow/.local/lib/python3.6/site-packages/airflow/example_dags/example_nested_branch_dag.py took 0.050 seconds
[2023-11-01 17:52:35,247] {scheduler_job.py:182} INFO - Started process (PID=2039) to work on /home/airflow/.local/lib/python3.6/site-packages/airflow/example_dags/example_nested_branch_dag.py
[2023-11-01 17:52:35,247] {scheduler_job.py:633} INFO - Processing file /home/airflow/.local/lib/python3.6/site-packages/airflow/example_dags/example_nested_branch_dag.py for tasks to queue
[2023-11-01 17:52:35,248] {logging_mixin.py:104} INFO - [2023-11-01 17:52:35,247] {dagbag.py:496} INFO - Filling up the DagBag from /home/airflow/.local/lib/python3.6/site-packages/airflow/example_dags/example_nested_branch_dag.py
[2023-11-01 17:52:35,254] {scheduler_job.py:643} INFO - DAG(s) dict_keys(['example_nested_branch_dag']) retrieved from /home/airflow/.local/lib/python3.6/site-packages/airflow/example_dags/example_nested_branch_dag.py
[2023-11-01 17:52:35,265] {logging_mixin.py:104} INFO - [2023-11-01 17:52:35,265] {dag.py:1833} INFO - Sync 1 DAGs
[2023-11-01 17:52:35,275] {logging_mixin.py:104} INFO - [2023-11-01 17:52:35,275] {dag.py:2306} INFO - Setting next_dagrun for example_nested_branch_dag to 2023-10-30 00:00:00+00:00
[2023-11-01 17:52:35,289] {scheduler_job.py:190} INFO - Processing /home/airflow/.local/lib/python3.6/site-packages/airflow/example_dags/example_nested_branch_dag.py took 0.044 seconds
[2023-11-01 17:53:05,376] {scheduler_job.py:182} INFO - Started process (PID=2120) to work on /home/airflow/.local/lib/python3.6/site-packages/airflow/example_dags/example_nested_branch_dag.py
[2023-11-01 17:53:05,376] {scheduler_job.py:633} INFO - Processing file /home/airflow/.local/lib/python3.6/site-packages/airflow/example_dags/example_nested_branch_dag.py for tasks to queue
[2023-11-01 17:53:05,377] {logging_mixin.py:104} INFO - [2023-11-01 17:53:05,377] {dagbag.py:496} INFO - Filling up the DagBag from /home/airflow/.local/lib/python3.6/site-packages/airflow/example_dags/example_nested_branch_dag.py
[2023-11-01 17:53:05,383] {scheduler_job.py:643} INFO - DAG(s) dict_keys(['example_nested_branch_dag']) retrieved from /home/airflow/.local/lib/python3.6/site-packages/airflow/example_dags/example_nested_branch_dag.py
[2023-11-01 17:53:05,398] {logging_mixin.py:104} INFO - [2023-11-01 17:53:05,398] {dag.py:1833} INFO - Sync 1 DAGs
[2023-11-01 17:53:05,406] {logging_mixin.py:104} INFO - [2023-11-01 17:53:05,406] {dag.py:2306} INFO - Setting next_dagrun for example_nested_branch_dag to 2023-10-30 00:00:00+00:00
[2023-11-01 17:53:05,424] {scheduler_job.py:190} INFO - Processing /home/airflow/.local/lib/python3.6/site-packages/airflow/example_dags/example_nested_branch_dag.py took 0.050 seconds
[2023-11-01 17:53:36,110] {scheduler_job.py:182} INFO - Started process (PID=2201) to work on /home/airflow/.local/lib/python3.6/site-packages/airflow/example_dags/example_nested_branch_dag.py
[2023-11-01 17:53:36,110] {scheduler_job.py:633} INFO - Processing file /home/airflow/.local/lib/python3.6/site-packages/airflow/example_dags/example_nested_branch_dag.py for tasks to queue
[2023-11-01 17:53:36,111] {logging_mixin.py:104} INFO - [2023-11-01 17:53:36,111] {dagbag.py:496} INFO - Filling up the DagBag from /home/airflow/.local/lib/python3.6/site-packages/airflow/example_dags/example_nested_branch_dag.py
[2023-11-01 17:53:36,119] {scheduler_job.py:643} INFO - DAG(s) dict_keys(['example_nested_branch_dag']) retrieved from /home/airflow/.local/lib/python3.6/site-packages/airflow/example_dags/example_nested_branch_dag.py
[2023-11-01 17:53:36,135] {logging_mixin.py:104} INFO - [2023-11-01 17:53:36,135] {dag.py:1833} INFO - Sync 1 DAGs
[2023-11-01 17:53:36,146] {logging_mixin.py:104} INFO - [2023-11-01 17:53:36,146] {dag.py:2306} INFO - Setting next_dagrun for example_nested_branch_dag to 2023-10-30 00:00:00+00:00
[2023-11-01 17:53:36,164] {scheduler_job.py:190} INFO - Processing /home/airflow/.local/lib/python3.6/site-packages/airflow/example_dags/example_nested_branch_dag.py took 0.057 seconds
[2023-11-01 17:54:06,962] {scheduler_job.py:182} INFO - Started process (PID=2281) to work on /home/airflow/.local/lib/python3.6/site-packages/airflow/example_dags/example_nested_branch_dag.py
[2023-11-01 17:54:06,963] {scheduler_job.py:633} INFO - Processing file /home/airflow/.local/lib/python3.6/site-packages/airflow/example_dags/example_nested_branch_dag.py for tasks to queue
[2023-11-01 17:54:06,963] {logging_mixin.py:104} INFO - [2023-11-01 17:54:06,963] {dagbag.py:496} INFO - Filling up the DagBag from /home/airflow/.local/lib/python3.6/site-packages/airflow/example_dags/example_nested_branch_dag.py
[2023-11-01 17:54:06,969] {scheduler_job.py:643} INFO - DAG(s) dict_keys(['example_nested_branch_dag']) retrieved from /home/airflow/.local/lib/python3.6/site-packages/airflow/example_dags/example_nested_branch_dag.py
[2023-11-01 17:54:06,983] {logging_mixin.py:104} INFO - [2023-11-01 17:54:06,983] {dag.py:1833} INFO - Sync 1 DAGs
[2023-11-01 17:54:06,994] {logging_mixin.py:104} INFO - [2023-11-01 17:54:06,994] {dag.py:2306} INFO - Setting next_dagrun for example_nested_branch_dag to 2023-10-30 00:00:00+00:00
[2023-11-01 17:54:07,011] {scheduler_job.py:190} INFO - Processing /home/airflow/.local/lib/python3.6/site-packages/airflow/example_dags/example_nested_branch_dag.py took 0.051 seconds
[2023-11-01 17:54:37,043] {scheduler_job.py:182} INFO - Started process (PID=2374) to work on /home/airflow/.local/lib/python3.6/site-packages/airflow/example_dags/example_nested_branch_dag.py
[2023-11-01 17:54:37,044] {scheduler_job.py:633} INFO - Processing file /home/airflow/.local/lib/python3.6/site-packages/airflow/example_dags/example_nested_branch_dag.py for tasks to queue
[2023-11-01 17:54:37,044] {logging_mixin.py:104} INFO - [2023-11-01 17:54:37,044] {dagbag.py:496} INFO - Filling up the DagBag from /home/airflow/.local/lib/python3.6/site-packages/airflow/example_dags/example_nested_branch_dag.py
[2023-11-01 17:54:37,050] {scheduler_job.py:643} INFO - DAG(s) dict_keys(['example_nested_branch_dag']) retrieved from /home/airflow/.local/lib/python3.6/site-packages/airflow/example_dags/example_nested_branch_dag.py
[2023-11-01 17:54:37,061] {logging_mixin.py:104} INFO - [2023-11-01 17:54:37,061] {dag.py:1833} INFO - Sync 1 DAGs
[2023-11-01 17:54:37,069] {logging_mixin.py:104} INFO - [2023-11-01 17:54:37,069] {dag.py:2306} INFO - Setting next_dagrun for example_nested_branch_dag to 2023-10-30 00:00:00+00:00
[2023-11-01 17:54:37,084] {scheduler_job.py:190} INFO - Processing /home/airflow/.local/lib/python3.6/site-packages/airflow/example_dags/example_nested_branch_dag.py took 0.043 seconds
[2023-11-01 17:55:07,171] {scheduler_job.py:182} INFO - Started process (PID=2455) to work on /home/airflow/.local/lib/python3.6/site-packages/airflow/example_dags/example_nested_branch_dag.py
[2023-11-01 17:55:07,171] {scheduler_job.py:633} INFO - Processing file /home/airflow/.local/lib/python3.6/site-packages/airflow/example_dags/example_nested_branch_dag.py for tasks to queue
[2023-11-01 17:55:07,172] {logging_mixin.py:104} INFO - [2023-11-01 17:55:07,172] {dagbag.py:496} INFO - Filling up the DagBag from /home/airflow/.local/lib/python3.6/site-packages/airflow/example_dags/example_nested_branch_dag.py
[2023-11-01 17:55:07,179] {scheduler_job.py:643} INFO - DAG(s) dict_keys(['example_nested_branch_dag']) retrieved from /home/airflow/.local/lib/python3.6/site-packages/airflow/example_dags/example_nested_branch_dag.py
[2023-11-01 17:55:07,194] {logging_mixin.py:104} INFO - [2023-11-01 17:55:07,193] {dag.py:1833} INFO - Sync 1 DAGs
[2023-11-01 17:55:07,202] {logging_mixin.py:104} INFO - [2023-11-01 17:55:07,202] {dag.py:2306} INFO - Setting next_dagrun for example_nested_branch_dag to 2023-10-30 00:00:00+00:00
[2023-11-01 17:55:07,220] {scheduler_job.py:190} INFO - Processing /home/airflow/.local/lib/python3.6/site-packages/airflow/example_dags/example_nested_branch_dag.py took 0.050 seconds
[2023-11-01 17:55:38,147] {scheduler_job.py:182} INFO - Started process (PID=2536) to work on /home/airflow/.local/lib/python3.6/site-packages/airflow/example_dags/example_nested_branch_dag.py
[2023-11-01 17:55:38,148] {scheduler_job.py:633} INFO - Processing file /home/airflow/.local/lib/python3.6/site-packages/airflow/example_dags/example_nested_branch_dag.py for tasks to queue
[2023-11-01 17:55:38,148] {logging_mixin.py:104} INFO - [2023-11-01 17:55:38,148] {dagbag.py:496} INFO - Filling up the DagBag from /home/airflow/.local/lib/python3.6/site-packages/airflow/example_dags/example_nested_branch_dag.py
[2023-11-01 17:55:38,158] {scheduler_job.py:643} INFO - DAG(s) dict_keys(['example_nested_branch_dag']) retrieved from /home/airflow/.local/lib/python3.6/site-packages/airflow/example_dags/example_nested_branch_dag.py
[2023-11-01 17:55:38,172] {logging_mixin.py:104} INFO - [2023-11-01 17:55:38,172] {dag.py:1833} INFO - Sync 1 DAGs
[2023-11-01 17:55:38,184] {logging_mixin.py:104} INFO - [2023-11-01 17:55:38,184] {dag.py:2306} INFO - Setting next_dagrun for example_nested_branch_dag to 2023-10-30 00:00:00+00:00
[2023-11-01 17:55:38,190] {scheduler_job.py:190} INFO - Processing /home/airflow/.local/lib/python3.6/site-packages/airflow/example_dags/example_nested_branch_dag.py took 0.044 seconds
[2023-11-01 17:56:08,859] {scheduler_job.py:182} INFO - Started process (PID=2614) to work on /home/airflow/.local/lib/python3.6/site-packages/airflow/example_dags/example_nested_branch_dag.py
[2023-11-01 17:56:08,859] {scheduler_job.py:633} INFO - Processing file /home/airflow/.local/lib/python3.6/site-packages/airflow/example_dags/example_nested_branch_dag.py for tasks to queue
[2023-11-01 17:56:08,859] {logging_mixin.py:104} INFO - [2023-11-01 17:56:08,859] {dagbag.py:496} INFO - Filling up the DagBag from /home/airflow/.local/lib/python3.6/site-packages/airflow/example_dags/example_nested_branch_dag.py
[2023-11-01 17:56:08,866] {scheduler_job.py:643} INFO - DAG(s) dict_keys(['example_nested_branch_dag']) retrieved from /home/airflow/.local/lib/python3.6/site-packages/airflow/example_dags/example_nested_branch_dag.py
[2023-11-01 17:56:08,878] {logging_mixin.py:104} INFO - [2023-11-01 17:56:08,878] {dag.py:1833} INFO - Sync 1 DAGs
[2023-11-01 17:56:08,889] {logging_mixin.py:104} INFO - [2023-11-01 17:56:08,889] {dag.py:2306} INFO - Setting next_dagrun for example_nested_branch_dag to 2023-10-30 00:00:00+00:00
[2023-11-01 17:56:08,904] {scheduler_job.py:190} INFO - Processing /home/airflow/.local/lib/python3.6/site-packages/airflow/example_dags/example_nested_branch_dag.py took 0.047 seconds
[2023-11-01 17:56:39,641] {scheduler_job.py:182} INFO - Started process (PID=2688) to work on /home/airflow/.local/lib/python3.6/site-packages/airflow/example_dags/example_nested_branch_dag.py
[2023-11-01 17:56:39,642] {scheduler_job.py:633} INFO - Processing file /home/airflow/.local/lib/python3.6/site-packages/airflow/example_dags/example_nested_branch_dag.py for tasks to queue
[2023-11-01 17:56:39,642] {logging_mixin.py:104} INFO - [2023-11-01 17:56:39,642] {dagbag.py:496} INFO - Filling up the DagBag from /home/airflow/.local/lib/python3.6/site-packages/airflow/example_dags/example_nested_branch_dag.py
[2023-11-01 17:56:39,649] {scheduler_job.py:643} INFO - DAG(s) dict_keys(['example_nested_branch_dag']) retrieved from /home/airflow/.local/lib/python3.6/site-packages/airflow/example_dags/example_nested_branch_dag.py
[2023-11-01 17:56:39,661] {logging_mixin.py:104} INFO - [2023-11-01 17:56:39,661] {dag.py:1833} INFO - Sync 1 DAGs
[2023-11-01 17:56:39,668] {logging_mixin.py:104} INFO - [2023-11-01 17:56:39,668] {dag.py:2306} INFO - Setting next_dagrun for example_nested_branch_dag to 2023-10-30 00:00:00+00:00
[2023-11-01 17:56:39,674] {scheduler_job.py:190} INFO - Processing /home/airflow/.local/lib/python3.6/site-packages/airflow/example_dags/example_nested_branch_dag.py took 0.033 seconds
[2023-11-01 17:57:10,456] {scheduler_job.py:182} INFO - Started process (PID=2769) to work on /home/airflow/.local/lib/python3.6/site-packages/airflow/example_dags/example_nested_branch_dag.py
[2023-11-01 17:57:10,457] {scheduler_job.py:633} INFO - Processing file /home/airflow/.local/lib/python3.6/site-packages/airflow/example_dags/example_nested_branch_dag.py for tasks to queue
[2023-11-01 17:57:10,457] {logging_mixin.py:104} INFO - [2023-11-01 17:57:10,457] {dagbag.py:496} INFO - Filling up the DagBag from /home/airflow/.local/lib/python3.6/site-packages/airflow/example_dags/example_nested_branch_dag.py
[2023-11-01 17:57:10,464] {scheduler_job.py:643} INFO - DAG(s) dict_keys(['example_nested_branch_dag']) retrieved from /home/airflow/.local/lib/python3.6/site-packages/airflow/example_dags/example_nested_branch_dag.py
[2023-11-01 17:57:10,475] {logging_mixin.py:104} INFO - [2023-11-01 17:57:10,475] {dag.py:1833} INFO - Sync 1 DAGs
[2023-11-01 17:57:10,483] {logging_mixin.py:104} INFO - [2023-11-01 17:57:10,483] {dag.py:2306} INFO - Setting next_dagrun for example_nested_branch_dag to 2023-10-30 00:00:00+00:00
[2023-11-01 17:57:10,499] {scheduler_job.py:190} INFO - Processing /home/airflow/.local/lib/python3.6/site-packages/airflow/example_dags/example_nested_branch_dag.py took 0.044 seconds
[2023-11-01 17:57:41,278] {scheduler_job.py:182} INFO - Started process (PID=2850) to work on /home/airflow/.local/lib/python3.6/site-packages/airflow/example_dags/example_nested_branch_dag.py
[2023-11-01 17:57:41,279] {scheduler_job.py:633} INFO - Processing file /home/airflow/.local/lib/python3.6/site-packages/airflow/example_dags/example_nested_branch_dag.py for tasks to queue
[2023-11-01 17:57:41,279] {logging_mixin.py:104} INFO - [2023-11-01 17:57:41,279] {dagbag.py:496} INFO - Filling up the DagBag from /home/airflow/.local/lib/python3.6/site-packages/airflow/example_dags/example_nested_branch_dag.py
[2023-11-01 17:57:41,285] {scheduler_job.py:643} INFO - DAG(s) dict_keys(['example_nested_branch_dag']) retrieved from /home/airflow/.local/lib/python3.6/site-packages/airflow/example_dags/example_nested_branch_dag.py
[2023-11-01 17:57:41,296] {logging_mixin.py:104} INFO - [2023-11-01 17:57:41,296] {dag.py:1833} INFO - Sync 1 DAGs
[2023-11-01 17:57:41,303] {logging_mixin.py:104} INFO - [2023-11-01 17:57:41,303] {dag.py:2306} INFO - Setting next_dagrun for example_nested_branch_dag to 2023-10-30 00:00:00+00:00
[2023-11-01 17:57:41,319] {scheduler_job.py:190} INFO - Processing /home/airflow/.local/lib/python3.6/site-packages/airflow/example_dags/example_nested_branch_dag.py took 0.042 seconds
[2023-11-01 17:58:12,274] {scheduler_job.py:182} INFO - Started process (PID=2931) to work on /home/airflow/.local/lib/python3.6/site-packages/airflow/example_dags/example_nested_branch_dag.py
[2023-11-01 17:58:12,275] {scheduler_job.py:633} INFO - Processing file /home/airflow/.local/lib/python3.6/site-packages/airflow/example_dags/example_nested_branch_dag.py for tasks to queue
[2023-11-01 17:58:12,275] {logging_mixin.py:104} INFO - [2023-11-01 17:58:12,275] {dagbag.py:496} INFO - Filling up the DagBag from /home/airflow/.local/lib/python3.6/site-packages/airflow/example_dags/example_nested_branch_dag.py
[2023-11-01 17:58:12,281] {scheduler_job.py:643} INFO - DAG(s) dict_keys(['example_nested_branch_dag']) retrieved from /home/airflow/.local/lib/python3.6/site-packages/airflow/example_dags/example_nested_branch_dag.py
[2023-11-01 17:58:12,291] {logging_mixin.py:104} INFO - [2023-11-01 17:58:12,291] {dag.py:1833} INFO - Sync 1 DAGs
[2023-11-01 17:58:12,300] {logging_mixin.py:104} INFO - [2023-11-01 17:58:12,300] {dag.py:2306} INFO - Setting next_dagrun for example_nested_branch_dag to 2023-10-30 00:00:00+00:00
[2023-11-01 17:58:12,305] {scheduler_job.py:190} INFO - Processing /home/airflow/.local/lib/python3.6/site-packages/airflow/example_dags/example_nested_branch_dag.py took 0.032 seconds
[2023-11-01 17:58:42,365] {scheduler_job.py:182} INFO - Started process (PID=3002) to work on /home/airflow/.local/lib/python3.6/site-packages/airflow/example_dags/example_nested_branch_dag.py
[2023-11-01 17:58:42,366] {scheduler_job.py:633} INFO - Processing file /home/airflow/.local/lib/python3.6/site-packages/airflow/example_dags/example_nested_branch_dag.py for tasks to queue
[2023-11-01 17:58:42,366] {logging_mixin.py:104} INFO - [2023-11-01 17:58:42,366] {dagbag.py:496} INFO - Filling up the DagBag from /home/airflow/.local/lib/python3.6/site-packages/airflow/example_dags/example_nested_branch_dag.py
[2023-11-01 17:58:42,374] {scheduler_job.py:643} INFO - DAG(s) dict_keys(['example_nested_branch_dag']) retrieved from /home/airflow/.local/lib/python3.6/site-packages/airflow/example_dags/example_nested_branch_dag.py
[2023-11-01 17:58:42,386] {logging_mixin.py:104} INFO - [2023-11-01 17:58:42,386] {dag.py:1833} INFO - Sync 1 DAGs
[2023-11-01 17:58:42,394] {logging_mixin.py:104} INFO - [2023-11-01 17:58:42,394] {dag.py:2306} INFO - Setting next_dagrun for example_nested_branch_dag to 2023-10-30 00:00:00+00:00
[2023-11-01 17:58:42,411] {scheduler_job.py:190} INFO - Processing /home/airflow/.local/lib/python3.6/site-packages/airflow/example_dags/example_nested_branch_dag.py took 0.048 seconds
[2023-11-01 17:59:13,310] {scheduler_job.py:182} INFO - Started process (PID=3083) to work on /home/airflow/.local/lib/python3.6/site-packages/airflow/example_dags/example_nested_branch_dag.py
[2023-11-01 17:59:13,312] {scheduler_job.py:633} INFO - Processing file /home/airflow/.local/lib/python3.6/site-packages/airflow/example_dags/example_nested_branch_dag.py for tasks to queue
[2023-11-01 17:59:13,312] {logging_mixin.py:104} INFO - [2023-11-01 17:59:13,312] {dagbag.py:496} INFO - Filling up the DagBag from /home/airflow/.local/lib/python3.6/site-packages/airflow/example_dags/example_nested_branch_dag.py
[2023-11-01 17:59:13,319] {scheduler_job.py:643} INFO - DAG(s) dict_keys(['example_nested_branch_dag']) retrieved from /home/airflow/.local/lib/python3.6/site-packages/airflow/example_dags/example_nested_branch_dag.py
[2023-11-01 17:59:13,330] {logging_mixin.py:104} INFO - [2023-11-01 17:59:13,330] {dag.py:1833} INFO - Sync 1 DAGs
[2023-11-01 17:59:13,337] {logging_mixin.py:104} INFO - [2023-11-01 17:59:13,337] {dag.py:2306} INFO - Setting next_dagrun for example_nested_branch_dag to 2023-10-30 00:00:00+00:00
[2023-11-01 17:59:13,342] {scheduler_job.py:190} INFO - Processing /home/airflow/.local/lib/python3.6/site-packages/airflow/example_dags/example_nested_branch_dag.py took 0.033 seconds
[2023-11-01 17:59:43,378] {scheduler_job.py:182} INFO - Started process (PID=3183) to work on /home/airflow/.local/lib/python3.6/site-packages/airflow/example_dags/example_nested_branch_dag.py
[2023-11-01 17:59:43,378] {scheduler_job.py:633} INFO - Processing file /home/airflow/.local/lib/python3.6/site-packages/airflow/example_dags/example_nested_branch_dag.py for tasks to queue
[2023-11-01 17:59:43,378] {logging_mixin.py:104} INFO - [2023-11-01 17:59:43,378] {dagbag.py:496} INFO - Filling up the DagBag from /home/airflow/.local/lib/python3.6/site-packages/airflow/example_dags/example_nested_branch_dag.py
[2023-11-01 17:59:43,385] {scheduler_job.py:643} INFO - DAG(s) dict_keys(['example_nested_branch_dag']) retrieved from /home/airflow/.local/lib/python3.6/site-packages/airflow/example_dags/example_nested_branch_dag.py
[2023-11-01 17:59:43,399] {logging_mixin.py:104} INFO - [2023-11-01 17:59:43,399] {dag.py:1833} INFO - Sync 1 DAGs
[2023-11-01 17:59:43,410] {logging_mixin.py:104} INFO - [2023-11-01 17:59:43,410] {dag.py:2306} INFO - Setting next_dagrun for example_nested_branch_dag to 2023-10-30 00:00:00+00:00
[2023-11-01 17:59:43,426] {scheduler_job.py:190} INFO - Processing /home/airflow/.local/lib/python3.6/site-packages/airflow/example_dags/example_nested_branch_dag.py took 0.051 seconds
[2023-11-01 18:00:14,247] {scheduler_job.py:182} INFO - Started process (PID=3264) to work on /home/airflow/.local/lib/python3.6/site-packages/airflow/example_dags/example_nested_branch_dag.py
[2023-11-01 18:00:14,248] {scheduler_job.py:633} INFO - Processing file /home/airflow/.local/lib/python3.6/site-packages/airflow/example_dags/example_nested_branch_dag.py for tasks to queue
[2023-11-01 18:00:14,248] {logging_mixin.py:104} INFO - [2023-11-01 18:00:14,248] {dagbag.py:496} INFO - Filling up the DagBag from /home/airflow/.local/lib/python3.6/site-packages/airflow/example_dags/example_nested_branch_dag.py
[2023-11-01 18:00:14,256] {scheduler_job.py:643} INFO - DAG(s) dict_keys(['example_nested_branch_dag']) retrieved from /home/airflow/.local/lib/python3.6/site-packages/airflow/example_dags/example_nested_branch_dag.py
[2023-11-01 18:00:14,268] {logging_mixin.py:104} INFO - [2023-11-01 18:00:14,268] {dag.py:1833} INFO - Sync 1 DAGs
[2023-11-01 18:00:14,278] {logging_mixin.py:104} INFO - [2023-11-01 18:00:14,278] {dag.py:2306} INFO - Setting next_dagrun for example_nested_branch_dag to 2023-10-30 00:00:00+00:00
[2023-11-01 18:00:14,294] {scheduler_job.py:190} INFO - Processing /home/airflow/.local/lib/python3.6/site-packages/airflow/example_dags/example_nested_branch_dag.py took 0.049 seconds
