[2023-11-01 17:42:25,415] {scheduler_job.py:182} INFO - Started process (PID=441) to work on /home/airflow/.local/lib/python3.6/site-packages/airflow/example_dags/example_branch_python_dop_operator_3.py
[2023-11-01 17:42:25,416] {scheduler_job.py:633} INFO - Processing file /home/airflow/.local/lib/python3.6/site-packages/airflow/example_dags/example_branch_python_dop_operator_3.py for tasks to queue
[2023-11-01 17:42:25,416] {logging_mixin.py:104} INFO - [2023-11-01 17:42:25,416] {dagbag.py:496} INFO - Filling up the DagBag from /home/airflow/.local/lib/python3.6/site-packages/airflow/example_dags/example_branch_python_dop_operator_3.py
[2023-11-01 17:42:25,422] {scheduler_job.py:643} INFO - DAG(s) dict_keys(['example_branch_dop_operator_v3']) retrieved from /home/airflow/.local/lib/python3.6/site-packages/airflow/example_dags/example_branch_python_dop_operator_3.py
[2023-11-01 17:42:26,506] {logging_mixin.py:104} INFO - [2023-11-01 17:42:26,506] {dag.py:1833} INFO - Sync 1 DAGs
[2023-11-01 17:42:26,510] {logging_mixin.py:104} INFO - [2023-11-01 17:42:26,510] {dag.py:1852} INFO - Creating ORM DAG for example_branch_dop_operator_v3
[2023-11-01 17:42:26,516] {logging_mixin.py:104} INFO - [2023-11-01 17:42:26,516] {dag.py:2306} INFO - Setting next_dagrun for example_branch_dop_operator_v3 to 2023-10-30 00:00:00+00:00
[2023-11-01 17:42:26,520] {scheduler_job.py:190} INFO - Processing /home/airflow/.local/lib/python3.6/site-packages/airflow/example_dags/example_branch_python_dop_operator_3.py took 1.107 seconds
[2023-11-01 17:42:57,069] {scheduler_job.py:182} INFO - Started process (PID=722) to work on /home/airflow/.local/lib/python3.6/site-packages/airflow/example_dags/example_branch_python_dop_operator_3.py
[2023-11-01 17:42:57,069] {scheduler_job.py:633} INFO - Processing file /home/airflow/.local/lib/python3.6/site-packages/airflow/example_dags/example_branch_python_dop_operator_3.py for tasks to queue
[2023-11-01 17:42:57,069] {logging_mixin.py:104} INFO - [2023-11-01 17:42:57,069] {dagbag.py:496} INFO - Filling up the DagBag from /home/airflow/.local/lib/python3.6/site-packages/airflow/example_dags/example_branch_python_dop_operator_3.py
[2023-11-01 17:42:57,075] {scheduler_job.py:643} INFO - DAG(s) dict_keys(['example_branch_dop_operator_v3']) retrieved from /home/airflow/.local/lib/python3.6/site-packages/airflow/example_dags/example_branch_python_dop_operator_3.py
[2023-11-01 17:42:57,085] {logging_mixin.py:104} INFO - [2023-11-01 17:42:57,085] {dag.py:1833} INFO - Sync 1 DAGs
[2023-11-01 17:42:57,094] {logging_mixin.py:104} INFO - [2023-11-01 17:42:57,094] {dag.py:2306} INFO - Setting next_dagrun for example_branch_dop_operator_v3 to 2023-10-30 00:00:00+00:00
[2023-11-01 17:42:57,099] {scheduler_job.py:190} INFO - Processing /home/airflow/.local/lib/python3.6/site-packages/airflow/example_dags/example_branch_python_dop_operator_3.py took 0.032 seconds
[2023-11-01 17:43:27,624] {scheduler_job.py:182} INFO - Started process (PID=783) to work on /home/airflow/.local/lib/python3.6/site-packages/airflow/example_dags/example_branch_python_dop_operator_3.py
[2023-11-01 17:43:27,624] {scheduler_job.py:633} INFO - Processing file /home/airflow/.local/lib/python3.6/site-packages/airflow/example_dags/example_branch_python_dop_operator_3.py for tasks to queue
[2023-11-01 17:43:27,624] {logging_mixin.py:104} INFO - [2023-11-01 17:43:27,624] {dagbag.py:496} INFO - Filling up the DagBag from /home/airflow/.local/lib/python3.6/site-packages/airflow/example_dags/example_branch_python_dop_operator_3.py
[2023-11-01 17:43:27,630] {scheduler_job.py:643} INFO - DAG(s) dict_keys(['example_branch_dop_operator_v3']) retrieved from /home/airflow/.local/lib/python3.6/site-packages/airflow/example_dags/example_branch_python_dop_operator_3.py
[2023-11-01 17:43:27,640] {logging_mixin.py:104} INFO - [2023-11-01 17:43:27,640] {dag.py:1833} INFO - Sync 1 DAGs
[2023-11-01 17:43:27,650] {logging_mixin.py:104} INFO - [2023-11-01 17:43:27,650] {dag.py:2306} INFO - Setting next_dagrun for example_branch_dop_operator_v3 to 2023-10-30 00:00:00+00:00
[2023-11-01 17:43:27,664] {scheduler_job.py:190} INFO - Processing /home/airflow/.local/lib/python3.6/site-packages/airflow/example_dags/example_branch_python_dop_operator_3.py took 0.042 seconds
[2023-11-01 17:43:58,354] {scheduler_job.py:182} INFO - Started process (PID=844) to work on /home/airflow/.local/lib/python3.6/site-packages/airflow/example_dags/example_branch_python_dop_operator_3.py
[2023-11-01 17:43:58,355] {scheduler_job.py:633} INFO - Processing file /home/airflow/.local/lib/python3.6/site-packages/airflow/example_dags/example_branch_python_dop_operator_3.py for tasks to queue
[2023-11-01 17:43:58,355] {logging_mixin.py:104} INFO - [2023-11-01 17:43:58,355] {dagbag.py:496} INFO - Filling up the DagBag from /home/airflow/.local/lib/python3.6/site-packages/airflow/example_dags/example_branch_python_dop_operator_3.py
[2023-11-01 17:43:58,361] {scheduler_job.py:643} INFO - DAG(s) dict_keys(['example_branch_dop_operator_v3']) retrieved from /home/airflow/.local/lib/python3.6/site-packages/airflow/example_dags/example_branch_python_dop_operator_3.py
[2023-11-01 17:43:58,371] {logging_mixin.py:104} INFO - [2023-11-01 17:43:58,371] {dag.py:1833} INFO - Sync 1 DAGs
[2023-11-01 17:43:58,380] {logging_mixin.py:104} INFO - [2023-11-01 17:43:58,380] {dag.py:2306} INFO - Setting next_dagrun for example_branch_dop_operator_v3 to 2023-10-30 00:00:00+00:00
[2023-11-01 17:43:58,394] {scheduler_job.py:190} INFO - Processing /home/airflow/.local/lib/python3.6/site-packages/airflow/example_dags/example_branch_python_dop_operator_3.py took 0.042 seconds
[2023-11-01 17:44:29,204] {scheduler_job.py:182} INFO - Started process (PID=894) to work on /home/airflow/.local/lib/python3.6/site-packages/airflow/example_dags/example_branch_python_dop_operator_3.py
[2023-11-01 17:44:29,205] {scheduler_job.py:633} INFO - Processing file /home/airflow/.local/lib/python3.6/site-packages/airflow/example_dags/example_branch_python_dop_operator_3.py for tasks to queue
[2023-11-01 17:44:29,205] {logging_mixin.py:104} INFO - [2023-11-01 17:44:29,205] {dagbag.py:496} INFO - Filling up the DagBag from /home/airflow/.local/lib/python3.6/site-packages/airflow/example_dags/example_branch_python_dop_operator_3.py
[2023-11-01 17:44:29,210] {scheduler_job.py:643} INFO - DAG(s) dict_keys(['example_branch_dop_operator_v3']) retrieved from /home/airflow/.local/lib/python3.6/site-packages/airflow/example_dags/example_branch_python_dop_operator_3.py
[2023-11-01 17:44:29,222] {logging_mixin.py:104} INFO - [2023-11-01 17:44:29,222] {dag.py:1833} INFO - Sync 1 DAGs
[2023-11-01 17:44:29,232] {logging_mixin.py:104} INFO - [2023-11-01 17:44:29,232] {dag.py:2306} INFO - Setting next_dagrun for example_branch_dop_operator_v3 to 2023-10-30 00:00:00+00:00
[2023-11-01 17:44:29,244] {scheduler_job.py:190} INFO - Processing /home/airflow/.local/lib/python3.6/site-packages/airflow/example_dags/example_branch_python_dop_operator_3.py took 0.041 seconds
[2023-11-01 17:44:59,835] {scheduler_job.py:182} INFO - Started process (PID=955) to work on /home/airflow/.local/lib/python3.6/site-packages/airflow/example_dags/example_branch_python_dop_operator_3.py
[2023-11-01 17:44:59,836] {scheduler_job.py:633} INFO - Processing file /home/airflow/.local/lib/python3.6/site-packages/airflow/example_dags/example_branch_python_dop_operator_3.py for tasks to queue
[2023-11-01 17:44:59,836] {logging_mixin.py:104} INFO - [2023-11-01 17:44:59,836] {dagbag.py:496} INFO - Filling up the DagBag from /home/airflow/.local/lib/python3.6/site-packages/airflow/example_dags/example_branch_python_dop_operator_3.py
[2023-11-01 17:44:59,843] {scheduler_job.py:643} INFO - DAG(s) dict_keys(['example_branch_dop_operator_v3']) retrieved from /home/airflow/.local/lib/python3.6/site-packages/airflow/example_dags/example_branch_python_dop_operator_3.py
[2023-11-01 17:44:59,855] {logging_mixin.py:104} INFO - [2023-11-01 17:44:59,855] {dag.py:1833} INFO - Sync 1 DAGs
[2023-11-01 17:44:59,865] {logging_mixin.py:104} INFO - [2023-11-01 17:44:59,865] {dag.py:2306} INFO - Setting next_dagrun for example_branch_dop_operator_v3 to 2023-10-30 00:00:00+00:00
[2023-11-01 17:44:59,878] {scheduler_job.py:190} INFO - Processing /home/airflow/.local/lib/python3.6/site-packages/airflow/example_dags/example_branch_python_dop_operator_3.py took 0.044 seconds
[2023-11-01 17:45:30,525] {scheduler_job.py:182} INFO - Started process (PID=1016) to work on /home/airflow/.local/lib/python3.6/site-packages/airflow/example_dags/example_branch_python_dop_operator_3.py
[2023-11-01 17:45:30,525] {scheduler_job.py:633} INFO - Processing file /home/airflow/.local/lib/python3.6/site-packages/airflow/example_dags/example_branch_python_dop_operator_3.py for tasks to queue
[2023-11-01 17:45:30,526] {logging_mixin.py:104} INFO - [2023-11-01 17:45:30,526] {dagbag.py:496} INFO - Filling up the DagBag from /home/airflow/.local/lib/python3.6/site-packages/airflow/example_dags/example_branch_python_dop_operator_3.py
[2023-11-01 17:45:30,533] {scheduler_job.py:643} INFO - DAG(s) dict_keys(['example_branch_dop_operator_v3']) retrieved from /home/airflow/.local/lib/python3.6/site-packages/airflow/example_dags/example_branch_python_dop_operator_3.py
[2023-11-01 17:45:30,546] {logging_mixin.py:104} INFO - [2023-11-01 17:45:30,546] {dag.py:1833} INFO - Sync 1 DAGs
[2023-11-01 17:45:30,556] {logging_mixin.py:104} INFO - [2023-11-01 17:45:30,555] {dag.py:2306} INFO - Setting next_dagrun for example_branch_dop_operator_v3 to 2023-10-30 00:00:00+00:00
[2023-11-01 17:45:30,570] {scheduler_job.py:190} INFO - Processing /home/airflow/.local/lib/python3.6/site-packages/airflow/example_dags/example_branch_python_dop_operator_3.py took 0.047 seconds
[2023-11-01 17:46:01,181] {scheduler_job.py:182} INFO - Started process (PID=1077) to work on /home/airflow/.local/lib/python3.6/site-packages/airflow/example_dags/example_branch_python_dop_operator_3.py
[2023-11-01 17:46:01,181] {scheduler_job.py:633} INFO - Processing file /home/airflow/.local/lib/python3.6/site-packages/airflow/example_dags/example_branch_python_dop_operator_3.py for tasks to queue
[2023-11-01 17:46:01,182] {logging_mixin.py:104} INFO - [2023-11-01 17:46:01,181] {dagbag.py:496} INFO - Filling up the DagBag from /home/airflow/.local/lib/python3.6/site-packages/airflow/example_dags/example_branch_python_dop_operator_3.py
[2023-11-01 17:46:01,187] {scheduler_job.py:643} INFO - DAG(s) dict_keys(['example_branch_dop_operator_v3']) retrieved from /home/airflow/.local/lib/python3.6/site-packages/airflow/example_dags/example_branch_python_dop_operator_3.py
[2023-11-01 17:46:01,197] {logging_mixin.py:104} INFO - [2023-11-01 17:46:01,197] {dag.py:1833} INFO - Sync 1 DAGs
[2023-11-01 17:46:01,206] {logging_mixin.py:104} INFO - [2023-11-01 17:46:01,206] {dag.py:2306} INFO - Setting next_dagrun for example_branch_dop_operator_v3 to 2023-10-30 00:00:00+00:00
[2023-11-01 17:46:01,217] {scheduler_job.py:190} INFO - Processing /home/airflow/.local/lib/python3.6/site-packages/airflow/example_dags/example_branch_python_dop_operator_3.py took 0.037 seconds
[2023-11-01 17:46:31,956] {scheduler_job.py:182} INFO - Started process (PID=1128) to work on /home/airflow/.local/lib/python3.6/site-packages/airflow/example_dags/example_branch_python_dop_operator_3.py
[2023-11-01 17:46:31,957] {scheduler_job.py:633} INFO - Processing file /home/airflow/.local/lib/python3.6/site-packages/airflow/example_dags/example_branch_python_dop_operator_3.py for tasks to queue
[2023-11-01 17:46:31,957] {logging_mixin.py:104} INFO - [2023-11-01 17:46:31,957] {dagbag.py:496} INFO - Filling up the DagBag from /home/airflow/.local/lib/python3.6/site-packages/airflow/example_dags/example_branch_python_dop_operator_3.py
[2023-11-01 17:46:31,965] {scheduler_job.py:643} INFO - DAG(s) dict_keys(['example_branch_dop_operator_v3']) retrieved from /home/airflow/.local/lib/python3.6/site-packages/airflow/example_dags/example_branch_python_dop_operator_3.py
[2023-11-01 17:46:31,975] {logging_mixin.py:104} INFO - [2023-11-01 17:46:31,975] {dag.py:1833} INFO - Sync 1 DAGs
[2023-11-01 17:46:31,984] {logging_mixin.py:104} INFO - [2023-11-01 17:46:31,984] {dag.py:2306} INFO - Setting next_dagrun for example_branch_dop_operator_v3 to 2023-10-30 00:00:00+00:00
[2023-11-01 17:46:31,999] {scheduler_job.py:190} INFO - Processing /home/airflow/.local/lib/python3.6/site-packages/airflow/example_dags/example_branch_python_dop_operator_3.py took 0.044 seconds
[2023-11-01 17:47:02,592] {scheduler_job.py:182} INFO - Started process (PID=1189) to work on /home/airflow/.local/lib/python3.6/site-packages/airflow/example_dags/example_branch_python_dop_operator_3.py
[2023-11-01 17:47:02,592] {scheduler_job.py:633} INFO - Processing file /home/airflow/.local/lib/python3.6/site-packages/airflow/example_dags/example_branch_python_dop_operator_3.py for tasks to queue
[2023-11-01 17:47:02,593] {logging_mixin.py:104} INFO - [2023-11-01 17:47:02,593] {dagbag.py:496} INFO - Filling up the DagBag from /home/airflow/.local/lib/python3.6/site-packages/airflow/example_dags/example_branch_python_dop_operator_3.py
[2023-11-01 17:47:02,598] {scheduler_job.py:643} INFO - DAG(s) dict_keys(['example_branch_dop_operator_v3']) retrieved from /home/airflow/.local/lib/python3.6/site-packages/airflow/example_dags/example_branch_python_dop_operator_3.py
[2023-11-01 17:47:02,608] {logging_mixin.py:104} INFO - [2023-11-01 17:47:02,608] {dag.py:1833} INFO - Sync 1 DAGs
[2023-11-01 17:47:02,618] {logging_mixin.py:104} INFO - [2023-11-01 17:47:02,618] {dag.py:2306} INFO - Setting next_dagrun for example_branch_dop_operator_v3 to 2023-10-30 00:00:00+00:00
[2023-11-01 17:47:02,633] {scheduler_job.py:190} INFO - Processing /home/airflow/.local/lib/python3.6/site-packages/airflow/example_dags/example_branch_python_dop_operator_3.py took 0.042 seconds
[2023-11-01 17:47:33,283] {scheduler_job.py:182} INFO - Started process (PID=1269) to work on /home/airflow/.local/lib/python3.6/site-packages/airflow/example_dags/example_branch_python_dop_operator_3.py
[2023-11-01 17:47:33,283] {scheduler_job.py:633} INFO - Processing file /home/airflow/.local/lib/python3.6/site-packages/airflow/example_dags/example_branch_python_dop_operator_3.py for tasks to queue
[2023-11-01 17:47:33,283] {logging_mixin.py:104} INFO - [2023-11-01 17:47:33,283] {dagbag.py:496} INFO - Filling up the DagBag from /home/airflow/.local/lib/python3.6/site-packages/airflow/example_dags/example_branch_python_dop_operator_3.py
[2023-11-01 17:47:33,289] {scheduler_job.py:643} INFO - DAG(s) dict_keys(['example_branch_dop_operator_v3']) retrieved from /home/airflow/.local/lib/python3.6/site-packages/airflow/example_dags/example_branch_python_dop_operator_3.py
[2023-11-01 17:47:33,299] {logging_mixin.py:104} INFO - [2023-11-01 17:47:33,299] {dag.py:1833} INFO - Sync 1 DAGs
[2023-11-01 17:47:33,309] {logging_mixin.py:104} INFO - [2023-11-01 17:47:33,309] {dag.py:2306} INFO - Setting next_dagrun for example_branch_dop_operator_v3 to 2023-10-30 00:00:00+00:00
[2023-11-01 17:47:33,322] {scheduler_job.py:190} INFO - Processing /home/airflow/.local/lib/python3.6/site-packages/airflow/example_dags/example_branch_python_dop_operator_3.py took 0.041 seconds
[2023-11-01 17:48:03,982] {scheduler_job.py:182} INFO - Started process (PID=1349) to work on /home/airflow/.local/lib/python3.6/site-packages/airflow/example_dags/example_branch_python_dop_operator_3.py
[2023-11-01 17:48:03,983] {scheduler_job.py:633} INFO - Processing file /home/airflow/.local/lib/python3.6/site-packages/airflow/example_dags/example_branch_python_dop_operator_3.py for tasks to queue
[2023-11-01 17:48:03,983] {logging_mixin.py:104} INFO - [2023-11-01 17:48:03,983] {dagbag.py:496} INFO - Filling up the DagBag from /home/airflow/.local/lib/python3.6/site-packages/airflow/example_dags/example_branch_python_dop_operator_3.py
[2023-11-01 17:48:03,989] {scheduler_job.py:643} INFO - DAG(s) dict_keys(['example_branch_dop_operator_v3']) retrieved from /home/airflow/.local/lib/python3.6/site-packages/airflow/example_dags/example_branch_python_dop_operator_3.py
[2023-11-01 17:48:03,998] {logging_mixin.py:104} INFO - [2023-11-01 17:48:03,998] {dag.py:1833} INFO - Sync 1 DAGs
[2023-11-01 17:48:04,008] {logging_mixin.py:104} INFO - [2023-11-01 17:48:04,008] {dag.py:2306} INFO - Setting next_dagrun for example_branch_dop_operator_v3 to 2023-10-30 00:00:00+00:00
[2023-11-01 17:48:04,022] {scheduler_job.py:190} INFO - Processing /home/airflow/.local/lib/python3.6/site-packages/airflow/example_dags/example_branch_python_dop_operator_3.py took 0.041 seconds
[2023-11-01 17:48:34,692] {scheduler_job.py:182} INFO - Started process (PID=1430) to work on /home/airflow/.local/lib/python3.6/site-packages/airflow/example_dags/example_branch_python_dop_operator_3.py
[2023-11-01 17:48:34,693] {scheduler_job.py:633} INFO - Processing file /home/airflow/.local/lib/python3.6/site-packages/airflow/example_dags/example_branch_python_dop_operator_3.py for tasks to queue
[2023-11-01 17:48:34,693] {logging_mixin.py:104} INFO - [2023-11-01 17:48:34,693] {dagbag.py:496} INFO - Filling up the DagBag from /home/airflow/.local/lib/python3.6/site-packages/airflow/example_dags/example_branch_python_dop_operator_3.py
[2023-11-01 17:48:34,698] {scheduler_job.py:643} INFO - DAG(s) dict_keys(['example_branch_dop_operator_v3']) retrieved from /home/airflow/.local/lib/python3.6/site-packages/airflow/example_dags/example_branch_python_dop_operator_3.py
[2023-11-01 17:48:34,710] {logging_mixin.py:104} INFO - [2023-11-01 17:48:34,710] {dag.py:1833} INFO - Sync 1 DAGs
[2023-11-01 17:48:34,722] {logging_mixin.py:104} INFO - [2023-11-01 17:48:34,721] {dag.py:2306} INFO - Setting next_dagrun for example_branch_dop_operator_v3 to 2023-10-30 00:00:00+00:00
[2023-11-01 17:48:34,734] {scheduler_job.py:190} INFO - Processing /home/airflow/.local/lib/python3.6/site-packages/airflow/example_dags/example_branch_python_dop_operator_3.py took 0.043 seconds
[2023-11-01 17:49:05,337] {scheduler_job.py:182} INFO - Started process (PID=1501) to work on /home/airflow/.local/lib/python3.6/site-packages/airflow/example_dags/example_branch_python_dop_operator_3.py
[2023-11-01 17:49:05,338] {scheduler_job.py:633} INFO - Processing file /home/airflow/.local/lib/python3.6/site-packages/airflow/example_dags/example_branch_python_dop_operator_3.py for tasks to queue
[2023-11-01 17:49:05,338] {logging_mixin.py:104} INFO - [2023-11-01 17:49:05,338] {dagbag.py:496} INFO - Filling up the DagBag from /home/airflow/.local/lib/python3.6/site-packages/airflow/example_dags/example_branch_python_dop_operator_3.py
[2023-11-01 17:49:05,343] {scheduler_job.py:643} INFO - DAG(s) dict_keys(['example_branch_dop_operator_v3']) retrieved from /home/airflow/.local/lib/python3.6/site-packages/airflow/example_dags/example_branch_python_dop_operator_3.py
[2023-11-01 17:49:05,356] {logging_mixin.py:104} INFO - [2023-11-01 17:49:05,356] {dag.py:1833} INFO - Sync 1 DAGs
[2023-11-01 17:49:05,368] {logging_mixin.py:104} INFO - [2023-11-01 17:49:05,368] {dag.py:2306} INFO - Setting next_dagrun for example_branch_dop_operator_v3 to 2023-10-30 00:00:00+00:00
[2023-11-01 17:49:05,374] {scheduler_job.py:190} INFO - Processing /home/airflow/.local/lib/python3.6/site-packages/airflow/example_dags/example_branch_python_dop_operator_3.py took 0.038 seconds
[2023-11-01 17:49:36,059] {scheduler_job.py:182} INFO - Started process (PID=1581) to work on /home/airflow/.local/lib/python3.6/site-packages/airflow/example_dags/example_branch_python_dop_operator_3.py
[2023-11-01 17:49:36,059] {scheduler_job.py:633} INFO - Processing file /home/airflow/.local/lib/python3.6/site-packages/airflow/example_dags/example_branch_python_dop_operator_3.py for tasks to queue
[2023-11-01 17:49:36,060] {logging_mixin.py:104} INFO - [2023-11-01 17:49:36,060] {dagbag.py:496} INFO - Filling up the DagBag from /home/airflow/.local/lib/python3.6/site-packages/airflow/example_dags/example_branch_python_dop_operator_3.py
[2023-11-01 17:49:36,065] {scheduler_job.py:643} INFO - DAG(s) dict_keys(['example_branch_dop_operator_v3']) retrieved from /home/airflow/.local/lib/python3.6/site-packages/airflow/example_dags/example_branch_python_dop_operator_3.py
[2023-11-01 17:49:36,075] {logging_mixin.py:104} INFO - [2023-11-01 17:49:36,075] {dag.py:1833} INFO - Sync 1 DAGs
[2023-11-01 17:49:36,085] {logging_mixin.py:104} INFO - [2023-11-01 17:49:36,085] {dag.py:2306} INFO - Setting next_dagrun for example_branch_dop_operator_v3 to 2023-10-30 00:00:00+00:00
[2023-11-01 17:49:36,099] {scheduler_job.py:190} INFO - Processing /home/airflow/.local/lib/python3.6/site-packages/airflow/example_dags/example_branch_python_dop_operator_3.py took 0.041 seconds
[2023-11-01 17:50:06,784] {scheduler_job.py:182} INFO - Started process (PID=1661) to work on /home/airflow/.local/lib/python3.6/site-packages/airflow/example_dags/example_branch_python_dop_operator_3.py
[2023-11-01 17:50:06,784] {scheduler_job.py:633} INFO - Processing file /home/airflow/.local/lib/python3.6/site-packages/airflow/example_dags/example_branch_python_dop_operator_3.py for tasks to queue
[2023-11-01 17:50:06,784] {logging_mixin.py:104} INFO - [2023-11-01 17:50:06,784] {dagbag.py:496} INFO - Filling up the DagBag from /home/airflow/.local/lib/python3.6/site-packages/airflow/example_dags/example_branch_python_dop_operator_3.py
[2023-11-01 17:50:06,790] {scheduler_job.py:643} INFO - DAG(s) dict_keys(['example_branch_dop_operator_v3']) retrieved from /home/airflow/.local/lib/python3.6/site-packages/airflow/example_dags/example_branch_python_dop_operator_3.py
[2023-11-01 17:50:06,801] {logging_mixin.py:104} INFO - [2023-11-01 17:50:06,801] {dag.py:1833} INFO - Sync 1 DAGs
[2023-11-01 17:50:06,811] {logging_mixin.py:104} INFO - [2023-11-01 17:50:06,811] {dag.py:2306} INFO - Setting next_dagrun for example_branch_dop_operator_v3 to 2023-10-30 00:00:00+00:00
[2023-11-01 17:50:06,816] {scheduler_job.py:190} INFO - Processing /home/airflow/.local/lib/python3.6/site-packages/airflow/example_dags/example_branch_python_dop_operator_3.py took 0.033 seconds
[2023-11-01 17:50:37,450] {scheduler_job.py:182} INFO - Started process (PID=1742) to work on /home/airflow/.local/lib/python3.6/site-packages/airflow/example_dags/example_branch_python_dop_operator_3.py
[2023-11-01 17:50:37,450] {scheduler_job.py:633} INFO - Processing file /home/airflow/.local/lib/python3.6/site-packages/airflow/example_dags/example_branch_python_dop_operator_3.py for tasks to queue
[2023-11-01 17:50:37,450] {logging_mixin.py:104} INFO - [2023-11-01 17:50:37,450] {dagbag.py:496} INFO - Filling up the DagBag from /home/airflow/.local/lib/python3.6/site-packages/airflow/example_dags/example_branch_python_dop_operator_3.py
[2023-11-01 17:50:37,456] {scheduler_job.py:643} INFO - DAG(s) dict_keys(['example_branch_dop_operator_v3']) retrieved from /home/airflow/.local/lib/python3.6/site-packages/airflow/example_dags/example_branch_python_dop_operator_3.py
[2023-11-01 17:50:37,467] {logging_mixin.py:104} INFO - [2023-11-01 17:50:37,467] {dag.py:1833} INFO - Sync 1 DAGs
[2023-11-01 17:50:37,478] {logging_mixin.py:104} INFO - [2023-11-01 17:50:37,478] {dag.py:2306} INFO - Setting next_dagrun for example_branch_dop_operator_v3 to 2023-10-30 00:00:00+00:00
[2023-11-01 17:50:37,490] {scheduler_job.py:190} INFO - Processing /home/airflow/.local/lib/python3.6/site-packages/airflow/example_dags/example_branch_python_dop_operator_3.py took 0.042 seconds
[2023-11-01 17:51:08,170] {scheduler_job.py:182} INFO - Started process (PID=1822) to work on /home/airflow/.local/lib/python3.6/site-packages/airflow/example_dags/example_branch_python_dop_operator_3.py
[2023-11-01 17:51:08,170] {scheduler_job.py:633} INFO - Processing file /home/airflow/.local/lib/python3.6/site-packages/airflow/example_dags/example_branch_python_dop_operator_3.py for tasks to queue
[2023-11-01 17:51:08,171] {logging_mixin.py:104} INFO - [2023-11-01 17:51:08,171] {dagbag.py:496} INFO - Filling up the DagBag from /home/airflow/.local/lib/python3.6/site-packages/airflow/example_dags/example_branch_python_dop_operator_3.py
[2023-11-01 17:51:08,177] {scheduler_job.py:643} INFO - DAG(s) dict_keys(['example_branch_dop_operator_v3']) retrieved from /home/airflow/.local/lib/python3.6/site-packages/airflow/example_dags/example_branch_python_dop_operator_3.py
[2023-11-01 17:51:08,187] {logging_mixin.py:104} INFO - [2023-11-01 17:51:08,187] {dag.py:1833} INFO - Sync 1 DAGs
[2023-11-01 17:51:08,197] {logging_mixin.py:104} INFO - [2023-11-01 17:51:08,197] {dag.py:2306} INFO - Setting next_dagrun for example_branch_dop_operator_v3 to 2023-10-30 00:00:00+00:00
[2023-11-01 17:51:08,212] {scheduler_job.py:190} INFO - Processing /home/airflow/.local/lib/python3.6/site-packages/airflow/example_dags/example_branch_python_dop_operator_3.py took 0.043 seconds
[2023-11-01 17:51:39,052] {scheduler_job.py:182} INFO - Started process (PID=1894) to work on /home/airflow/.local/lib/python3.6/site-packages/airflow/example_dags/example_branch_python_dop_operator_3.py
[2023-11-01 17:51:39,053] {scheduler_job.py:633} INFO - Processing file /home/airflow/.local/lib/python3.6/site-packages/airflow/example_dags/example_branch_python_dop_operator_3.py for tasks to queue
[2023-11-01 17:51:39,053] {logging_mixin.py:104} INFO - [2023-11-01 17:51:39,053] {dagbag.py:496} INFO - Filling up the DagBag from /home/airflow/.local/lib/python3.6/site-packages/airflow/example_dags/example_branch_python_dop_operator_3.py
[2023-11-01 17:51:39,061] {scheduler_job.py:643} INFO - DAG(s) dict_keys(['example_branch_dop_operator_v3']) retrieved from /home/airflow/.local/lib/python3.6/site-packages/airflow/example_dags/example_branch_python_dop_operator_3.py
[2023-11-01 17:51:39,093] {logging_mixin.py:104} INFO - [2023-11-01 17:51:39,093] {dag.py:1833} INFO - Sync 1 DAGs
[2023-11-01 17:51:39,104] {logging_mixin.py:104} INFO - [2023-11-01 17:51:39,104] {dag.py:2306} INFO - Setting next_dagrun for example_branch_dop_operator_v3 to 2023-10-30 00:00:00+00:00
[2023-11-01 17:51:39,108] {scheduler_job.py:190} INFO - Processing /home/airflow/.local/lib/python3.6/site-packages/airflow/example_dags/example_branch_python_dop_operator_3.py took 0.059 seconds
[2023-11-01 17:52:09,135] {scheduler_job.py:182} INFO - Started process (PID=1975) to work on /home/airflow/.local/lib/python3.6/site-packages/airflow/example_dags/example_branch_python_dop_operator_3.py
[2023-11-01 17:52:09,137] {scheduler_job.py:633} INFO - Processing file /home/airflow/.local/lib/python3.6/site-packages/airflow/example_dags/example_branch_python_dop_operator_3.py for tasks to queue
[2023-11-01 17:52:09,137] {logging_mixin.py:104} INFO - [2023-11-01 17:52:09,137] {dagbag.py:496} INFO - Filling up the DagBag from /home/airflow/.local/lib/python3.6/site-packages/airflow/example_dags/example_branch_python_dop_operator_3.py
[2023-11-01 17:52:09,145] {scheduler_job.py:643} INFO - DAG(s) dict_keys(['example_branch_dop_operator_v3']) retrieved from /home/airflow/.local/lib/python3.6/site-packages/airflow/example_dags/example_branch_python_dop_operator_3.py
[2023-11-01 17:52:09,160] {logging_mixin.py:104} INFO - [2023-11-01 17:52:09,159] {dag.py:1833} INFO - Sync 1 DAGs
[2023-11-01 17:52:09,175] {logging_mixin.py:104} INFO - [2023-11-01 17:52:09,174] {dag.py:2306} INFO - Setting next_dagrun for example_branch_dop_operator_v3 to 2023-10-30 00:00:00+00:00
[2023-11-01 17:52:09,188] {scheduler_job.py:190} INFO - Processing /home/airflow/.local/lib/python3.6/site-packages/airflow/example_dags/example_branch_python_dop_operator_3.py took 0.055 seconds
[2023-11-01 17:52:39,429] {scheduler_job.py:182} INFO - Started process (PID=2056) to work on /home/airflow/.local/lib/python3.6/site-packages/airflow/example_dags/example_branch_python_dop_operator_3.py
[2023-11-01 17:52:39,430] {scheduler_job.py:633} INFO - Processing file /home/airflow/.local/lib/python3.6/site-packages/airflow/example_dags/example_branch_python_dop_operator_3.py for tasks to queue
[2023-11-01 17:52:39,430] {logging_mixin.py:104} INFO - [2023-11-01 17:52:39,430] {dagbag.py:496} INFO - Filling up the DagBag from /home/airflow/.local/lib/python3.6/site-packages/airflow/example_dags/example_branch_python_dop_operator_3.py
[2023-11-01 17:52:39,436] {scheduler_job.py:643} INFO - DAG(s) dict_keys(['example_branch_dop_operator_v3']) retrieved from /home/airflow/.local/lib/python3.6/site-packages/airflow/example_dags/example_branch_python_dop_operator_3.py
[2023-11-01 17:52:39,446] {logging_mixin.py:104} INFO - [2023-11-01 17:52:39,446] {dag.py:1833} INFO - Sync 1 DAGs
[2023-11-01 17:52:39,457] {logging_mixin.py:104} INFO - [2023-11-01 17:52:39,457] {dag.py:2306} INFO - Setting next_dagrun for example_branch_dop_operator_v3 to 2023-10-30 00:00:00+00:00
[2023-11-01 17:52:39,462] {scheduler_job.py:190} INFO - Processing /home/airflow/.local/lib/python3.6/site-packages/airflow/example_dags/example_branch_python_dop_operator_3.py took 0.034 seconds
[2023-11-01 17:53:09,528] {scheduler_job.py:182} INFO - Started process (PID=2127) to work on /home/airflow/.local/lib/python3.6/site-packages/airflow/example_dags/example_branch_python_dop_operator_3.py
[2023-11-01 17:53:09,528] {scheduler_job.py:633} INFO - Processing file /home/airflow/.local/lib/python3.6/site-packages/airflow/example_dags/example_branch_python_dop_operator_3.py for tasks to queue
[2023-11-01 17:53:09,528] {logging_mixin.py:104} INFO - [2023-11-01 17:53:09,528] {dagbag.py:496} INFO - Filling up the DagBag from /home/airflow/.local/lib/python3.6/site-packages/airflow/example_dags/example_branch_python_dop_operator_3.py
[2023-11-01 17:53:09,534] {scheduler_job.py:643} INFO - DAG(s) dict_keys(['example_branch_dop_operator_v3']) retrieved from /home/airflow/.local/lib/python3.6/site-packages/airflow/example_dags/example_branch_python_dop_operator_3.py
[2023-11-01 17:53:09,544] {logging_mixin.py:104} INFO - [2023-11-01 17:53:09,544] {dag.py:1833} INFO - Sync 1 DAGs
[2023-11-01 17:53:09,555] {logging_mixin.py:104} INFO - [2023-11-01 17:53:09,555] {dag.py:2306} INFO - Setting next_dagrun for example_branch_dop_operator_v3 to 2023-10-30 00:00:00+00:00
[2023-11-01 17:53:09,568] {scheduler_job.py:190} INFO - Processing /home/airflow/.local/lib/python3.6/site-packages/airflow/example_dags/example_branch_python_dop_operator_3.py took 0.042 seconds
[2023-11-01 17:53:40,279] {scheduler_job.py:182} INFO - Started process (PID=2208) to work on /home/airflow/.local/lib/python3.6/site-packages/airflow/example_dags/example_branch_python_dop_operator_3.py
[2023-11-01 17:53:40,280] {scheduler_job.py:633} INFO - Processing file /home/airflow/.local/lib/python3.6/site-packages/airflow/example_dags/example_branch_python_dop_operator_3.py for tasks to queue
[2023-11-01 17:53:40,281] {logging_mixin.py:104} INFO - [2023-11-01 17:53:40,281] {dagbag.py:496} INFO - Filling up the DagBag from /home/airflow/.local/lib/python3.6/site-packages/airflow/example_dags/example_branch_python_dop_operator_3.py
[2023-11-01 17:53:40,289] {scheduler_job.py:643} INFO - DAG(s) dict_keys(['example_branch_dop_operator_v3']) retrieved from /home/airflow/.local/lib/python3.6/site-packages/airflow/example_dags/example_branch_python_dop_operator_3.py
[2023-11-01 17:53:40,303] {logging_mixin.py:104} INFO - [2023-11-01 17:53:40,303] {dag.py:1833} INFO - Sync 1 DAGs
[2023-11-01 17:53:40,315] {logging_mixin.py:104} INFO - [2023-11-01 17:53:40,315] {dag.py:2306} INFO - Setting next_dagrun for example_branch_dop_operator_v3 to 2023-10-30 00:00:00+00:00
[2023-11-01 17:53:40,320] {scheduler_job.py:190} INFO - Processing /home/airflow/.local/lib/python3.6/site-packages/airflow/example_dags/example_branch_python_dop_operator_3.py took 0.043 seconds
[2023-11-01 17:54:11,096] {scheduler_job.py:182} INFO - Started process (PID=2289) to work on /home/airflow/.local/lib/python3.6/site-packages/airflow/example_dags/example_branch_python_dop_operator_3.py
[2023-11-01 17:54:11,097] {scheduler_job.py:633} INFO - Processing file /home/airflow/.local/lib/python3.6/site-packages/airflow/example_dags/example_branch_python_dop_operator_3.py for tasks to queue
[2023-11-01 17:54:11,098] {logging_mixin.py:104} INFO - [2023-11-01 17:54:11,098] {dagbag.py:496} INFO - Filling up the DagBag from /home/airflow/.local/lib/python3.6/site-packages/airflow/example_dags/example_branch_python_dop_operator_3.py
[2023-11-01 17:54:11,104] {scheduler_job.py:643} INFO - DAG(s) dict_keys(['example_branch_dop_operator_v3']) retrieved from /home/airflow/.local/lib/python3.6/site-packages/airflow/example_dags/example_branch_python_dop_operator_3.py
[2023-11-01 17:54:11,117] {logging_mixin.py:104} INFO - [2023-11-01 17:54:11,117] {dag.py:1833} INFO - Sync 1 DAGs
[2023-11-01 17:54:11,127] {logging_mixin.py:104} INFO - [2023-11-01 17:54:11,127] {dag.py:2306} INFO - Setting next_dagrun for example_branch_dop_operator_v3 to 2023-10-30 00:00:00+00:00
[2023-11-01 17:54:11,144] {scheduler_job.py:190} INFO - Processing /home/airflow/.local/lib/python3.6/site-packages/airflow/example_dags/example_branch_python_dop_operator_3.py took 0.050 seconds
[2023-11-01 17:54:41,211] {scheduler_job.py:182} INFO - Started process (PID=2391) to work on /home/airflow/.local/lib/python3.6/site-packages/airflow/example_dags/example_branch_python_dop_operator_3.py
[2023-11-01 17:54:41,212] {scheduler_job.py:633} INFO - Processing file /home/airflow/.local/lib/python3.6/site-packages/airflow/example_dags/example_branch_python_dop_operator_3.py for tasks to queue
[2023-11-01 17:54:41,212] {logging_mixin.py:104} INFO - [2023-11-01 17:54:41,212] {dagbag.py:496} INFO - Filling up the DagBag from /home/airflow/.local/lib/python3.6/site-packages/airflow/example_dags/example_branch_python_dop_operator_3.py
[2023-11-01 17:54:41,218] {scheduler_job.py:643} INFO - DAG(s) dict_keys(['example_branch_dop_operator_v3']) retrieved from /home/airflow/.local/lib/python3.6/site-packages/airflow/example_dags/example_branch_python_dop_operator_3.py
[2023-11-01 17:54:41,230] {logging_mixin.py:104} INFO - [2023-11-01 17:54:41,229] {dag.py:1833} INFO - Sync 1 DAGs
[2023-11-01 17:54:41,240] {logging_mixin.py:104} INFO - [2023-11-01 17:54:41,240] {dag.py:2306} INFO - Setting next_dagrun for example_branch_dop_operator_v3 to 2023-10-30 00:00:00+00:00
[2023-11-01 17:54:41,252] {scheduler_job.py:190} INFO - Processing /home/airflow/.local/lib/python3.6/site-packages/airflow/example_dags/example_branch_python_dop_operator_3.py took 0.043 seconds
[2023-11-01 17:55:11,317] {scheduler_job.py:182} INFO - Started process (PID=2462) to work on /home/airflow/.local/lib/python3.6/site-packages/airflow/example_dags/example_branch_python_dop_operator_3.py
[2023-11-01 17:55:11,318] {scheduler_job.py:633} INFO - Processing file /home/airflow/.local/lib/python3.6/site-packages/airflow/example_dags/example_branch_python_dop_operator_3.py for tasks to queue
[2023-11-01 17:55:11,318] {logging_mixin.py:104} INFO - [2023-11-01 17:55:11,318] {dagbag.py:496} INFO - Filling up the DagBag from /home/airflow/.local/lib/python3.6/site-packages/airflow/example_dags/example_branch_python_dop_operator_3.py
[2023-11-01 17:55:11,324] {scheduler_job.py:643} INFO - DAG(s) dict_keys(['example_branch_dop_operator_v3']) retrieved from /home/airflow/.local/lib/python3.6/site-packages/airflow/example_dags/example_branch_python_dop_operator_3.py
[2023-11-01 17:55:11,357] {logging_mixin.py:104} INFO - [2023-11-01 17:55:11,357] {dag.py:1833} INFO - Sync 1 DAGs
[2023-11-01 17:55:11,369] {logging_mixin.py:104} INFO - [2023-11-01 17:55:11,369] {dag.py:2306} INFO - Setting next_dagrun for example_branch_dop_operator_v3 to 2023-10-30 00:00:00+00:00
[2023-11-01 17:55:11,383] {scheduler_job.py:190} INFO - Processing /home/airflow/.local/lib/python3.6/site-packages/airflow/example_dags/example_branch_python_dop_operator_3.py took 0.068 seconds
[2023-11-01 17:55:42,218] {scheduler_job.py:182} INFO - Started process (PID=2543) to work on /home/airflow/.local/lib/python3.6/site-packages/airflow/example_dags/example_branch_python_dop_operator_3.py
[2023-11-01 17:55:42,219] {scheduler_job.py:633} INFO - Processing file /home/airflow/.local/lib/python3.6/site-packages/airflow/example_dags/example_branch_python_dop_operator_3.py for tasks to queue
[2023-11-01 17:55:42,219] {logging_mixin.py:104} INFO - [2023-11-01 17:55:42,219] {dagbag.py:496} INFO - Filling up the DagBag from /home/airflow/.local/lib/python3.6/site-packages/airflow/example_dags/example_branch_python_dop_operator_3.py
[2023-11-01 17:55:42,224] {scheduler_job.py:643} INFO - DAG(s) dict_keys(['example_branch_dop_operator_v3']) retrieved from /home/airflow/.local/lib/python3.6/site-packages/airflow/example_dags/example_branch_python_dop_operator_3.py
[2023-11-01 17:55:42,236] {logging_mixin.py:104} INFO - [2023-11-01 17:55:42,236] {dag.py:1833} INFO - Sync 1 DAGs
[2023-11-01 17:55:42,246] {logging_mixin.py:104} INFO - [2023-11-01 17:55:42,246] {dag.py:2306} INFO - Setting next_dagrun for example_branch_dop_operator_v3 to 2023-10-30 00:00:00+00:00
[2023-11-01 17:55:42,250] {scheduler_job.py:190} INFO - Processing /home/airflow/.local/lib/python3.6/site-packages/airflow/example_dags/example_branch_python_dop_operator_3.py took 0.033 seconds
[2023-11-01 17:56:12,992] {scheduler_job.py:182} INFO - Started process (PID=2624) to work on /home/airflow/.local/lib/python3.6/site-packages/airflow/example_dags/example_branch_python_dop_operator_3.py
[2023-11-01 17:56:12,992] {scheduler_job.py:633} INFO - Processing file /home/airflow/.local/lib/python3.6/site-packages/airflow/example_dags/example_branch_python_dop_operator_3.py for tasks to queue
[2023-11-01 17:56:12,992] {logging_mixin.py:104} INFO - [2023-11-01 17:56:12,992] {dagbag.py:496} INFO - Filling up the DagBag from /home/airflow/.local/lib/python3.6/site-packages/airflow/example_dags/example_branch_python_dop_operator_3.py
[2023-11-01 17:56:12,999] {scheduler_job.py:643} INFO - DAG(s) dict_keys(['example_branch_dop_operator_v3']) retrieved from /home/airflow/.local/lib/python3.6/site-packages/airflow/example_dags/example_branch_python_dop_operator_3.py
[2023-11-01 17:56:13,011] {logging_mixin.py:104} INFO - [2023-11-01 17:56:13,011] {dag.py:1833} INFO - Sync 1 DAGs
[2023-11-01 17:56:13,021] {logging_mixin.py:104} INFO - [2023-11-01 17:56:13,021] {dag.py:2306} INFO - Setting next_dagrun for example_branch_dop_operator_v3 to 2023-10-30 00:00:00+00:00
[2023-11-01 17:56:13,037] {scheduler_job.py:190} INFO - Processing /home/airflow/.local/lib/python3.6/site-packages/airflow/example_dags/example_branch_python_dop_operator_3.py took 0.047 seconds
[2023-11-01 17:56:43,734] {scheduler_job.py:182} INFO - Started process (PID=2705) to work on /home/airflow/.local/lib/python3.6/site-packages/airflow/example_dags/example_branch_python_dop_operator_3.py
[2023-11-01 17:56:43,734] {scheduler_job.py:633} INFO - Processing file /home/airflow/.local/lib/python3.6/site-packages/airflow/example_dags/example_branch_python_dop_operator_3.py for tasks to queue
[2023-11-01 17:56:43,734] {logging_mixin.py:104} INFO - [2023-11-01 17:56:43,734] {dagbag.py:496} INFO - Filling up the DagBag from /home/airflow/.local/lib/python3.6/site-packages/airflow/example_dags/example_branch_python_dop_operator_3.py
[2023-11-01 17:56:43,742] {scheduler_job.py:643} INFO - DAG(s) dict_keys(['example_branch_dop_operator_v3']) retrieved from /home/airflow/.local/lib/python3.6/site-packages/airflow/example_dags/example_branch_python_dop_operator_3.py
[2023-11-01 17:56:43,751] {logging_mixin.py:104} INFO - [2023-11-01 17:56:43,751] {dag.py:1833} INFO - Sync 1 DAGs
[2023-11-01 17:56:43,761] {logging_mixin.py:104} INFO - [2023-11-01 17:56:43,761] {dag.py:2306} INFO - Setting next_dagrun for example_branch_dop_operator_v3 to 2023-10-30 00:00:00+00:00
[2023-11-01 17:56:43,775] {scheduler_job.py:190} INFO - Processing /home/airflow/.local/lib/python3.6/site-packages/airflow/example_dags/example_branch_python_dop_operator_3.py took 0.043 seconds
[2023-11-01 17:57:14,566] {scheduler_job.py:182} INFO - Started process (PID=2776) to work on /home/airflow/.local/lib/python3.6/site-packages/airflow/example_dags/example_branch_python_dop_operator_3.py
[2023-11-01 17:57:14,566] {scheduler_job.py:633} INFO - Processing file /home/airflow/.local/lib/python3.6/site-packages/airflow/example_dags/example_branch_python_dop_operator_3.py for tasks to queue
[2023-11-01 17:57:14,566] {logging_mixin.py:104} INFO - [2023-11-01 17:57:14,566] {dagbag.py:496} INFO - Filling up the DagBag from /home/airflow/.local/lib/python3.6/site-packages/airflow/example_dags/example_branch_python_dop_operator_3.py
[2023-11-01 17:57:14,573] {scheduler_job.py:643} INFO - DAG(s) dict_keys(['example_branch_dop_operator_v3']) retrieved from /home/airflow/.local/lib/python3.6/site-packages/airflow/example_dags/example_branch_python_dop_operator_3.py
[2023-11-01 17:57:14,584] {logging_mixin.py:104} INFO - [2023-11-01 17:57:14,584] {dag.py:1833} INFO - Sync 1 DAGs
[2023-11-01 17:57:14,594] {logging_mixin.py:104} INFO - [2023-11-01 17:57:14,594] {dag.py:2306} INFO - Setting next_dagrun for example_branch_dop_operator_v3 to 2023-10-30 00:00:00+00:00
[2023-11-01 17:57:14,599] {scheduler_job.py:190} INFO - Processing /home/airflow/.local/lib/python3.6/site-packages/airflow/example_dags/example_branch_python_dop_operator_3.py took 0.035 seconds
[2023-11-01 17:57:45,385] {scheduler_job.py:182} INFO - Started process (PID=2857) to work on /home/airflow/.local/lib/python3.6/site-packages/airflow/example_dags/example_branch_python_dop_operator_3.py
[2023-11-01 17:57:45,386] {scheduler_job.py:633} INFO - Processing file /home/airflow/.local/lib/python3.6/site-packages/airflow/example_dags/example_branch_python_dop_operator_3.py for tasks to queue
[2023-11-01 17:57:45,386] {logging_mixin.py:104} INFO - [2023-11-01 17:57:45,386] {dagbag.py:496} INFO - Filling up the DagBag from /home/airflow/.local/lib/python3.6/site-packages/airflow/example_dags/example_branch_python_dop_operator_3.py
[2023-11-01 17:57:45,393] {scheduler_job.py:643} INFO - DAG(s) dict_keys(['example_branch_dop_operator_v3']) retrieved from /home/airflow/.local/lib/python3.6/site-packages/airflow/example_dags/example_branch_python_dop_operator_3.py
[2023-11-01 17:57:45,405] {logging_mixin.py:104} INFO - [2023-11-01 17:57:45,405] {dag.py:1833} INFO - Sync 1 DAGs
[2023-11-01 17:57:45,414] {logging_mixin.py:104} INFO - [2023-11-01 17:57:45,414] {dag.py:2306} INFO - Setting next_dagrun for example_branch_dop_operator_v3 to 2023-10-30 00:00:00+00:00
[2023-11-01 17:57:45,430] {scheduler_job.py:190} INFO - Processing /home/airflow/.local/lib/python3.6/site-packages/airflow/example_dags/example_branch_python_dop_operator_3.py took 0.046 seconds
[2023-11-01 17:58:15,469] {scheduler_job.py:182} INFO - Started process (PID=2937) to work on /home/airflow/.local/lib/python3.6/site-packages/airflow/example_dags/example_branch_python_dop_operator_3.py
[2023-11-01 17:58:15,470] {scheduler_job.py:633} INFO - Processing file /home/airflow/.local/lib/python3.6/site-packages/airflow/example_dags/example_branch_python_dop_operator_3.py for tasks to queue
[2023-11-01 17:58:15,470] {logging_mixin.py:104} INFO - [2023-11-01 17:58:15,470] {dagbag.py:496} INFO - Filling up the DagBag from /home/airflow/.local/lib/python3.6/site-packages/airflow/example_dags/example_branch_python_dop_operator_3.py
[2023-11-01 17:58:15,476] {scheduler_job.py:643} INFO - DAG(s) dict_keys(['example_branch_dop_operator_v3']) retrieved from /home/airflow/.local/lib/python3.6/site-packages/airflow/example_dags/example_branch_python_dop_operator_3.py
[2023-11-01 17:58:15,486] {logging_mixin.py:104} INFO - [2023-11-01 17:58:15,486] {dag.py:1833} INFO - Sync 1 DAGs
[2023-11-01 17:58:15,495] {logging_mixin.py:104} INFO - [2023-11-01 17:58:15,495] {dag.py:2306} INFO - Setting next_dagrun for example_branch_dop_operator_v3 to 2023-10-30 00:00:00+00:00
[2023-11-01 17:58:15,501] {scheduler_job.py:190} INFO - Processing /home/airflow/.local/lib/python3.6/site-packages/airflow/example_dags/example_branch_python_dop_operator_3.py took 0.033 seconds
[2023-11-01 17:58:45,671] {scheduler_job.py:182} INFO - Started process (PID=3039) to work on /home/airflow/.local/lib/python3.6/site-packages/airflow/example_dags/example_branch_python_dop_operator_3.py
[2023-11-01 17:58:45,671] {scheduler_job.py:633} INFO - Processing file /home/airflow/.local/lib/python3.6/site-packages/airflow/example_dags/example_branch_python_dop_operator_3.py for tasks to queue
[2023-11-01 17:58:45,672] {logging_mixin.py:104} INFO - [2023-11-01 17:58:45,672] {dagbag.py:496} INFO - Filling up the DagBag from /home/airflow/.local/lib/python3.6/site-packages/airflow/example_dags/example_branch_python_dop_operator_3.py
[2023-11-01 17:58:45,678] {scheduler_job.py:643} INFO - DAG(s) dict_keys(['example_branch_dop_operator_v3']) retrieved from /home/airflow/.local/lib/python3.6/site-packages/airflow/example_dags/example_branch_python_dop_operator_3.py
[2023-11-01 17:58:45,695] {logging_mixin.py:104} INFO - [2023-11-01 17:58:45,695] {dag.py:1833} INFO - Sync 1 DAGs
[2023-11-01 17:58:45,713] {logging_mixin.py:104} INFO - [2023-11-01 17:58:45,712] {dag.py:2306} INFO - Setting next_dagrun for example_branch_dop_operator_v3 to 2023-10-30 00:00:00+00:00
[2023-11-01 17:58:45,719] {scheduler_job.py:190} INFO - Processing /home/airflow/.local/lib/python3.6/site-packages/airflow/example_dags/example_branch_python_dop_operator_3.py took 0.050 seconds
[2023-11-01 17:59:16,620] {scheduler_job.py:182} INFO - Started process (PID=3117) to work on /home/airflow/.local/lib/python3.6/site-packages/airflow/example_dags/example_branch_python_dop_operator_3.py
[2023-11-01 17:59:16,622] {scheduler_job.py:633} INFO - Processing file /home/airflow/.local/lib/python3.6/site-packages/airflow/example_dags/example_branch_python_dop_operator_3.py for tasks to queue
[2023-11-01 17:59:16,622] {logging_mixin.py:104} INFO - [2023-11-01 17:59:16,622] {dagbag.py:496} INFO - Filling up the DagBag from /home/airflow/.local/lib/python3.6/site-packages/airflow/example_dags/example_branch_python_dop_operator_3.py
[2023-11-01 17:59:16,627] {scheduler_job.py:643} INFO - DAG(s) dict_keys(['example_branch_dop_operator_v3']) retrieved from /home/airflow/.local/lib/python3.6/site-packages/airflow/example_dags/example_branch_python_dop_operator_3.py
[2023-11-01 17:59:16,639] {logging_mixin.py:104} INFO - [2023-11-01 17:59:16,639] {dag.py:1833} INFO - Sync 1 DAGs
[2023-11-01 17:59:16,649] {logging_mixin.py:104} INFO - [2023-11-01 17:59:16,649] {dag.py:2306} INFO - Setting next_dagrun for example_branch_dop_operator_v3 to 2023-10-30 00:00:00+00:00
[2023-11-01 17:59:16,655] {scheduler_job.py:190} INFO - Processing /home/airflow/.local/lib/python3.6/site-packages/airflow/example_dags/example_branch_python_dop_operator_3.py took 0.036 seconds
[2023-11-01 17:59:47,529] {scheduler_job.py:182} INFO - Started process (PID=3190) to work on /home/airflow/.local/lib/python3.6/site-packages/airflow/example_dags/example_branch_python_dop_operator_3.py
[2023-11-01 17:59:47,530] {scheduler_job.py:633} INFO - Processing file /home/airflow/.local/lib/python3.6/site-packages/airflow/example_dags/example_branch_python_dop_operator_3.py for tasks to queue
[2023-11-01 17:59:47,530] {logging_mixin.py:104} INFO - [2023-11-01 17:59:47,530] {dagbag.py:496} INFO - Filling up the DagBag from /home/airflow/.local/lib/python3.6/site-packages/airflow/example_dags/example_branch_python_dop_operator_3.py
[2023-11-01 17:59:47,535] {scheduler_job.py:643} INFO - DAG(s) dict_keys(['example_branch_dop_operator_v3']) retrieved from /home/airflow/.local/lib/python3.6/site-packages/airflow/example_dags/example_branch_python_dop_operator_3.py
[2023-11-01 17:59:47,545] {logging_mixin.py:104} INFO - [2023-11-01 17:59:47,545] {dag.py:1833} INFO - Sync 1 DAGs
[2023-11-01 17:59:47,554] {logging_mixin.py:104} INFO - [2023-11-01 17:59:47,554] {dag.py:2306} INFO - Setting next_dagrun for example_branch_dop_operator_v3 to 2023-10-30 00:00:00+00:00
[2023-11-01 17:59:47,570] {scheduler_job.py:190} INFO - Processing /home/airflow/.local/lib/python3.6/site-packages/airflow/example_dags/example_branch_python_dop_operator_3.py took 0.042 seconds
[2023-11-01 18:00:18,349] {scheduler_job.py:182} INFO - Started process (PID=3271) to work on /home/airflow/.local/lib/python3.6/site-packages/airflow/example_dags/example_branch_python_dop_operator_3.py
[2023-11-01 18:00:18,349] {scheduler_job.py:633} INFO - Processing file /home/airflow/.local/lib/python3.6/site-packages/airflow/example_dags/example_branch_python_dop_operator_3.py for tasks to queue
[2023-11-01 18:00:18,349] {logging_mixin.py:104} INFO - [2023-11-01 18:00:18,349] {dagbag.py:496} INFO - Filling up the DagBag from /home/airflow/.local/lib/python3.6/site-packages/airflow/example_dags/example_branch_python_dop_operator_3.py
[2023-11-01 18:00:18,355] {scheduler_job.py:643} INFO - DAG(s) dict_keys(['example_branch_dop_operator_v3']) retrieved from /home/airflow/.local/lib/python3.6/site-packages/airflow/example_dags/example_branch_python_dop_operator_3.py
[2023-11-01 18:00:18,366] {logging_mixin.py:104} INFO - [2023-11-01 18:00:18,366] {dag.py:1833} INFO - Sync 1 DAGs
[2023-11-01 18:00:18,375] {logging_mixin.py:104} INFO - [2023-11-01 18:00:18,375] {dag.py:2306} INFO - Setting next_dagrun for example_branch_dop_operator_v3 to 2023-10-30 00:00:00+00:00
[2023-11-01 18:00:18,390] {scheduler_job.py:190} INFO - Processing /home/airflow/.local/lib/python3.6/site-packages/airflow/example_dags/example_branch_python_dop_operator_3.py took 0.043 seconds
