[2023-11-01 17:42:18,191] {scheduler_job.py:182} INFO - Started process (PID=210) to work on /home/airflow/.local/lib/python3.6/site-packages/airflow/example_dags/example_trigger_controller_dag.py
[2023-11-01 17:42:18,192] {scheduler_job.py:633} INFO - Processing file /home/airflow/.local/lib/python3.6/site-packages/airflow/example_dags/example_trigger_controller_dag.py for tasks to queue
[2023-11-01 17:42:18,192] {logging_mixin.py:104} INFO - [2023-11-01 17:42:18,192] {dagbag.py:496} INFO - Filling up the DagBag from /home/airflow/.local/lib/python3.6/site-packages/airflow/example_dags/example_trigger_controller_dag.py
[2023-11-01 17:42:18,201] {scheduler_job.py:643} INFO - DAG(s) dict_keys(['example_trigger_controller_dag']) retrieved from /home/airflow/.local/lib/python3.6/site-packages/airflow/example_dags/example_trigger_controller_dag.py
[2023-11-01 17:42:19,587] {logging_mixin.py:104} INFO - [2023-11-01 17:42:19,587] {dag.py:1833} INFO - Sync 1 DAGs
[2023-11-01 17:42:19,592] {logging_mixin.py:104} INFO - [2023-11-01 17:42:19,591] {dag.py:1852} INFO - Creating ORM DAG for example_trigger_controller_dag
[2023-11-01 17:42:19,595] {logging_mixin.py:104} INFO - [2023-11-01 17:42:19,595] {dag.py:2306} INFO - Setting next_dagrun for example_trigger_controller_dag to 2023-10-30 00:00:00+00:00
[2023-11-01 17:42:19,600] {scheduler_job.py:190} INFO - Processing /home/airflow/.local/lib/python3.6/site-packages/airflow/example_dags/example_trigger_controller_dag.py took 1.411 seconds
[2023-11-01 17:42:49,825] {scheduler_job.py:182} INFO - Started process (PID=701) to work on /home/airflow/.local/lib/python3.6/site-packages/airflow/example_dags/example_trigger_controller_dag.py
[2023-11-01 17:42:49,826] {scheduler_job.py:633} INFO - Processing file /home/airflow/.local/lib/python3.6/site-packages/airflow/example_dags/example_trigger_controller_dag.py for tasks to queue
[2023-11-01 17:42:49,826] {logging_mixin.py:104} INFO - [2023-11-01 17:42:49,826] {dagbag.py:496} INFO - Filling up the DagBag from /home/airflow/.local/lib/python3.6/site-packages/airflow/example_dags/example_trigger_controller_dag.py
[2023-11-01 17:42:49,833] {scheduler_job.py:643} INFO - DAG(s) dict_keys(['example_trigger_controller_dag']) retrieved from /home/airflow/.local/lib/python3.6/site-packages/airflow/example_dags/example_trigger_controller_dag.py
[2023-11-01 17:42:49,849] {logging_mixin.py:104} INFO - [2023-11-01 17:42:49,849] {dag.py:1833} INFO - Sync 1 DAGs
[2023-11-01 17:42:49,857] {logging_mixin.py:104} INFO - [2023-11-01 17:42:49,857] {dag.py:2306} INFO - Setting next_dagrun for example_trigger_controller_dag to 2023-10-30 00:00:00+00:00
[2023-11-01 17:42:49,874] {scheduler_job.py:190} INFO - Processing /home/airflow/.local/lib/python3.6/site-packages/airflow/example_dags/example_trigger_controller_dag.py took 0.050 seconds
[2023-11-01 17:43:20,434] {scheduler_job.py:182} INFO - Started process (PID=762) to work on /home/airflow/.local/lib/python3.6/site-packages/airflow/example_dags/example_trigger_controller_dag.py
[2023-11-01 17:43:20,434] {scheduler_job.py:633} INFO - Processing file /home/airflow/.local/lib/python3.6/site-packages/airflow/example_dags/example_trigger_controller_dag.py for tasks to queue
[2023-11-01 17:43:20,434] {logging_mixin.py:104} INFO - [2023-11-01 17:43:20,434] {dagbag.py:496} INFO - Filling up the DagBag from /home/airflow/.local/lib/python3.6/site-packages/airflow/example_dags/example_trigger_controller_dag.py
[2023-11-01 17:43:20,438] {scheduler_job.py:643} INFO - DAG(s) dict_keys(['example_trigger_controller_dag']) retrieved from /home/airflow/.local/lib/python3.6/site-packages/airflow/example_dags/example_trigger_controller_dag.py
[2023-11-01 17:43:20,451] {logging_mixin.py:104} INFO - [2023-11-01 17:43:20,450] {dag.py:1833} INFO - Sync 1 DAGs
[2023-11-01 17:43:20,457] {logging_mixin.py:104} INFO - [2023-11-01 17:43:20,457] {dag.py:2306} INFO - Setting next_dagrun for example_trigger_controller_dag to 2023-10-30 00:00:00+00:00
[2023-11-01 17:43:20,471] {scheduler_job.py:190} INFO - Processing /home/airflow/.local/lib/python3.6/site-packages/airflow/example_dags/example_trigger_controller_dag.py took 0.039 seconds
[2023-11-01 17:43:51,148] {scheduler_job.py:182} INFO - Started process (PID=823) to work on /home/airflow/.local/lib/python3.6/site-packages/airflow/example_dags/example_trigger_controller_dag.py
[2023-11-01 17:43:51,148] {scheduler_job.py:633} INFO - Processing file /home/airflow/.local/lib/python3.6/site-packages/airflow/example_dags/example_trigger_controller_dag.py for tasks to queue
[2023-11-01 17:43:51,149] {logging_mixin.py:104} INFO - [2023-11-01 17:43:51,148] {dagbag.py:496} INFO - Filling up the DagBag from /home/airflow/.local/lib/python3.6/site-packages/airflow/example_dags/example_trigger_controller_dag.py
[2023-11-01 17:43:51,153] {scheduler_job.py:643} INFO - DAG(s) dict_keys(['example_trigger_controller_dag']) retrieved from /home/airflow/.local/lib/python3.6/site-packages/airflow/example_dags/example_trigger_controller_dag.py
[2023-11-01 17:43:51,163] {logging_mixin.py:104} INFO - [2023-11-01 17:43:51,163] {dag.py:1833} INFO - Sync 1 DAGs
[2023-11-01 17:43:51,173] {logging_mixin.py:104} INFO - [2023-11-01 17:43:51,173] {dag.py:2306} INFO - Setting next_dagrun for example_trigger_controller_dag to 2023-10-30 00:00:00+00:00
[2023-11-01 17:43:51,179] {scheduler_job.py:190} INFO - Processing /home/airflow/.local/lib/python3.6/site-packages/airflow/example_dags/example_trigger_controller_dag.py took 0.033 seconds
[2023-11-01 17:44:21,947] {scheduler_job.py:182} INFO - Started process (PID=883) to work on /home/airflow/.local/lib/python3.6/site-packages/airflow/example_dags/example_trigger_controller_dag.py
[2023-11-01 17:44:21,947] {scheduler_job.py:633} INFO - Processing file /home/airflow/.local/lib/python3.6/site-packages/airflow/example_dags/example_trigger_controller_dag.py for tasks to queue
[2023-11-01 17:44:21,947] {logging_mixin.py:104} INFO - [2023-11-01 17:44:21,947] {dagbag.py:496} INFO - Filling up the DagBag from /home/airflow/.local/lib/python3.6/site-packages/airflow/example_dags/example_trigger_controller_dag.py
[2023-11-01 17:44:21,952] {scheduler_job.py:643} INFO - DAG(s) dict_keys(['example_trigger_controller_dag']) retrieved from /home/airflow/.local/lib/python3.6/site-packages/airflow/example_dags/example_trigger_controller_dag.py
[2023-11-01 17:44:21,962] {logging_mixin.py:104} INFO - [2023-11-01 17:44:21,962] {dag.py:1833} INFO - Sync 1 DAGs
[2023-11-01 17:44:21,968] {logging_mixin.py:104} INFO - [2023-11-01 17:44:21,968] {dag.py:2306} INFO - Setting next_dagrun for example_trigger_controller_dag to 2023-10-30 00:00:00+00:00
[2023-11-01 17:44:21,983] {scheduler_job.py:190} INFO - Processing /home/airflow/.local/lib/python3.6/site-packages/airflow/example_dags/example_trigger_controller_dag.py took 0.038 seconds
[2023-11-01 17:44:52,629] {scheduler_job.py:182} INFO - Started process (PID=934) to work on /home/airflow/.local/lib/python3.6/site-packages/airflow/example_dags/example_trigger_controller_dag.py
[2023-11-01 17:44:52,630] {scheduler_job.py:633} INFO - Processing file /home/airflow/.local/lib/python3.6/site-packages/airflow/example_dags/example_trigger_controller_dag.py for tasks to queue
[2023-11-01 17:44:52,630] {logging_mixin.py:104} INFO - [2023-11-01 17:44:52,630] {dagbag.py:496} INFO - Filling up the DagBag from /home/airflow/.local/lib/python3.6/site-packages/airflow/example_dags/example_trigger_controller_dag.py
[2023-11-01 17:44:52,635] {scheduler_job.py:643} INFO - DAG(s) dict_keys(['example_trigger_controller_dag']) retrieved from /home/airflow/.local/lib/python3.6/site-packages/airflow/example_dags/example_trigger_controller_dag.py
[2023-11-01 17:44:52,647] {logging_mixin.py:104} INFO - [2023-11-01 17:44:52,647] {dag.py:1833} INFO - Sync 1 DAGs
[2023-11-01 17:44:52,653] {logging_mixin.py:104} INFO - [2023-11-01 17:44:52,653] {dag.py:2306} INFO - Setting next_dagrun for example_trigger_controller_dag to 2023-10-30 00:00:00+00:00
[2023-11-01 17:44:52,658] {scheduler_job.py:190} INFO - Processing /home/airflow/.local/lib/python3.6/site-packages/airflow/example_dags/example_trigger_controller_dag.py took 0.029 seconds
[2023-11-01 17:45:23,272] {scheduler_job.py:182} INFO - Started process (PID=995) to work on /home/airflow/.local/lib/python3.6/site-packages/airflow/example_dags/example_trigger_controller_dag.py
[2023-11-01 17:45:23,272] {scheduler_job.py:633} INFO - Processing file /home/airflow/.local/lib/python3.6/site-packages/airflow/example_dags/example_trigger_controller_dag.py for tasks to queue
[2023-11-01 17:45:23,273] {logging_mixin.py:104} INFO - [2023-11-01 17:45:23,273] {dagbag.py:496} INFO - Filling up the DagBag from /home/airflow/.local/lib/python3.6/site-packages/airflow/example_dags/example_trigger_controller_dag.py
[2023-11-01 17:45:23,277] {scheduler_job.py:643} INFO - DAG(s) dict_keys(['example_trigger_controller_dag']) retrieved from /home/airflow/.local/lib/python3.6/site-packages/airflow/example_dags/example_trigger_controller_dag.py
[2023-11-01 17:45:23,288] {logging_mixin.py:104} INFO - [2023-11-01 17:45:23,288] {dag.py:1833} INFO - Sync 1 DAGs
[2023-11-01 17:45:23,295] {logging_mixin.py:104} INFO - [2023-11-01 17:45:23,295] {dag.py:2306} INFO - Setting next_dagrun for example_trigger_controller_dag to 2023-10-30 00:00:00+00:00
[2023-11-01 17:45:23,310] {scheduler_job.py:190} INFO - Processing /home/airflow/.local/lib/python3.6/site-packages/airflow/example_dags/example_trigger_controller_dag.py took 0.039 seconds
[2023-11-01 17:45:54,014] {scheduler_job.py:182} INFO - Started process (PID=1056) to work on /home/airflow/.local/lib/python3.6/site-packages/airflow/example_dags/example_trigger_controller_dag.py
[2023-11-01 17:45:54,015] {scheduler_job.py:633} INFO - Processing file /home/airflow/.local/lib/python3.6/site-packages/airflow/example_dags/example_trigger_controller_dag.py for tasks to queue
[2023-11-01 17:45:54,015] {logging_mixin.py:104} INFO - [2023-11-01 17:45:54,015] {dagbag.py:496} INFO - Filling up the DagBag from /home/airflow/.local/lib/python3.6/site-packages/airflow/example_dags/example_trigger_controller_dag.py
[2023-11-01 17:45:54,021] {scheduler_job.py:643} INFO - DAG(s) dict_keys(['example_trigger_controller_dag']) retrieved from /home/airflow/.local/lib/python3.6/site-packages/airflow/example_dags/example_trigger_controller_dag.py
[2023-11-01 17:45:54,033] {logging_mixin.py:104} INFO - [2023-11-01 17:45:54,033] {dag.py:1833} INFO - Sync 1 DAGs
[2023-11-01 17:45:54,040] {logging_mixin.py:104} INFO - [2023-11-01 17:45:54,040] {dag.py:2306} INFO - Setting next_dagrun for example_trigger_controller_dag to 2023-10-30 00:00:00+00:00
[2023-11-01 17:45:54,044] {scheduler_job.py:190} INFO - Processing /home/airflow/.local/lib/python3.6/site-packages/airflow/example_dags/example_trigger_controller_dag.py took 0.032 seconds
[2023-11-01 17:46:24,754] {scheduler_job.py:182} INFO - Started process (PID=1117) to work on /home/airflow/.local/lib/python3.6/site-packages/airflow/example_dags/example_trigger_controller_dag.py
[2023-11-01 17:46:24,754] {scheduler_job.py:633} INFO - Processing file /home/airflow/.local/lib/python3.6/site-packages/airflow/example_dags/example_trigger_controller_dag.py for tasks to queue
[2023-11-01 17:46:24,755] {logging_mixin.py:104} INFO - [2023-11-01 17:46:24,755] {dagbag.py:496} INFO - Filling up the DagBag from /home/airflow/.local/lib/python3.6/site-packages/airflow/example_dags/example_trigger_controller_dag.py
[2023-11-01 17:46:24,762] {scheduler_job.py:643} INFO - DAG(s) dict_keys(['example_trigger_controller_dag']) retrieved from /home/airflow/.local/lib/python3.6/site-packages/airflow/example_dags/example_trigger_controller_dag.py
[2023-11-01 17:46:24,777] {logging_mixin.py:104} INFO - [2023-11-01 17:46:24,777] {dag.py:1833} INFO - Sync 1 DAGs
[2023-11-01 17:46:24,787] {logging_mixin.py:104} INFO - [2023-11-01 17:46:24,787] {dag.py:2306} INFO - Setting next_dagrun for example_trigger_controller_dag to 2023-10-30 00:00:00+00:00
[2023-11-01 17:46:24,803] {scheduler_job.py:190} INFO - Processing /home/airflow/.local/lib/python3.6/site-packages/airflow/example_dags/example_trigger_controller_dag.py took 0.050 seconds
[2023-11-01 17:46:55,428] {scheduler_job.py:182} INFO - Started process (PID=1177) to work on /home/airflow/.local/lib/python3.6/site-packages/airflow/example_dags/example_trigger_controller_dag.py
[2023-11-01 17:46:55,429] {scheduler_job.py:633} INFO - Processing file /home/airflow/.local/lib/python3.6/site-packages/airflow/example_dags/example_trigger_controller_dag.py for tasks to queue
[2023-11-01 17:46:55,429] {logging_mixin.py:104} INFO - [2023-11-01 17:46:55,429] {dagbag.py:496} INFO - Filling up the DagBag from /home/airflow/.local/lib/python3.6/site-packages/airflow/example_dags/example_trigger_controller_dag.py
[2023-11-01 17:46:55,434] {scheduler_job.py:643} INFO - DAG(s) dict_keys(['example_trigger_controller_dag']) retrieved from /home/airflow/.local/lib/python3.6/site-packages/airflow/example_dags/example_trigger_controller_dag.py
[2023-11-01 17:46:55,445] {logging_mixin.py:104} INFO - [2023-11-01 17:46:55,445] {dag.py:1833} INFO - Sync 1 DAGs
[2023-11-01 17:46:55,452] {logging_mixin.py:104} INFO - [2023-11-01 17:46:55,452] {dag.py:2306} INFO - Setting next_dagrun for example_trigger_controller_dag to 2023-10-30 00:00:00+00:00
[2023-11-01 17:46:55,457] {scheduler_job.py:190} INFO - Processing /home/airflow/.local/lib/python3.6/site-packages/airflow/example_dags/example_trigger_controller_dag.py took 0.030 seconds
[2023-11-01 17:47:26,068] {scheduler_job.py:182} INFO - Started process (PID=1248) to work on /home/airflow/.local/lib/python3.6/site-packages/airflow/example_dags/example_trigger_controller_dag.py
[2023-11-01 17:47:26,069] {scheduler_job.py:633} INFO - Processing file /home/airflow/.local/lib/python3.6/site-packages/airflow/example_dags/example_trigger_controller_dag.py for tasks to queue
[2023-11-01 17:47:26,069] {logging_mixin.py:104} INFO - [2023-11-01 17:47:26,069] {dagbag.py:496} INFO - Filling up the DagBag from /home/airflow/.local/lib/python3.6/site-packages/airflow/example_dags/example_trigger_controller_dag.py
[2023-11-01 17:47:26,073] {scheduler_job.py:643} INFO - DAG(s) dict_keys(['example_trigger_controller_dag']) retrieved from /home/airflow/.local/lib/python3.6/site-packages/airflow/example_dags/example_trigger_controller_dag.py
[2023-11-01 17:47:26,084] {logging_mixin.py:104} INFO - [2023-11-01 17:47:26,084] {dag.py:1833} INFO - Sync 1 DAGs
[2023-11-01 17:47:26,090] {logging_mixin.py:104} INFO - [2023-11-01 17:47:26,090] {dag.py:2306} INFO - Setting next_dagrun for example_trigger_controller_dag to 2023-10-30 00:00:00+00:00
[2023-11-01 17:47:26,105] {scheduler_job.py:190} INFO - Processing /home/airflow/.local/lib/python3.6/site-packages/airflow/example_dags/example_trigger_controller_dag.py took 0.038 seconds
[2023-11-01 17:47:56,739] {scheduler_job.py:182} INFO - Started process (PID=1328) to work on /home/airflow/.local/lib/python3.6/site-packages/airflow/example_dags/example_trigger_controller_dag.py
[2023-11-01 17:47:56,739] {scheduler_job.py:633} INFO - Processing file /home/airflow/.local/lib/python3.6/site-packages/airflow/example_dags/example_trigger_controller_dag.py for tasks to queue
[2023-11-01 17:47:56,739] {logging_mixin.py:104} INFO - [2023-11-01 17:47:56,739] {dagbag.py:496} INFO - Filling up the DagBag from /home/airflow/.local/lib/python3.6/site-packages/airflow/example_dags/example_trigger_controller_dag.py
[2023-11-01 17:47:56,744] {scheduler_job.py:643} INFO - DAG(s) dict_keys(['example_trigger_controller_dag']) retrieved from /home/airflow/.local/lib/python3.6/site-packages/airflow/example_dags/example_trigger_controller_dag.py
[2023-11-01 17:47:56,755] {logging_mixin.py:104} INFO - [2023-11-01 17:47:56,755] {dag.py:1833} INFO - Sync 1 DAGs
[2023-11-01 17:47:56,762] {logging_mixin.py:104} INFO - [2023-11-01 17:47:56,761] {dag.py:2306} INFO - Setting next_dagrun for example_trigger_controller_dag to 2023-10-30 00:00:00+00:00
[2023-11-01 17:47:56,777] {scheduler_job.py:190} INFO - Processing /home/airflow/.local/lib/python3.6/site-packages/airflow/example_dags/example_trigger_controller_dag.py took 0.039 seconds
[2023-11-01 17:48:27,480] {scheduler_job.py:182} INFO - Started process (PID=1409) to work on /home/airflow/.local/lib/python3.6/site-packages/airflow/example_dags/example_trigger_controller_dag.py
[2023-11-01 17:48:27,481] {scheduler_job.py:633} INFO - Processing file /home/airflow/.local/lib/python3.6/site-packages/airflow/example_dags/example_trigger_controller_dag.py for tasks to queue
[2023-11-01 17:48:27,481] {logging_mixin.py:104} INFO - [2023-11-01 17:48:27,481] {dagbag.py:496} INFO - Filling up the DagBag from /home/airflow/.local/lib/python3.6/site-packages/airflow/example_dags/example_trigger_controller_dag.py
[2023-11-01 17:48:27,486] {scheduler_job.py:643} INFO - DAG(s) dict_keys(['example_trigger_controller_dag']) retrieved from /home/airflow/.local/lib/python3.6/site-packages/airflow/example_dags/example_trigger_controller_dag.py
[2023-11-01 17:48:27,498] {logging_mixin.py:104} INFO - [2023-11-01 17:48:27,498] {dag.py:1833} INFO - Sync 1 DAGs
[2023-11-01 17:48:27,505] {logging_mixin.py:104} INFO - [2023-11-01 17:48:27,505] {dag.py:2306} INFO - Setting next_dagrun for example_trigger_controller_dag to 2023-10-30 00:00:00+00:00
[2023-11-01 17:48:27,521] {scheduler_job.py:190} INFO - Processing /home/airflow/.local/lib/python3.6/site-packages/airflow/example_dags/example_trigger_controller_dag.py took 0.042 seconds
[2023-11-01 17:48:58,163] {scheduler_job.py:182} INFO - Started process (PID=1490) to work on /home/airflow/.local/lib/python3.6/site-packages/airflow/example_dags/example_trigger_controller_dag.py
[2023-11-01 17:48:58,163] {scheduler_job.py:633} INFO - Processing file /home/airflow/.local/lib/python3.6/site-packages/airflow/example_dags/example_trigger_controller_dag.py for tasks to queue
[2023-11-01 17:48:58,164] {logging_mixin.py:104} INFO - [2023-11-01 17:48:58,164] {dagbag.py:496} INFO - Filling up the DagBag from /home/airflow/.local/lib/python3.6/site-packages/airflow/example_dags/example_trigger_controller_dag.py
[2023-11-01 17:48:58,168] {scheduler_job.py:643} INFO - DAG(s) dict_keys(['example_trigger_controller_dag']) retrieved from /home/airflow/.local/lib/python3.6/site-packages/airflow/example_dags/example_trigger_controller_dag.py
[2023-11-01 17:48:58,181] {logging_mixin.py:104} INFO - [2023-11-01 17:48:58,180] {dag.py:1833} INFO - Sync 1 DAGs
[2023-11-01 17:48:58,187] {logging_mixin.py:104} INFO - [2023-11-01 17:48:58,187] {dag.py:2306} INFO - Setting next_dagrun for example_trigger_controller_dag to 2023-10-30 00:00:00+00:00
[2023-11-01 17:48:58,204] {scheduler_job.py:190} INFO - Processing /home/airflow/.local/lib/python3.6/site-packages/airflow/example_dags/example_trigger_controller_dag.py took 0.042 seconds
[2023-11-01 17:49:28,828] {scheduler_job.py:182} INFO - Started process (PID=1560) to work on /home/airflow/.local/lib/python3.6/site-packages/airflow/example_dags/example_trigger_controller_dag.py
[2023-11-01 17:49:28,829] {scheduler_job.py:633} INFO - Processing file /home/airflow/.local/lib/python3.6/site-packages/airflow/example_dags/example_trigger_controller_dag.py for tasks to queue
[2023-11-01 17:49:28,829] {logging_mixin.py:104} INFO - [2023-11-01 17:49:28,829] {dagbag.py:496} INFO - Filling up the DagBag from /home/airflow/.local/lib/python3.6/site-packages/airflow/example_dags/example_trigger_controller_dag.py
[2023-11-01 17:49:28,833] {scheduler_job.py:643} INFO - DAG(s) dict_keys(['example_trigger_controller_dag']) retrieved from /home/airflow/.local/lib/python3.6/site-packages/airflow/example_dags/example_trigger_controller_dag.py
[2023-11-01 17:49:28,844] {logging_mixin.py:104} INFO - [2023-11-01 17:49:28,844] {dag.py:1833} INFO - Sync 1 DAGs
[2023-11-01 17:49:28,850] {logging_mixin.py:104} INFO - [2023-11-01 17:49:28,850] {dag.py:2306} INFO - Setting next_dagrun for example_trigger_controller_dag to 2023-10-30 00:00:00+00:00
[2023-11-01 17:49:28,865] {scheduler_job.py:190} INFO - Processing /home/airflow/.local/lib/python3.6/site-packages/airflow/example_dags/example_trigger_controller_dag.py took 0.038 seconds
[2023-11-01 17:49:59,564] {scheduler_job.py:182} INFO - Started process (PID=1641) to work on /home/airflow/.local/lib/python3.6/site-packages/airflow/example_dags/example_trigger_controller_dag.py
[2023-11-01 17:49:59,565] {scheduler_job.py:633} INFO - Processing file /home/airflow/.local/lib/python3.6/site-packages/airflow/example_dags/example_trigger_controller_dag.py for tasks to queue
[2023-11-01 17:49:59,565] {logging_mixin.py:104} INFO - [2023-11-01 17:49:59,565] {dagbag.py:496} INFO - Filling up the DagBag from /home/airflow/.local/lib/python3.6/site-packages/airflow/example_dags/example_trigger_controller_dag.py
[2023-11-01 17:49:59,569] {scheduler_job.py:643} INFO - DAG(s) dict_keys(['example_trigger_controller_dag']) retrieved from /home/airflow/.local/lib/python3.6/site-packages/airflow/example_dags/example_trigger_controller_dag.py
[2023-11-01 17:49:59,579] {logging_mixin.py:104} INFO - [2023-11-01 17:49:59,579] {dag.py:1833} INFO - Sync 1 DAGs
[2023-11-01 17:49:59,586] {logging_mixin.py:104} INFO - [2023-11-01 17:49:59,585] {dag.py:2306} INFO - Setting next_dagrun for example_trigger_controller_dag to 2023-10-30 00:00:00+00:00
[2023-11-01 17:49:59,590] {scheduler_job.py:190} INFO - Processing /home/airflow/.local/lib/python3.6/site-packages/airflow/example_dags/example_trigger_controller_dag.py took 0.027 seconds
[2023-11-01 17:50:30,255] {scheduler_job.py:182} INFO - Started process (PID=1721) to work on /home/airflow/.local/lib/python3.6/site-packages/airflow/example_dags/example_trigger_controller_dag.py
[2023-11-01 17:50:30,255] {scheduler_job.py:633} INFO - Processing file /home/airflow/.local/lib/python3.6/site-packages/airflow/example_dags/example_trigger_controller_dag.py for tasks to queue
[2023-11-01 17:50:30,256] {logging_mixin.py:104} INFO - [2023-11-01 17:50:30,255] {dagbag.py:496} INFO - Filling up the DagBag from /home/airflow/.local/lib/python3.6/site-packages/airflow/example_dags/example_trigger_controller_dag.py
[2023-11-01 17:50:30,260] {scheduler_job.py:643} INFO - DAG(s) dict_keys(['example_trigger_controller_dag']) retrieved from /home/airflow/.local/lib/python3.6/site-packages/airflow/example_dags/example_trigger_controller_dag.py
[2023-11-01 17:50:30,270] {logging_mixin.py:104} INFO - [2023-11-01 17:50:30,269] {dag.py:1833} INFO - Sync 1 DAGs
[2023-11-01 17:50:30,276] {logging_mixin.py:104} INFO - [2023-11-01 17:50:30,276] {dag.py:2306} INFO - Setting next_dagrun for example_trigger_controller_dag to 2023-10-30 00:00:00+00:00
[2023-11-01 17:50:30,283] {scheduler_job.py:190} INFO - Processing /home/airflow/.local/lib/python3.6/site-packages/airflow/example_dags/example_trigger_controller_dag.py took 0.029 seconds
[2023-11-01 17:51:00,964] {scheduler_job.py:182} INFO - Started process (PID=1802) to work on /home/airflow/.local/lib/python3.6/site-packages/airflow/example_dags/example_trigger_controller_dag.py
[2023-11-01 17:51:00,965] {scheduler_job.py:633} INFO - Processing file /home/airflow/.local/lib/python3.6/site-packages/airflow/example_dags/example_trigger_controller_dag.py for tasks to queue
[2023-11-01 17:51:00,965] {logging_mixin.py:104} INFO - [2023-11-01 17:51:00,965] {dagbag.py:496} INFO - Filling up the DagBag from /home/airflow/.local/lib/python3.6/site-packages/airflow/example_dags/example_trigger_controller_dag.py
[2023-11-01 17:51:00,969] {scheduler_job.py:643} INFO - DAG(s) dict_keys(['example_trigger_controller_dag']) retrieved from /home/airflow/.local/lib/python3.6/site-packages/airflow/example_dags/example_trigger_controller_dag.py
[2023-11-01 17:51:00,982] {logging_mixin.py:104} INFO - [2023-11-01 17:51:00,981] {dag.py:1833} INFO - Sync 1 DAGs
[2023-11-01 17:51:00,989] {logging_mixin.py:104} INFO - [2023-11-01 17:51:00,988] {dag.py:2306} INFO - Setting next_dagrun for example_trigger_controller_dag to 2023-10-30 00:00:00+00:00
[2023-11-01 17:51:00,994] {scheduler_job.py:190} INFO - Processing /home/airflow/.local/lib/python3.6/site-packages/airflow/example_dags/example_trigger_controller_dag.py took 0.031 seconds
[2023-11-01 17:51:31,774] {scheduler_job.py:182} INFO - Started process (PID=1883) to work on /home/airflow/.local/lib/python3.6/site-packages/airflow/example_dags/example_trigger_controller_dag.py
[2023-11-01 17:51:31,775] {scheduler_job.py:633} INFO - Processing file /home/airflow/.local/lib/python3.6/site-packages/airflow/example_dags/example_trigger_controller_dag.py for tasks to queue
[2023-11-01 17:51:31,775] {logging_mixin.py:104} INFO - [2023-11-01 17:51:31,775] {dagbag.py:496} INFO - Filling up the DagBag from /home/airflow/.local/lib/python3.6/site-packages/airflow/example_dags/example_trigger_controller_dag.py
[2023-11-01 17:51:31,780] {scheduler_job.py:643} INFO - DAG(s) dict_keys(['example_trigger_controller_dag']) retrieved from /home/airflow/.local/lib/python3.6/site-packages/airflow/example_dags/example_trigger_controller_dag.py
[2023-11-01 17:51:31,792] {logging_mixin.py:104} INFO - [2023-11-01 17:51:31,792] {dag.py:1833} INFO - Sync 1 DAGs
[2023-11-01 17:51:31,799] {logging_mixin.py:104} INFO - [2023-11-01 17:51:31,799] {dag.py:2306} INFO - Setting next_dagrun for example_trigger_controller_dag to 2023-10-30 00:00:00+00:00
[2023-11-01 17:51:31,816] {scheduler_job.py:190} INFO - Processing /home/airflow/.local/lib/python3.6/site-packages/airflow/example_dags/example_trigger_controller_dag.py took 0.043 seconds
[2023-11-01 17:52:01,863] {scheduler_job.py:182} INFO - Started process (PID=1954) to work on /home/airflow/.local/lib/python3.6/site-packages/airflow/example_dags/example_trigger_controller_dag.py
[2023-11-01 17:52:01,863] {scheduler_job.py:633} INFO - Processing file /home/airflow/.local/lib/python3.6/site-packages/airflow/example_dags/example_trigger_controller_dag.py for tasks to queue
[2023-11-01 17:52:01,864] {logging_mixin.py:104} INFO - [2023-11-01 17:52:01,864] {dagbag.py:496} INFO - Filling up the DagBag from /home/airflow/.local/lib/python3.6/site-packages/airflow/example_dags/example_trigger_controller_dag.py
[2023-11-01 17:52:01,871] {scheduler_job.py:643} INFO - DAG(s) dict_keys(['example_trigger_controller_dag']) retrieved from /home/airflow/.local/lib/python3.6/site-packages/airflow/example_dags/example_trigger_controller_dag.py
[2023-11-01 17:52:01,883] {logging_mixin.py:104} INFO - [2023-11-01 17:52:01,883] {dag.py:1833} INFO - Sync 1 DAGs
[2023-11-01 17:52:01,893] {logging_mixin.py:104} INFO - [2023-11-01 17:52:01,892] {dag.py:2306} INFO - Setting next_dagrun for example_trigger_controller_dag to 2023-10-30 00:00:00+00:00
[2023-11-01 17:52:01,910] {scheduler_job.py:190} INFO - Processing /home/airflow/.local/lib/python3.6/site-packages/airflow/example_dags/example_trigger_controller_dag.py took 0.049 seconds
[2023-11-01 17:52:32,139] {scheduler_job.py:182} INFO - Started process (PID=2035) to work on /home/airflow/.local/lib/python3.6/site-packages/airflow/example_dags/example_trigger_controller_dag.py
[2023-11-01 17:52:32,139] {scheduler_job.py:633} INFO - Processing file /home/airflow/.local/lib/python3.6/site-packages/airflow/example_dags/example_trigger_controller_dag.py for tasks to queue
[2023-11-01 17:52:32,139] {logging_mixin.py:104} INFO - [2023-11-01 17:52:32,139] {dagbag.py:496} INFO - Filling up the DagBag from /home/airflow/.local/lib/python3.6/site-packages/airflow/example_dags/example_trigger_controller_dag.py
[2023-11-01 17:52:32,144] {scheduler_job.py:643} INFO - DAG(s) dict_keys(['example_trigger_controller_dag']) retrieved from /home/airflow/.local/lib/python3.6/site-packages/airflow/example_dags/example_trigger_controller_dag.py
[2023-11-01 17:52:32,154] {logging_mixin.py:104} INFO - [2023-11-01 17:52:32,154] {dag.py:1833} INFO - Sync 1 DAGs
[2023-11-01 17:52:32,161] {logging_mixin.py:104} INFO - [2023-11-01 17:52:32,161] {dag.py:2306} INFO - Setting next_dagrun for example_trigger_controller_dag to 2023-10-30 00:00:00+00:00
[2023-11-01 17:52:32,175] {scheduler_job.py:190} INFO - Processing /home/airflow/.local/lib/python3.6/site-packages/airflow/example_dags/example_trigger_controller_dag.py took 0.038 seconds
[2023-11-01 17:53:02,328] {scheduler_job.py:182} INFO - Started process (PID=2116) to work on /home/airflow/.local/lib/python3.6/site-packages/airflow/example_dags/example_trigger_controller_dag.py
[2023-11-01 17:53:02,329] {scheduler_job.py:633} INFO - Processing file /home/airflow/.local/lib/python3.6/site-packages/airflow/example_dags/example_trigger_controller_dag.py for tasks to queue
[2023-11-01 17:53:02,329] {logging_mixin.py:104} INFO - [2023-11-01 17:53:02,329] {dagbag.py:496} INFO - Filling up the DagBag from /home/airflow/.local/lib/python3.6/site-packages/airflow/example_dags/example_trigger_controller_dag.py
[2023-11-01 17:53:02,334] {scheduler_job.py:643} INFO - DAG(s) dict_keys(['example_trigger_controller_dag']) retrieved from /home/airflow/.local/lib/python3.6/site-packages/airflow/example_dags/example_trigger_controller_dag.py
[2023-11-01 17:53:02,349] {logging_mixin.py:104} INFO - [2023-11-01 17:53:02,349] {dag.py:1833} INFO - Sync 1 DAGs
[2023-11-01 17:53:02,357] {logging_mixin.py:104} INFO - [2023-11-01 17:53:02,357] {dag.py:2306} INFO - Setting next_dagrun for example_trigger_controller_dag to 2023-10-30 00:00:00+00:00
[2023-11-01 17:53:02,361] {scheduler_job.py:190} INFO - Processing /home/airflow/.local/lib/python3.6/site-packages/airflow/example_dags/example_trigger_controller_dag.py took 0.035 seconds
[2023-11-01 17:53:33,056] {scheduler_job.py:182} INFO - Started process (PID=2187) to work on /home/airflow/.local/lib/python3.6/site-packages/airflow/example_dags/example_trigger_controller_dag.py
[2023-11-01 17:53:33,056] {scheduler_job.py:633} INFO - Processing file /home/airflow/.local/lib/python3.6/site-packages/airflow/example_dags/example_trigger_controller_dag.py for tasks to queue
[2023-11-01 17:53:33,057] {logging_mixin.py:104} INFO - [2023-11-01 17:53:33,057] {dagbag.py:496} INFO - Filling up the DagBag from /home/airflow/.local/lib/python3.6/site-packages/airflow/example_dags/example_trigger_controller_dag.py
[2023-11-01 17:53:33,063] {scheduler_job.py:643} INFO - DAG(s) dict_keys(['example_trigger_controller_dag']) retrieved from /home/airflow/.local/lib/python3.6/site-packages/airflow/example_dags/example_trigger_controller_dag.py
[2023-11-01 17:53:33,075] {logging_mixin.py:104} INFO - [2023-11-01 17:53:33,075] {dag.py:1833} INFO - Sync 1 DAGs
[2023-11-01 17:53:33,085] {logging_mixin.py:104} INFO - [2023-11-01 17:53:33,085] {dag.py:2306} INFO - Setting next_dagrun for example_trigger_controller_dag to 2023-10-30 00:00:00+00:00
[2023-11-01 17:53:33,091] {scheduler_job.py:190} INFO - Processing /home/airflow/.local/lib/python3.6/site-packages/airflow/example_dags/example_trigger_controller_dag.py took 0.037 seconds
[2023-11-01 17:54:03,855] {scheduler_job.py:182} INFO - Started process (PID=2268) to work on /home/airflow/.local/lib/python3.6/site-packages/airflow/example_dags/example_trigger_controller_dag.py
[2023-11-01 17:54:03,855] {scheduler_job.py:633} INFO - Processing file /home/airflow/.local/lib/python3.6/site-packages/airflow/example_dags/example_trigger_controller_dag.py for tasks to queue
[2023-11-01 17:54:03,855] {logging_mixin.py:104} INFO - [2023-11-01 17:54:03,855] {dagbag.py:496} INFO - Filling up the DagBag from /home/airflow/.local/lib/python3.6/site-packages/airflow/example_dags/example_trigger_controller_dag.py
[2023-11-01 17:54:03,862] {scheduler_job.py:643} INFO - DAG(s) dict_keys(['example_trigger_controller_dag']) retrieved from /home/airflow/.local/lib/python3.6/site-packages/airflow/example_dags/example_trigger_controller_dag.py
[2023-11-01 17:54:03,872] {logging_mixin.py:104} INFO - [2023-11-01 17:54:03,872] {dag.py:1833} INFO - Sync 1 DAGs
[2023-11-01 17:54:03,880] {logging_mixin.py:104} INFO - [2023-11-01 17:54:03,880] {dag.py:2306} INFO - Setting next_dagrun for example_trigger_controller_dag to 2023-10-30 00:00:00+00:00
[2023-11-01 17:54:03,897] {scheduler_job.py:190} INFO - Processing /home/airflow/.local/lib/python3.6/site-packages/airflow/example_dags/example_trigger_controller_dag.py took 0.043 seconds
[2023-11-01 17:54:33,927] {scheduler_job.py:182} INFO - Started process (PID=2370) to work on /home/airflow/.local/lib/python3.6/site-packages/airflow/example_dags/example_trigger_controller_dag.py
[2023-11-01 17:54:33,928] {scheduler_job.py:633} INFO - Processing file /home/airflow/.local/lib/python3.6/site-packages/airflow/example_dags/example_trigger_controller_dag.py for tasks to queue
[2023-11-01 17:54:33,928] {logging_mixin.py:104} INFO - [2023-11-01 17:54:33,928] {dagbag.py:496} INFO - Filling up the DagBag from /home/airflow/.local/lib/python3.6/site-packages/airflow/example_dags/example_trigger_controller_dag.py
[2023-11-01 17:54:33,933] {scheduler_job.py:643} INFO - DAG(s) dict_keys(['example_trigger_controller_dag']) retrieved from /home/airflow/.local/lib/python3.6/site-packages/airflow/example_dags/example_trigger_controller_dag.py
[2023-11-01 17:54:33,943] {logging_mixin.py:104} INFO - [2023-11-01 17:54:33,943] {dag.py:1833} INFO - Sync 1 DAGs
[2023-11-01 17:54:33,951] {logging_mixin.py:104} INFO - [2023-11-01 17:54:33,951] {dag.py:2306} INFO - Setting next_dagrun for example_trigger_controller_dag to 2023-10-30 00:00:00+00:00
[2023-11-01 17:54:33,995] {scheduler_job.py:190} INFO - Processing /home/airflow/.local/lib/python3.6/site-packages/airflow/example_dags/example_trigger_controller_dag.py took 0.069 seconds
[2023-11-01 17:55:04,114] {scheduler_job.py:182} INFO - Started process (PID=2451) to work on /home/airflow/.local/lib/python3.6/site-packages/airflow/example_dags/example_trigger_controller_dag.py
[2023-11-01 17:55:04,114] {scheduler_job.py:633} INFO - Processing file /home/airflow/.local/lib/python3.6/site-packages/airflow/example_dags/example_trigger_controller_dag.py for tasks to queue
[2023-11-01 17:55:04,115] {logging_mixin.py:104} INFO - [2023-11-01 17:55:04,114] {dagbag.py:496} INFO - Filling up the DagBag from /home/airflow/.local/lib/python3.6/site-packages/airflow/example_dags/example_trigger_controller_dag.py
[2023-11-01 17:55:04,120] {scheduler_job.py:643} INFO - DAG(s) dict_keys(['example_trigger_controller_dag']) retrieved from /home/airflow/.local/lib/python3.6/site-packages/airflow/example_dags/example_trigger_controller_dag.py
[2023-11-01 17:55:04,138] {logging_mixin.py:104} INFO - [2023-11-01 17:55:04,138] {dag.py:1833} INFO - Sync 1 DAGs
[2023-11-01 17:55:04,147] {logging_mixin.py:104} INFO - [2023-11-01 17:55:04,147] {dag.py:2306} INFO - Setting next_dagrun for example_trigger_controller_dag to 2023-10-30 00:00:00+00:00
[2023-11-01 17:55:04,154] {scheduler_job.py:190} INFO - Processing /home/airflow/.local/lib/python3.6/site-packages/airflow/example_dags/example_trigger_controller_dag.py took 0.042 seconds
[2023-11-01 17:55:35,048] {scheduler_job.py:182} INFO - Started process (PID=2522) to work on /home/airflow/.local/lib/python3.6/site-packages/airflow/example_dags/example_trigger_controller_dag.py
[2023-11-01 17:55:35,048] {scheduler_job.py:633} INFO - Processing file /home/airflow/.local/lib/python3.6/site-packages/airflow/example_dags/example_trigger_controller_dag.py for tasks to queue
[2023-11-01 17:55:35,048] {logging_mixin.py:104} INFO - [2023-11-01 17:55:35,048] {dagbag.py:496} INFO - Filling up the DagBag from /home/airflow/.local/lib/python3.6/site-packages/airflow/example_dags/example_trigger_controller_dag.py
[2023-11-01 17:55:35,052] {scheduler_job.py:643} INFO - DAG(s) dict_keys(['example_trigger_controller_dag']) retrieved from /home/airflow/.local/lib/python3.6/site-packages/airflow/example_dags/example_trigger_controller_dag.py
[2023-11-01 17:55:35,063] {logging_mixin.py:104} INFO - [2023-11-01 17:55:35,063] {dag.py:1833} INFO - Sync 1 DAGs
[2023-11-01 17:55:35,069] {logging_mixin.py:104} INFO - [2023-11-01 17:55:35,069] {dag.py:2306} INFO - Setting next_dagrun for example_trigger_controller_dag to 2023-10-30 00:00:00+00:00
[2023-11-01 17:55:35,084] {scheduler_job.py:190} INFO - Processing /home/airflow/.local/lib/python3.6/site-packages/airflow/example_dags/example_trigger_controller_dag.py took 0.037 seconds
[2023-11-01 17:56:05,738] {scheduler_job.py:182} INFO - Started process (PID=2603) to work on /home/airflow/.local/lib/python3.6/site-packages/airflow/example_dags/example_trigger_controller_dag.py
[2023-11-01 17:56:05,739] {scheduler_job.py:633} INFO - Processing file /home/airflow/.local/lib/python3.6/site-packages/airflow/example_dags/example_trigger_controller_dag.py for tasks to queue
[2023-11-01 17:56:05,739] {logging_mixin.py:104} INFO - [2023-11-01 17:56:05,739] {dagbag.py:496} INFO - Filling up the DagBag from /home/airflow/.local/lib/python3.6/site-packages/airflow/example_dags/example_trigger_controller_dag.py
[2023-11-01 17:56:05,743] {scheduler_job.py:643} INFO - DAG(s) dict_keys(['example_trigger_controller_dag']) retrieved from /home/airflow/.local/lib/python3.6/site-packages/airflow/example_dags/example_trigger_controller_dag.py
[2023-11-01 17:56:05,756] {logging_mixin.py:104} INFO - [2023-11-01 17:56:05,756] {dag.py:1833} INFO - Sync 1 DAGs
[2023-11-01 17:56:05,763] {logging_mixin.py:104} INFO - [2023-11-01 17:56:05,763] {dag.py:2306} INFO - Setting next_dagrun for example_trigger_controller_dag to 2023-10-30 00:00:00+00:00
[2023-11-01 17:56:05,778] {scheduler_job.py:190} INFO - Processing /home/airflow/.local/lib/python3.6/site-packages/airflow/example_dags/example_trigger_controller_dag.py took 0.041 seconds
[2023-11-01 17:56:36,556] {scheduler_job.py:182} INFO - Started process (PID=2684) to work on /home/airflow/.local/lib/python3.6/site-packages/airflow/example_dags/example_trigger_controller_dag.py
[2023-11-01 17:56:36,556] {scheduler_job.py:633} INFO - Processing file /home/airflow/.local/lib/python3.6/site-packages/airflow/example_dags/example_trigger_controller_dag.py for tasks to queue
[2023-11-01 17:56:36,557] {logging_mixin.py:104} INFO - [2023-11-01 17:56:36,557] {dagbag.py:496} INFO - Filling up the DagBag from /home/airflow/.local/lib/python3.6/site-packages/airflow/example_dags/example_trigger_controller_dag.py
[2023-11-01 17:56:36,561] {scheduler_job.py:643} INFO - DAG(s) dict_keys(['example_trigger_controller_dag']) retrieved from /home/airflow/.local/lib/python3.6/site-packages/airflow/example_dags/example_trigger_controller_dag.py
[2023-11-01 17:56:36,573] {logging_mixin.py:104} INFO - [2023-11-01 17:56:36,573] {dag.py:1833} INFO - Sync 1 DAGs
[2023-11-01 17:56:36,580] {logging_mixin.py:104} INFO - [2023-11-01 17:56:36,580] {dag.py:2306} INFO - Setting next_dagrun for example_trigger_controller_dag to 2023-10-30 00:00:00+00:00
[2023-11-01 17:56:36,587] {scheduler_job.py:190} INFO - Processing /home/airflow/.local/lib/python3.6/site-packages/airflow/example_dags/example_trigger_controller_dag.py took 0.033 seconds
[2023-11-01 17:57:07,320] {scheduler_job.py:182} INFO - Started process (PID=2765) to work on /home/airflow/.local/lib/python3.6/site-packages/airflow/example_dags/example_trigger_controller_dag.py
[2023-11-01 17:57:07,321] {scheduler_job.py:633} INFO - Processing file /home/airflow/.local/lib/python3.6/site-packages/airflow/example_dags/example_trigger_controller_dag.py for tasks to queue
[2023-11-01 17:57:07,321] {logging_mixin.py:104} INFO - [2023-11-01 17:57:07,321] {dagbag.py:496} INFO - Filling up the DagBag from /home/airflow/.local/lib/python3.6/site-packages/airflow/example_dags/example_trigger_controller_dag.py
[2023-11-01 17:57:07,325] {scheduler_job.py:643} INFO - DAG(s) dict_keys(['example_trigger_controller_dag']) retrieved from /home/airflow/.local/lib/python3.6/site-packages/airflow/example_dags/example_trigger_controller_dag.py
[2023-11-01 17:57:07,336] {logging_mixin.py:104} INFO - [2023-11-01 17:57:07,336] {dag.py:1833} INFO - Sync 1 DAGs
[2023-11-01 17:57:07,343] {logging_mixin.py:104} INFO - [2023-11-01 17:57:07,343] {dag.py:2306} INFO - Setting next_dagrun for example_trigger_controller_dag to 2023-10-30 00:00:00+00:00
[2023-11-01 17:57:07,359] {scheduler_job.py:190} INFO - Processing /home/airflow/.local/lib/python3.6/site-packages/airflow/example_dags/example_trigger_controller_dag.py took 0.040 seconds
[2023-11-01 17:57:38,139] {scheduler_job.py:182} INFO - Started process (PID=2846) to work on /home/airflow/.local/lib/python3.6/site-packages/airflow/example_dags/example_trigger_controller_dag.py
[2023-11-01 17:57:38,139] {scheduler_job.py:633} INFO - Processing file /home/airflow/.local/lib/python3.6/site-packages/airflow/example_dags/example_trigger_controller_dag.py for tasks to queue
[2023-11-01 17:57:38,139] {logging_mixin.py:104} INFO - [2023-11-01 17:57:38,139] {dagbag.py:496} INFO - Filling up the DagBag from /home/airflow/.local/lib/python3.6/site-packages/airflow/example_dags/example_trigger_controller_dag.py
[2023-11-01 17:57:38,146] {scheduler_job.py:643} INFO - DAG(s) dict_keys(['example_trigger_controller_dag']) retrieved from /home/airflow/.local/lib/python3.6/site-packages/airflow/example_dags/example_trigger_controller_dag.py
[2023-11-01 17:57:38,158] {logging_mixin.py:104} INFO - [2023-11-01 17:57:38,158] {dag.py:1833} INFO - Sync 1 DAGs
[2023-11-01 17:57:38,165] {logging_mixin.py:104} INFO - [2023-11-01 17:57:38,165] {dag.py:2306} INFO - Setting next_dagrun for example_trigger_controller_dag to 2023-10-30 00:00:00+00:00
[2023-11-01 17:57:38,182] {scheduler_job.py:190} INFO - Processing /home/airflow/.local/lib/python3.6/site-packages/airflow/example_dags/example_trigger_controller_dag.py took 0.045 seconds
[2023-11-01 17:58:09,150] {scheduler_job.py:182} INFO - Started process (PID=2917) to work on /home/airflow/.local/lib/python3.6/site-packages/airflow/example_dags/example_trigger_controller_dag.py
[2023-11-01 17:58:09,151] {scheduler_job.py:633} INFO - Processing file /home/airflow/.local/lib/python3.6/site-packages/airflow/example_dags/example_trigger_controller_dag.py for tasks to queue
[2023-11-01 17:58:09,151] {logging_mixin.py:104} INFO - [2023-11-01 17:58:09,151] {dagbag.py:496} INFO - Filling up the DagBag from /home/airflow/.local/lib/python3.6/site-packages/airflow/example_dags/example_trigger_controller_dag.py
[2023-11-01 17:58:09,155] {scheduler_job.py:643} INFO - DAG(s) dict_keys(['example_trigger_controller_dag']) retrieved from /home/airflow/.local/lib/python3.6/site-packages/airflow/example_dags/example_trigger_controller_dag.py
[2023-11-01 17:58:09,167] {logging_mixin.py:104} INFO - [2023-11-01 17:58:09,167] {dag.py:1833} INFO - Sync 1 DAGs
[2023-11-01 17:58:09,173] {logging_mixin.py:104} INFO - [2023-11-01 17:58:09,173] {dag.py:2306} INFO - Setting next_dagrun for example_trigger_controller_dag to 2023-10-30 00:00:00+00:00
[2023-11-01 17:58:09,187] {scheduler_job.py:190} INFO - Processing /home/airflow/.local/lib/python3.6/site-packages/airflow/example_dags/example_trigger_controller_dag.py took 0.039 seconds
[2023-11-01 17:58:39,260] {scheduler_job.py:182} INFO - Started process (PID=2997) to work on /home/airflow/.local/lib/python3.6/site-packages/airflow/example_dags/example_trigger_controller_dag.py
[2023-11-01 17:58:39,261] {scheduler_job.py:633} INFO - Processing file /home/airflow/.local/lib/python3.6/site-packages/airflow/example_dags/example_trigger_controller_dag.py for tasks to queue
[2023-11-01 17:58:39,261] {logging_mixin.py:104} INFO - [2023-11-01 17:58:39,261] {dagbag.py:496} INFO - Filling up the DagBag from /home/airflow/.local/lib/python3.6/site-packages/airflow/example_dags/example_trigger_controller_dag.py
[2023-11-01 17:58:39,266] {scheduler_job.py:643} INFO - DAG(s) dict_keys(['example_trigger_controller_dag']) retrieved from /home/airflow/.local/lib/python3.6/site-packages/airflow/example_dags/example_trigger_controller_dag.py
[2023-11-01 17:58:39,275] {logging_mixin.py:104} INFO - [2023-11-01 17:58:39,275] {dag.py:1833} INFO - Sync 1 DAGs
[2023-11-01 17:58:39,283] {logging_mixin.py:104} INFO - [2023-11-01 17:58:39,283] {dag.py:2306} INFO - Setting next_dagrun for example_trigger_controller_dag to 2023-10-30 00:00:00+00:00
[2023-11-01 17:58:39,299] {scheduler_job.py:190} INFO - Processing /home/airflow/.local/lib/python3.6/site-packages/airflow/example_dags/example_trigger_controller_dag.py took 0.040 seconds
[2023-11-01 17:59:10,171] {scheduler_job.py:182} INFO - Started process (PID=3079) to work on /home/airflow/.local/lib/python3.6/site-packages/airflow/example_dags/example_trigger_controller_dag.py
[2023-11-01 17:59:10,172] {scheduler_job.py:633} INFO - Processing file /home/airflow/.local/lib/python3.6/site-packages/airflow/example_dags/example_trigger_controller_dag.py for tasks to queue
[2023-11-01 17:59:10,173] {logging_mixin.py:104} INFO - [2023-11-01 17:59:10,173] {dagbag.py:496} INFO - Filling up the DagBag from /home/airflow/.local/lib/python3.6/site-packages/airflow/example_dags/example_trigger_controller_dag.py
[2023-11-01 17:59:10,176] {scheduler_job.py:643} INFO - DAG(s) dict_keys(['example_trigger_controller_dag']) retrieved from /home/airflow/.local/lib/python3.6/site-packages/airflow/example_dags/example_trigger_controller_dag.py
[2023-11-01 17:59:10,189] {logging_mixin.py:104} INFO - [2023-11-01 17:59:10,189] {dag.py:1833} INFO - Sync 1 DAGs
[2023-11-01 17:59:10,195] {logging_mixin.py:104} INFO - [2023-11-01 17:59:10,195] {dag.py:2306} INFO - Setting next_dagrun for example_trigger_controller_dag to 2023-10-30 00:00:00+00:00
[2023-11-01 17:59:10,210] {scheduler_job.py:190} INFO - Processing /home/airflow/.local/lib/python3.6/site-packages/airflow/example_dags/example_trigger_controller_dag.py took 0.040 seconds
[2023-11-01 17:59:40,230] {scheduler_job.py:182} INFO - Started process (PID=3178) to work on /home/airflow/.local/lib/python3.6/site-packages/airflow/example_dags/example_trigger_controller_dag.py
[2023-11-01 17:59:40,230] {scheduler_job.py:633} INFO - Processing file /home/airflow/.local/lib/python3.6/site-packages/airflow/example_dags/example_trigger_controller_dag.py for tasks to queue
[2023-11-01 17:59:40,231] {logging_mixin.py:104} INFO - [2023-11-01 17:59:40,230] {dagbag.py:496} INFO - Filling up the DagBag from /home/airflow/.local/lib/python3.6/site-packages/airflow/example_dags/example_trigger_controller_dag.py
[2023-11-01 17:59:40,237] {scheduler_job.py:643} INFO - DAG(s) dict_keys(['example_trigger_controller_dag']) retrieved from /home/airflow/.local/lib/python3.6/site-packages/airflow/example_dags/example_trigger_controller_dag.py
[2023-11-01 17:59:40,254] {logging_mixin.py:104} INFO - [2023-11-01 17:59:40,254] {dag.py:1833} INFO - Sync 1 DAGs
[2023-11-01 17:59:40,263] {logging_mixin.py:104} INFO - [2023-11-01 17:59:40,263] {dag.py:2306} INFO - Setting next_dagrun for example_trigger_controller_dag to 2023-10-30 00:00:00+00:00
[2023-11-01 17:59:40,280] {scheduler_job.py:190} INFO - Processing /home/airflow/.local/lib/python3.6/site-packages/airflow/example_dags/example_trigger_controller_dag.py took 0.051 seconds
[2023-11-01 18:00:11,130] {scheduler_job.py:182} INFO - Started process (PID=3250) to work on /home/airflow/.local/lib/python3.6/site-packages/airflow/example_dags/example_trigger_controller_dag.py
[2023-11-01 18:00:11,130] {scheduler_job.py:633} INFO - Processing file /home/airflow/.local/lib/python3.6/site-packages/airflow/example_dags/example_trigger_controller_dag.py for tasks to queue
[2023-11-01 18:00:11,130] {logging_mixin.py:104} INFO - [2023-11-01 18:00:11,130] {dagbag.py:496} INFO - Filling up the DagBag from /home/airflow/.local/lib/python3.6/site-packages/airflow/example_dags/example_trigger_controller_dag.py
[2023-11-01 18:00:11,134] {scheduler_job.py:643} INFO - DAG(s) dict_keys(['example_trigger_controller_dag']) retrieved from /home/airflow/.local/lib/python3.6/site-packages/airflow/example_dags/example_trigger_controller_dag.py
[2023-11-01 18:00:11,144] {logging_mixin.py:104} INFO - [2023-11-01 18:00:11,144] {dag.py:1833} INFO - Sync 1 DAGs
[2023-11-01 18:00:11,151] {logging_mixin.py:104} INFO - [2023-11-01 18:00:11,151] {dag.py:2306} INFO - Setting next_dagrun for example_trigger_controller_dag to 2023-10-30 00:00:00+00:00
[2023-11-01 18:00:11,155] {scheduler_job.py:190} INFO - Processing /home/airflow/.local/lib/python3.6/site-packages/airflow/example_dags/example_trigger_controller_dag.py took 0.026 seconds
