[2023-11-01 17:42:19,620] {scheduler_job.py:182} INFO - Started process (PID=252) to work on /home/airflow/.local/lib/python3.6/site-packages/airflow/example_dags/example_trigger_target_dag.py
[2023-11-01 17:42:19,621] {scheduler_job.py:633} INFO - Processing file /home/airflow/.local/lib/python3.6/site-packages/airflow/example_dags/example_trigger_target_dag.py for tasks to queue
[2023-11-01 17:42:19,621] {logging_mixin.py:104} INFO - [2023-11-01 17:42:19,621] {dagbag.py:496} INFO - Filling up the DagBag from /home/airflow/.local/lib/python3.6/site-packages/airflow/example_dags/example_trigger_target_dag.py
[2023-11-01 17:42:19,630] {scheduler_job.py:643} INFO - DAG(s) dict_keys(['example_trigger_target_dag']) retrieved from /home/airflow/.local/lib/python3.6/site-packages/airflow/example_dags/example_trigger_target_dag.py
[2023-11-01 17:42:20,814] {logging_mixin.py:104} INFO - [2023-11-01 17:42:20,814] {dag.py:1833} INFO - Sync 1 DAGs
[2023-11-01 17:42:20,819] {logging_mixin.py:104} INFO - [2023-11-01 17:42:20,819] {dag.py:1852} INFO - Creating ORM DAG for example_trigger_target_dag
[2023-11-01 17:42:20,822] {logging_mixin.py:104} INFO - [2023-11-01 17:42:20,822] {dag.py:2306} INFO - Setting next_dagrun for example_trigger_target_dag to None
[2023-11-01 17:42:20,829] {scheduler_job.py:190} INFO - Processing /home/airflow/.local/lib/python3.6/site-packages/airflow/example_dags/example_trigger_target_dag.py took 1.210 seconds
[2023-11-01 17:42:50,884] {scheduler_job.py:182} INFO - Started process (PID=703) to work on /home/airflow/.local/lib/python3.6/site-packages/airflow/example_dags/example_trigger_target_dag.py
[2023-11-01 17:42:50,885] {scheduler_job.py:633} INFO - Processing file /home/airflow/.local/lib/python3.6/site-packages/airflow/example_dags/example_trigger_target_dag.py for tasks to queue
[2023-11-01 17:42:50,885] {logging_mixin.py:104} INFO - [2023-11-01 17:42:50,885] {dagbag.py:496} INFO - Filling up the DagBag from /home/airflow/.local/lib/python3.6/site-packages/airflow/example_dags/example_trigger_target_dag.py
[2023-11-01 17:42:50,891] {scheduler_job.py:643} INFO - DAG(s) dict_keys(['example_trigger_target_dag']) retrieved from /home/airflow/.local/lib/python3.6/site-packages/airflow/example_dags/example_trigger_target_dag.py
[2023-11-01 17:42:50,903] {logging_mixin.py:104} INFO - [2023-11-01 17:42:50,903] {dag.py:1833} INFO - Sync 1 DAGs
[2023-11-01 17:42:50,909] {logging_mixin.py:104} INFO - [2023-11-01 17:42:50,909] {dag.py:2306} INFO - Setting next_dagrun for example_trigger_target_dag to None
[2023-11-01 17:42:50,914] {scheduler_job.py:190} INFO - Processing /home/airflow/.local/lib/python3.6/site-packages/airflow/example_dags/example_trigger_target_dag.py took 0.032 seconds
[2023-11-01 17:43:21,480] {scheduler_job.py:182} INFO - Started process (PID=764) to work on /home/airflow/.local/lib/python3.6/site-packages/airflow/example_dags/example_trigger_target_dag.py
[2023-11-01 17:43:21,481] {scheduler_job.py:633} INFO - Processing file /home/airflow/.local/lib/python3.6/site-packages/airflow/example_dags/example_trigger_target_dag.py for tasks to queue
[2023-11-01 17:43:21,481] {logging_mixin.py:104} INFO - [2023-11-01 17:43:21,481] {dagbag.py:496} INFO - Filling up the DagBag from /home/airflow/.local/lib/python3.6/site-packages/airflow/example_dags/example_trigger_target_dag.py
[2023-11-01 17:43:21,487] {scheduler_job.py:643} INFO - DAG(s) dict_keys(['example_trigger_target_dag']) retrieved from /home/airflow/.local/lib/python3.6/site-packages/airflow/example_dags/example_trigger_target_dag.py
[2023-11-01 17:43:21,498] {logging_mixin.py:104} INFO - [2023-11-01 17:43:21,498] {dag.py:1833} INFO - Sync 1 DAGs
[2023-11-01 17:43:21,504] {logging_mixin.py:104} INFO - [2023-11-01 17:43:21,504] {dag.py:2306} INFO - Setting next_dagrun for example_trigger_target_dag to None
[2023-11-01 17:43:21,509] {scheduler_job.py:190} INFO - Processing /home/airflow/.local/lib/python3.6/site-packages/airflow/example_dags/example_trigger_target_dag.py took 0.030 seconds
[2023-11-01 17:43:52,189] {scheduler_job.py:182} INFO - Started process (PID=825) to work on /home/airflow/.local/lib/python3.6/site-packages/airflow/example_dags/example_trigger_target_dag.py
[2023-11-01 17:43:52,189] {scheduler_job.py:633} INFO - Processing file /home/airflow/.local/lib/python3.6/site-packages/airflow/example_dags/example_trigger_target_dag.py for tasks to queue
[2023-11-01 17:43:52,189] {logging_mixin.py:104} INFO - [2023-11-01 17:43:52,189] {dagbag.py:496} INFO - Filling up the DagBag from /home/airflow/.local/lib/python3.6/site-packages/airflow/example_dags/example_trigger_target_dag.py
[2023-11-01 17:43:52,195] {scheduler_job.py:643} INFO - DAG(s) dict_keys(['example_trigger_target_dag']) retrieved from /home/airflow/.local/lib/python3.6/site-packages/airflow/example_dags/example_trigger_target_dag.py
[2023-11-01 17:43:52,206] {logging_mixin.py:104} INFO - [2023-11-01 17:43:52,206] {dag.py:1833} INFO - Sync 1 DAGs
[2023-11-01 17:43:52,212] {logging_mixin.py:104} INFO - [2023-11-01 17:43:52,212] {dag.py:2306} INFO - Setting next_dagrun for example_trigger_target_dag to None
[2023-11-01 17:43:52,217] {scheduler_job.py:190} INFO - Processing /home/airflow/.local/lib/python3.6/site-packages/airflow/example_dags/example_trigger_target_dag.py took 0.030 seconds
[2023-11-01 17:44:22,994] {scheduler_job.py:182} INFO - Started process (PID=885) to work on /home/airflow/.local/lib/python3.6/site-packages/airflow/example_dags/example_trigger_target_dag.py
[2023-11-01 17:44:22,995] {scheduler_job.py:633} INFO - Processing file /home/airflow/.local/lib/python3.6/site-packages/airflow/example_dags/example_trigger_target_dag.py for tasks to queue
[2023-11-01 17:44:22,995] {logging_mixin.py:104} INFO - [2023-11-01 17:44:22,995] {dagbag.py:496} INFO - Filling up the DagBag from /home/airflow/.local/lib/python3.6/site-packages/airflow/example_dags/example_trigger_target_dag.py
[2023-11-01 17:44:23,000] {scheduler_job.py:643} INFO - DAG(s) dict_keys(['example_trigger_target_dag']) retrieved from /home/airflow/.local/lib/python3.6/site-packages/airflow/example_dags/example_trigger_target_dag.py
[2023-11-01 17:44:23,011] {logging_mixin.py:104} INFO - [2023-11-01 17:44:23,011] {dag.py:1833} INFO - Sync 1 DAGs
[2023-11-01 17:44:23,018] {logging_mixin.py:104} INFO - [2023-11-01 17:44:23,018] {dag.py:2306} INFO - Setting next_dagrun for example_trigger_target_dag to None
[2023-11-01 17:44:23,033] {scheduler_job.py:190} INFO - Processing /home/airflow/.local/lib/python3.6/site-packages/airflow/example_dags/example_trigger_target_dag.py took 0.040 seconds
[2023-11-01 17:44:53,667] {scheduler_job.py:182} INFO - Started process (PID=946) to work on /home/airflow/.local/lib/python3.6/site-packages/airflow/example_dags/example_trigger_target_dag.py
[2023-11-01 17:44:53,668] {scheduler_job.py:633} INFO - Processing file /home/airflow/.local/lib/python3.6/site-packages/airflow/example_dags/example_trigger_target_dag.py for tasks to queue
[2023-11-01 17:44:53,668] {logging_mixin.py:104} INFO - [2023-11-01 17:44:53,668] {dagbag.py:496} INFO - Filling up the DagBag from /home/airflow/.local/lib/python3.6/site-packages/airflow/example_dags/example_trigger_target_dag.py
[2023-11-01 17:44:53,674] {scheduler_job.py:643} INFO - DAG(s) dict_keys(['example_trigger_target_dag']) retrieved from /home/airflow/.local/lib/python3.6/site-packages/airflow/example_dags/example_trigger_target_dag.py
[2023-11-01 17:44:53,686] {logging_mixin.py:104} INFO - [2023-11-01 17:44:53,685] {dag.py:1833} INFO - Sync 1 DAGs
[2023-11-01 17:44:53,692] {logging_mixin.py:104} INFO - [2023-11-01 17:44:53,692] {dag.py:2306} INFO - Setting next_dagrun for example_trigger_target_dag to None
[2023-11-01 17:44:53,708] {scheduler_job.py:190} INFO - Processing /home/airflow/.local/lib/python3.6/site-packages/airflow/example_dags/example_trigger_target_dag.py took 0.042 seconds
[2023-11-01 17:45:24,319] {scheduler_job.py:182} INFO - Started process (PID=997) to work on /home/airflow/.local/lib/python3.6/site-packages/airflow/example_dags/example_trigger_target_dag.py
[2023-11-01 17:45:24,320] {scheduler_job.py:633} INFO - Processing file /home/airflow/.local/lib/python3.6/site-packages/airflow/example_dags/example_trigger_target_dag.py for tasks to queue
[2023-11-01 17:45:24,320] {logging_mixin.py:104} INFO - [2023-11-01 17:45:24,320] {dagbag.py:496} INFO - Filling up the DagBag from /home/airflow/.local/lib/python3.6/site-packages/airflow/example_dags/example_trigger_target_dag.py
[2023-11-01 17:45:24,326] {scheduler_job.py:643} INFO - DAG(s) dict_keys(['example_trigger_target_dag']) retrieved from /home/airflow/.local/lib/python3.6/site-packages/airflow/example_dags/example_trigger_target_dag.py
[2023-11-01 17:45:24,336] {logging_mixin.py:104} INFO - [2023-11-01 17:45:24,336] {dag.py:1833} INFO - Sync 1 DAGs
[2023-11-01 17:45:24,343] {logging_mixin.py:104} INFO - [2023-11-01 17:45:24,343] {dag.py:2306} INFO - Setting next_dagrun for example_trigger_target_dag to None
[2023-11-01 17:45:24,358] {scheduler_job.py:190} INFO - Processing /home/airflow/.local/lib/python3.6/site-packages/airflow/example_dags/example_trigger_target_dag.py took 0.040 seconds
[2023-11-01 17:45:55,020] {scheduler_job.py:182} INFO - Started process (PID=1058) to work on /home/airflow/.local/lib/python3.6/site-packages/airflow/example_dags/example_trigger_target_dag.py
[2023-11-01 17:45:55,020] {scheduler_job.py:633} INFO - Processing file /home/airflow/.local/lib/python3.6/site-packages/airflow/example_dags/example_trigger_target_dag.py for tasks to queue
[2023-11-01 17:45:55,021] {logging_mixin.py:104} INFO - [2023-11-01 17:45:55,021] {dagbag.py:496} INFO - Filling up the DagBag from /home/airflow/.local/lib/python3.6/site-packages/airflow/example_dags/example_trigger_target_dag.py
[2023-11-01 17:45:55,028] {scheduler_job.py:643} INFO - DAG(s) dict_keys(['example_trigger_target_dag']) retrieved from /home/airflow/.local/lib/python3.6/site-packages/airflow/example_dags/example_trigger_target_dag.py
[2023-11-01 17:45:55,038] {logging_mixin.py:104} INFO - [2023-11-01 17:45:55,038] {dag.py:1833} INFO - Sync 1 DAGs
[2023-11-01 17:45:55,044] {logging_mixin.py:104} INFO - [2023-11-01 17:45:55,044] {dag.py:2306} INFO - Setting next_dagrun for example_trigger_target_dag to None
[2023-11-01 17:45:55,048] {scheduler_job.py:190} INFO - Processing /home/airflow/.local/lib/python3.6/site-packages/airflow/example_dags/example_trigger_target_dag.py took 0.029 seconds
[2023-11-01 17:46:25,761] {scheduler_job.py:182} INFO - Started process (PID=1119) to work on /home/airflow/.local/lib/python3.6/site-packages/airflow/example_dags/example_trigger_target_dag.py
[2023-11-01 17:46:25,761] {scheduler_job.py:633} INFO - Processing file /home/airflow/.local/lib/python3.6/site-packages/airflow/example_dags/example_trigger_target_dag.py for tasks to queue
[2023-11-01 17:46:25,761] {logging_mixin.py:104} INFO - [2023-11-01 17:46:25,761] {dagbag.py:496} INFO - Filling up the DagBag from /home/airflow/.local/lib/python3.6/site-packages/airflow/example_dags/example_trigger_target_dag.py
[2023-11-01 17:46:25,767] {scheduler_job.py:643} INFO - DAG(s) dict_keys(['example_trigger_target_dag']) retrieved from /home/airflow/.local/lib/python3.6/site-packages/airflow/example_dags/example_trigger_target_dag.py
[2023-11-01 17:46:25,778] {logging_mixin.py:104} INFO - [2023-11-01 17:46:25,778] {dag.py:1833} INFO - Sync 1 DAGs
[2023-11-01 17:46:25,785] {logging_mixin.py:104} INFO - [2023-11-01 17:46:25,785] {dag.py:2306} INFO - Setting next_dagrun for example_trigger_target_dag to None
[2023-11-01 17:46:25,800] {scheduler_job.py:190} INFO - Processing /home/airflow/.local/lib/python3.6/site-packages/airflow/example_dags/example_trigger_target_dag.py took 0.041 seconds
[2023-11-01 17:46:56,434] {scheduler_job.py:182} INFO - Started process (PID=1180) to work on /home/airflow/.local/lib/python3.6/site-packages/airflow/example_dags/example_trigger_target_dag.py
[2023-11-01 17:46:56,434] {scheduler_job.py:633} INFO - Processing file /home/airflow/.local/lib/python3.6/site-packages/airflow/example_dags/example_trigger_target_dag.py for tasks to queue
[2023-11-01 17:46:56,434] {logging_mixin.py:104} INFO - [2023-11-01 17:46:56,434] {dagbag.py:496} INFO - Filling up the DagBag from /home/airflow/.local/lib/python3.6/site-packages/airflow/example_dags/example_trigger_target_dag.py
[2023-11-01 17:46:56,440] {scheduler_job.py:643} INFO - DAG(s) dict_keys(['example_trigger_target_dag']) retrieved from /home/airflow/.local/lib/python3.6/site-packages/airflow/example_dags/example_trigger_target_dag.py
[2023-11-01 17:46:56,455] {logging_mixin.py:104} INFO - [2023-11-01 17:46:56,455] {dag.py:1833} INFO - Sync 1 DAGs
[2023-11-01 17:46:56,462] {logging_mixin.py:104} INFO - [2023-11-01 17:46:56,462] {dag.py:2306} INFO - Setting next_dagrun for example_trigger_target_dag to None
[2023-11-01 17:46:56,466] {scheduler_job.py:190} INFO - Processing /home/airflow/.local/lib/python3.6/site-packages/airflow/example_dags/example_trigger_target_dag.py took 0.034 seconds
[2023-11-01 17:47:27,115] {scheduler_job.py:182} INFO - Started process (PID=1250) to work on /home/airflow/.local/lib/python3.6/site-packages/airflow/example_dags/example_trigger_target_dag.py
[2023-11-01 17:47:27,115] {scheduler_job.py:633} INFO - Processing file /home/airflow/.local/lib/python3.6/site-packages/airflow/example_dags/example_trigger_target_dag.py for tasks to queue
[2023-11-01 17:47:27,115] {logging_mixin.py:104} INFO - [2023-11-01 17:47:27,115] {dagbag.py:496} INFO - Filling up the DagBag from /home/airflow/.local/lib/python3.6/site-packages/airflow/example_dags/example_trigger_target_dag.py
[2023-11-01 17:47:27,121] {scheduler_job.py:643} INFO - DAG(s) dict_keys(['example_trigger_target_dag']) retrieved from /home/airflow/.local/lib/python3.6/site-packages/airflow/example_dags/example_trigger_target_dag.py
[2023-11-01 17:47:27,131] {logging_mixin.py:104} INFO - [2023-11-01 17:47:27,131] {dag.py:1833} INFO - Sync 1 DAGs
[2023-11-01 17:47:27,138] {logging_mixin.py:104} INFO - [2023-11-01 17:47:27,138] {dag.py:2306} INFO - Setting next_dagrun for example_trigger_target_dag to None
[2023-11-01 17:47:27,142] {scheduler_job.py:190} INFO - Processing /home/airflow/.local/lib/python3.6/site-packages/airflow/example_dags/example_trigger_target_dag.py took 0.029 seconds
[2023-11-01 17:47:57,787] {scheduler_job.py:182} INFO - Started process (PID=1330) to work on /home/airflow/.local/lib/python3.6/site-packages/airflow/example_dags/example_trigger_target_dag.py
[2023-11-01 17:47:57,788] {scheduler_job.py:633} INFO - Processing file /home/airflow/.local/lib/python3.6/site-packages/airflow/example_dags/example_trigger_target_dag.py for tasks to queue
[2023-11-01 17:47:57,788] {logging_mixin.py:104} INFO - [2023-11-01 17:47:57,788] {dagbag.py:496} INFO - Filling up the DagBag from /home/airflow/.local/lib/python3.6/site-packages/airflow/example_dags/example_trigger_target_dag.py
[2023-11-01 17:47:57,793] {scheduler_job.py:643} INFO - DAG(s) dict_keys(['example_trigger_target_dag']) retrieved from /home/airflow/.local/lib/python3.6/site-packages/airflow/example_dags/example_trigger_target_dag.py
[2023-11-01 17:47:57,805] {logging_mixin.py:104} INFO - [2023-11-01 17:47:57,805] {dag.py:1833} INFO - Sync 1 DAGs
[2023-11-01 17:47:57,814] {logging_mixin.py:104} INFO - [2023-11-01 17:47:57,814] {dag.py:2306} INFO - Setting next_dagrun for example_trigger_target_dag to None
[2023-11-01 17:47:57,831] {scheduler_job.py:190} INFO - Processing /home/airflow/.local/lib/python3.6/site-packages/airflow/example_dags/example_trigger_target_dag.py took 0.045 seconds
[2023-11-01 17:48:28,529] {scheduler_job.py:182} INFO - Started process (PID=1411) to work on /home/airflow/.local/lib/python3.6/site-packages/airflow/example_dags/example_trigger_target_dag.py
[2023-11-01 17:48:28,530] {scheduler_job.py:633} INFO - Processing file /home/airflow/.local/lib/python3.6/site-packages/airflow/example_dags/example_trigger_target_dag.py for tasks to queue
[2023-11-01 17:48:28,530] {logging_mixin.py:104} INFO - [2023-11-01 17:48:28,530] {dagbag.py:496} INFO - Filling up the DagBag from /home/airflow/.local/lib/python3.6/site-packages/airflow/example_dags/example_trigger_target_dag.py
[2023-11-01 17:48:28,536] {scheduler_job.py:643} INFO - DAG(s) dict_keys(['example_trigger_target_dag']) retrieved from /home/airflow/.local/lib/python3.6/site-packages/airflow/example_dags/example_trigger_target_dag.py
[2023-11-01 17:48:28,548] {logging_mixin.py:104} INFO - [2023-11-01 17:48:28,548] {dag.py:1833} INFO - Sync 1 DAGs
[2023-11-01 17:48:28,554] {logging_mixin.py:104} INFO - [2023-11-01 17:48:28,554] {dag.py:2306} INFO - Setting next_dagrun for example_trigger_target_dag to None
[2023-11-01 17:48:28,569] {scheduler_job.py:190} INFO - Processing /home/airflow/.local/lib/python3.6/site-packages/airflow/example_dags/example_trigger_target_dag.py took 0.041 seconds
[2023-11-01 17:48:59,169] {scheduler_job.py:182} INFO - Started process (PID=1492) to work on /home/airflow/.local/lib/python3.6/site-packages/airflow/example_dags/example_trigger_target_dag.py
[2023-11-01 17:48:59,170] {scheduler_job.py:633} INFO - Processing file /home/airflow/.local/lib/python3.6/site-packages/airflow/example_dags/example_trigger_target_dag.py for tasks to queue
[2023-11-01 17:48:59,171] {logging_mixin.py:104} INFO - [2023-11-01 17:48:59,170] {dagbag.py:496} INFO - Filling up the DagBag from /home/airflow/.local/lib/python3.6/site-packages/airflow/example_dags/example_trigger_target_dag.py
[2023-11-01 17:48:59,177] {scheduler_job.py:643} INFO - DAG(s) dict_keys(['example_trigger_target_dag']) retrieved from /home/airflow/.local/lib/python3.6/site-packages/airflow/example_dags/example_trigger_target_dag.py
[2023-11-01 17:48:59,187] {logging_mixin.py:104} INFO - [2023-11-01 17:48:59,187] {dag.py:1833} INFO - Sync 1 DAGs
[2023-11-01 17:48:59,194] {logging_mixin.py:104} INFO - [2023-11-01 17:48:59,194] {dag.py:2306} INFO - Setting next_dagrun for example_trigger_target_dag to None
[2023-11-01 17:48:59,211] {scheduler_job.py:190} INFO - Processing /home/airflow/.local/lib/python3.6/site-packages/airflow/example_dags/example_trigger_target_dag.py took 0.044 seconds
[2023-11-01 17:49:29,875] {scheduler_job.py:182} INFO - Started process (PID=1572) to work on /home/airflow/.local/lib/python3.6/site-packages/airflow/example_dags/example_trigger_target_dag.py
[2023-11-01 17:49:29,876] {scheduler_job.py:633} INFO - Processing file /home/airflow/.local/lib/python3.6/site-packages/airflow/example_dags/example_trigger_target_dag.py for tasks to queue
[2023-11-01 17:49:29,876] {logging_mixin.py:104} INFO - [2023-11-01 17:49:29,876] {dagbag.py:496} INFO - Filling up the DagBag from /home/airflow/.local/lib/python3.6/site-packages/airflow/example_dags/example_trigger_target_dag.py
[2023-11-01 17:49:29,882] {scheduler_job.py:643} INFO - DAG(s) dict_keys(['example_trigger_target_dag']) retrieved from /home/airflow/.local/lib/python3.6/site-packages/airflow/example_dags/example_trigger_target_dag.py
[2023-11-01 17:49:29,894] {logging_mixin.py:104} INFO - [2023-11-01 17:49:29,894] {dag.py:1833} INFO - Sync 1 DAGs
[2023-11-01 17:49:29,901] {logging_mixin.py:104} INFO - [2023-11-01 17:49:29,901] {dag.py:2306} INFO - Setting next_dagrun for example_trigger_target_dag to None
[2023-11-01 17:49:29,916] {scheduler_job.py:190} INFO - Processing /home/airflow/.local/lib/python3.6/site-packages/airflow/example_dags/example_trigger_target_dag.py took 0.042 seconds
[2023-11-01 17:50:00,601] {scheduler_job.py:182} INFO - Started process (PID=1643) to work on /home/airflow/.local/lib/python3.6/site-packages/airflow/example_dags/example_trigger_target_dag.py
[2023-11-01 17:50:00,601] {scheduler_job.py:633} INFO - Processing file /home/airflow/.local/lib/python3.6/site-packages/airflow/example_dags/example_trigger_target_dag.py for tasks to queue
[2023-11-01 17:50:00,601] {logging_mixin.py:104} INFO - [2023-11-01 17:50:00,601] {dagbag.py:496} INFO - Filling up the DagBag from /home/airflow/.local/lib/python3.6/site-packages/airflow/example_dags/example_trigger_target_dag.py
[2023-11-01 17:50:00,607] {scheduler_job.py:643} INFO - DAG(s) dict_keys(['example_trigger_target_dag']) retrieved from /home/airflow/.local/lib/python3.6/site-packages/airflow/example_dags/example_trigger_target_dag.py
[2023-11-01 17:50:00,617] {logging_mixin.py:104} INFO - [2023-11-01 17:50:00,617] {dag.py:1833} INFO - Sync 1 DAGs
[2023-11-01 17:50:00,625] {logging_mixin.py:104} INFO - [2023-11-01 17:50:00,625] {dag.py:2306} INFO - Setting next_dagrun for example_trigger_target_dag to None
[2023-11-01 17:50:00,642] {scheduler_job.py:190} INFO - Processing /home/airflow/.local/lib/python3.6/site-packages/airflow/example_dags/example_trigger_target_dag.py took 0.042 seconds
[2023-11-01 17:50:31,261] {scheduler_job.py:182} INFO - Started process (PID=1723) to work on /home/airflow/.local/lib/python3.6/site-packages/airflow/example_dags/example_trigger_target_dag.py
[2023-11-01 17:50:31,261] {scheduler_job.py:633} INFO - Processing file /home/airflow/.local/lib/python3.6/site-packages/airflow/example_dags/example_trigger_target_dag.py for tasks to queue
[2023-11-01 17:50:31,261] {logging_mixin.py:104} INFO - [2023-11-01 17:50:31,261] {dagbag.py:496} INFO - Filling up the DagBag from /home/airflow/.local/lib/python3.6/site-packages/airflow/example_dags/example_trigger_target_dag.py
[2023-11-01 17:50:31,267] {scheduler_job.py:643} INFO - DAG(s) dict_keys(['example_trigger_target_dag']) retrieved from /home/airflow/.local/lib/python3.6/site-packages/airflow/example_dags/example_trigger_target_dag.py
[2023-11-01 17:50:31,279] {logging_mixin.py:104} INFO - [2023-11-01 17:50:31,279] {dag.py:1833} INFO - Sync 1 DAGs
[2023-11-01 17:50:31,287] {logging_mixin.py:104} INFO - [2023-11-01 17:50:31,287] {dag.py:2306} INFO - Setting next_dagrun for example_trigger_target_dag to None
[2023-11-01 17:50:31,302] {scheduler_job.py:190} INFO - Processing /home/airflow/.local/lib/python3.6/site-packages/airflow/example_dags/example_trigger_target_dag.py took 0.042 seconds
[2023-11-01 17:51:01,970] {scheduler_job.py:182} INFO - Started process (PID=1804) to work on /home/airflow/.local/lib/python3.6/site-packages/airflow/example_dags/example_trigger_target_dag.py
[2023-11-01 17:51:01,970] {scheduler_job.py:633} INFO - Processing file /home/airflow/.local/lib/python3.6/site-packages/airflow/example_dags/example_trigger_target_dag.py for tasks to queue
[2023-11-01 17:51:01,971] {logging_mixin.py:104} INFO - [2023-11-01 17:51:01,971] {dagbag.py:496} INFO - Filling up the DagBag from /home/airflow/.local/lib/python3.6/site-packages/airflow/example_dags/example_trigger_target_dag.py
[2023-11-01 17:51:01,976] {scheduler_job.py:643} INFO - DAG(s) dict_keys(['example_trigger_target_dag']) retrieved from /home/airflow/.local/lib/python3.6/site-packages/airflow/example_dags/example_trigger_target_dag.py
[2023-11-01 17:51:01,987] {logging_mixin.py:104} INFO - [2023-11-01 17:51:01,987] {dag.py:1833} INFO - Sync 1 DAGs
[2023-11-01 17:51:01,993] {logging_mixin.py:104} INFO - [2023-11-01 17:51:01,993] {dag.py:2306} INFO - Setting next_dagrun for example_trigger_target_dag to None
[2023-11-01 17:51:02,008] {scheduler_job.py:190} INFO - Processing /home/airflow/.local/lib/python3.6/site-packages/airflow/example_dags/example_trigger_target_dag.py took 0.040 seconds
[2023-11-01 17:51:32,828] {scheduler_job.py:182} INFO - Started process (PID=1885) to work on /home/airflow/.local/lib/python3.6/site-packages/airflow/example_dags/example_trigger_target_dag.py
[2023-11-01 17:51:32,828] {scheduler_job.py:633} INFO - Processing file /home/airflow/.local/lib/python3.6/site-packages/airflow/example_dags/example_trigger_target_dag.py for tasks to queue
[2023-11-01 17:51:32,829] {logging_mixin.py:104} INFO - [2023-11-01 17:51:32,828] {dagbag.py:496} INFO - Filling up the DagBag from /home/airflow/.local/lib/python3.6/site-packages/airflow/example_dags/example_trigger_target_dag.py
[2023-11-01 17:51:32,837] {scheduler_job.py:643} INFO - DAG(s) dict_keys(['example_trigger_target_dag']) retrieved from /home/airflow/.local/lib/python3.6/site-packages/airflow/example_dags/example_trigger_target_dag.py
[2023-11-01 17:51:32,846] {logging_mixin.py:104} INFO - [2023-11-01 17:51:32,846] {dag.py:1833} INFO - Sync 1 DAGs
[2023-11-01 17:51:32,853] {logging_mixin.py:104} INFO - [2023-11-01 17:51:32,853] {dag.py:2306} INFO - Setting next_dagrun for example_trigger_target_dag to None
[2023-11-01 17:51:32,868] {scheduler_job.py:190} INFO - Processing /home/airflow/.local/lib/python3.6/site-packages/airflow/example_dags/example_trigger_target_dag.py took 0.041 seconds
[2023-11-01 17:52:02,920] {scheduler_job.py:182} INFO - Started process (PID=1956) to work on /home/airflow/.local/lib/python3.6/site-packages/airflow/example_dags/example_trigger_target_dag.py
[2023-11-01 17:52:02,921] {scheduler_job.py:633} INFO - Processing file /home/airflow/.local/lib/python3.6/site-packages/airflow/example_dags/example_trigger_target_dag.py for tasks to queue
[2023-11-01 17:52:02,921] {logging_mixin.py:104} INFO - [2023-11-01 17:52:02,921] {dagbag.py:496} INFO - Filling up the DagBag from /home/airflow/.local/lib/python3.6/site-packages/airflow/example_dags/example_trigger_target_dag.py
[2023-11-01 17:52:02,926] {scheduler_job.py:643} INFO - DAG(s) dict_keys(['example_trigger_target_dag']) retrieved from /home/airflow/.local/lib/python3.6/site-packages/airflow/example_dags/example_trigger_target_dag.py
[2023-11-01 17:52:02,938] {logging_mixin.py:104} INFO - [2023-11-01 17:52:02,938] {dag.py:1833} INFO - Sync 1 DAGs
[2023-11-01 17:52:02,945] {logging_mixin.py:104} INFO - [2023-11-01 17:52:02,945] {dag.py:2306} INFO - Setting next_dagrun for example_trigger_target_dag to None
[2023-11-01 17:52:02,951] {scheduler_job.py:190} INFO - Processing /home/airflow/.local/lib/python3.6/site-packages/airflow/example_dags/example_trigger_target_dag.py took 0.032 seconds
[2023-11-01 17:52:33,187] {scheduler_job.py:182} INFO - Started process (PID=2037) to work on /home/airflow/.local/lib/python3.6/site-packages/airflow/example_dags/example_trigger_target_dag.py
[2023-11-01 17:52:33,188] {scheduler_job.py:633} INFO - Processing file /home/airflow/.local/lib/python3.6/site-packages/airflow/example_dags/example_trigger_target_dag.py for tasks to queue
[2023-11-01 17:52:33,188] {logging_mixin.py:104} INFO - [2023-11-01 17:52:33,188] {dagbag.py:496} INFO - Filling up the DagBag from /home/airflow/.local/lib/python3.6/site-packages/airflow/example_dags/example_trigger_target_dag.py
[2023-11-01 17:52:33,196] {scheduler_job.py:643} INFO - DAG(s) dict_keys(['example_trigger_target_dag']) retrieved from /home/airflow/.local/lib/python3.6/site-packages/airflow/example_dags/example_trigger_target_dag.py
[2023-11-01 17:52:33,211] {logging_mixin.py:104} INFO - [2023-11-01 17:52:33,211] {dag.py:1833} INFO - Sync 1 DAGs
[2023-11-01 17:52:33,220] {logging_mixin.py:104} INFO - [2023-11-01 17:52:33,219] {dag.py:2306} INFO - Setting next_dagrun for example_trigger_target_dag to None
[2023-11-01 17:52:33,235] {scheduler_job.py:190} INFO - Processing /home/airflow/.local/lib/python3.6/site-packages/airflow/example_dags/example_trigger_target_dag.py took 0.050 seconds
[2023-11-01 17:53:03,336] {scheduler_job.py:182} INFO - Started process (PID=2118) to work on /home/airflow/.local/lib/python3.6/site-packages/airflow/example_dags/example_trigger_target_dag.py
[2023-11-01 17:53:03,337] {scheduler_job.py:633} INFO - Processing file /home/airflow/.local/lib/python3.6/site-packages/airflow/example_dags/example_trigger_target_dag.py for tasks to queue
[2023-11-01 17:53:03,338] {logging_mixin.py:104} INFO - [2023-11-01 17:53:03,337] {dagbag.py:496} INFO - Filling up the DagBag from /home/airflow/.local/lib/python3.6/site-packages/airflow/example_dags/example_trigger_target_dag.py
[2023-11-01 17:53:03,345] {scheduler_job.py:643} INFO - DAG(s) dict_keys(['example_trigger_target_dag']) retrieved from /home/airflow/.local/lib/python3.6/site-packages/airflow/example_dags/example_trigger_target_dag.py
[2023-11-01 17:53:03,361] {logging_mixin.py:104} INFO - [2023-11-01 17:53:03,361] {dag.py:1833} INFO - Sync 1 DAGs
[2023-11-01 17:53:03,369] {logging_mixin.py:104} INFO - [2023-11-01 17:53:03,369] {dag.py:2306} INFO - Setting next_dagrun for example_trigger_target_dag to None
[2023-11-01 17:53:03,386] {scheduler_job.py:190} INFO - Processing /home/airflow/.local/lib/python3.6/site-packages/airflow/example_dags/example_trigger_target_dag.py took 0.052 seconds
[2023-11-01 17:53:34,063] {scheduler_job.py:182} INFO - Started process (PID=2199) to work on /home/airflow/.local/lib/python3.6/site-packages/airflow/example_dags/example_trigger_target_dag.py
[2023-11-01 17:53:34,064] {scheduler_job.py:633} INFO - Processing file /home/airflow/.local/lib/python3.6/site-packages/airflow/example_dags/example_trigger_target_dag.py for tasks to queue
[2023-11-01 17:53:34,064] {logging_mixin.py:104} INFO - [2023-11-01 17:53:34,064] {dagbag.py:496} INFO - Filling up the DagBag from /home/airflow/.local/lib/python3.6/site-packages/airflow/example_dags/example_trigger_target_dag.py
[2023-11-01 17:53:34,071] {scheduler_job.py:643} INFO - DAG(s) dict_keys(['example_trigger_target_dag']) retrieved from /home/airflow/.local/lib/python3.6/site-packages/airflow/example_dags/example_trigger_target_dag.py
[2023-11-01 17:53:34,087] {logging_mixin.py:104} INFO - [2023-11-01 17:53:34,087] {dag.py:1833} INFO - Sync 1 DAGs
[2023-11-01 17:53:34,095] {logging_mixin.py:104} INFO - [2023-11-01 17:53:34,095] {dag.py:2306} INFO - Setting next_dagrun for example_trigger_target_dag to None
[2023-11-01 17:53:34,111] {scheduler_job.py:190} INFO - Processing /home/airflow/.local/lib/python3.6/site-packages/airflow/example_dags/example_trigger_target_dag.py took 0.049 seconds
[2023-11-01 17:54:04,907] {scheduler_job.py:182} INFO - Started process (PID=2270) to work on /home/airflow/.local/lib/python3.6/site-packages/airflow/example_dags/example_trigger_target_dag.py
[2023-11-01 17:54:04,908] {scheduler_job.py:633} INFO - Processing file /home/airflow/.local/lib/python3.6/site-packages/airflow/example_dags/example_trigger_target_dag.py for tasks to queue
[2023-11-01 17:54:04,908] {logging_mixin.py:104} INFO - [2023-11-01 17:54:04,908] {dagbag.py:496} INFO - Filling up the DagBag from /home/airflow/.local/lib/python3.6/site-packages/airflow/example_dags/example_trigger_target_dag.py
[2023-11-01 17:54:04,916] {scheduler_job.py:643} INFO - DAG(s) dict_keys(['example_trigger_target_dag']) retrieved from /home/airflow/.local/lib/python3.6/site-packages/airflow/example_dags/example_trigger_target_dag.py
[2023-11-01 17:54:04,927] {logging_mixin.py:104} INFO - [2023-11-01 17:54:04,926] {dag.py:1833} INFO - Sync 1 DAGs
[2023-11-01 17:54:04,933] {logging_mixin.py:104} INFO - [2023-11-01 17:54:04,933] {dag.py:2306} INFO - Setting next_dagrun for example_trigger_target_dag to None
[2023-11-01 17:54:04,948] {scheduler_job.py:190} INFO - Processing /home/airflow/.local/lib/python3.6/site-packages/airflow/example_dags/example_trigger_target_dag.py took 0.042 seconds
[2023-11-01 17:54:35,006] {scheduler_job.py:182} INFO - Started process (PID=2372) to work on /home/airflow/.local/lib/python3.6/site-packages/airflow/example_dags/example_trigger_target_dag.py
[2023-11-01 17:54:35,007] {scheduler_job.py:633} INFO - Processing file /home/airflow/.local/lib/python3.6/site-packages/airflow/example_dags/example_trigger_target_dag.py for tasks to queue
[2023-11-01 17:54:35,007] {logging_mixin.py:104} INFO - [2023-11-01 17:54:35,007] {dagbag.py:496} INFO - Filling up the DagBag from /home/airflow/.local/lib/python3.6/site-packages/airflow/example_dags/example_trigger_target_dag.py
[2023-11-01 17:54:35,013] {scheduler_job.py:643} INFO - DAG(s) dict_keys(['example_trigger_target_dag']) retrieved from /home/airflow/.local/lib/python3.6/site-packages/airflow/example_dags/example_trigger_target_dag.py
[2023-11-01 17:54:35,023] {logging_mixin.py:104} INFO - [2023-11-01 17:54:35,023] {dag.py:1833} INFO - Sync 1 DAGs
[2023-11-01 17:54:35,029] {logging_mixin.py:104} INFO - [2023-11-01 17:54:35,029] {dag.py:2306} INFO - Setting next_dagrun for example_trigger_target_dag to None
[2023-11-01 17:54:35,033] {scheduler_job.py:190} INFO - Processing /home/airflow/.local/lib/python3.6/site-packages/airflow/example_dags/example_trigger_target_dag.py took 0.029 seconds
[2023-11-01 17:55:05,121] {scheduler_job.py:182} INFO - Started process (PID=2453) to work on /home/airflow/.local/lib/python3.6/site-packages/airflow/example_dags/example_trigger_target_dag.py
[2023-11-01 17:55:05,121] {scheduler_job.py:633} INFO - Processing file /home/airflow/.local/lib/python3.6/site-packages/airflow/example_dags/example_trigger_target_dag.py for tasks to queue
[2023-11-01 17:55:05,121] {logging_mixin.py:104} INFO - [2023-11-01 17:55:05,121] {dagbag.py:496} INFO - Filling up the DagBag from /home/airflow/.local/lib/python3.6/site-packages/airflow/example_dags/example_trigger_target_dag.py
[2023-11-01 17:55:05,127] {scheduler_job.py:643} INFO - DAG(s) dict_keys(['example_trigger_target_dag']) retrieved from /home/airflow/.local/lib/python3.6/site-packages/airflow/example_dags/example_trigger_target_dag.py
[2023-11-01 17:55:05,140] {logging_mixin.py:104} INFO - [2023-11-01 17:55:05,139] {dag.py:1833} INFO - Sync 1 DAGs
[2023-11-01 17:55:05,146] {logging_mixin.py:104} INFO - [2023-11-01 17:55:05,146] {dag.py:2306} INFO - Setting next_dagrun for example_trigger_target_dag to None
[2023-11-01 17:55:05,162] {scheduler_job.py:190} INFO - Processing /home/airflow/.local/lib/python3.6/site-packages/airflow/example_dags/example_trigger_target_dag.py took 0.043 seconds
[2023-11-01 17:55:36,095] {scheduler_job.py:182} INFO - Started process (PID=2533) to work on /home/airflow/.local/lib/python3.6/site-packages/airflow/example_dags/example_trigger_target_dag.py
[2023-11-01 17:55:36,096] {scheduler_job.py:633} INFO - Processing file /home/airflow/.local/lib/python3.6/site-packages/airflow/example_dags/example_trigger_target_dag.py for tasks to queue
[2023-11-01 17:55:36,096] {logging_mixin.py:104} INFO - [2023-11-01 17:55:36,096] {dagbag.py:496} INFO - Filling up the DagBag from /home/airflow/.local/lib/python3.6/site-packages/airflow/example_dags/example_trigger_target_dag.py
[2023-11-01 17:55:36,103] {scheduler_job.py:643} INFO - DAG(s) dict_keys(['example_trigger_target_dag']) retrieved from /home/airflow/.local/lib/python3.6/site-packages/airflow/example_dags/example_trigger_target_dag.py
[2023-11-01 17:55:36,112] {logging_mixin.py:104} INFO - [2023-11-01 17:55:36,112] {dag.py:1833} INFO - Sync 1 DAGs
[2023-11-01 17:55:36,120] {logging_mixin.py:104} INFO - [2023-11-01 17:55:36,120] {dag.py:2306} INFO - Setting next_dagrun for example_trigger_target_dag to None
[2023-11-01 17:55:36,135] {scheduler_job.py:190} INFO - Processing /home/airflow/.local/lib/python3.6/site-packages/airflow/example_dags/example_trigger_target_dag.py took 0.041 seconds
[2023-11-01 17:56:06,826] {scheduler_job.py:182} INFO - Started process (PID=2605) to work on /home/airflow/.local/lib/python3.6/site-packages/airflow/example_dags/example_trigger_target_dag.py
[2023-11-01 17:56:06,827] {scheduler_job.py:633} INFO - Processing file /home/airflow/.local/lib/python3.6/site-packages/airflow/example_dags/example_trigger_target_dag.py for tasks to queue
[2023-11-01 17:56:06,827] {logging_mixin.py:104} INFO - [2023-11-01 17:56:06,827] {dagbag.py:496} INFO - Filling up the DagBag from /home/airflow/.local/lib/python3.6/site-packages/airflow/example_dags/example_trigger_target_dag.py
[2023-11-01 17:56:06,834] {scheduler_job.py:643} INFO - DAG(s) dict_keys(['example_trigger_target_dag']) retrieved from /home/airflow/.local/lib/python3.6/site-packages/airflow/example_dags/example_trigger_target_dag.py
[2023-11-01 17:56:06,844] {logging_mixin.py:104} INFO - [2023-11-01 17:56:06,844] {dag.py:1833} INFO - Sync 1 DAGs
[2023-11-01 17:56:06,850] {logging_mixin.py:104} INFO - [2023-11-01 17:56:06,850] {dag.py:2306} INFO - Setting next_dagrun for example_trigger_target_dag to None
[2023-11-01 17:56:06,854] {scheduler_job.py:190} INFO - Processing /home/airflow/.local/lib/python3.6/site-packages/airflow/example_dags/example_trigger_target_dag.py took 0.029 seconds
[2023-11-01 17:56:37,633] {scheduler_job.py:182} INFO - Started process (PID=2686) to work on /home/airflow/.local/lib/python3.6/site-packages/airflow/example_dags/example_trigger_target_dag.py
[2023-11-01 17:56:37,633] {scheduler_job.py:633} INFO - Processing file /home/airflow/.local/lib/python3.6/site-packages/airflow/example_dags/example_trigger_target_dag.py for tasks to queue
[2023-11-01 17:56:37,633] {logging_mixin.py:104} INFO - [2023-11-01 17:56:37,633] {dagbag.py:496} INFO - Filling up the DagBag from /home/airflow/.local/lib/python3.6/site-packages/airflow/example_dags/example_trigger_target_dag.py
[2023-11-01 17:56:37,640] {scheduler_job.py:643} INFO - DAG(s) dict_keys(['example_trigger_target_dag']) retrieved from /home/airflow/.local/lib/python3.6/site-packages/airflow/example_dags/example_trigger_target_dag.py
[2023-11-01 17:56:37,650] {logging_mixin.py:104} INFO - [2023-11-01 17:56:37,650] {dag.py:1833} INFO - Sync 1 DAGs
[2023-11-01 17:56:37,658] {logging_mixin.py:104} INFO - [2023-11-01 17:56:37,658] {dag.py:2306} INFO - Setting next_dagrun for example_trigger_target_dag to None
[2023-11-01 17:56:37,662] {scheduler_job.py:190} INFO - Processing /home/airflow/.local/lib/python3.6/site-packages/airflow/example_dags/example_trigger_target_dag.py took 0.031 seconds
[2023-11-01 17:57:08,406] {scheduler_job.py:182} INFO - Started process (PID=2767) to work on /home/airflow/.local/lib/python3.6/site-packages/airflow/example_dags/example_trigger_target_dag.py
[2023-11-01 17:57:08,406] {scheduler_job.py:633} INFO - Processing file /home/airflow/.local/lib/python3.6/site-packages/airflow/example_dags/example_trigger_target_dag.py for tasks to queue
[2023-11-01 17:57:08,407] {logging_mixin.py:104} INFO - [2023-11-01 17:57:08,407] {dagbag.py:496} INFO - Filling up the DagBag from /home/airflow/.local/lib/python3.6/site-packages/airflow/example_dags/example_trigger_target_dag.py
[2023-11-01 17:57:08,413] {scheduler_job.py:643} INFO - DAG(s) dict_keys(['example_trigger_target_dag']) retrieved from /home/airflow/.local/lib/python3.6/site-packages/airflow/example_dags/example_trigger_target_dag.py
[2023-11-01 17:57:08,423] {logging_mixin.py:104} INFO - [2023-11-01 17:57:08,423] {dag.py:1833} INFO - Sync 1 DAGs
[2023-11-01 17:57:08,430] {logging_mixin.py:104} INFO - [2023-11-01 17:57:08,430] {dag.py:2306} INFO - Setting next_dagrun for example_trigger_target_dag to None
[2023-11-01 17:57:08,446] {scheduler_job.py:190} INFO - Processing /home/airflow/.local/lib/python3.6/site-packages/airflow/example_dags/example_trigger_target_dag.py took 0.041 seconds
[2023-11-01 17:57:39,229] {scheduler_job.py:182} INFO - Started process (PID=2848) to work on /home/airflow/.local/lib/python3.6/site-packages/airflow/example_dags/example_trigger_target_dag.py
[2023-11-01 17:57:39,229] {scheduler_job.py:633} INFO - Processing file /home/airflow/.local/lib/python3.6/site-packages/airflow/example_dags/example_trigger_target_dag.py for tasks to queue
[2023-11-01 17:57:39,229] {logging_mixin.py:104} INFO - [2023-11-01 17:57:39,229] {dagbag.py:496} INFO - Filling up the DagBag from /home/airflow/.local/lib/python3.6/site-packages/airflow/example_dags/example_trigger_target_dag.py
[2023-11-01 17:57:39,236] {scheduler_job.py:643} INFO - DAG(s) dict_keys(['example_trigger_target_dag']) retrieved from /home/airflow/.local/lib/python3.6/site-packages/airflow/example_dags/example_trigger_target_dag.py
[2023-11-01 17:57:39,246] {logging_mixin.py:104} INFO - [2023-11-01 17:57:39,246] {dag.py:1833} INFO - Sync 1 DAGs
[2023-11-01 17:57:39,252] {logging_mixin.py:104} INFO - [2023-11-01 17:57:39,252] {dag.py:2306} INFO - Setting next_dagrun for example_trigger_target_dag to None
[2023-11-01 17:57:39,269] {scheduler_job.py:190} INFO - Processing /home/airflow/.local/lib/python3.6/site-packages/airflow/example_dags/example_trigger_target_dag.py took 0.042 seconds
[2023-11-01 17:58:10,234] {scheduler_job.py:182} INFO - Started process (PID=2919) to work on /home/airflow/.local/lib/python3.6/site-packages/airflow/example_dags/example_trigger_target_dag.py
[2023-11-01 17:58:10,234] {scheduler_job.py:633} INFO - Processing file /home/airflow/.local/lib/python3.6/site-packages/airflow/example_dags/example_trigger_target_dag.py for tasks to queue
[2023-11-01 17:58:10,235] {logging_mixin.py:104} INFO - [2023-11-01 17:58:10,235] {dagbag.py:496} INFO - Filling up the DagBag from /home/airflow/.local/lib/python3.6/site-packages/airflow/example_dags/example_trigger_target_dag.py
[2023-11-01 17:58:10,241] {scheduler_job.py:643} INFO - DAG(s) dict_keys(['example_trigger_target_dag']) retrieved from /home/airflow/.local/lib/python3.6/site-packages/airflow/example_dags/example_trigger_target_dag.py
[2023-11-01 17:58:10,252] {logging_mixin.py:104} INFO - [2023-11-01 17:58:10,252] {dag.py:1833} INFO - Sync 1 DAGs
[2023-11-01 17:58:10,259] {logging_mixin.py:104} INFO - [2023-11-01 17:58:10,259] {dag.py:2306} INFO - Setting next_dagrun for example_trigger_target_dag to None
[2023-11-01 17:58:10,263] {scheduler_job.py:190} INFO - Processing /home/airflow/.local/lib/python3.6/site-packages/airflow/example_dags/example_trigger_target_dag.py took 0.030 seconds
[2023-11-01 17:58:40,309] {scheduler_job.py:182} INFO - Started process (PID=3000) to work on /home/airflow/.local/lib/python3.6/site-packages/airflow/example_dags/example_trigger_target_dag.py
[2023-11-01 17:58:40,310] {scheduler_job.py:633} INFO - Processing file /home/airflow/.local/lib/python3.6/site-packages/airflow/example_dags/example_trigger_target_dag.py for tasks to queue
[2023-11-01 17:58:40,310] {logging_mixin.py:104} INFO - [2023-11-01 17:58:40,310] {dagbag.py:496} INFO - Filling up the DagBag from /home/airflow/.local/lib/python3.6/site-packages/airflow/example_dags/example_trigger_target_dag.py
[2023-11-01 17:58:40,317] {scheduler_job.py:643} INFO - DAG(s) dict_keys(['example_trigger_target_dag']) retrieved from /home/airflow/.local/lib/python3.6/site-packages/airflow/example_dags/example_trigger_target_dag.py
[2023-11-01 17:58:40,326] {logging_mixin.py:104} INFO - [2023-11-01 17:58:40,326] {dag.py:1833} INFO - Sync 1 DAGs
[2023-11-01 17:58:40,334] {logging_mixin.py:104} INFO - [2023-11-01 17:58:40,334] {dag.py:2306} INFO - Setting next_dagrun for example_trigger_target_dag to None
[2023-11-01 17:58:40,350] {scheduler_job.py:190} INFO - Processing /home/airflow/.local/lib/python3.6/site-packages/airflow/example_dags/example_trigger_target_dag.py took 0.043 seconds
[2023-11-01 17:59:11,258] {scheduler_job.py:182} INFO - Started process (PID=3081) to work on /home/airflow/.local/lib/python3.6/site-packages/airflow/example_dags/example_trigger_target_dag.py
[2023-11-01 17:59:11,259] {scheduler_job.py:633} INFO - Processing file /home/airflow/.local/lib/python3.6/site-packages/airflow/example_dags/example_trigger_target_dag.py for tasks to queue
[2023-11-01 17:59:11,259] {logging_mixin.py:104} INFO - [2023-11-01 17:59:11,259] {dagbag.py:496} INFO - Filling up the DagBag from /home/airflow/.local/lib/python3.6/site-packages/airflow/example_dags/example_trigger_target_dag.py
[2023-11-01 17:59:11,265] {scheduler_job.py:643} INFO - DAG(s) dict_keys(['example_trigger_target_dag']) retrieved from /home/airflow/.local/lib/python3.6/site-packages/airflow/example_dags/example_trigger_target_dag.py
[2023-11-01 17:59:11,277] {logging_mixin.py:104} INFO - [2023-11-01 17:59:11,277] {dag.py:1833} INFO - Sync 1 DAGs
[2023-11-01 17:59:11,284] {logging_mixin.py:104} INFO - [2023-11-01 17:59:11,284] {dag.py:2306} INFO - Setting next_dagrun for example_trigger_target_dag to None
[2023-11-01 17:59:11,299] {scheduler_job.py:190} INFO - Processing /home/airflow/.local/lib/python3.6/site-packages/airflow/example_dags/example_trigger_target_dag.py took 0.042 seconds
[2023-11-01 17:59:41,315] {scheduler_job.py:182} INFO - Started process (PID=3181) to work on /home/airflow/.local/lib/python3.6/site-packages/airflow/example_dags/example_trigger_target_dag.py
[2023-11-01 17:59:41,316] {scheduler_job.py:633} INFO - Processing file /home/airflow/.local/lib/python3.6/site-packages/airflow/example_dags/example_trigger_target_dag.py for tasks to queue
[2023-11-01 17:59:41,316] {logging_mixin.py:104} INFO - [2023-11-01 17:59:41,316] {dagbag.py:496} INFO - Filling up the DagBag from /home/airflow/.local/lib/python3.6/site-packages/airflow/example_dags/example_trigger_target_dag.py
[2023-11-01 17:59:41,324] {scheduler_job.py:643} INFO - DAG(s) dict_keys(['example_trigger_target_dag']) retrieved from /home/airflow/.local/lib/python3.6/site-packages/airflow/example_dags/example_trigger_target_dag.py
[2023-11-01 17:59:41,338] {logging_mixin.py:104} INFO - [2023-11-01 17:59:41,338] {dag.py:1833} INFO - Sync 1 DAGs
[2023-11-01 17:59:41,349] {logging_mixin.py:104} INFO - [2023-11-01 17:59:41,349] {dag.py:2306} INFO - Setting next_dagrun for example_trigger_target_dag to None
[2023-11-01 17:59:41,366] {scheduler_job.py:190} INFO - Processing /home/airflow/.local/lib/python3.6/site-packages/airflow/example_dags/example_trigger_target_dag.py took 0.053 seconds
[2023-11-01 18:00:12,202] {scheduler_job.py:182} INFO - Started process (PID=3262) to work on /home/airflow/.local/lib/python3.6/site-packages/airflow/example_dags/example_trigger_target_dag.py
[2023-11-01 18:00:12,203] {scheduler_job.py:633} INFO - Processing file /home/airflow/.local/lib/python3.6/site-packages/airflow/example_dags/example_trigger_target_dag.py for tasks to queue
[2023-11-01 18:00:12,203] {logging_mixin.py:104} INFO - [2023-11-01 18:00:12,203] {dagbag.py:496} INFO - Filling up the DagBag from /home/airflow/.local/lib/python3.6/site-packages/airflow/example_dags/example_trigger_target_dag.py
[2023-11-01 18:00:12,210] {scheduler_job.py:643} INFO - DAG(s) dict_keys(['example_trigger_target_dag']) retrieved from /home/airflow/.local/lib/python3.6/site-packages/airflow/example_dags/example_trigger_target_dag.py
[2023-11-01 18:00:12,223] {logging_mixin.py:104} INFO - [2023-11-01 18:00:12,222] {dag.py:1833} INFO - Sync 1 DAGs
[2023-11-01 18:00:12,230] {logging_mixin.py:104} INFO - [2023-11-01 18:00:12,230] {dag.py:2306} INFO - Setting next_dagrun for example_trigger_target_dag to None
[2023-11-01 18:00:12,235] {scheduler_job.py:190} INFO - Processing /home/airflow/.local/lib/python3.6/site-packages/airflow/example_dags/example_trigger_target_dag.py took 0.035 seconds
