[2023-11-01 17:42:24,234] {scheduler_job.py:182} INFO - Started process (PID=399) to work on /home/airflow/.local/lib/python3.6/site-packages/airflow/example_dags/example_task_group_decorator.py
[2023-11-01 17:42:24,234] {scheduler_job.py:633} INFO - Processing file /home/airflow/.local/lib/python3.6/site-packages/airflow/example_dags/example_task_group_decorator.py for tasks to queue
[2023-11-01 17:42:24,235] {logging_mixin.py:104} INFO - [2023-11-01 17:42:24,235] {dagbag.py:496} INFO - Filling up the DagBag from /home/airflow/.local/lib/python3.6/site-packages/airflow/example_dags/example_task_group_decorator.py
[2023-11-01 17:42:24,246] {scheduler_job.py:643} INFO - DAG(s) dict_keys(['example_task_group_decorator']) retrieved from /home/airflow/.local/lib/python3.6/site-packages/airflow/example_dags/example_task_group_decorator.py
[2023-11-01 17:42:25,389] {logging_mixin.py:104} INFO - [2023-11-01 17:42:25,389] {dag.py:1833} INFO - Sync 1 DAGs
[2023-11-01 17:42:25,394] {logging_mixin.py:104} INFO - [2023-11-01 17:42:25,393] {dag.py:1852} INFO - Creating ORM DAG for example_task_group_decorator
[2023-11-01 17:42:25,397] {logging_mixin.py:104} INFO - [2023-11-01 17:42:25,396] {dag.py:2306} INFO - Setting next_dagrun for example_task_group_decorator to 2023-10-30 00:00:00+00:00
[2023-11-01 17:42:25,401] {scheduler_job.py:190} INFO - Processing /home/airflow/.local/lib/python3.6/site-packages/airflow/example_dags/example_task_group_decorator.py took 1.169 seconds
[2023-11-01 17:42:56,008] {scheduler_job.py:182} INFO - Started process (PID=720) to work on /home/airflow/.local/lib/python3.6/site-packages/airflow/example_dags/example_task_group_decorator.py
[2023-11-01 17:42:56,009] {scheduler_job.py:633} INFO - Processing file /home/airflow/.local/lib/python3.6/site-packages/airflow/example_dags/example_task_group_decorator.py for tasks to queue
[2023-11-01 17:42:56,009] {logging_mixin.py:104} INFO - [2023-11-01 17:42:56,009] {dagbag.py:496} INFO - Filling up the DagBag from /home/airflow/.local/lib/python3.6/site-packages/airflow/example_dags/example_task_group_decorator.py
[2023-11-01 17:42:56,021] {scheduler_job.py:643} INFO - DAG(s) dict_keys(['example_task_group_decorator']) retrieved from /home/airflow/.local/lib/python3.6/site-packages/airflow/example_dags/example_task_group_decorator.py
[2023-11-01 17:42:56,109] {logging_mixin.py:104} INFO - [2023-11-01 17:42:56,109] {dag.py:1833} INFO - Sync 1 DAGs
[2023-11-01 17:42:56,116] {logging_mixin.py:104} INFO - [2023-11-01 17:42:56,116] {dag.py:2306} INFO - Setting next_dagrun for example_task_group_decorator to 2023-10-30 00:00:00+00:00
[2023-11-01 17:42:56,122] {scheduler_job.py:190} INFO - Processing /home/airflow/.local/lib/python3.6/site-packages/airflow/example_dags/example_task_group_decorator.py took 0.115 seconds
[2023-11-01 17:43:26,584] {scheduler_job.py:182} INFO - Started process (PID=781) to work on /home/airflow/.local/lib/python3.6/site-packages/airflow/example_dags/example_task_group_decorator.py
[2023-11-01 17:43:26,584] {scheduler_job.py:633} INFO - Processing file /home/airflow/.local/lib/python3.6/site-packages/airflow/example_dags/example_task_group_decorator.py for tasks to queue
[2023-11-01 17:43:26,584] {logging_mixin.py:104} INFO - [2023-11-01 17:43:26,584] {dagbag.py:496} INFO - Filling up the DagBag from /home/airflow/.local/lib/python3.6/site-packages/airflow/example_dags/example_task_group_decorator.py
[2023-11-01 17:43:26,594] {scheduler_job.py:643} INFO - DAG(s) dict_keys(['example_task_group_decorator']) retrieved from /home/airflow/.local/lib/python3.6/site-packages/airflow/example_dags/example_task_group_decorator.py
[2023-11-01 17:43:26,677] {logging_mixin.py:104} INFO - [2023-11-01 17:43:26,677] {dag.py:1833} INFO - Sync 1 DAGs
[2023-11-01 17:43:26,683] {logging_mixin.py:104} INFO - [2023-11-01 17:43:26,683] {dag.py:2306} INFO - Setting next_dagrun for example_task_group_decorator to 2023-10-30 00:00:00+00:00
[2023-11-01 17:43:26,688] {scheduler_job.py:190} INFO - Processing /home/airflow/.local/lib/python3.6/site-packages/airflow/example_dags/example_task_group_decorator.py took 0.106 seconds
[2023-11-01 17:43:57,288] {scheduler_job.py:182} INFO - Started process (PID=832) to work on /home/airflow/.local/lib/python3.6/site-packages/airflow/example_dags/example_task_group_decorator.py
[2023-11-01 17:43:57,288] {scheduler_job.py:633} INFO - Processing file /home/airflow/.local/lib/python3.6/site-packages/airflow/example_dags/example_task_group_decorator.py for tasks to queue
[2023-11-01 17:43:57,289] {logging_mixin.py:104} INFO - [2023-11-01 17:43:57,289] {dagbag.py:496} INFO - Filling up the DagBag from /home/airflow/.local/lib/python3.6/site-packages/airflow/example_dags/example_task_group_decorator.py
[2023-11-01 17:43:57,300] {scheduler_job.py:643} INFO - DAG(s) dict_keys(['example_task_group_decorator']) retrieved from /home/airflow/.local/lib/python3.6/site-packages/airflow/example_dags/example_task_group_decorator.py
[2023-11-01 17:43:57,410] {logging_mixin.py:104} INFO - [2023-11-01 17:43:57,410] {dag.py:1833} INFO - Sync 1 DAGs
[2023-11-01 17:43:57,419] {logging_mixin.py:104} INFO - [2023-11-01 17:43:57,419] {dag.py:2306} INFO - Setting next_dagrun for example_task_group_decorator to 2023-10-30 00:00:00+00:00
[2023-11-01 17:43:57,428] {scheduler_job.py:190} INFO - Processing /home/airflow/.local/lib/python3.6/site-packages/airflow/example_dags/example_task_group_decorator.py took 0.142 seconds
[2023-11-01 17:44:28,154] {scheduler_job.py:182} INFO - Started process (PID=892) to work on /home/airflow/.local/lib/python3.6/site-packages/airflow/example_dags/example_task_group_decorator.py
[2023-11-01 17:44:28,155] {scheduler_job.py:633} INFO - Processing file /home/airflow/.local/lib/python3.6/site-packages/airflow/example_dags/example_task_group_decorator.py for tasks to queue
[2023-11-01 17:44:28,156] {logging_mixin.py:104} INFO - [2023-11-01 17:44:28,156] {dagbag.py:496} INFO - Filling up the DagBag from /home/airflow/.local/lib/python3.6/site-packages/airflow/example_dags/example_task_group_decorator.py
[2023-11-01 17:44:28,165] {scheduler_job.py:643} INFO - DAG(s) dict_keys(['example_task_group_decorator']) retrieved from /home/airflow/.local/lib/python3.6/site-packages/airflow/example_dags/example_task_group_decorator.py
[2023-11-01 17:44:28,255] {logging_mixin.py:104} INFO - [2023-11-01 17:44:28,255] {dag.py:1833} INFO - Sync 1 DAGs
[2023-11-01 17:44:28,261] {logging_mixin.py:104} INFO - [2023-11-01 17:44:28,261] {dag.py:2306} INFO - Setting next_dagrun for example_task_group_decorator to 2023-10-30 00:00:00+00:00
[2023-11-01 17:44:28,266] {scheduler_job.py:190} INFO - Processing /home/airflow/.local/lib/python3.6/site-packages/airflow/example_dags/example_task_group_decorator.py took 0.113 seconds
[2023-11-01 17:44:58,784] {scheduler_job.py:182} INFO - Started process (PID=953) to work on /home/airflow/.local/lib/python3.6/site-packages/airflow/example_dags/example_task_group_decorator.py
[2023-11-01 17:44:58,784] {scheduler_job.py:633} INFO - Processing file /home/airflow/.local/lib/python3.6/site-packages/airflow/example_dags/example_task_group_decorator.py for tasks to queue
[2023-11-01 17:44:58,784] {logging_mixin.py:104} INFO - [2023-11-01 17:44:58,784] {dagbag.py:496} INFO - Filling up the DagBag from /home/airflow/.local/lib/python3.6/site-packages/airflow/example_dags/example_task_group_decorator.py
[2023-11-01 17:44:58,794] {scheduler_job.py:643} INFO - DAG(s) dict_keys(['example_task_group_decorator']) retrieved from /home/airflow/.local/lib/python3.6/site-packages/airflow/example_dags/example_task_group_decorator.py
[2023-11-01 17:44:58,878] {logging_mixin.py:104} INFO - [2023-11-01 17:44:58,878] {dag.py:1833} INFO - Sync 1 DAGs
[2023-11-01 17:44:58,884] {logging_mixin.py:104} INFO - [2023-11-01 17:44:58,884] {dag.py:2306} INFO - Setting next_dagrun for example_task_group_decorator to 2023-10-30 00:00:00+00:00
[2023-11-01 17:44:58,890] {scheduler_job.py:190} INFO - Processing /home/airflow/.local/lib/python3.6/site-packages/airflow/example_dags/example_task_group_decorator.py took 0.107 seconds
[2023-11-01 17:45:29,458] {scheduler_job.py:182} INFO - Started process (PID=1014) to work on /home/airflow/.local/lib/python3.6/site-packages/airflow/example_dags/example_task_group_decorator.py
[2023-11-01 17:45:29,459] {scheduler_job.py:633} INFO - Processing file /home/airflow/.local/lib/python3.6/site-packages/airflow/example_dags/example_task_group_decorator.py for tasks to queue
[2023-11-01 17:45:29,459] {logging_mixin.py:104} INFO - [2023-11-01 17:45:29,459] {dagbag.py:496} INFO - Filling up the DagBag from /home/airflow/.local/lib/python3.6/site-packages/airflow/example_dags/example_task_group_decorator.py
[2023-11-01 17:45:29,472] {scheduler_job.py:643} INFO - DAG(s) dict_keys(['example_task_group_decorator']) retrieved from /home/airflow/.local/lib/python3.6/site-packages/airflow/example_dags/example_task_group_decorator.py
[2023-11-01 17:45:29,575] {logging_mixin.py:104} INFO - [2023-11-01 17:45:29,575] {dag.py:1833} INFO - Sync 1 DAGs
[2023-11-01 17:45:29,583] {logging_mixin.py:104} INFO - [2023-11-01 17:45:29,583] {dag.py:2306} INFO - Setting next_dagrun for example_task_group_decorator to 2023-10-30 00:00:00+00:00
[2023-11-01 17:45:29,590] {scheduler_job.py:190} INFO - Processing /home/airflow/.local/lib/python3.6/site-packages/airflow/example_dags/example_task_group_decorator.py took 0.133 seconds
[2023-11-01 17:46:00,130] {scheduler_job.py:182} INFO - Started process (PID=1075) to work on /home/airflow/.local/lib/python3.6/site-packages/airflow/example_dags/example_task_group_decorator.py
[2023-11-01 17:46:00,131] {scheduler_job.py:633} INFO - Processing file /home/airflow/.local/lib/python3.6/site-packages/airflow/example_dags/example_task_group_decorator.py for tasks to queue
[2023-11-01 17:46:00,131] {logging_mixin.py:104} INFO - [2023-11-01 17:46:00,131] {dagbag.py:496} INFO - Filling up the DagBag from /home/airflow/.local/lib/python3.6/site-packages/airflow/example_dags/example_task_group_decorator.py
[2023-11-01 17:46:00,145] {scheduler_job.py:643} INFO - DAG(s) dict_keys(['example_task_group_decorator']) retrieved from /home/airflow/.local/lib/python3.6/site-packages/airflow/example_dags/example_task_group_decorator.py
[2023-11-01 17:46:00,247] {logging_mixin.py:104} INFO - [2023-11-01 17:46:00,247] {dag.py:1833} INFO - Sync 1 DAGs
[2023-11-01 17:46:00,255] {logging_mixin.py:104} INFO - [2023-11-01 17:46:00,255] {dag.py:2306} INFO - Setting next_dagrun for example_task_group_decorator to 2023-10-30 00:00:00+00:00
[2023-11-01 17:46:00,261] {scheduler_job.py:190} INFO - Processing /home/airflow/.local/lib/python3.6/site-packages/airflow/example_dags/example_task_group_decorator.py took 0.133 seconds
[2023-11-01 17:46:30,908] {scheduler_job.py:182} INFO - Started process (PID=1126) to work on /home/airflow/.local/lib/python3.6/site-packages/airflow/example_dags/example_task_group_decorator.py
[2023-11-01 17:46:30,909] {scheduler_job.py:633} INFO - Processing file /home/airflow/.local/lib/python3.6/site-packages/airflow/example_dags/example_task_group_decorator.py for tasks to queue
[2023-11-01 17:46:30,910] {logging_mixin.py:104} INFO - [2023-11-01 17:46:30,909] {dagbag.py:496} INFO - Filling up the DagBag from /home/airflow/.local/lib/python3.6/site-packages/airflow/example_dags/example_task_group_decorator.py
[2023-11-01 17:46:30,922] {scheduler_job.py:643} INFO - DAG(s) dict_keys(['example_task_group_decorator']) retrieved from /home/airflow/.local/lib/python3.6/site-packages/airflow/example_dags/example_task_group_decorator.py
[2023-11-01 17:46:31,011] {logging_mixin.py:104} INFO - [2023-11-01 17:46:31,011] {dag.py:1833} INFO - Sync 1 DAGs
[2023-11-01 17:46:31,017] {logging_mixin.py:104} INFO - [2023-11-01 17:46:31,017] {dag.py:2306} INFO - Setting next_dagrun for example_task_group_decorator to 2023-10-30 00:00:00+00:00
[2023-11-01 17:46:31,022] {scheduler_job.py:190} INFO - Processing /home/airflow/.local/lib/python3.6/site-packages/airflow/example_dags/example_task_group_decorator.py took 0.116 seconds
[2023-11-01 17:47:01,552] {scheduler_job.py:182} INFO - Started process (PID=1187) to work on /home/airflow/.local/lib/python3.6/site-packages/airflow/example_dags/example_task_group_decorator.py
[2023-11-01 17:47:01,552] {scheduler_job.py:633} INFO - Processing file /home/airflow/.local/lib/python3.6/site-packages/airflow/example_dags/example_task_group_decorator.py for tasks to queue
[2023-11-01 17:47:01,552] {logging_mixin.py:104} INFO - [2023-11-01 17:47:01,552] {dagbag.py:496} INFO - Filling up the DagBag from /home/airflow/.local/lib/python3.6/site-packages/airflow/example_dags/example_task_group_decorator.py
[2023-11-01 17:47:01,562] {scheduler_job.py:643} INFO - DAG(s) dict_keys(['example_task_group_decorator']) retrieved from /home/airflow/.local/lib/python3.6/site-packages/airflow/example_dags/example_task_group_decorator.py
[2023-11-01 17:47:01,646] {logging_mixin.py:104} INFO - [2023-11-01 17:47:01,646] {dag.py:1833} INFO - Sync 1 DAGs
[2023-11-01 17:47:01,652] {logging_mixin.py:104} INFO - [2023-11-01 17:47:01,652] {dag.py:2306} INFO - Setting next_dagrun for example_task_group_decorator to 2023-10-30 00:00:00+00:00
[2023-11-01 17:47:01,657] {scheduler_job.py:190} INFO - Processing /home/airflow/.local/lib/python3.6/site-packages/airflow/example_dags/example_task_group_decorator.py took 0.107 seconds
[2023-11-01 17:47:32,234] {scheduler_job.py:182} INFO - Started process (PID=1267) to work on /home/airflow/.local/lib/python3.6/site-packages/airflow/example_dags/example_task_group_decorator.py
[2023-11-01 17:47:32,234] {scheduler_job.py:633} INFO - Processing file /home/airflow/.local/lib/python3.6/site-packages/airflow/example_dags/example_task_group_decorator.py for tasks to queue
[2023-11-01 17:47:32,235] {logging_mixin.py:104} INFO - [2023-11-01 17:47:32,235] {dagbag.py:496} INFO - Filling up the DagBag from /home/airflow/.local/lib/python3.6/site-packages/airflow/example_dags/example_task_group_decorator.py
[2023-11-01 17:47:32,245] {scheduler_job.py:643} INFO - DAG(s) dict_keys(['example_task_group_decorator']) retrieved from /home/airflow/.local/lib/python3.6/site-packages/airflow/example_dags/example_task_group_decorator.py
[2023-11-01 17:47:32,331] {logging_mixin.py:104} INFO - [2023-11-01 17:47:32,331] {dag.py:1833} INFO - Sync 1 DAGs
[2023-11-01 17:47:32,337] {logging_mixin.py:104} INFO - [2023-11-01 17:47:32,337] {dag.py:2306} INFO - Setting next_dagrun for example_task_group_decorator to 2023-10-30 00:00:00+00:00
[2023-11-01 17:47:32,342] {scheduler_job.py:190} INFO - Processing /home/airflow/.local/lib/python3.6/site-packages/airflow/example_dags/example_task_group_decorator.py took 0.109 seconds
[2023-11-01 17:48:02,941] {scheduler_job.py:182} INFO - Started process (PID=1347) to work on /home/airflow/.local/lib/python3.6/site-packages/airflow/example_dags/example_task_group_decorator.py
[2023-11-01 17:48:02,941] {scheduler_job.py:633} INFO - Processing file /home/airflow/.local/lib/python3.6/site-packages/airflow/example_dags/example_task_group_decorator.py for tasks to queue
[2023-11-01 17:48:02,941] {logging_mixin.py:104} INFO - [2023-11-01 17:48:02,941] {dagbag.py:496} INFO - Filling up the DagBag from /home/airflow/.local/lib/python3.6/site-packages/airflow/example_dags/example_task_group_decorator.py
[2023-11-01 17:48:02,951] {scheduler_job.py:643} INFO - DAG(s) dict_keys(['example_task_group_decorator']) retrieved from /home/airflow/.local/lib/python3.6/site-packages/airflow/example_dags/example_task_group_decorator.py
[2023-11-01 17:48:03,035] {logging_mixin.py:104} INFO - [2023-11-01 17:48:03,035] {dag.py:1833} INFO - Sync 1 DAGs
[2023-11-01 17:48:03,040] {logging_mixin.py:104} INFO - [2023-11-01 17:48:03,040] {dag.py:2306} INFO - Setting next_dagrun for example_task_group_decorator to 2023-10-30 00:00:00+00:00
[2023-11-01 17:48:03,044] {scheduler_job.py:190} INFO - Processing /home/airflow/.local/lib/python3.6/site-packages/airflow/example_dags/example_task_group_decorator.py took 0.105 seconds
[2023-11-01 17:48:33,643] {scheduler_job.py:182} INFO - Started process (PID=1418) to work on /home/airflow/.local/lib/python3.6/site-packages/airflow/example_dags/example_task_group_decorator.py
[2023-11-01 17:48:33,644] {scheduler_job.py:633} INFO - Processing file /home/airflow/.local/lib/python3.6/site-packages/airflow/example_dags/example_task_group_decorator.py for tasks to queue
[2023-11-01 17:48:33,644] {logging_mixin.py:104} INFO - [2023-11-01 17:48:33,644] {dagbag.py:496} INFO - Filling up the DagBag from /home/airflow/.local/lib/python3.6/site-packages/airflow/example_dags/example_task_group_decorator.py
[2023-11-01 17:48:33,654] {scheduler_job.py:643} INFO - DAG(s) dict_keys(['example_task_group_decorator']) retrieved from /home/airflow/.local/lib/python3.6/site-packages/airflow/example_dags/example_task_group_decorator.py
[2023-11-01 17:48:33,738] {logging_mixin.py:104} INFO - [2023-11-01 17:48:33,738] {dag.py:1833} INFO - Sync 1 DAGs
[2023-11-01 17:48:33,743] {logging_mixin.py:104} INFO - [2023-11-01 17:48:33,743] {dag.py:2306} INFO - Setting next_dagrun for example_task_group_decorator to 2023-10-30 00:00:00+00:00
[2023-11-01 17:48:33,749] {scheduler_job.py:190} INFO - Processing /home/airflow/.local/lib/python3.6/site-packages/airflow/example_dags/example_task_group_decorator.py took 0.107 seconds
[2023-11-01 17:49:04,293] {scheduler_job.py:182} INFO - Started process (PID=1499) to work on /home/airflow/.local/lib/python3.6/site-packages/airflow/example_dags/example_task_group_decorator.py
[2023-11-01 17:49:04,294] {scheduler_job.py:633} INFO - Processing file /home/airflow/.local/lib/python3.6/site-packages/airflow/example_dags/example_task_group_decorator.py for tasks to queue
[2023-11-01 17:49:04,294] {logging_mixin.py:104} INFO - [2023-11-01 17:49:04,294] {dagbag.py:496} INFO - Filling up the DagBag from /home/airflow/.local/lib/python3.6/site-packages/airflow/example_dags/example_task_group_decorator.py
[2023-11-01 17:49:04,303] {scheduler_job.py:643} INFO - DAG(s) dict_keys(['example_task_group_decorator']) retrieved from /home/airflow/.local/lib/python3.6/site-packages/airflow/example_dags/example_task_group_decorator.py
[2023-11-01 17:49:04,388] {logging_mixin.py:104} INFO - [2023-11-01 17:49:04,388] {dag.py:1833} INFO - Sync 1 DAGs
[2023-11-01 17:49:04,395] {logging_mixin.py:104} INFO - [2023-11-01 17:49:04,395] {dag.py:2306} INFO - Setting next_dagrun for example_task_group_decorator to 2023-10-30 00:00:00+00:00
[2023-11-01 17:49:04,401] {scheduler_job.py:190} INFO - Processing /home/airflow/.local/lib/python3.6/site-packages/airflow/example_dags/example_task_group_decorator.py took 0.108 seconds
[2023-11-01 17:49:35,019] {scheduler_job.py:182} INFO - Started process (PID=1579) to work on /home/airflow/.local/lib/python3.6/site-packages/airflow/example_dags/example_task_group_decorator.py
[2023-11-01 17:49:35,019] {scheduler_job.py:633} INFO - Processing file /home/airflow/.local/lib/python3.6/site-packages/airflow/example_dags/example_task_group_decorator.py for tasks to queue
[2023-11-01 17:49:35,020] {logging_mixin.py:104} INFO - [2023-11-01 17:49:35,020] {dagbag.py:496} INFO - Filling up the DagBag from /home/airflow/.local/lib/python3.6/site-packages/airflow/example_dags/example_task_group_decorator.py
[2023-11-01 17:49:35,030] {scheduler_job.py:643} INFO - DAG(s) dict_keys(['example_task_group_decorator']) retrieved from /home/airflow/.local/lib/python3.6/site-packages/airflow/example_dags/example_task_group_decorator.py
[2023-11-01 17:49:35,115] {logging_mixin.py:104} INFO - [2023-11-01 17:49:35,115] {dag.py:1833} INFO - Sync 1 DAGs
[2023-11-01 17:49:35,121] {logging_mixin.py:104} INFO - [2023-11-01 17:49:35,121] {dag.py:2306} INFO - Setting next_dagrun for example_task_group_decorator to 2023-10-30 00:00:00+00:00
[2023-11-01 17:49:35,126] {scheduler_job.py:190} INFO - Processing /home/airflow/.local/lib/python3.6/site-packages/airflow/example_dags/example_task_group_decorator.py took 0.108 seconds
[2023-11-01 17:50:05,741] {scheduler_job.py:182} INFO - Started process (PID=1659) to work on /home/airflow/.local/lib/python3.6/site-packages/airflow/example_dags/example_task_group_decorator.py
[2023-11-01 17:50:05,741] {scheduler_job.py:633} INFO - Processing file /home/airflow/.local/lib/python3.6/site-packages/airflow/example_dags/example_task_group_decorator.py for tasks to queue
[2023-11-01 17:50:05,742] {logging_mixin.py:104} INFO - [2023-11-01 17:50:05,742] {dagbag.py:496} INFO - Filling up the DagBag from /home/airflow/.local/lib/python3.6/site-packages/airflow/example_dags/example_task_group_decorator.py
[2023-11-01 17:50:05,751] {scheduler_job.py:643} INFO - DAG(s) dict_keys(['example_task_group_decorator']) retrieved from /home/airflow/.local/lib/python3.6/site-packages/airflow/example_dags/example_task_group_decorator.py
[2023-11-01 17:50:05,835] {logging_mixin.py:104} INFO - [2023-11-01 17:50:05,835] {dag.py:1833} INFO - Sync 1 DAGs
[2023-11-01 17:50:05,841] {logging_mixin.py:104} INFO - [2023-11-01 17:50:05,841] {dag.py:2306} INFO - Setting next_dagrun for example_task_group_decorator to 2023-10-30 00:00:00+00:00
[2023-11-01 17:50:05,846] {scheduler_job.py:190} INFO - Processing /home/airflow/.local/lib/python3.6/site-packages/airflow/example_dags/example_task_group_decorator.py took 0.107 seconds
[2023-11-01 17:50:36,400] {scheduler_job.py:182} INFO - Started process (PID=1740) to work on /home/airflow/.local/lib/python3.6/site-packages/airflow/example_dags/example_task_group_decorator.py
[2023-11-01 17:50:36,400] {scheduler_job.py:633} INFO - Processing file /home/airflow/.local/lib/python3.6/site-packages/airflow/example_dags/example_task_group_decorator.py for tasks to queue
[2023-11-01 17:50:36,400] {logging_mixin.py:104} INFO - [2023-11-01 17:50:36,400] {dagbag.py:496} INFO - Filling up the DagBag from /home/airflow/.local/lib/python3.6/site-packages/airflow/example_dags/example_task_group_decorator.py
[2023-11-01 17:50:36,410] {scheduler_job.py:643} INFO - DAG(s) dict_keys(['example_task_group_decorator']) retrieved from /home/airflow/.local/lib/python3.6/site-packages/airflow/example_dags/example_task_group_decorator.py
[2023-11-01 17:50:36,493] {logging_mixin.py:104} INFO - [2023-11-01 17:50:36,493] {dag.py:1833} INFO - Sync 1 DAGs
[2023-11-01 17:50:36,499] {logging_mixin.py:104} INFO - [2023-11-01 17:50:36,499] {dag.py:2306} INFO - Setting next_dagrun for example_task_group_decorator to 2023-10-30 00:00:00+00:00
[2023-11-01 17:50:36,504] {scheduler_job.py:190} INFO - Processing /home/airflow/.local/lib/python3.6/site-packages/airflow/example_dags/example_task_group_decorator.py took 0.105 seconds
[2023-11-01 17:51:07,120] {scheduler_job.py:182} INFO - Started process (PID=1811) to work on /home/airflow/.local/lib/python3.6/site-packages/airflow/example_dags/example_task_group_decorator.py
[2023-11-01 17:51:07,120] {scheduler_job.py:633} INFO - Processing file /home/airflow/.local/lib/python3.6/site-packages/airflow/example_dags/example_task_group_decorator.py for tasks to queue
[2023-11-01 17:51:07,121] {logging_mixin.py:104} INFO - [2023-11-01 17:51:07,120] {dagbag.py:496} INFO - Filling up the DagBag from /home/airflow/.local/lib/python3.6/site-packages/airflow/example_dags/example_task_group_decorator.py
[2023-11-01 17:51:07,130] {scheduler_job.py:643} INFO - DAG(s) dict_keys(['example_task_group_decorator']) retrieved from /home/airflow/.local/lib/python3.6/site-packages/airflow/example_dags/example_task_group_decorator.py
[2023-11-01 17:51:07,215] {logging_mixin.py:104} INFO - [2023-11-01 17:51:07,215] {dag.py:1833} INFO - Sync 1 DAGs
[2023-11-01 17:51:07,222] {logging_mixin.py:104} INFO - [2023-11-01 17:51:07,222] {dag.py:2306} INFO - Setting next_dagrun for example_task_group_decorator to 2023-10-30 00:00:00+00:00
[2023-11-01 17:51:07,228] {scheduler_job.py:190} INFO - Processing /home/airflow/.local/lib/python3.6/site-packages/airflow/example_dags/example_task_group_decorator.py took 0.109 seconds
[2023-11-01 17:51:37,987] {scheduler_job.py:182} INFO - Started process (PID=1892) to work on /home/airflow/.local/lib/python3.6/site-packages/airflow/example_dags/example_task_group_decorator.py
[2023-11-01 17:51:37,988] {scheduler_job.py:633} INFO - Processing file /home/airflow/.local/lib/python3.6/site-packages/airflow/example_dags/example_task_group_decorator.py for tasks to queue
[2023-11-01 17:51:37,988] {logging_mixin.py:104} INFO - [2023-11-01 17:51:37,988] {dagbag.py:496} INFO - Filling up the DagBag from /home/airflow/.local/lib/python3.6/site-packages/airflow/example_dags/example_task_group_decorator.py
[2023-11-01 17:51:38,000] {scheduler_job.py:643} INFO - DAG(s) dict_keys(['example_task_group_decorator']) retrieved from /home/airflow/.local/lib/python3.6/site-packages/airflow/example_dags/example_task_group_decorator.py
[2023-11-01 17:51:38,099] {logging_mixin.py:104} INFO - [2023-11-01 17:51:38,099] {dag.py:1833} INFO - Sync 1 DAGs
[2023-11-01 17:51:38,105] {logging_mixin.py:104} INFO - [2023-11-01 17:51:38,104] {dag.py:2306} INFO - Setting next_dagrun for example_task_group_decorator to 2023-10-30 00:00:00+00:00
[2023-11-01 17:51:38,110] {scheduler_job.py:190} INFO - Processing /home/airflow/.local/lib/python3.6/site-packages/airflow/example_dags/example_task_group_decorator.py took 0.124 seconds
[2023-11-01 17:52:08,129] {scheduler_job.py:182} INFO - Started process (PID=1974) to work on /home/airflow/.local/lib/python3.6/site-packages/airflow/example_dags/example_task_group_decorator.py
[2023-11-01 17:52:08,129] {scheduler_job.py:633} INFO - Processing file /home/airflow/.local/lib/python3.6/site-packages/airflow/example_dags/example_task_group_decorator.py for tasks to queue
[2023-11-01 17:52:08,130] {logging_mixin.py:104} INFO - [2023-11-01 17:52:08,129] {dagbag.py:496} INFO - Filling up the DagBag from /home/airflow/.local/lib/python3.6/site-packages/airflow/example_dags/example_task_group_decorator.py
[2023-11-01 17:52:08,139] {scheduler_job.py:643} INFO - DAG(s) dict_keys(['example_task_group_decorator']) retrieved from /home/airflow/.local/lib/python3.6/site-packages/airflow/example_dags/example_task_group_decorator.py
[2023-11-01 17:52:08,225] {logging_mixin.py:104} INFO - [2023-11-01 17:52:08,225] {dag.py:1833} INFO - Sync 1 DAGs
[2023-11-01 17:52:08,231] {logging_mixin.py:104} INFO - [2023-11-01 17:52:08,231] {dag.py:2306} INFO - Setting next_dagrun for example_task_group_decorator to 2023-10-30 00:00:00+00:00
[2023-11-01 17:52:08,249] {scheduler_job.py:190} INFO - Processing /home/airflow/.local/lib/python3.6/site-packages/airflow/example_dags/example_task_group_decorator.py took 0.122 seconds
[2023-11-01 17:52:38,370] {scheduler_job.py:182} INFO - Started process (PID=2054) to work on /home/airflow/.local/lib/python3.6/site-packages/airflow/example_dags/example_task_group_decorator.py
[2023-11-01 17:52:38,370] {scheduler_job.py:633} INFO - Processing file /home/airflow/.local/lib/python3.6/site-packages/airflow/example_dags/example_task_group_decorator.py for tasks to queue
[2023-11-01 17:52:38,371] {logging_mixin.py:104} INFO - [2023-11-01 17:52:38,371] {dagbag.py:496} INFO - Filling up the DagBag from /home/airflow/.local/lib/python3.6/site-packages/airflow/example_dags/example_task_group_decorator.py
[2023-11-01 17:52:38,381] {scheduler_job.py:643} INFO - DAG(s) dict_keys(['example_task_group_decorator']) retrieved from /home/airflow/.local/lib/python3.6/site-packages/airflow/example_dags/example_task_group_decorator.py
[2023-11-01 17:52:38,475] {logging_mixin.py:104} INFO - [2023-11-01 17:52:38,475] {dag.py:1833} INFO - Sync 1 DAGs
[2023-11-01 17:52:38,481] {logging_mixin.py:104} INFO - [2023-11-01 17:52:38,480] {dag.py:2306} INFO - Setting next_dagrun for example_task_group_decorator to 2023-10-30 00:00:00+00:00
[2023-11-01 17:52:38,486] {scheduler_job.py:190} INFO - Processing /home/airflow/.local/lib/python3.6/site-packages/airflow/example_dags/example_task_group_decorator.py took 0.118 seconds
[2023-11-01 17:53:08,522] {scheduler_job.py:182} INFO - Started process (PID=2126) to work on /home/airflow/.local/lib/python3.6/site-packages/airflow/example_dags/example_task_group_decorator.py
[2023-11-01 17:53:08,523] {scheduler_job.py:633} INFO - Processing file /home/airflow/.local/lib/python3.6/site-packages/airflow/example_dags/example_task_group_decorator.py for tasks to queue
[2023-11-01 17:53:08,523] {logging_mixin.py:104} INFO - [2023-11-01 17:53:08,523] {dagbag.py:496} INFO - Filling up the DagBag from /home/airflow/.local/lib/python3.6/site-packages/airflow/example_dags/example_task_group_decorator.py
[2023-11-01 17:53:08,532] {scheduler_job.py:643} INFO - DAG(s) dict_keys(['example_task_group_decorator']) retrieved from /home/airflow/.local/lib/python3.6/site-packages/airflow/example_dags/example_task_group_decorator.py
[2023-11-01 17:53:08,617] {logging_mixin.py:104} INFO - [2023-11-01 17:53:08,616] {dag.py:1833} INFO - Sync 1 DAGs
[2023-11-01 17:53:08,623] {logging_mixin.py:104} INFO - [2023-11-01 17:53:08,622] {dag.py:2306} INFO - Setting next_dagrun for example_task_group_decorator to 2023-10-30 00:00:00+00:00
[2023-11-01 17:53:08,640] {scheduler_job.py:190} INFO - Processing /home/airflow/.local/lib/python3.6/site-packages/airflow/example_dags/example_task_group_decorator.py took 0.119 seconds
[2023-11-01 17:53:39,227] {scheduler_job.py:182} INFO - Started process (PID=2206) to work on /home/airflow/.local/lib/python3.6/site-packages/airflow/example_dags/example_task_group_decorator.py
[2023-11-01 17:53:39,227] {scheduler_job.py:633} INFO - Processing file /home/airflow/.local/lib/python3.6/site-packages/airflow/example_dags/example_task_group_decorator.py for tasks to queue
[2023-11-01 17:53:39,228] {logging_mixin.py:104} INFO - [2023-11-01 17:53:39,228] {dagbag.py:496} INFO - Filling up the DagBag from /home/airflow/.local/lib/python3.6/site-packages/airflow/example_dags/example_task_group_decorator.py
[2023-11-01 17:53:39,239] {scheduler_job.py:643} INFO - DAG(s) dict_keys(['example_task_group_decorator']) retrieved from /home/airflow/.local/lib/python3.6/site-packages/airflow/example_dags/example_task_group_decorator.py
[2023-11-01 17:53:39,344] {logging_mixin.py:104} INFO - [2023-11-01 17:53:39,344] {dag.py:1833} INFO - Sync 1 DAGs
[2023-11-01 17:53:39,351] {logging_mixin.py:104} INFO - [2023-11-01 17:53:39,351] {dag.py:2306} INFO - Setting next_dagrun for example_task_group_decorator to 2023-10-30 00:00:00+00:00
[2023-11-01 17:53:39,359] {scheduler_job.py:190} INFO - Processing /home/airflow/.local/lib/python3.6/site-packages/airflow/example_dags/example_task_group_decorator.py took 0.134 seconds
[2023-11-01 17:54:10,044] {scheduler_job.py:182} INFO - Started process (PID=2287) to work on /home/airflow/.local/lib/python3.6/site-packages/airflow/example_dags/example_task_group_decorator.py
[2023-11-01 17:54:10,045] {scheduler_job.py:633} INFO - Processing file /home/airflow/.local/lib/python3.6/site-packages/airflow/example_dags/example_task_group_decorator.py for tasks to queue
[2023-11-01 17:54:10,045] {logging_mixin.py:104} INFO - [2023-11-01 17:54:10,045] {dagbag.py:496} INFO - Filling up the DagBag from /home/airflow/.local/lib/python3.6/site-packages/airflow/example_dags/example_task_group_decorator.py
[2023-11-01 17:54:10,056] {scheduler_job.py:643} INFO - DAG(s) dict_keys(['example_task_group_decorator']) retrieved from /home/airflow/.local/lib/python3.6/site-packages/airflow/example_dags/example_task_group_decorator.py
[2023-11-01 17:54:10,141] {logging_mixin.py:104} INFO - [2023-11-01 17:54:10,141] {dag.py:1833} INFO - Sync 1 DAGs
[2023-11-01 17:54:10,147] {logging_mixin.py:104} INFO - [2023-11-01 17:54:10,147] {dag.py:2306} INFO - Setting next_dagrun for example_task_group_decorator to 2023-10-30 00:00:00+00:00
[2023-11-01 17:54:10,152] {scheduler_job.py:190} INFO - Processing /home/airflow/.local/lib/python3.6/site-packages/airflow/example_dags/example_task_group_decorator.py took 0.110 seconds
[2023-11-01 17:54:40,203] {scheduler_job.py:182} INFO - Started process (PID=2389) to work on /home/airflow/.local/lib/python3.6/site-packages/airflow/example_dags/example_task_group_decorator.py
[2023-11-01 17:54:40,204] {scheduler_job.py:633} INFO - Processing file /home/airflow/.local/lib/python3.6/site-packages/airflow/example_dags/example_task_group_decorator.py for tasks to queue
[2023-11-01 17:54:40,204] {logging_mixin.py:104} INFO - [2023-11-01 17:54:40,204] {dagbag.py:496} INFO - Filling up the DagBag from /home/airflow/.local/lib/python3.6/site-packages/airflow/example_dags/example_task_group_decorator.py
[2023-11-01 17:54:40,216] {scheduler_job.py:643} INFO - DAG(s) dict_keys(['example_task_group_decorator']) retrieved from /home/airflow/.local/lib/python3.6/site-packages/airflow/example_dags/example_task_group_decorator.py
[2023-11-01 17:54:40,324] {logging_mixin.py:104} INFO - [2023-11-01 17:54:40,324] {dag.py:1833} INFO - Sync 1 DAGs
[2023-11-01 17:54:40,332] {logging_mixin.py:104} INFO - [2023-11-01 17:54:40,332] {dag.py:2306} INFO - Setting next_dagrun for example_task_group_decorator to 2023-10-30 00:00:00+00:00
[2023-11-01 17:54:40,351] {scheduler_job.py:190} INFO - Processing /home/airflow/.local/lib/python3.6/site-packages/airflow/example_dags/example_task_group_decorator.py took 0.149 seconds
[2023-11-01 17:55:11,315] {scheduler_job.py:182} INFO - Started process (PID=2461) to work on /home/airflow/.local/lib/python3.6/site-packages/airflow/example_dags/example_task_group_decorator.py
[2023-11-01 17:55:11,316] {scheduler_job.py:633} INFO - Processing file /home/airflow/.local/lib/python3.6/site-packages/airflow/example_dags/example_task_group_decorator.py for tasks to queue
[2023-11-01 17:55:11,316] {logging_mixin.py:104} INFO - [2023-11-01 17:55:11,316] {dagbag.py:496} INFO - Filling up the DagBag from /home/airflow/.local/lib/python3.6/site-packages/airflow/example_dags/example_task_group_decorator.py
[2023-11-01 17:55:11,328] {scheduler_job.py:643} INFO - DAG(s) dict_keys(['example_task_group_decorator']) retrieved from /home/airflow/.local/lib/python3.6/site-packages/airflow/example_dags/example_task_group_decorator.py
[2023-11-01 17:55:11,451] {logging_mixin.py:104} INFO - [2023-11-01 17:55:11,451] {dag.py:1833} INFO - Sync 1 DAGs
[2023-11-01 17:55:11,458] {logging_mixin.py:104} INFO - [2023-11-01 17:55:11,458] {dag.py:2306} INFO - Setting next_dagrun for example_task_group_decorator to 2023-10-30 00:00:00+00:00
[2023-11-01 17:55:11,465] {scheduler_job.py:190} INFO - Processing /home/airflow/.local/lib/python3.6/site-packages/airflow/example_dags/example_task_group_decorator.py took 0.151 seconds
[2023-11-01 17:55:42,217] {scheduler_job.py:182} INFO - Started process (PID=2542) to work on /home/airflow/.local/lib/python3.6/site-packages/airflow/example_dags/example_task_group_decorator.py
[2023-11-01 17:55:42,217] {scheduler_job.py:633} INFO - Processing file /home/airflow/.local/lib/python3.6/site-packages/airflow/example_dags/example_task_group_decorator.py for tasks to queue
[2023-11-01 17:55:42,217] {logging_mixin.py:104} INFO - [2023-11-01 17:55:42,217] {dagbag.py:496} INFO - Filling up the DagBag from /home/airflow/.local/lib/python3.6/site-packages/airflow/example_dags/example_task_group_decorator.py
[2023-11-01 17:55:42,227] {scheduler_job.py:643} INFO - DAG(s) dict_keys(['example_task_group_decorator']) retrieved from /home/airflow/.local/lib/python3.6/site-packages/airflow/example_dags/example_task_group_decorator.py
[2023-11-01 17:55:42,315] {logging_mixin.py:104} INFO - [2023-11-01 17:55:42,314] {dag.py:1833} INFO - Sync 1 DAGs
[2023-11-01 17:55:42,321] {logging_mixin.py:104} INFO - [2023-11-01 17:55:42,321] {dag.py:2306} INFO - Setting next_dagrun for example_task_group_decorator to 2023-10-30 00:00:00+00:00
[2023-11-01 17:55:42,326] {scheduler_job.py:190} INFO - Processing /home/airflow/.local/lib/python3.6/site-packages/airflow/example_dags/example_task_group_decorator.py took 0.111 seconds
[2023-11-01 17:56:12,990] {scheduler_job.py:182} INFO - Started process (PID=2623) to work on /home/airflow/.local/lib/python3.6/site-packages/airflow/example_dags/example_task_group_decorator.py
[2023-11-01 17:56:12,990] {scheduler_job.py:633} INFO - Processing file /home/airflow/.local/lib/python3.6/site-packages/airflow/example_dags/example_task_group_decorator.py for tasks to queue
[2023-11-01 17:56:12,990] {logging_mixin.py:104} INFO - [2023-11-01 17:56:12,990] {dagbag.py:496} INFO - Filling up the DagBag from /home/airflow/.local/lib/python3.6/site-packages/airflow/example_dags/example_task_group_decorator.py
[2023-11-01 17:56:13,002] {scheduler_job.py:643} INFO - DAG(s) dict_keys(['example_task_group_decorator']) retrieved from /home/airflow/.local/lib/python3.6/site-packages/airflow/example_dags/example_task_group_decorator.py
[2023-11-01 17:56:13,091] {logging_mixin.py:104} INFO - [2023-11-01 17:56:13,091] {dag.py:1833} INFO - Sync 1 DAGs
[2023-11-01 17:56:13,096] {logging_mixin.py:104} INFO - [2023-11-01 17:56:13,096] {dag.py:2306} INFO - Setting next_dagrun for example_task_group_decorator to 2023-10-30 00:00:00+00:00
[2023-11-01 17:56:13,101] {scheduler_job.py:190} INFO - Processing /home/airflow/.local/lib/python3.6/site-packages/airflow/example_dags/example_task_group_decorator.py took 0.113 seconds
[2023-11-01 17:56:43,732] {scheduler_job.py:182} INFO - Started process (PID=2704) to work on /home/airflow/.local/lib/python3.6/site-packages/airflow/example_dags/example_task_group_decorator.py
[2023-11-01 17:56:43,732] {scheduler_job.py:633} INFO - Processing file /home/airflow/.local/lib/python3.6/site-packages/airflow/example_dags/example_task_group_decorator.py for tasks to queue
[2023-11-01 17:56:43,733] {logging_mixin.py:104} INFO - [2023-11-01 17:56:43,733] {dagbag.py:496} INFO - Filling up the DagBag from /home/airflow/.local/lib/python3.6/site-packages/airflow/example_dags/example_task_group_decorator.py
[2023-11-01 17:56:43,744] {scheduler_job.py:643} INFO - DAG(s) dict_keys(['example_task_group_decorator']) retrieved from /home/airflow/.local/lib/python3.6/site-packages/airflow/example_dags/example_task_group_decorator.py
[2023-11-01 17:56:43,833] {logging_mixin.py:104} INFO - [2023-11-01 17:56:43,833] {dag.py:1833} INFO - Sync 1 DAGs
[2023-11-01 17:56:43,839] {logging_mixin.py:104} INFO - [2023-11-01 17:56:43,839] {dag.py:2306} INFO - Setting next_dagrun for example_task_group_decorator to 2023-10-30 00:00:00+00:00
[2023-11-01 17:56:43,845] {scheduler_job.py:190} INFO - Processing /home/airflow/.local/lib/python3.6/site-packages/airflow/example_dags/example_task_group_decorator.py took 0.114 seconds
[2023-11-01 17:57:14,564] {scheduler_job.py:182} INFO - Started process (PID=2775) to work on /home/airflow/.local/lib/python3.6/site-packages/airflow/example_dags/example_task_group_decorator.py
[2023-11-01 17:57:14,565] {scheduler_job.py:633} INFO - Processing file /home/airflow/.local/lib/python3.6/site-packages/airflow/example_dags/example_task_group_decorator.py for tasks to queue
[2023-11-01 17:57:14,565] {logging_mixin.py:104} INFO - [2023-11-01 17:57:14,565] {dagbag.py:496} INFO - Filling up the DagBag from /home/airflow/.local/lib/python3.6/site-packages/airflow/example_dags/example_task_group_decorator.py
[2023-11-01 17:57:14,576] {scheduler_job.py:643} INFO - DAG(s) dict_keys(['example_task_group_decorator']) retrieved from /home/airflow/.local/lib/python3.6/site-packages/airflow/example_dags/example_task_group_decorator.py
[2023-11-01 17:57:14,664] {logging_mixin.py:104} INFO - [2023-11-01 17:57:14,664] {dag.py:1833} INFO - Sync 1 DAGs
[2023-11-01 17:57:14,670] {logging_mixin.py:104} INFO - [2023-11-01 17:57:14,670] {dag.py:2306} INFO - Setting next_dagrun for example_task_group_decorator to 2023-10-30 00:00:00+00:00
[2023-11-01 17:57:14,675] {scheduler_job.py:190} INFO - Processing /home/airflow/.local/lib/python3.6/site-packages/airflow/example_dags/example_task_group_decorator.py took 0.112 seconds
[2023-11-01 17:57:45,384] {scheduler_job.py:182} INFO - Started process (PID=2856) to work on /home/airflow/.local/lib/python3.6/site-packages/airflow/example_dags/example_task_group_decorator.py
[2023-11-01 17:57:45,384] {scheduler_job.py:633} INFO - Processing file /home/airflow/.local/lib/python3.6/site-packages/airflow/example_dags/example_task_group_decorator.py for tasks to queue
[2023-11-01 17:57:45,384] {logging_mixin.py:104} INFO - [2023-11-01 17:57:45,384] {dagbag.py:496} INFO - Filling up the DagBag from /home/airflow/.local/lib/python3.6/site-packages/airflow/example_dags/example_task_group_decorator.py
[2023-11-01 17:57:45,395] {scheduler_job.py:643} INFO - DAG(s) dict_keys(['example_task_group_decorator']) retrieved from /home/airflow/.local/lib/python3.6/site-packages/airflow/example_dags/example_task_group_decorator.py
[2023-11-01 17:57:45,482] {logging_mixin.py:104} INFO - [2023-11-01 17:57:45,482] {dag.py:1833} INFO - Sync 1 DAGs
[2023-11-01 17:57:45,487] {logging_mixin.py:104} INFO - [2023-11-01 17:57:45,487] {dag.py:2306} INFO - Setting next_dagrun for example_task_group_decorator to 2023-10-30 00:00:00+00:00
[2023-11-01 17:57:45,492] {scheduler_job.py:190} INFO - Processing /home/airflow/.local/lib/python3.6/site-packages/airflow/example_dags/example_task_group_decorator.py took 0.109 seconds
[2023-11-01 17:58:15,508] {scheduler_job.py:182} INFO - Started process (PID=2938) to work on /home/airflow/.local/lib/python3.6/site-packages/airflow/example_dags/example_task_group_decorator.py
[2023-11-01 17:58:15,509] {scheduler_job.py:633} INFO - Processing file /home/airflow/.local/lib/python3.6/site-packages/airflow/example_dags/example_task_group_decorator.py for tasks to queue
[2023-11-01 17:58:15,509] {logging_mixin.py:104} INFO - [2023-11-01 17:58:15,509] {dagbag.py:496} INFO - Filling up the DagBag from /home/airflow/.local/lib/python3.6/site-packages/airflow/example_dags/example_task_group_decorator.py
[2023-11-01 17:58:15,520] {scheduler_job.py:643} INFO - DAG(s) dict_keys(['example_task_group_decorator']) retrieved from /home/airflow/.local/lib/python3.6/site-packages/airflow/example_dags/example_task_group_decorator.py
[2023-11-01 17:58:15,603] {logging_mixin.py:104} INFO - [2023-11-01 17:58:15,602] {dag.py:1833} INFO - Sync 1 DAGs
[2023-11-01 17:58:15,608] {logging_mixin.py:104} INFO - [2023-11-01 17:58:15,608] {dag.py:2306} INFO - Setting next_dagrun for example_task_group_decorator to 2023-10-30 00:00:00+00:00
[2023-11-01 17:58:15,613] {scheduler_job.py:190} INFO - Processing /home/airflow/.local/lib/python3.6/site-packages/airflow/example_dags/example_task_group_decorator.py took 0.106 seconds
[2023-11-01 17:58:45,669] {scheduler_job.py:182} INFO - Started process (PID=3038) to work on /home/airflow/.local/lib/python3.6/site-packages/airflow/example_dags/example_task_group_decorator.py
[2023-11-01 17:58:45,670] {scheduler_job.py:633} INFO - Processing file /home/airflow/.local/lib/python3.6/site-packages/airflow/example_dags/example_task_group_decorator.py for tasks to queue
[2023-11-01 17:58:45,670] {logging_mixin.py:104} INFO - [2023-11-01 17:58:45,670] {dagbag.py:496} INFO - Filling up the DagBag from /home/airflow/.local/lib/python3.6/site-packages/airflow/example_dags/example_task_group_decorator.py
[2023-11-01 17:58:45,685] {scheduler_job.py:643} INFO - DAG(s) dict_keys(['example_task_group_decorator']) retrieved from /home/airflow/.local/lib/python3.6/site-packages/airflow/example_dags/example_task_group_decorator.py
[2023-11-01 17:58:45,784] {logging_mixin.py:104} INFO - [2023-11-01 17:58:45,784] {dag.py:1833} INFO - Sync 1 DAGs
[2023-11-01 17:58:45,791] {logging_mixin.py:104} INFO - [2023-11-01 17:58:45,791] {dag.py:2306} INFO - Setting next_dagrun for example_task_group_decorator to 2023-10-30 00:00:00+00:00
[2023-11-01 17:58:45,797] {scheduler_job.py:190} INFO - Processing /home/airflow/.local/lib/python3.6/site-packages/airflow/example_dags/example_task_group_decorator.py took 0.130 seconds
[2023-11-01 17:59:16,618] {scheduler_job.py:182} INFO - Started process (PID=3116) to work on /home/airflow/.local/lib/python3.6/site-packages/airflow/example_dags/example_task_group_decorator.py
[2023-11-01 17:59:16,620] {scheduler_job.py:633} INFO - Processing file /home/airflow/.local/lib/python3.6/site-packages/airflow/example_dags/example_task_group_decorator.py for tasks to queue
[2023-11-01 17:59:16,620] {logging_mixin.py:104} INFO - [2023-11-01 17:59:16,620] {dagbag.py:496} INFO - Filling up the DagBag from /home/airflow/.local/lib/python3.6/site-packages/airflow/example_dags/example_task_group_decorator.py
[2023-11-01 17:59:16,630] {scheduler_job.py:643} INFO - DAG(s) dict_keys(['example_task_group_decorator']) retrieved from /home/airflow/.local/lib/python3.6/site-packages/airflow/example_dags/example_task_group_decorator.py
[2023-11-01 17:59:16,722] {logging_mixin.py:104} INFO - [2023-11-01 17:59:16,722] {dag.py:1833} INFO - Sync 1 DAGs
[2023-11-01 17:59:16,728] {logging_mixin.py:104} INFO - [2023-11-01 17:59:16,728] {dag.py:2306} INFO - Setting next_dagrun for example_task_group_decorator to 2023-10-30 00:00:00+00:00
[2023-11-01 17:59:16,735] {scheduler_job.py:190} INFO - Processing /home/airflow/.local/lib/python3.6/site-packages/airflow/example_dags/example_task_group_decorator.py took 0.118 seconds
[2023-11-01 17:59:47,528] {scheduler_job.py:182} INFO - Started process (PID=3189) to work on /home/airflow/.local/lib/python3.6/site-packages/airflow/example_dags/example_task_group_decorator.py
[2023-11-01 17:59:47,528] {scheduler_job.py:633} INFO - Processing file /home/airflow/.local/lib/python3.6/site-packages/airflow/example_dags/example_task_group_decorator.py for tasks to queue
[2023-11-01 17:59:47,528] {logging_mixin.py:104} INFO - [2023-11-01 17:59:47,528] {dagbag.py:496} INFO - Filling up the DagBag from /home/airflow/.local/lib/python3.6/site-packages/airflow/example_dags/example_task_group_decorator.py
[2023-11-01 17:59:47,538] {scheduler_job.py:643} INFO - DAG(s) dict_keys(['example_task_group_decorator']) retrieved from /home/airflow/.local/lib/python3.6/site-packages/airflow/example_dags/example_task_group_decorator.py
[2023-11-01 17:59:47,624] {logging_mixin.py:104} INFO - [2023-11-01 17:59:47,624] {dag.py:1833} INFO - Sync 1 DAGs
[2023-11-01 17:59:47,629] {logging_mixin.py:104} INFO - [2023-11-01 17:59:47,629] {dag.py:2306} INFO - Setting next_dagrun for example_task_group_decorator to 2023-10-30 00:00:00+00:00
[2023-11-01 17:59:47,636] {scheduler_job.py:190} INFO - Processing /home/airflow/.local/lib/python3.6/site-packages/airflow/example_dags/example_task_group_decorator.py took 0.109 seconds
[2023-11-01 18:00:18,347] {scheduler_job.py:182} INFO - Started process (PID=3270) to work on /home/airflow/.local/lib/python3.6/site-packages/airflow/example_dags/example_task_group_decorator.py
[2023-11-01 18:00:18,348] {scheduler_job.py:633} INFO - Processing file /home/airflow/.local/lib/python3.6/site-packages/airflow/example_dags/example_task_group_decorator.py for tasks to queue
[2023-11-01 18:00:18,348] {logging_mixin.py:104} INFO - [2023-11-01 18:00:18,348] {dagbag.py:496} INFO - Filling up the DagBag from /home/airflow/.local/lib/python3.6/site-packages/airflow/example_dags/example_task_group_decorator.py
[2023-11-01 18:00:18,357] {scheduler_job.py:643} INFO - DAG(s) dict_keys(['example_task_group_decorator']) retrieved from /home/airflow/.local/lib/python3.6/site-packages/airflow/example_dags/example_task_group_decorator.py
[2023-11-01 18:00:18,444] {logging_mixin.py:104} INFO - [2023-11-01 18:00:18,444] {dag.py:1833} INFO - Sync 1 DAGs
[2023-11-01 18:00:18,450] {logging_mixin.py:104} INFO - [2023-11-01 18:00:18,450] {dag.py:2306} INFO - Setting next_dagrun for example_task_group_decorator to 2023-10-30 00:00:00+00:00
[2023-11-01 18:00:18,455] {scheduler_job.py:190} INFO - Processing /home/airflow/.local/lib/python3.6/site-packages/airflow/example_dags/example_task_group_decorator.py took 0.109 seconds
