[2023-11-01 17:42:15,602] {scheduler_job.py:182} INFO - Started process (PID=117) to work on /home/airflow/.local/lib/python3.6/site-packages/airflow/example_dags/example_latest_only.py
[2023-11-01 17:42:15,602] {scheduler_job.py:633} INFO - Processing file /home/airflow/.local/lib/python3.6/site-packages/airflow/example_dags/example_latest_only.py for tasks to queue
[2023-11-01 17:42:15,603] {logging_mixin.py:104} INFO - [2023-11-01 17:42:15,602] {dagbag.py:496} INFO - Filling up the DagBag from /home/airflow/.local/lib/python3.6/site-packages/airflow/example_dags/example_latest_only.py
[2023-11-01 17:42:15,608] {scheduler_job.py:643} INFO - DAG(s) dict_keys(['latest_only']) retrieved from /home/airflow/.local/lib/python3.6/site-packages/airflow/example_dags/example_latest_only.py
[2023-11-01 17:42:17,013] {logging_mixin.py:104} INFO - [2023-11-01 17:42:17,013] {dag.py:1833} INFO - Sync 1 DAGs
[2023-11-01 17:42:17,019] {logging_mixin.py:104} INFO - [2023-11-01 17:42:17,019] {dag.py:1852} INFO - Creating ORM DAG for latest_only
[2023-11-01 17:42:17,022] {logging_mixin.py:104} INFO - [2023-11-01 17:42:17,022] {dag.py:2306} INFO - Setting next_dagrun for latest_only to 2023-10-30 00:00:00+00:00
[2023-11-01 17:42:17,029] {scheduler_job.py:190} INFO - Processing /home/airflow/.local/lib/python3.6/site-packages/airflow/example_dags/example_latest_only.py took 1.429 seconds
[2023-11-01 17:42:47,737] {scheduler_job.py:182} INFO - Started process (PID=698) to work on /home/airflow/.local/lib/python3.6/site-packages/airflow/example_dags/example_latest_only.py
[2023-11-01 17:42:47,737] {scheduler_job.py:633} INFO - Processing file /home/airflow/.local/lib/python3.6/site-packages/airflow/example_dags/example_latest_only.py for tasks to queue
[2023-11-01 17:42:47,737] {logging_mixin.py:104} INFO - [2023-11-01 17:42:47,737] {dagbag.py:496} INFO - Filling up the DagBag from /home/airflow/.local/lib/python3.6/site-packages/airflow/example_dags/example_latest_only.py
[2023-11-01 17:42:47,743] {scheduler_job.py:643} INFO - DAG(s) dict_keys(['latest_only']) retrieved from /home/airflow/.local/lib/python3.6/site-packages/airflow/example_dags/example_latest_only.py
[2023-11-01 17:42:47,753] {logging_mixin.py:104} INFO - [2023-11-01 17:42:47,753] {dag.py:1833} INFO - Sync 1 DAGs
[2023-11-01 17:42:47,760] {logging_mixin.py:104} INFO - [2023-11-01 17:42:47,759] {dag.py:2306} INFO - Setting next_dagrun for latest_only to 2023-10-30 00:00:00+00:00
[2023-11-01 17:42:47,766] {scheduler_job.py:190} INFO - Processing /home/airflow/.local/lib/python3.6/site-packages/airflow/example_dags/example_latest_only.py took 0.031 seconds
[2023-11-01 17:43:18,388] {scheduler_job.py:182} INFO - Started process (PID=759) to work on /home/airflow/.local/lib/python3.6/site-packages/airflow/example_dags/example_latest_only.py
[2023-11-01 17:43:18,388] {scheduler_job.py:633} INFO - Processing file /home/airflow/.local/lib/python3.6/site-packages/airflow/example_dags/example_latest_only.py for tasks to queue
[2023-11-01 17:43:18,388] {logging_mixin.py:104} INFO - [2023-11-01 17:43:18,388] {dagbag.py:496} INFO - Filling up the DagBag from /home/airflow/.local/lib/python3.6/site-packages/airflow/example_dags/example_latest_only.py
[2023-11-01 17:43:18,393] {scheduler_job.py:643} INFO - DAG(s) dict_keys(['latest_only']) retrieved from /home/airflow/.local/lib/python3.6/site-packages/airflow/example_dags/example_latest_only.py
[2023-11-01 17:43:18,403] {logging_mixin.py:104} INFO - [2023-11-01 17:43:18,403] {dag.py:1833} INFO - Sync 1 DAGs
[2023-11-01 17:43:18,409] {logging_mixin.py:104} INFO - [2023-11-01 17:43:18,409] {dag.py:2306} INFO - Setting next_dagrun for latest_only to 2023-10-30 00:00:00+00:00
[2023-11-01 17:43:18,415] {scheduler_job.py:190} INFO - Processing /home/airflow/.local/lib/python3.6/site-packages/airflow/example_dags/example_latest_only.py took 0.028 seconds
[2023-11-01 17:43:49,024] {scheduler_job.py:182} INFO - Started process (PID=820) to work on /home/airflow/.local/lib/python3.6/site-packages/airflow/example_dags/example_latest_only.py
[2023-11-01 17:43:49,025] {scheduler_job.py:633} INFO - Processing file /home/airflow/.local/lib/python3.6/site-packages/airflow/example_dags/example_latest_only.py for tasks to queue
[2023-11-01 17:43:49,025] {logging_mixin.py:104} INFO - [2023-11-01 17:43:49,025] {dagbag.py:496} INFO - Filling up the DagBag from /home/airflow/.local/lib/python3.6/site-packages/airflow/example_dags/example_latest_only.py
[2023-11-01 17:43:49,030] {scheduler_job.py:643} INFO - DAG(s) dict_keys(['latest_only']) retrieved from /home/airflow/.local/lib/python3.6/site-packages/airflow/example_dags/example_latest_only.py
[2023-11-01 17:43:49,047] {logging_mixin.py:104} INFO - [2023-11-01 17:43:49,047] {dag.py:1833} INFO - Sync 1 DAGs
[2023-11-01 17:43:49,060] {logging_mixin.py:104} INFO - [2023-11-01 17:43:49,060] {dag.py:2306} INFO - Setting next_dagrun for latest_only to 2023-10-30 00:00:00+00:00
[2023-11-01 17:43:49,075] {scheduler_job.py:190} INFO - Processing /home/airflow/.local/lib/python3.6/site-packages/airflow/example_dags/example_latest_only.py took 0.052 seconds
[2023-11-01 17:44:19,855] {scheduler_job.py:182} INFO - Started process (PID=876) to work on /home/airflow/.local/lib/python3.6/site-packages/airflow/example_dags/example_latest_only.py
[2023-11-01 17:44:19,855] {scheduler_job.py:633} INFO - Processing file /home/airflow/.local/lib/python3.6/site-packages/airflow/example_dags/example_latest_only.py for tasks to queue
[2023-11-01 17:44:19,856] {logging_mixin.py:104} INFO - [2023-11-01 17:44:19,856] {dagbag.py:496} INFO - Filling up the DagBag from /home/airflow/.local/lib/python3.6/site-packages/airflow/example_dags/example_latest_only.py
[2023-11-01 17:44:19,860] {scheduler_job.py:643} INFO - DAG(s) dict_keys(['latest_only']) retrieved from /home/airflow/.local/lib/python3.6/site-packages/airflow/example_dags/example_latest_only.py
[2023-11-01 17:44:19,870] {logging_mixin.py:104} INFO - [2023-11-01 17:44:19,870] {dag.py:1833} INFO - Sync 1 DAGs
[2023-11-01 17:44:19,877] {logging_mixin.py:104} INFO - [2023-11-01 17:44:19,877] {dag.py:2306} INFO - Setting next_dagrun for latest_only to 2023-10-30 00:00:00+00:00
[2023-11-01 17:44:19,881] {scheduler_job.py:190} INFO - Processing /home/airflow/.local/lib/python3.6/site-packages/airflow/example_dags/example_latest_only.py took 0.027 seconds
[2023-11-01 17:44:50,542] {scheduler_job.py:182} INFO - Started process (PID=931) to work on /home/airflow/.local/lib/python3.6/site-packages/airflow/example_dags/example_latest_only.py
[2023-11-01 17:44:50,543] {scheduler_job.py:633} INFO - Processing file /home/airflow/.local/lib/python3.6/site-packages/airflow/example_dags/example_latest_only.py for tasks to queue
[2023-11-01 17:44:50,543] {logging_mixin.py:104} INFO - [2023-11-01 17:44:50,543] {dagbag.py:496} INFO - Filling up the DagBag from /home/airflow/.local/lib/python3.6/site-packages/airflow/example_dags/example_latest_only.py
[2023-11-01 17:44:50,547] {scheduler_job.py:643} INFO - DAG(s) dict_keys(['latest_only']) retrieved from /home/airflow/.local/lib/python3.6/site-packages/airflow/example_dags/example_latest_only.py
[2023-11-01 17:44:50,557] {logging_mixin.py:104} INFO - [2023-11-01 17:44:50,557] {dag.py:1833} INFO - Sync 1 DAGs
[2023-11-01 17:44:50,564] {logging_mixin.py:104} INFO - [2023-11-01 17:44:50,564] {dag.py:2306} INFO - Setting next_dagrun for latest_only to 2023-10-30 00:00:00+00:00
[2023-11-01 17:44:50,568] {scheduler_job.py:190} INFO - Processing /home/airflow/.local/lib/python3.6/site-packages/airflow/example_dags/example_latest_only.py took 0.027 seconds
[2023-11-01 17:45:21,172] {scheduler_job.py:182} INFO - Started process (PID=992) to work on /home/airflow/.local/lib/python3.6/site-packages/airflow/example_dags/example_latest_only.py
[2023-11-01 17:45:21,172] {scheduler_job.py:633} INFO - Processing file /home/airflow/.local/lib/python3.6/site-packages/airflow/example_dags/example_latest_only.py for tasks to queue
[2023-11-01 17:45:21,172] {logging_mixin.py:104} INFO - [2023-11-01 17:45:21,172] {dagbag.py:496} INFO - Filling up the DagBag from /home/airflow/.local/lib/python3.6/site-packages/airflow/example_dags/example_latest_only.py
[2023-11-01 17:45:21,177] {scheduler_job.py:643} INFO - DAG(s) dict_keys(['latest_only']) retrieved from /home/airflow/.local/lib/python3.6/site-packages/airflow/example_dags/example_latest_only.py
[2023-11-01 17:45:21,186] {logging_mixin.py:104} INFO - [2023-11-01 17:45:21,186] {dag.py:1833} INFO - Sync 1 DAGs
[2023-11-01 17:45:21,193] {logging_mixin.py:104} INFO - [2023-11-01 17:45:21,193] {dag.py:2306} INFO - Setting next_dagrun for latest_only to 2023-10-30 00:00:00+00:00
[2023-11-01 17:45:21,208] {scheduler_job.py:190} INFO - Processing /home/airflow/.local/lib/python3.6/site-packages/airflow/example_dags/example_latest_only.py took 0.038 seconds
[2023-11-01 17:45:51,917] {scheduler_job.py:182} INFO - Started process (PID=1053) to work on /home/airflow/.local/lib/python3.6/site-packages/airflow/example_dags/example_latest_only.py
[2023-11-01 17:45:51,917] {scheduler_job.py:633} INFO - Processing file /home/airflow/.local/lib/python3.6/site-packages/airflow/example_dags/example_latest_only.py for tasks to queue
[2023-11-01 17:45:51,918] {logging_mixin.py:104} INFO - [2023-11-01 17:45:51,918] {dagbag.py:496} INFO - Filling up the DagBag from /home/airflow/.local/lib/python3.6/site-packages/airflow/example_dags/example_latest_only.py
[2023-11-01 17:45:51,922] {scheduler_job.py:643} INFO - DAG(s) dict_keys(['latest_only']) retrieved from /home/airflow/.local/lib/python3.6/site-packages/airflow/example_dags/example_latest_only.py
[2023-11-01 17:45:51,933] {logging_mixin.py:104} INFO - [2023-11-01 17:45:51,933] {dag.py:1833} INFO - Sync 1 DAGs
[2023-11-01 17:45:51,939] {logging_mixin.py:104} INFO - [2023-11-01 17:45:51,939] {dag.py:2306} INFO - Setting next_dagrun for latest_only to 2023-10-30 00:00:00+00:00
[2023-11-01 17:45:51,955] {scheduler_job.py:190} INFO - Processing /home/airflow/.local/lib/python3.6/site-packages/airflow/example_dags/example_latest_only.py took 0.040 seconds
[2023-11-01 17:46:22,631] {scheduler_job.py:182} INFO - Started process (PID=1114) to work on /home/airflow/.local/lib/python3.6/site-packages/airflow/example_dags/example_latest_only.py
[2023-11-01 17:46:22,631] {scheduler_job.py:633} INFO - Processing file /home/airflow/.local/lib/python3.6/site-packages/airflow/example_dags/example_latest_only.py for tasks to queue
[2023-11-01 17:46:22,632] {logging_mixin.py:104} INFO - [2023-11-01 17:46:22,632] {dagbag.py:496} INFO - Filling up the DagBag from /home/airflow/.local/lib/python3.6/site-packages/airflow/example_dags/example_latest_only.py
[2023-11-01 17:46:22,639] {scheduler_job.py:643} INFO - DAG(s) dict_keys(['latest_only']) retrieved from /home/airflow/.local/lib/python3.6/site-packages/airflow/example_dags/example_latest_only.py
[2023-11-01 17:46:22,654] {logging_mixin.py:104} INFO - [2023-11-01 17:46:22,654] {dag.py:1833} INFO - Sync 1 DAGs
[2023-11-01 17:46:22,667] {logging_mixin.py:104} INFO - [2023-11-01 17:46:22,667] {dag.py:2306} INFO - Setting next_dagrun for latest_only to 2023-10-30 00:00:00+00:00
[2023-11-01 17:46:22,683] {scheduler_job.py:190} INFO - Processing /home/airflow/.local/lib/python3.6/site-packages/airflow/example_dags/example_latest_only.py took 0.054 seconds
[2023-11-01 17:46:53,384] {scheduler_job.py:182} INFO - Started process (PID=1165) to work on /home/airflow/.local/lib/python3.6/site-packages/airflow/example_dags/example_latest_only.py
[2023-11-01 17:46:53,385] {scheduler_job.py:633} INFO - Processing file /home/airflow/.local/lib/python3.6/site-packages/airflow/example_dags/example_latest_only.py for tasks to queue
[2023-11-01 17:46:53,385] {logging_mixin.py:104} INFO - [2023-11-01 17:46:53,385] {dagbag.py:496} INFO - Filling up the DagBag from /home/airflow/.local/lib/python3.6/site-packages/airflow/example_dags/example_latest_only.py
[2023-11-01 17:46:53,390] {scheduler_job.py:643} INFO - DAG(s) dict_keys(['latest_only']) retrieved from /home/airflow/.local/lib/python3.6/site-packages/airflow/example_dags/example_latest_only.py
[2023-11-01 17:46:53,401] {logging_mixin.py:104} INFO - [2023-11-01 17:46:53,401] {dag.py:1833} INFO - Sync 1 DAGs
[2023-11-01 17:46:53,407] {logging_mixin.py:104} INFO - [2023-11-01 17:46:53,407] {dag.py:2306} INFO - Setting next_dagrun for latest_only to 2023-10-30 00:00:00+00:00
[2023-11-01 17:46:53,412] {scheduler_job.py:190} INFO - Processing /home/airflow/.local/lib/python3.6/site-packages/airflow/example_dags/example_latest_only.py took 0.029 seconds
[2023-11-01 17:47:23,972] {scheduler_job.py:182} INFO - Started process (PID=1245) to work on /home/airflow/.local/lib/python3.6/site-packages/airflow/example_dags/example_latest_only.py
[2023-11-01 17:47:23,972] {scheduler_job.py:633} INFO - Processing file /home/airflow/.local/lib/python3.6/site-packages/airflow/example_dags/example_latest_only.py for tasks to queue
[2023-11-01 17:47:23,973] {logging_mixin.py:104} INFO - [2023-11-01 17:47:23,973] {dagbag.py:496} INFO - Filling up the DagBag from /home/airflow/.local/lib/python3.6/site-packages/airflow/example_dags/example_latest_only.py
[2023-11-01 17:47:23,977] {scheduler_job.py:643} INFO - DAG(s) dict_keys(['latest_only']) retrieved from /home/airflow/.local/lib/python3.6/site-packages/airflow/example_dags/example_latest_only.py
[2023-11-01 17:47:23,987] {logging_mixin.py:104} INFO - [2023-11-01 17:47:23,987] {dag.py:1833} INFO - Sync 1 DAGs
[2023-11-01 17:47:23,993] {logging_mixin.py:104} INFO - [2023-11-01 17:47:23,993] {dag.py:2306} INFO - Setting next_dagrun for latest_only to 2023-10-30 00:00:00+00:00
[2023-11-01 17:47:24,008] {scheduler_job.py:190} INFO - Processing /home/airflow/.local/lib/python3.6/site-packages/airflow/example_dags/example_latest_only.py took 0.037 seconds
[2023-11-01 17:47:54,683] {scheduler_job.py:182} INFO - Started process (PID=1325) to work on /home/airflow/.local/lib/python3.6/site-packages/airflow/example_dags/example_latest_only.py
[2023-11-01 17:47:54,683] {scheduler_job.py:633} INFO - Processing file /home/airflow/.local/lib/python3.6/site-packages/airflow/example_dags/example_latest_only.py for tasks to queue
[2023-11-01 17:47:54,684] {logging_mixin.py:104} INFO - [2023-11-01 17:47:54,684] {dagbag.py:496} INFO - Filling up the DagBag from /home/airflow/.local/lib/python3.6/site-packages/airflow/example_dags/example_latest_only.py
[2023-11-01 17:47:54,688] {scheduler_job.py:643} INFO - DAG(s) dict_keys(['latest_only']) retrieved from /home/airflow/.local/lib/python3.6/site-packages/airflow/example_dags/example_latest_only.py
[2023-11-01 17:47:54,698] {logging_mixin.py:104} INFO - [2023-11-01 17:47:54,698] {dag.py:1833} INFO - Sync 1 DAGs
[2023-11-01 17:47:54,705] {logging_mixin.py:104} INFO - [2023-11-01 17:47:54,705] {dag.py:2306} INFO - Setting next_dagrun for latest_only to 2023-10-30 00:00:00+00:00
[2023-11-01 17:47:54,720] {scheduler_job.py:190} INFO - Processing /home/airflow/.local/lib/python3.6/site-packages/airflow/example_dags/example_latest_only.py took 0.038 seconds
[2023-11-01 17:48:25,392] {scheduler_job.py:182} INFO - Started process (PID=1406) to work on /home/airflow/.local/lib/python3.6/site-packages/airflow/example_dags/example_latest_only.py
[2023-11-01 17:48:25,392] {scheduler_job.py:633} INFO - Processing file /home/airflow/.local/lib/python3.6/site-packages/airflow/example_dags/example_latest_only.py for tasks to queue
[2023-11-01 17:48:25,393] {logging_mixin.py:104} INFO - [2023-11-01 17:48:25,393] {dagbag.py:496} INFO - Filling up the DagBag from /home/airflow/.local/lib/python3.6/site-packages/airflow/example_dags/example_latest_only.py
[2023-11-01 17:48:25,397] {scheduler_job.py:643} INFO - DAG(s) dict_keys(['latest_only']) retrieved from /home/airflow/.local/lib/python3.6/site-packages/airflow/example_dags/example_latest_only.py
[2023-11-01 17:48:25,407] {logging_mixin.py:104} INFO - [2023-11-01 17:48:25,407] {dag.py:1833} INFO - Sync 1 DAGs
[2023-11-01 17:48:25,413] {logging_mixin.py:104} INFO - [2023-11-01 17:48:25,413] {dag.py:2306} INFO - Setting next_dagrun for latest_only to 2023-10-30 00:00:00+00:00
[2023-11-01 17:48:25,417] {scheduler_job.py:190} INFO - Processing /home/airflow/.local/lib/python3.6/site-packages/airflow/example_dags/example_latest_only.py took 0.027 seconds
[2023-11-01 17:48:56,096] {scheduler_job.py:182} INFO - Started process (PID=1484) to work on /home/airflow/.local/lib/python3.6/site-packages/airflow/example_dags/example_latest_only.py
[2023-11-01 17:48:56,096] {scheduler_job.py:633} INFO - Processing file /home/airflow/.local/lib/python3.6/site-packages/airflow/example_dags/example_latest_only.py for tasks to queue
[2023-11-01 17:48:56,096] {logging_mixin.py:104} INFO - [2023-11-01 17:48:56,096] {dagbag.py:496} INFO - Filling up the DagBag from /home/airflow/.local/lib/python3.6/site-packages/airflow/example_dags/example_latest_only.py
[2023-11-01 17:48:56,101] {scheduler_job.py:643} INFO - DAG(s) dict_keys(['latest_only']) retrieved from /home/airflow/.local/lib/python3.6/site-packages/airflow/example_dags/example_latest_only.py
[2023-11-01 17:48:56,112] {logging_mixin.py:104} INFO - [2023-11-01 17:48:56,112] {dag.py:1833} INFO - Sync 1 DAGs
[2023-11-01 17:48:56,119] {logging_mixin.py:104} INFO - [2023-11-01 17:48:56,119] {dag.py:2306} INFO - Setting next_dagrun for latest_only to 2023-10-30 00:00:00+00:00
[2023-11-01 17:48:56,137] {scheduler_job.py:190} INFO - Processing /home/airflow/.local/lib/python3.6/site-packages/airflow/example_dags/example_latest_only.py took 0.042 seconds
[2023-11-01 17:49:26,740] {scheduler_job.py:182} INFO - Started process (PID=1557) to work on /home/airflow/.local/lib/python3.6/site-packages/airflow/example_dags/example_latest_only.py
[2023-11-01 17:49:26,741] {scheduler_job.py:633} INFO - Processing file /home/airflow/.local/lib/python3.6/site-packages/airflow/example_dags/example_latest_only.py for tasks to queue
[2023-11-01 17:49:26,741] {logging_mixin.py:104} INFO - [2023-11-01 17:49:26,741] {dagbag.py:496} INFO - Filling up the DagBag from /home/airflow/.local/lib/python3.6/site-packages/airflow/example_dags/example_latest_only.py
[2023-11-01 17:49:26,745] {scheduler_job.py:643} INFO - DAG(s) dict_keys(['latest_only']) retrieved from /home/airflow/.local/lib/python3.6/site-packages/airflow/example_dags/example_latest_only.py
[2023-11-01 17:49:26,754] {logging_mixin.py:104} INFO - [2023-11-01 17:49:26,754] {dag.py:1833} INFO - Sync 1 DAGs
[2023-11-01 17:49:26,761] {logging_mixin.py:104} INFO - [2023-11-01 17:49:26,761] {dag.py:2306} INFO - Setting next_dagrun for latest_only to 2023-10-30 00:00:00+00:00
[2023-11-01 17:49:26,776] {scheduler_job.py:190} INFO - Processing /home/airflow/.local/lib/python3.6/site-packages/airflow/example_dags/example_latest_only.py took 0.037 seconds
[2023-11-01 17:49:57,518] {scheduler_job.py:182} INFO - Started process (PID=1638) to work on /home/airflow/.local/lib/python3.6/site-packages/airflow/example_dags/example_latest_only.py
[2023-11-01 17:49:57,518] {scheduler_job.py:633} INFO - Processing file /home/airflow/.local/lib/python3.6/site-packages/airflow/example_dags/example_latest_only.py for tasks to queue
[2023-11-01 17:49:57,518] {logging_mixin.py:104} INFO - [2023-11-01 17:49:57,518] {dagbag.py:496} INFO - Filling up the DagBag from /home/airflow/.local/lib/python3.6/site-packages/airflow/example_dags/example_latest_only.py
[2023-11-01 17:49:57,522] {scheduler_job.py:643} INFO - DAG(s) dict_keys(['latest_only']) retrieved from /home/airflow/.local/lib/python3.6/site-packages/airflow/example_dags/example_latest_only.py
[2023-11-01 17:49:57,533] {logging_mixin.py:104} INFO - [2023-11-01 17:49:57,532] {dag.py:1833} INFO - Sync 1 DAGs
[2023-11-01 17:49:57,539] {logging_mixin.py:104} INFO - [2023-11-01 17:49:57,539] {dag.py:2306} INFO - Setting next_dagrun for latest_only to 2023-10-30 00:00:00+00:00
[2023-11-01 17:49:57,545] {scheduler_job.py:190} INFO - Processing /home/airflow/.local/lib/python3.6/site-packages/airflow/example_dags/example_latest_only.py took 0.028 seconds
[2023-11-01 17:50:28,150] {scheduler_job.py:182} INFO - Started process (PID=1718) to work on /home/airflow/.local/lib/python3.6/site-packages/airflow/example_dags/example_latest_only.py
[2023-11-01 17:50:28,150] {scheduler_job.py:633} INFO - Processing file /home/airflow/.local/lib/python3.6/site-packages/airflow/example_dags/example_latest_only.py for tasks to queue
[2023-11-01 17:50:28,150] {logging_mixin.py:104} INFO - [2023-11-01 17:50:28,150] {dagbag.py:496} INFO - Filling up the DagBag from /home/airflow/.local/lib/python3.6/site-packages/airflow/example_dags/example_latest_only.py
[2023-11-01 17:50:28,154] {scheduler_job.py:643} INFO - DAG(s) dict_keys(['latest_only']) retrieved from /home/airflow/.local/lib/python3.6/site-packages/airflow/example_dags/example_latest_only.py
[2023-11-01 17:50:28,166] {logging_mixin.py:104} INFO - [2023-11-01 17:50:28,166] {dag.py:1833} INFO - Sync 1 DAGs
[2023-11-01 17:50:28,172] {logging_mixin.py:104} INFO - [2023-11-01 17:50:28,172] {dag.py:2306} INFO - Setting next_dagrun for latest_only to 2023-10-30 00:00:00+00:00
[2023-11-01 17:50:28,189] {scheduler_job.py:190} INFO - Processing /home/airflow/.local/lib/python3.6/site-packages/airflow/example_dags/example_latest_only.py took 0.040 seconds
[2023-11-01 17:50:58,870] {scheduler_job.py:182} INFO - Started process (PID=1799) to work on /home/airflow/.local/lib/python3.6/site-packages/airflow/example_dags/example_latest_only.py
[2023-11-01 17:50:58,870] {scheduler_job.py:633} INFO - Processing file /home/airflow/.local/lib/python3.6/site-packages/airflow/example_dags/example_latest_only.py for tasks to queue
[2023-11-01 17:50:58,870] {logging_mixin.py:104} INFO - [2023-11-01 17:50:58,870] {dagbag.py:496} INFO - Filling up the DagBag from /home/airflow/.local/lib/python3.6/site-packages/airflow/example_dags/example_latest_only.py
[2023-11-01 17:50:58,874] {scheduler_job.py:643} INFO - DAG(s) dict_keys(['latest_only']) retrieved from /home/airflow/.local/lib/python3.6/site-packages/airflow/example_dags/example_latest_only.py
[2023-11-01 17:50:58,884] {logging_mixin.py:104} INFO - [2023-11-01 17:50:58,884] {dag.py:1833} INFO - Sync 1 DAGs
[2023-11-01 17:50:58,890] {logging_mixin.py:104} INFO - [2023-11-01 17:50:58,890] {dag.py:2306} INFO - Setting next_dagrun for latest_only to 2023-10-30 00:00:00+00:00
[2023-11-01 17:50:58,907] {scheduler_job.py:190} INFO - Processing /home/airflow/.local/lib/python3.6/site-packages/airflow/example_dags/example_latest_only.py took 0.038 seconds
[2023-11-01 17:51:29,632] {scheduler_job.py:182} INFO - Started process (PID=1870) to work on /home/airflow/.local/lib/python3.6/site-packages/airflow/example_dags/example_latest_only.py
[2023-11-01 17:51:29,633] {scheduler_job.py:633} INFO - Processing file /home/airflow/.local/lib/python3.6/site-packages/airflow/example_dags/example_latest_only.py for tasks to queue
[2023-11-01 17:51:29,633] {logging_mixin.py:104} INFO - [2023-11-01 17:51:29,633] {dagbag.py:496} INFO - Filling up the DagBag from /home/airflow/.local/lib/python3.6/site-packages/airflow/example_dags/example_latest_only.py
[2023-11-01 17:51:29,641] {scheduler_job.py:643} INFO - DAG(s) dict_keys(['latest_only']) retrieved from /home/airflow/.local/lib/python3.6/site-packages/airflow/example_dags/example_latest_only.py
[2023-11-01 17:51:29,657] {logging_mixin.py:104} INFO - [2023-11-01 17:51:29,657] {dag.py:1833} INFO - Sync 1 DAGs
[2023-11-01 17:51:29,670] {logging_mixin.py:104} INFO - [2023-11-01 17:51:29,670] {dag.py:2306} INFO - Setting next_dagrun for latest_only to 2023-10-30 00:00:00+00:00
[2023-11-01 17:51:29,690] {scheduler_job.py:190} INFO - Processing /home/airflow/.local/lib/python3.6/site-packages/airflow/example_dags/example_latest_only.py took 0.061 seconds
[2023-11-01 17:51:59,802] {scheduler_job.py:182} INFO - Started process (PID=1951) to work on /home/airflow/.local/lib/python3.6/site-packages/airflow/example_dags/example_latest_only.py
[2023-11-01 17:51:59,803] {scheduler_job.py:633} INFO - Processing file /home/airflow/.local/lib/python3.6/site-packages/airflow/example_dags/example_latest_only.py for tasks to queue
[2023-11-01 17:51:59,803] {logging_mixin.py:104} INFO - [2023-11-01 17:51:59,803] {dagbag.py:496} INFO - Filling up the DagBag from /home/airflow/.local/lib/python3.6/site-packages/airflow/example_dags/example_latest_only.py
[2023-11-01 17:51:59,807] {scheduler_job.py:643} INFO - DAG(s) dict_keys(['latest_only']) retrieved from /home/airflow/.local/lib/python3.6/site-packages/airflow/example_dags/example_latest_only.py
[2023-11-01 17:51:59,818] {logging_mixin.py:104} INFO - [2023-11-01 17:51:59,818] {dag.py:1833} INFO - Sync 1 DAGs
[2023-11-01 17:51:59,825] {logging_mixin.py:104} INFO - [2023-11-01 17:51:59,825] {dag.py:2306} INFO - Setting next_dagrun for latest_only to 2023-10-30 00:00:00+00:00
[2023-11-01 17:51:59,830] {scheduler_job.py:190} INFO - Processing /home/airflow/.local/lib/python3.6/site-packages/airflow/example_dags/example_latest_only.py took 0.029 seconds
[2023-11-01 17:52:30,048] {scheduler_job.py:182} INFO - Started process (PID=2032) to work on /home/airflow/.local/lib/python3.6/site-packages/airflow/example_dags/example_latest_only.py
[2023-11-01 17:52:30,049] {scheduler_job.py:633} INFO - Processing file /home/airflow/.local/lib/python3.6/site-packages/airflow/example_dags/example_latest_only.py for tasks to queue
[2023-11-01 17:52:30,049] {logging_mixin.py:104} INFO - [2023-11-01 17:52:30,049] {dagbag.py:496} INFO - Filling up the DagBag from /home/airflow/.local/lib/python3.6/site-packages/airflow/example_dags/example_latest_only.py
[2023-11-01 17:52:30,054] {scheduler_job.py:643} INFO - DAG(s) dict_keys(['latest_only']) retrieved from /home/airflow/.local/lib/python3.6/site-packages/airflow/example_dags/example_latest_only.py
[2023-11-01 17:52:30,065] {logging_mixin.py:104} INFO - [2023-11-01 17:52:30,065] {dag.py:1833} INFO - Sync 1 DAGs
[2023-11-01 17:52:30,072] {logging_mixin.py:104} INFO - [2023-11-01 17:52:30,072] {dag.py:2306} INFO - Setting next_dagrun for latest_only to 2023-10-30 00:00:00+00:00
[2023-11-01 17:52:30,088] {scheduler_job.py:190} INFO - Processing /home/airflow/.local/lib/python3.6/site-packages/airflow/example_dags/example_latest_only.py took 0.041 seconds
[2023-11-01 17:53:00,230] {scheduler_job.py:182} INFO - Started process (PID=2112) to work on /home/airflow/.local/lib/python3.6/site-packages/airflow/example_dags/example_latest_only.py
[2023-11-01 17:53:00,230] {scheduler_job.py:633} INFO - Processing file /home/airflow/.local/lib/python3.6/site-packages/airflow/example_dags/example_latest_only.py for tasks to queue
[2023-11-01 17:53:00,230] {logging_mixin.py:104} INFO - [2023-11-01 17:53:00,230] {dagbag.py:496} INFO - Filling up the DagBag from /home/airflow/.local/lib/python3.6/site-packages/airflow/example_dags/example_latest_only.py
[2023-11-01 17:53:00,235] {scheduler_job.py:643} INFO - DAG(s) dict_keys(['latest_only']) retrieved from /home/airflow/.local/lib/python3.6/site-packages/airflow/example_dags/example_latest_only.py
[2023-11-01 17:53:00,248] {logging_mixin.py:104} INFO - [2023-11-01 17:53:00,248] {dag.py:1833} INFO - Sync 1 DAGs
[2023-11-01 17:53:00,257] {logging_mixin.py:104} INFO - [2023-11-01 17:53:00,257] {dag.py:2306} INFO - Setting next_dagrun for latest_only to 2023-10-30 00:00:00+00:00
[2023-11-01 17:53:00,263] {scheduler_job.py:190} INFO - Processing /home/airflow/.local/lib/python3.6/site-packages/airflow/example_dags/example_latest_only.py took 0.035 seconds
[2023-11-01 17:53:30,970] {scheduler_job.py:182} INFO - Started process (PID=2184) to work on /home/airflow/.local/lib/python3.6/site-packages/airflow/example_dags/example_latest_only.py
[2023-11-01 17:53:30,970] {scheduler_job.py:633} INFO - Processing file /home/airflow/.local/lib/python3.6/site-packages/airflow/example_dags/example_latest_only.py for tasks to queue
[2023-11-01 17:53:30,970] {logging_mixin.py:104} INFO - [2023-11-01 17:53:30,970] {dagbag.py:496} INFO - Filling up the DagBag from /home/airflow/.local/lib/python3.6/site-packages/airflow/example_dags/example_latest_only.py
[2023-11-01 17:53:30,975] {scheduler_job.py:643} INFO - DAG(s) dict_keys(['latest_only']) retrieved from /home/airflow/.local/lib/python3.6/site-packages/airflow/example_dags/example_latest_only.py
[2023-11-01 17:53:30,986] {logging_mixin.py:104} INFO - [2023-11-01 17:53:30,986] {dag.py:1833} INFO - Sync 1 DAGs
[2023-11-01 17:53:30,995] {logging_mixin.py:104} INFO - [2023-11-01 17:53:30,995] {dag.py:2306} INFO - Setting next_dagrun for latest_only to 2023-10-30 00:00:00+00:00
[2023-11-01 17:53:31,011] {scheduler_job.py:190} INFO - Processing /home/airflow/.local/lib/python3.6/site-packages/airflow/example_dags/example_latest_only.py took 0.042 seconds
[2023-11-01 17:54:01,755] {scheduler_job.py:182} INFO - Started process (PID=2265) to work on /home/airflow/.local/lib/python3.6/site-packages/airflow/example_dags/example_latest_only.py
[2023-11-01 17:54:01,756] {scheduler_job.py:633} INFO - Processing file /home/airflow/.local/lib/python3.6/site-packages/airflow/example_dags/example_latest_only.py for tasks to queue
[2023-11-01 17:54:01,756] {logging_mixin.py:104} INFO - [2023-11-01 17:54:01,756] {dagbag.py:496} INFO - Filling up the DagBag from /home/airflow/.local/lib/python3.6/site-packages/airflow/example_dags/example_latest_only.py
[2023-11-01 17:54:01,761] {scheduler_job.py:643} INFO - DAG(s) dict_keys(['latest_only']) retrieved from /home/airflow/.local/lib/python3.6/site-packages/airflow/example_dags/example_latest_only.py
[2023-11-01 17:54:01,771] {logging_mixin.py:104} INFO - [2023-11-01 17:54:01,771] {dag.py:1833} INFO - Sync 1 DAGs
[2023-11-01 17:54:01,781] {logging_mixin.py:104} INFO - [2023-11-01 17:54:01,781] {dag.py:2306} INFO - Setting next_dagrun for latest_only to 2023-10-30 00:00:00+00:00
[2023-11-01 17:54:01,787] {scheduler_job.py:190} INFO - Processing /home/airflow/.local/lib/python3.6/site-packages/airflow/example_dags/example_latest_only.py took 0.033 seconds
[2023-11-01 17:54:31,829] {scheduler_job.py:182} INFO - Started process (PID=2367) to work on /home/airflow/.local/lib/python3.6/site-packages/airflow/example_dags/example_latest_only.py
[2023-11-01 17:54:31,830] {scheduler_job.py:633} INFO - Processing file /home/airflow/.local/lib/python3.6/site-packages/airflow/example_dags/example_latest_only.py for tasks to queue
[2023-11-01 17:54:31,831] {logging_mixin.py:104} INFO - [2023-11-01 17:54:31,831] {dagbag.py:496} INFO - Filling up the DagBag from /home/airflow/.local/lib/python3.6/site-packages/airflow/example_dags/example_latest_only.py
[2023-11-01 17:54:31,835] {scheduler_job.py:643} INFO - DAG(s) dict_keys(['latest_only']) retrieved from /home/airflow/.local/lib/python3.6/site-packages/airflow/example_dags/example_latest_only.py
[2023-11-01 17:54:31,847] {logging_mixin.py:104} INFO - [2023-11-01 17:54:31,847] {dag.py:1833} INFO - Sync 1 DAGs
[2023-11-01 17:54:31,854] {logging_mixin.py:104} INFO - [2023-11-01 17:54:31,854] {dag.py:2306} INFO - Setting next_dagrun for latest_only to 2023-10-30 00:00:00+00:00
[2023-11-01 17:54:31,870] {scheduler_job.py:190} INFO - Processing /home/airflow/.local/lib/python3.6/site-packages/airflow/example_dags/example_latest_only.py took 0.043 seconds
[2023-11-01 17:55:01,933] {scheduler_job.py:182} INFO - Started process (PID=2438) to work on /home/airflow/.local/lib/python3.6/site-packages/airflow/example_dags/example_latest_only.py
[2023-11-01 17:55:01,933] {scheduler_job.py:633} INFO - Processing file /home/airflow/.local/lib/python3.6/site-packages/airflow/example_dags/example_latest_only.py for tasks to queue
[2023-11-01 17:55:01,933] {logging_mixin.py:104} INFO - [2023-11-01 17:55:01,933] {dagbag.py:496} INFO - Filling up the DagBag from /home/airflow/.local/lib/python3.6/site-packages/airflow/example_dags/example_latest_only.py
[2023-11-01 17:55:01,938] {scheduler_job.py:643} INFO - DAG(s) dict_keys(['latest_only']) retrieved from /home/airflow/.local/lib/python3.6/site-packages/airflow/example_dags/example_latest_only.py
[2023-11-01 17:55:01,949] {logging_mixin.py:104} INFO - [2023-11-01 17:55:01,949] {dag.py:1833} INFO - Sync 1 DAGs
[2023-11-01 17:55:01,956] {logging_mixin.py:104} INFO - [2023-11-01 17:55:01,956] {dag.py:2306} INFO - Setting next_dagrun for latest_only to 2023-10-30 00:00:00+00:00
[2023-11-01 17:55:01,965] {scheduler_job.py:190} INFO - Processing /home/airflow/.local/lib/python3.6/site-packages/airflow/example_dags/example_latest_only.py took 0.034 seconds
[2023-11-01 17:55:32,803] {scheduler_job.py:182} INFO - Started process (PID=2519) to work on /home/airflow/.local/lib/python3.6/site-packages/airflow/example_dags/example_latest_only.py
[2023-11-01 17:55:32,803] {scheduler_job.py:633} INFO - Processing file /home/airflow/.local/lib/python3.6/site-packages/airflow/example_dags/example_latest_only.py for tasks to queue
[2023-11-01 17:55:32,804] {logging_mixin.py:104} INFO - [2023-11-01 17:55:32,803] {dagbag.py:496} INFO - Filling up the DagBag from /home/airflow/.local/lib/python3.6/site-packages/airflow/example_dags/example_latest_only.py
[2023-11-01 17:55:32,821] {scheduler_job.py:643} INFO - DAG(s) dict_keys(['latest_only']) retrieved from /home/airflow/.local/lib/python3.6/site-packages/airflow/example_dags/example_latest_only.py
[2023-11-01 17:55:32,849] {logging_mixin.py:104} INFO - [2023-11-01 17:55:32,849] {dag.py:1833} INFO - Sync 1 DAGs
[2023-11-01 17:55:32,859] {logging_mixin.py:104} INFO - [2023-11-01 17:55:32,859] {dag.py:2306} INFO - Setting next_dagrun for latest_only to 2023-10-30 00:00:00+00:00
[2023-11-01 17:55:32,865] {scheduler_job.py:190} INFO - Processing /home/airflow/.local/lib/python3.6/site-packages/airflow/example_dags/example_latest_only.py took 0.064 seconds
[2023-11-01 17:56:03,633] {scheduler_job.py:182} INFO - Started process (PID=2600) to work on /home/airflow/.local/lib/python3.6/site-packages/airflow/example_dags/example_latest_only.py
[2023-11-01 17:56:03,634] {scheduler_job.py:633} INFO - Processing file /home/airflow/.local/lib/python3.6/site-packages/airflow/example_dags/example_latest_only.py for tasks to queue
[2023-11-01 17:56:03,635] {logging_mixin.py:104} INFO - [2023-11-01 17:56:03,635] {dagbag.py:496} INFO - Filling up the DagBag from /home/airflow/.local/lib/python3.6/site-packages/airflow/example_dags/example_latest_only.py
[2023-11-01 17:56:03,652] {scheduler_job.py:643} INFO - DAG(s) dict_keys(['latest_only']) retrieved from /home/airflow/.local/lib/python3.6/site-packages/airflow/example_dags/example_latest_only.py
[2023-11-01 17:56:03,673] {logging_mixin.py:104} INFO - [2023-11-01 17:56:03,673] {dag.py:1833} INFO - Sync 1 DAGs
[2023-11-01 17:56:03,681] {logging_mixin.py:104} INFO - [2023-11-01 17:56:03,681] {dag.py:2306} INFO - Setting next_dagrun for latest_only to 2023-10-30 00:00:00+00:00
[2023-11-01 17:56:03,685] {scheduler_job.py:190} INFO - Processing /home/airflow/.local/lib/python3.6/site-packages/airflow/example_dags/example_latest_only.py took 0.054 seconds
[2023-11-01 17:56:34,446] {scheduler_job.py:182} INFO - Started process (PID=2681) to work on /home/airflow/.local/lib/python3.6/site-packages/airflow/example_dags/example_latest_only.py
[2023-11-01 17:56:34,447] {scheduler_job.py:633} INFO - Processing file /home/airflow/.local/lib/python3.6/site-packages/airflow/example_dags/example_latest_only.py for tasks to queue
[2023-11-01 17:56:34,447] {logging_mixin.py:104} INFO - [2023-11-01 17:56:34,447] {dagbag.py:496} INFO - Filling up the DagBag from /home/airflow/.local/lib/python3.6/site-packages/airflow/example_dags/example_latest_only.py
[2023-11-01 17:56:34,463] {scheduler_job.py:643} INFO - DAG(s) dict_keys(['latest_only']) retrieved from /home/airflow/.local/lib/python3.6/site-packages/airflow/example_dags/example_latest_only.py
[2023-11-01 17:56:34,487] {logging_mixin.py:104} INFO - [2023-11-01 17:56:34,487] {dag.py:1833} INFO - Sync 1 DAGs
[2023-11-01 17:56:34,497] {logging_mixin.py:104} INFO - [2023-11-01 17:56:34,497] {dag.py:2306} INFO - Setting next_dagrun for latest_only to 2023-10-30 00:00:00+00:00
[2023-11-01 17:56:34,503] {scheduler_job.py:190} INFO - Processing /home/airflow/.local/lib/python3.6/site-packages/airflow/example_dags/example_latest_only.py took 0.058 seconds
[2023-11-01 17:57:05,206] {scheduler_job.py:182} INFO - Started process (PID=2762) to work on /home/airflow/.local/lib/python3.6/site-packages/airflow/example_dags/example_latest_only.py
[2023-11-01 17:57:05,207] {scheduler_job.py:633} INFO - Processing file /home/airflow/.local/lib/python3.6/site-packages/airflow/example_dags/example_latest_only.py for tasks to queue
[2023-11-01 17:57:05,207] {logging_mixin.py:104} INFO - [2023-11-01 17:57:05,207] {dagbag.py:496} INFO - Filling up the DagBag from /home/airflow/.local/lib/python3.6/site-packages/airflow/example_dags/example_latest_only.py
[2023-11-01 17:57:05,226] {scheduler_job.py:643} INFO - DAG(s) dict_keys(['latest_only']) retrieved from /home/airflow/.local/lib/python3.6/site-packages/airflow/example_dags/example_latest_only.py
[2023-11-01 17:57:05,250] {logging_mixin.py:104} INFO - [2023-11-01 17:57:05,250] {dag.py:1833} INFO - Sync 1 DAGs
[2023-11-01 17:57:05,259] {logging_mixin.py:104} INFO - [2023-11-01 17:57:05,259] {dag.py:2306} INFO - Setting next_dagrun for latest_only to 2023-10-30 00:00:00+00:00
[2023-11-01 17:57:05,264] {scheduler_job.py:190} INFO - Processing /home/airflow/.local/lib/python3.6/site-packages/airflow/example_dags/example_latest_only.py took 0.060 seconds
[2023-11-01 17:57:36,032] {scheduler_job.py:182} INFO - Started process (PID=2833) to work on /home/airflow/.local/lib/python3.6/site-packages/airflow/example_dags/example_latest_only.py
[2023-11-01 17:57:36,032] {scheduler_job.py:633} INFO - Processing file /home/airflow/.local/lib/python3.6/site-packages/airflow/example_dags/example_latest_only.py for tasks to queue
[2023-11-01 17:57:36,033] {logging_mixin.py:104} INFO - [2023-11-01 17:57:36,033] {dagbag.py:496} INFO - Filling up the DagBag from /home/airflow/.local/lib/python3.6/site-packages/airflow/example_dags/example_latest_only.py
[2023-11-01 17:57:36,042] {scheduler_job.py:643} INFO - DAG(s) dict_keys(['latest_only']) retrieved from /home/airflow/.local/lib/python3.6/site-packages/airflow/example_dags/example_latest_only.py
[2023-11-01 17:57:36,057] {logging_mixin.py:104} INFO - [2023-11-01 17:57:36,057] {dag.py:1833} INFO - Sync 1 DAGs
[2023-11-01 17:57:36,076] {logging_mixin.py:104} INFO - [2023-11-01 17:57:36,075] {dag.py:2306} INFO - Setting next_dagrun for latest_only to 2023-10-30 00:00:00+00:00
[2023-11-01 17:57:36,085] {scheduler_job.py:190} INFO - Processing /home/airflow/.local/lib/python3.6/site-packages/airflow/example_dags/example_latest_only.py took 0.055 seconds
[2023-11-01 17:58:06,099] {scheduler_job.py:182} INFO - Started process (PID=2914) to work on /home/airflow/.local/lib/python3.6/site-packages/airflow/example_dags/example_latest_only.py
[2023-11-01 17:58:06,099] {scheduler_job.py:633} INFO - Processing file /home/airflow/.local/lib/python3.6/site-packages/airflow/example_dags/example_latest_only.py for tasks to queue
[2023-11-01 17:58:06,099] {logging_mixin.py:104} INFO - [2023-11-01 17:58:06,099] {dagbag.py:496} INFO - Filling up the DagBag from /home/airflow/.local/lib/python3.6/site-packages/airflow/example_dags/example_latest_only.py
[2023-11-01 17:58:06,104] {scheduler_job.py:643} INFO - DAG(s) dict_keys(['latest_only']) retrieved from /home/airflow/.local/lib/python3.6/site-packages/airflow/example_dags/example_latest_only.py
[2023-11-01 17:58:06,115] {logging_mixin.py:104} INFO - [2023-11-01 17:58:06,115] {dag.py:1833} INFO - Sync 1 DAGs
[2023-11-01 17:58:06,122] {logging_mixin.py:104} INFO - [2023-11-01 17:58:06,122] {dag.py:2306} INFO - Setting next_dagrun for latest_only to 2023-10-30 00:00:00+00:00
[2023-11-01 17:58:06,131] {scheduler_job.py:190} INFO - Processing /home/airflow/.local/lib/python3.6/site-packages/airflow/example_dags/example_latest_only.py took 0.034 seconds
[2023-11-01 17:58:36,200] {scheduler_job.py:182} INFO - Started process (PID=2995) to work on /home/airflow/.local/lib/python3.6/site-packages/airflow/example_dags/example_latest_only.py
[2023-11-01 17:58:36,201] {scheduler_job.py:633} INFO - Processing file /home/airflow/.local/lib/python3.6/site-packages/airflow/example_dags/example_latest_only.py for tasks to queue
[2023-11-01 17:58:36,201] {logging_mixin.py:104} INFO - [2023-11-01 17:58:36,201] {dagbag.py:496} INFO - Filling up the DagBag from /home/airflow/.local/lib/python3.6/site-packages/airflow/example_dags/example_latest_only.py
[2023-11-01 17:58:36,207] {scheduler_job.py:643} INFO - DAG(s) dict_keys(['latest_only']) retrieved from /home/airflow/.local/lib/python3.6/site-packages/airflow/example_dags/example_latest_only.py
[2023-11-01 17:58:36,217] {logging_mixin.py:104} INFO - [2023-11-01 17:58:36,217] {dag.py:1833} INFO - Sync 1 DAGs
[2023-11-01 17:58:36,225] {logging_mixin.py:104} INFO - [2023-11-01 17:58:36,225] {dag.py:2306} INFO - Setting next_dagrun for latest_only to 2023-10-30 00:00:00+00:00
[2023-11-01 17:58:36,242] {scheduler_job.py:190} INFO - Processing /home/airflow/.local/lib/python3.6/site-packages/airflow/example_dags/example_latest_only.py took 0.043 seconds
[2023-11-01 17:59:07,114] {scheduler_job.py:182} INFO - Started process (PID=3076) to work on /home/airflow/.local/lib/python3.6/site-packages/airflow/example_dags/example_latest_only.py
[2023-11-01 17:59:07,114] {scheduler_job.py:633} INFO - Processing file /home/airflow/.local/lib/python3.6/site-packages/airflow/example_dags/example_latest_only.py for tasks to queue
[2023-11-01 17:59:07,114] {logging_mixin.py:104} INFO - [2023-11-01 17:59:07,114] {dagbag.py:496} INFO - Filling up the DagBag from /home/airflow/.local/lib/python3.6/site-packages/airflow/example_dags/example_latest_only.py
[2023-11-01 17:59:07,119] {scheduler_job.py:643} INFO - DAG(s) dict_keys(['latest_only']) retrieved from /home/airflow/.local/lib/python3.6/site-packages/airflow/example_dags/example_latest_only.py
[2023-11-01 17:59:07,127] {logging_mixin.py:104} INFO - [2023-11-01 17:59:07,127] {dag.py:1833} INFO - Sync 1 DAGs
[2023-11-01 17:59:07,134] {logging_mixin.py:104} INFO - [2023-11-01 17:59:07,134] {dag.py:2306} INFO - Setting next_dagrun for latest_only to 2023-10-30 00:00:00+00:00
[2023-11-01 17:59:07,150] {scheduler_job.py:190} INFO - Processing /home/airflow/.local/lib/python3.6/site-packages/airflow/example_dags/example_latest_only.py took 0.037 seconds
[2023-11-01 17:59:37,169] {scheduler_job.py:182} INFO - Started process (PID=3166) to work on /home/airflow/.local/lib/python3.6/site-packages/airflow/example_dags/example_latest_only.py
[2023-11-01 17:59:37,170] {scheduler_job.py:633} INFO - Processing file /home/airflow/.local/lib/python3.6/site-packages/airflow/example_dags/example_latest_only.py for tasks to queue
[2023-11-01 17:59:37,171] {logging_mixin.py:104} INFO - [2023-11-01 17:59:37,171] {dagbag.py:496} INFO - Filling up the DagBag from /home/airflow/.local/lib/python3.6/site-packages/airflow/example_dags/example_latest_only.py
[2023-11-01 17:59:37,175] {scheduler_job.py:643} INFO - DAG(s) dict_keys(['latest_only']) retrieved from /home/airflow/.local/lib/python3.6/site-packages/airflow/example_dags/example_latest_only.py
[2023-11-01 17:59:37,187] {logging_mixin.py:104} INFO - [2023-11-01 17:59:37,186] {dag.py:1833} INFO - Sync 1 DAGs
[2023-11-01 17:59:37,194] {logging_mixin.py:104} INFO - [2023-11-01 17:59:37,193] {dag.py:2306} INFO - Setting next_dagrun for latest_only to 2023-10-30 00:00:00+00:00
[2023-11-01 17:59:37,209] {scheduler_job.py:190} INFO - Processing /home/airflow/.local/lib/python3.6/site-packages/airflow/example_dags/example_latest_only.py took 0.041 seconds
[2023-11-01 18:00:08,073] {scheduler_job.py:182} INFO - Started process (PID=3247) to work on /home/airflow/.local/lib/python3.6/site-packages/airflow/example_dags/example_latest_only.py
[2023-11-01 18:00:08,073] {scheduler_job.py:633} INFO - Processing file /home/airflow/.local/lib/python3.6/site-packages/airflow/example_dags/example_latest_only.py for tasks to queue
[2023-11-01 18:00:08,073] {logging_mixin.py:104} INFO - [2023-11-01 18:00:08,073] {dagbag.py:496} INFO - Filling up the DagBag from /home/airflow/.local/lib/python3.6/site-packages/airflow/example_dags/example_latest_only.py
[2023-11-01 18:00:08,077] {scheduler_job.py:643} INFO - DAG(s) dict_keys(['latest_only']) retrieved from /home/airflow/.local/lib/python3.6/site-packages/airflow/example_dags/example_latest_only.py
[2023-11-01 18:00:08,088] {logging_mixin.py:104} INFO - [2023-11-01 18:00:08,087] {dag.py:1833} INFO - Sync 1 DAGs
[2023-11-01 18:00:08,094] {logging_mixin.py:104} INFO - [2023-11-01 18:00:08,094] {dag.py:2306} INFO - Setting next_dagrun for latest_only to 2023-10-30 00:00:00+00:00
[2023-11-01 18:00:08,109] {scheduler_job.py:190} INFO - Processing /home/airflow/.local/lib/python3.6/site-packages/airflow/example_dags/example_latest_only.py took 0.037 seconds
