[2023-11-01 17:42:28,799] {scheduler_job.py:182} INFO - Started process (PID=567) to work on /home/airflow/.local/lib/python3.6/site-packages/airflow/example_dags/example_kubernetes_executor_config.py
[2023-11-01 17:42:28,800] {scheduler_job.py:633} INFO - Processing file /home/airflow/.local/lib/python3.6/site-packages/airflow/example_dags/example_kubernetes_executor_config.py for tasks to queue
[2023-11-01 17:42:28,800] {logging_mixin.py:104} INFO - [2023-11-01 17:42:28,800] {dagbag.py:496} INFO - Filling up the DagBag from /home/airflow/.local/lib/python3.6/site-packages/airflow/example_dags/example_kubernetes_executor_config.py
[2023-11-01 17:42:28,806] {scheduler_job.py:643} INFO - DAG(s) dict_keys(['example_kubernetes_executor_config']) retrieved from /home/airflow/.local/lib/python3.6/site-packages/airflow/example_dags/example_kubernetes_executor_config.py
[2023-11-01 17:42:29,991] {logging_mixin.py:104} INFO - [2023-11-01 17:42:29,991] {dag.py:1833} INFO - Sync 1 DAGs
[2023-11-01 17:42:29,997] {logging_mixin.py:104} INFO - [2023-11-01 17:42:29,997] {dag.py:1852} INFO - Creating ORM DAG for example_kubernetes_executor_config
[2023-11-01 17:42:30,000] {logging_mixin.py:104} INFO - [2023-11-01 17:42:30,000] {dag.py:2306} INFO - Setting next_dagrun for example_kubernetes_executor_config to None
[2023-11-01 17:42:30,005] {scheduler_job.py:190} INFO - Processing /home/airflow/.local/lib/python3.6/site-packages/airflow/example_dags/example_kubernetes_executor_config.py took 1.207 seconds
[2023-11-01 17:43:00,222] {scheduler_job.py:182} INFO - Started process (PID=728) to work on /home/airflow/.local/lib/python3.6/site-packages/airflow/example_dags/example_kubernetes_executor_config.py
[2023-11-01 17:43:00,222] {scheduler_job.py:633} INFO - Processing file /home/airflow/.local/lib/python3.6/site-packages/airflow/example_dags/example_kubernetes_executor_config.py for tasks to queue
[2023-11-01 17:43:00,222] {logging_mixin.py:104} INFO - [2023-11-01 17:43:00,222] {dagbag.py:496} INFO - Filling up the DagBag from /home/airflow/.local/lib/python3.6/site-packages/airflow/example_dags/example_kubernetes_executor_config.py
[2023-11-01 17:43:00,230] {scheduler_job.py:643} INFO - DAG(s) dict_keys(['example_kubernetes_executor_config']) retrieved from /home/airflow/.local/lib/python3.6/site-packages/airflow/example_dags/example_kubernetes_executor_config.py
[2023-11-01 17:43:00,243] {logging_mixin.py:104} INFO - [2023-11-01 17:43:00,243] {dag.py:1833} INFO - Sync 1 DAGs
[2023-11-01 17:43:00,252] {logging_mixin.py:104} INFO - [2023-11-01 17:43:00,252] {dag.py:2306} INFO - Setting next_dagrun for example_kubernetes_executor_config to None
[2023-11-01 17:43:00,269] {scheduler_job.py:190} INFO - Processing /home/airflow/.local/lib/python3.6/site-packages/airflow/example_dags/example_kubernetes_executor_config.py took 0.049 seconds
[2023-11-01 17:43:30,751] {scheduler_job.py:182} INFO - Started process (PID=789) to work on /home/airflow/.local/lib/python3.6/site-packages/airflow/example_dags/example_kubernetes_executor_config.py
[2023-11-01 17:43:30,752] {scheduler_job.py:633} INFO - Processing file /home/airflow/.local/lib/python3.6/site-packages/airflow/example_dags/example_kubernetes_executor_config.py for tasks to queue
[2023-11-01 17:43:30,752] {logging_mixin.py:104} INFO - [2023-11-01 17:43:30,752] {dagbag.py:496} INFO - Filling up the DagBag from /home/airflow/.local/lib/python3.6/site-packages/airflow/example_dags/example_kubernetes_executor_config.py
[2023-11-01 17:43:30,757] {scheduler_job.py:643} INFO - DAG(s) dict_keys(['example_kubernetes_executor_config']) retrieved from /home/airflow/.local/lib/python3.6/site-packages/airflow/example_dags/example_kubernetes_executor_config.py
[2023-11-01 17:43:30,769] {logging_mixin.py:104} INFO - [2023-11-01 17:43:30,769] {dag.py:1833} INFO - Sync 1 DAGs
[2023-11-01 17:43:30,775] {logging_mixin.py:104} INFO - [2023-11-01 17:43:30,775] {dag.py:2306} INFO - Setting next_dagrun for example_kubernetes_executor_config to None
[2023-11-01 17:43:30,791] {scheduler_job.py:190} INFO - Processing /home/airflow/.local/lib/python3.6/site-packages/airflow/example_dags/example_kubernetes_executor_config.py took 0.041 seconds
[2023-11-01 17:44:01,517] {scheduler_job.py:182} INFO - Started process (PID=850) to work on /home/airflow/.local/lib/python3.6/site-packages/airflow/example_dags/example_kubernetes_executor_config.py
[2023-11-01 17:44:01,517] {scheduler_job.py:633} INFO - Processing file /home/airflow/.local/lib/python3.6/site-packages/airflow/example_dags/example_kubernetes_executor_config.py for tasks to queue
[2023-11-01 17:44:01,518] {logging_mixin.py:104} INFO - [2023-11-01 17:44:01,518] {dagbag.py:496} INFO - Filling up the DagBag from /home/airflow/.local/lib/python3.6/site-packages/airflow/example_dags/example_kubernetes_executor_config.py
[2023-11-01 17:44:01,526] {scheduler_job.py:643} INFO - DAG(s) dict_keys(['example_kubernetes_executor_config']) retrieved from /home/airflow/.local/lib/python3.6/site-packages/airflow/example_dags/example_kubernetes_executor_config.py
[2023-11-01 17:44:01,542] {logging_mixin.py:104} INFO - [2023-11-01 17:44:01,542] {dag.py:1833} INFO - Sync 1 DAGs
[2023-11-01 17:44:01,549] {logging_mixin.py:104} INFO - [2023-11-01 17:44:01,549] {dag.py:2306} INFO - Setting next_dagrun for example_kubernetes_executor_config to None
[2023-11-01 17:44:01,555] {scheduler_job.py:190} INFO - Processing /home/airflow/.local/lib/python3.6/site-packages/airflow/example_dags/example_kubernetes_executor_config.py took 0.041 seconds
[2023-11-01 17:44:32,317] {scheduler_job.py:182} INFO - Started process (PID=910) to work on /home/airflow/.local/lib/python3.6/site-packages/airflow/example_dags/example_kubernetes_executor_config.py
[2023-11-01 17:44:32,319] {scheduler_job.py:633} INFO - Processing file /home/airflow/.local/lib/python3.6/site-packages/airflow/example_dags/example_kubernetes_executor_config.py for tasks to queue
[2023-11-01 17:44:32,319] {logging_mixin.py:104} INFO - [2023-11-01 17:44:32,319] {dagbag.py:496} INFO - Filling up the DagBag from /home/airflow/.local/lib/python3.6/site-packages/airflow/example_dags/example_kubernetes_executor_config.py
[2023-11-01 17:44:32,326] {scheduler_job.py:643} INFO - DAG(s) dict_keys(['example_kubernetes_executor_config']) retrieved from /home/airflow/.local/lib/python3.6/site-packages/airflow/example_dags/example_kubernetes_executor_config.py
[2023-11-01 17:44:32,340] {logging_mixin.py:104} INFO - [2023-11-01 17:44:32,340] {dag.py:1833} INFO - Sync 1 DAGs
[2023-11-01 17:44:32,348] {logging_mixin.py:104} INFO - [2023-11-01 17:44:32,348] {dag.py:2306} INFO - Setting next_dagrun for example_kubernetes_executor_config to None
[2023-11-01 17:44:32,363] {scheduler_job.py:190} INFO - Processing /home/airflow/.local/lib/python3.6/site-packages/airflow/example_dags/example_kubernetes_executor_config.py took 0.048 seconds
[2023-11-01 17:45:02,944] {scheduler_job.py:182} INFO - Started process (PID=961) to work on /home/airflow/.local/lib/python3.6/site-packages/airflow/example_dags/example_kubernetes_executor_config.py
[2023-11-01 17:45:02,945] {scheduler_job.py:633} INFO - Processing file /home/airflow/.local/lib/python3.6/site-packages/airflow/example_dags/example_kubernetes_executor_config.py for tasks to queue
[2023-11-01 17:45:02,945] {logging_mixin.py:104} INFO - [2023-11-01 17:45:02,945] {dagbag.py:496} INFO - Filling up the DagBag from /home/airflow/.local/lib/python3.6/site-packages/airflow/example_dags/example_kubernetes_executor_config.py
[2023-11-01 17:45:02,951] {scheduler_job.py:643} INFO - DAG(s) dict_keys(['example_kubernetes_executor_config']) retrieved from /home/airflow/.local/lib/python3.6/site-packages/airflow/example_dags/example_kubernetes_executor_config.py
[2023-11-01 17:45:02,963] {logging_mixin.py:104} INFO - [2023-11-01 17:45:02,963] {dag.py:1833} INFO - Sync 1 DAGs
[2023-11-01 17:45:02,971] {logging_mixin.py:104} INFO - [2023-11-01 17:45:02,971] {dag.py:2306} INFO - Setting next_dagrun for example_kubernetes_executor_config to None
[2023-11-01 17:45:02,990] {scheduler_job.py:190} INFO - Processing /home/airflow/.local/lib/python3.6/site-packages/airflow/example_dags/example_kubernetes_executor_config.py took 0.047 seconds
[2023-11-01 17:45:33,688] {scheduler_job.py:182} INFO - Started process (PID=1022) to work on /home/airflow/.local/lib/python3.6/site-packages/airflow/example_dags/example_kubernetes_executor_config.py
[2023-11-01 17:45:33,688] {scheduler_job.py:633} INFO - Processing file /home/airflow/.local/lib/python3.6/site-packages/airflow/example_dags/example_kubernetes_executor_config.py for tasks to queue
[2023-11-01 17:45:33,688] {logging_mixin.py:104} INFO - [2023-11-01 17:45:33,688] {dagbag.py:496} INFO - Filling up the DagBag from /home/airflow/.local/lib/python3.6/site-packages/airflow/example_dags/example_kubernetes_executor_config.py
[2023-11-01 17:45:33,694] {scheduler_job.py:643} INFO - DAG(s) dict_keys(['example_kubernetes_executor_config']) retrieved from /home/airflow/.local/lib/python3.6/site-packages/airflow/example_dags/example_kubernetes_executor_config.py
[2023-11-01 17:45:33,704] {logging_mixin.py:104} INFO - [2023-11-01 17:45:33,704] {dag.py:1833} INFO - Sync 1 DAGs
[2023-11-01 17:45:33,711] {logging_mixin.py:104} INFO - [2023-11-01 17:45:33,711] {dag.py:2306} INFO - Setting next_dagrun for example_kubernetes_executor_config to None
[2023-11-01 17:45:33,727] {scheduler_job.py:190} INFO - Processing /home/airflow/.local/lib/python3.6/site-packages/airflow/example_dags/example_kubernetes_executor_config.py took 0.040 seconds
[2023-11-01 17:46:04,319] {scheduler_job.py:182} INFO - Started process (PID=1083) to work on /home/airflow/.local/lib/python3.6/site-packages/airflow/example_dags/example_kubernetes_executor_config.py
[2023-11-01 17:46:04,319] {scheduler_job.py:633} INFO - Processing file /home/airflow/.local/lib/python3.6/site-packages/airflow/example_dags/example_kubernetes_executor_config.py for tasks to queue
[2023-11-01 17:46:04,320] {logging_mixin.py:104} INFO - [2023-11-01 17:46:04,319] {dagbag.py:496} INFO - Filling up the DagBag from /home/airflow/.local/lib/python3.6/site-packages/airflow/example_dags/example_kubernetes_executor_config.py
[2023-11-01 17:46:04,327] {scheduler_job.py:643} INFO - DAG(s) dict_keys(['example_kubernetes_executor_config']) retrieved from /home/airflow/.local/lib/python3.6/site-packages/airflow/example_dags/example_kubernetes_executor_config.py
[2023-11-01 17:46:04,342] {logging_mixin.py:104} INFO - [2023-11-01 17:46:04,341] {dag.py:1833} INFO - Sync 1 DAGs
[2023-11-01 17:46:04,351] {logging_mixin.py:104} INFO - [2023-11-01 17:46:04,351] {dag.py:2306} INFO - Setting next_dagrun for example_kubernetes_executor_config to None
[2023-11-01 17:46:04,369] {scheduler_job.py:190} INFO - Processing /home/airflow/.local/lib/python3.6/site-packages/airflow/example_dags/example_kubernetes_executor_config.py took 0.051 seconds
[2023-11-01 17:46:35,089] {scheduler_job.py:182} INFO - Started process (PID=1144) to work on /home/airflow/.local/lib/python3.6/site-packages/airflow/example_dags/example_kubernetes_executor_config.py
[2023-11-01 17:46:35,089] {scheduler_job.py:633} INFO - Processing file /home/airflow/.local/lib/python3.6/site-packages/airflow/example_dags/example_kubernetes_executor_config.py for tasks to queue
[2023-11-01 17:46:35,090] {logging_mixin.py:104} INFO - [2023-11-01 17:46:35,090] {dagbag.py:496} INFO - Filling up the DagBag from /home/airflow/.local/lib/python3.6/site-packages/airflow/example_dags/example_kubernetes_executor_config.py
[2023-11-01 17:46:35,099] {scheduler_job.py:643} INFO - DAG(s) dict_keys(['example_kubernetes_executor_config']) retrieved from /home/airflow/.local/lib/python3.6/site-packages/airflow/example_dags/example_kubernetes_executor_config.py
[2023-11-01 17:46:35,113] {logging_mixin.py:104} INFO - [2023-11-01 17:46:35,113] {dag.py:1833} INFO - Sync 1 DAGs
[2023-11-01 17:46:35,123] {logging_mixin.py:104} INFO - [2023-11-01 17:46:35,123] {dag.py:2306} INFO - Setting next_dagrun for example_kubernetes_executor_config to None
[2023-11-01 17:46:35,140] {scheduler_job.py:190} INFO - Processing /home/airflow/.local/lib/python3.6/site-packages/airflow/example_dags/example_kubernetes_executor_config.py took 0.053 seconds
[2023-11-01 17:47:05,724] {scheduler_job.py:182} INFO - Started process (PID=1195) to work on /home/airflow/.local/lib/python3.6/site-packages/airflow/example_dags/example_kubernetes_executor_config.py
[2023-11-01 17:47:05,725] {scheduler_job.py:633} INFO - Processing file /home/airflow/.local/lib/python3.6/site-packages/airflow/example_dags/example_kubernetes_executor_config.py for tasks to queue
[2023-11-01 17:47:05,725] {logging_mixin.py:104} INFO - [2023-11-01 17:47:05,725] {dagbag.py:496} INFO - Filling up the DagBag from /home/airflow/.local/lib/python3.6/site-packages/airflow/example_dags/example_kubernetes_executor_config.py
[2023-11-01 17:47:05,731] {scheduler_job.py:643} INFO - DAG(s) dict_keys(['example_kubernetes_executor_config']) retrieved from /home/airflow/.local/lib/python3.6/site-packages/airflow/example_dags/example_kubernetes_executor_config.py
[2023-11-01 17:47:05,742] {logging_mixin.py:104} INFO - [2023-11-01 17:47:05,742] {dag.py:1833} INFO - Sync 1 DAGs
[2023-11-01 17:47:05,750] {logging_mixin.py:104} INFO - [2023-11-01 17:47:05,750] {dag.py:2306} INFO - Setting next_dagrun for example_kubernetes_executor_config to None
[2023-11-01 17:47:05,754] {scheduler_job.py:190} INFO - Processing /home/airflow/.local/lib/python3.6/site-packages/airflow/example_dags/example_kubernetes_executor_config.py took 0.032 seconds
[2023-11-01 17:47:36,387] {scheduler_job.py:182} INFO - Started process (PID=1275) to work on /home/airflow/.local/lib/python3.6/site-packages/airflow/example_dags/example_kubernetes_executor_config.py
[2023-11-01 17:47:36,387] {scheduler_job.py:633} INFO - Processing file /home/airflow/.local/lib/python3.6/site-packages/airflow/example_dags/example_kubernetes_executor_config.py for tasks to queue
[2023-11-01 17:47:36,387] {logging_mixin.py:104} INFO - [2023-11-01 17:47:36,387] {dagbag.py:496} INFO - Filling up the DagBag from /home/airflow/.local/lib/python3.6/site-packages/airflow/example_dags/example_kubernetes_executor_config.py
[2023-11-01 17:47:36,393] {scheduler_job.py:643} INFO - DAG(s) dict_keys(['example_kubernetes_executor_config']) retrieved from /home/airflow/.local/lib/python3.6/site-packages/airflow/example_dags/example_kubernetes_executor_config.py
[2023-11-01 17:47:36,405] {logging_mixin.py:104} INFO - [2023-11-01 17:47:36,405] {dag.py:1833} INFO - Sync 1 DAGs
[2023-11-01 17:47:36,411] {logging_mixin.py:104} INFO - [2023-11-01 17:47:36,411] {dag.py:2306} INFO - Setting next_dagrun for example_kubernetes_executor_config to None
[2023-11-01 17:47:36,429] {scheduler_job.py:190} INFO - Processing /home/airflow/.local/lib/python3.6/site-packages/airflow/example_dags/example_kubernetes_executor_config.py took 0.044 seconds
[2023-11-01 17:48:07,145] {scheduler_job.py:182} INFO - Started process (PID=1355) to work on /home/airflow/.local/lib/python3.6/site-packages/airflow/example_dags/example_kubernetes_executor_config.py
[2023-11-01 17:48:07,145] {scheduler_job.py:633} INFO - Processing file /home/airflow/.local/lib/python3.6/site-packages/airflow/example_dags/example_kubernetes_executor_config.py for tasks to queue
[2023-11-01 17:48:07,146] {logging_mixin.py:104} INFO - [2023-11-01 17:48:07,146] {dagbag.py:496} INFO - Filling up the DagBag from /home/airflow/.local/lib/python3.6/site-packages/airflow/example_dags/example_kubernetes_executor_config.py
[2023-11-01 17:48:07,151] {scheduler_job.py:643} INFO - DAG(s) dict_keys(['example_kubernetes_executor_config']) retrieved from /home/airflow/.local/lib/python3.6/site-packages/airflow/example_dags/example_kubernetes_executor_config.py
[2023-11-01 17:48:07,161] {logging_mixin.py:104} INFO - [2023-11-01 17:48:07,161] {dag.py:1833} INFO - Sync 1 DAGs
[2023-11-01 17:48:07,167] {logging_mixin.py:104} INFO - [2023-11-01 17:48:07,167] {dag.py:2306} INFO - Setting next_dagrun for example_kubernetes_executor_config to None
[2023-11-01 17:48:07,183] {scheduler_job.py:190} INFO - Processing /home/airflow/.local/lib/python3.6/site-packages/airflow/example_dags/example_kubernetes_executor_config.py took 0.040 seconds
[2023-11-01 17:48:37,848] {scheduler_job.py:182} INFO - Started process (PID=1436) to work on /home/airflow/.local/lib/python3.6/site-packages/airflow/example_dags/example_kubernetes_executor_config.py
[2023-11-01 17:48:37,849] {scheduler_job.py:633} INFO - Processing file /home/airflow/.local/lib/python3.6/site-packages/airflow/example_dags/example_kubernetes_executor_config.py for tasks to queue
[2023-11-01 17:48:37,849] {logging_mixin.py:104} INFO - [2023-11-01 17:48:37,849] {dagbag.py:496} INFO - Filling up the DagBag from /home/airflow/.local/lib/python3.6/site-packages/airflow/example_dags/example_kubernetes_executor_config.py
[2023-11-01 17:48:37,855] {scheduler_job.py:643} INFO - DAG(s) dict_keys(['example_kubernetes_executor_config']) retrieved from /home/airflow/.local/lib/python3.6/site-packages/airflow/example_dags/example_kubernetes_executor_config.py
[2023-11-01 17:48:37,866] {logging_mixin.py:104} INFO - [2023-11-01 17:48:37,866] {dag.py:1833} INFO - Sync 1 DAGs
[2023-11-01 17:48:37,873] {logging_mixin.py:104} INFO - [2023-11-01 17:48:37,873] {dag.py:2306} INFO - Setting next_dagrun for example_kubernetes_executor_config to None
[2023-11-01 17:48:37,889] {scheduler_job.py:190} INFO - Processing /home/airflow/.local/lib/python3.6/site-packages/airflow/example_dags/example_kubernetes_executor_config.py took 0.042 seconds
[2023-11-01 17:49:08,477] {scheduler_job.py:182} INFO - Started process (PID=1517) to work on /home/airflow/.local/lib/python3.6/site-packages/airflow/example_dags/example_kubernetes_executor_config.py
[2023-11-01 17:49:08,478] {scheduler_job.py:633} INFO - Processing file /home/airflow/.local/lib/python3.6/site-packages/airflow/example_dags/example_kubernetes_executor_config.py for tasks to queue
[2023-11-01 17:49:08,478] {logging_mixin.py:104} INFO - [2023-11-01 17:49:08,478] {dagbag.py:496} INFO - Filling up the DagBag from /home/airflow/.local/lib/python3.6/site-packages/airflow/example_dags/example_kubernetes_executor_config.py
[2023-11-01 17:49:08,483] {scheduler_job.py:643} INFO - DAG(s) dict_keys(['example_kubernetes_executor_config']) retrieved from /home/airflow/.local/lib/python3.6/site-packages/airflow/example_dags/example_kubernetes_executor_config.py
[2023-11-01 17:49:08,494] {logging_mixin.py:104} INFO - [2023-11-01 17:49:08,494] {dag.py:1833} INFO - Sync 1 DAGs
[2023-11-01 17:49:08,500] {logging_mixin.py:104} INFO - [2023-11-01 17:49:08,500] {dag.py:2306} INFO - Setting next_dagrun for example_kubernetes_executor_config to None
[2023-11-01 17:49:08,505] {scheduler_job.py:190} INFO - Processing /home/airflow/.local/lib/python3.6/site-packages/airflow/example_dags/example_kubernetes_executor_config.py took 0.030 seconds
[2023-11-01 17:49:39,206] {scheduler_job.py:182} INFO - Started process (PID=1587) to work on /home/airflow/.local/lib/python3.6/site-packages/airflow/example_dags/example_kubernetes_executor_config.py
[2023-11-01 17:49:39,206] {scheduler_job.py:633} INFO - Processing file /home/airflow/.local/lib/python3.6/site-packages/airflow/example_dags/example_kubernetes_executor_config.py for tasks to queue
[2023-11-01 17:49:39,206] {logging_mixin.py:104} INFO - [2023-11-01 17:49:39,206] {dagbag.py:496} INFO - Filling up the DagBag from /home/airflow/.local/lib/python3.6/site-packages/airflow/example_dags/example_kubernetes_executor_config.py
[2023-11-01 17:49:39,212] {scheduler_job.py:643} INFO - DAG(s) dict_keys(['example_kubernetes_executor_config']) retrieved from /home/airflow/.local/lib/python3.6/site-packages/airflow/example_dags/example_kubernetes_executor_config.py
[2023-11-01 17:49:39,223] {logging_mixin.py:104} INFO - [2023-11-01 17:49:39,223] {dag.py:1833} INFO - Sync 1 DAGs
[2023-11-01 17:49:39,230] {logging_mixin.py:104} INFO - [2023-11-01 17:49:39,230] {dag.py:2306} INFO - Setting next_dagrun for example_kubernetes_executor_config to None
[2023-11-01 17:49:39,246] {scheduler_job.py:190} INFO - Processing /home/airflow/.local/lib/python3.6/site-packages/airflow/example_dags/example_kubernetes_executor_config.py took 0.042 seconds
[2023-11-01 17:50:09,909] {scheduler_job.py:182} INFO - Started process (PID=1667) to work on /home/airflow/.local/lib/python3.6/site-packages/airflow/example_dags/example_kubernetes_executor_config.py
[2023-11-01 17:50:09,909] {scheduler_job.py:633} INFO - Processing file /home/airflow/.local/lib/python3.6/site-packages/airflow/example_dags/example_kubernetes_executor_config.py for tasks to queue
[2023-11-01 17:50:09,910] {logging_mixin.py:104} INFO - [2023-11-01 17:50:09,910] {dagbag.py:496} INFO - Filling up the DagBag from /home/airflow/.local/lib/python3.6/site-packages/airflow/example_dags/example_kubernetes_executor_config.py
[2023-11-01 17:50:09,916] {scheduler_job.py:643} INFO - DAG(s) dict_keys(['example_kubernetes_executor_config']) retrieved from /home/airflow/.local/lib/python3.6/site-packages/airflow/example_dags/example_kubernetes_executor_config.py
[2023-11-01 17:50:09,928] {logging_mixin.py:104} INFO - [2023-11-01 17:50:09,928] {dag.py:1833} INFO - Sync 1 DAGs
[2023-11-01 17:50:09,934] {logging_mixin.py:104} INFO - [2023-11-01 17:50:09,934] {dag.py:2306} INFO - Setting next_dagrun for example_kubernetes_executor_config to None
[2023-11-01 17:50:09,950] {scheduler_job.py:190} INFO - Processing /home/airflow/.local/lib/python3.6/site-packages/airflow/example_dags/example_kubernetes_executor_config.py took 0.044 seconds
[2023-11-01 17:50:40,589] {scheduler_job.py:182} INFO - Started process (PID=1748) to work on /home/airflow/.local/lib/python3.6/site-packages/airflow/example_dags/example_kubernetes_executor_config.py
[2023-11-01 17:50:40,589] {scheduler_job.py:633} INFO - Processing file /home/airflow/.local/lib/python3.6/site-packages/airflow/example_dags/example_kubernetes_executor_config.py for tasks to queue
[2023-11-01 17:50:40,589] {logging_mixin.py:104} INFO - [2023-11-01 17:50:40,589] {dagbag.py:496} INFO - Filling up the DagBag from /home/airflow/.local/lib/python3.6/site-packages/airflow/example_dags/example_kubernetes_executor_config.py
[2023-11-01 17:50:40,595] {scheduler_job.py:643} INFO - DAG(s) dict_keys(['example_kubernetes_executor_config']) retrieved from /home/airflow/.local/lib/python3.6/site-packages/airflow/example_dags/example_kubernetes_executor_config.py
[2023-11-01 17:50:40,606] {logging_mixin.py:104} INFO - [2023-11-01 17:50:40,606] {dag.py:1833} INFO - Sync 1 DAGs
[2023-11-01 17:50:40,613] {logging_mixin.py:104} INFO - [2023-11-01 17:50:40,613] {dag.py:2306} INFO - Setting next_dagrun for example_kubernetes_executor_config to None
[2023-11-01 17:50:40,629] {scheduler_job.py:190} INFO - Processing /home/airflow/.local/lib/python3.6/site-packages/airflow/example_dags/example_kubernetes_executor_config.py took 0.041 seconds
[2023-11-01 17:51:11,302] {scheduler_job.py:182} INFO - Started process (PID=1829) to work on /home/airflow/.local/lib/python3.6/site-packages/airflow/example_dags/example_kubernetes_executor_config.py
[2023-11-01 17:51:11,302] {scheduler_job.py:633} INFO - Processing file /home/airflow/.local/lib/python3.6/site-packages/airflow/example_dags/example_kubernetes_executor_config.py for tasks to queue
[2023-11-01 17:51:11,302] {logging_mixin.py:104} INFO - [2023-11-01 17:51:11,302] {dagbag.py:496} INFO - Filling up the DagBag from /home/airflow/.local/lib/python3.6/site-packages/airflow/example_dags/example_kubernetes_executor_config.py
[2023-11-01 17:51:11,308] {scheduler_job.py:643} INFO - DAG(s) dict_keys(['example_kubernetes_executor_config']) retrieved from /home/airflow/.local/lib/python3.6/site-packages/airflow/example_dags/example_kubernetes_executor_config.py
[2023-11-01 17:51:11,319] {logging_mixin.py:104} INFO - [2023-11-01 17:51:11,319] {dag.py:1833} INFO - Sync 1 DAGs
[2023-11-01 17:51:11,325] {logging_mixin.py:104} INFO - [2023-11-01 17:51:11,325] {dag.py:2306} INFO - Setting next_dagrun for example_kubernetes_executor_config to None
[2023-11-01 17:51:11,341] {scheduler_job.py:190} INFO - Processing /home/airflow/.local/lib/python3.6/site-packages/airflow/example_dags/example_kubernetes_executor_config.py took 0.040 seconds
[2023-11-01 17:51:42,235] {scheduler_job.py:182} INFO - Started process (PID=1910) to work on /home/airflow/.local/lib/python3.6/site-packages/airflow/example_dags/example_kubernetes_executor_config.py
[2023-11-01 17:51:42,235] {scheduler_job.py:633} INFO - Processing file /home/airflow/.local/lib/python3.6/site-packages/airflow/example_dags/example_kubernetes_executor_config.py for tasks to queue
[2023-11-01 17:51:42,236] {logging_mixin.py:104} INFO - [2023-11-01 17:51:42,235] {dagbag.py:496} INFO - Filling up the DagBag from /home/airflow/.local/lib/python3.6/site-packages/airflow/example_dags/example_kubernetes_executor_config.py
[2023-11-01 17:51:42,242] {scheduler_job.py:643} INFO - DAG(s) dict_keys(['example_kubernetes_executor_config']) retrieved from /home/airflow/.local/lib/python3.6/site-packages/airflow/example_dags/example_kubernetes_executor_config.py
[2023-11-01 17:51:42,257] {logging_mixin.py:104} INFO - [2023-11-01 17:51:42,257] {dag.py:1833} INFO - Sync 1 DAGs
[2023-11-01 17:51:42,265] {logging_mixin.py:104} INFO - [2023-11-01 17:51:42,265] {dag.py:2306} INFO - Setting next_dagrun for example_kubernetes_executor_config to None
[2023-11-01 17:51:42,278] {scheduler_job.py:190} INFO - Processing /home/airflow/.local/lib/python3.6/site-packages/airflow/example_dags/example_kubernetes_executor_config.py took 0.045 seconds
[2023-11-01 17:52:12,346] {scheduler_job.py:182} INFO - Started process (PID=1981) to work on /home/airflow/.local/lib/python3.6/site-packages/airflow/example_dags/example_kubernetes_executor_config.py
[2023-11-01 17:52:12,346] {scheduler_job.py:633} INFO - Processing file /home/airflow/.local/lib/python3.6/site-packages/airflow/example_dags/example_kubernetes_executor_config.py for tasks to queue
[2023-11-01 17:52:12,346] {logging_mixin.py:104} INFO - [2023-11-01 17:52:12,346] {dagbag.py:496} INFO - Filling up the DagBag from /home/airflow/.local/lib/python3.6/site-packages/airflow/example_dags/example_kubernetes_executor_config.py
[2023-11-01 17:52:12,355] {scheduler_job.py:643} INFO - DAG(s) dict_keys(['example_kubernetes_executor_config']) retrieved from /home/airflow/.local/lib/python3.6/site-packages/airflow/example_dags/example_kubernetes_executor_config.py
[2023-11-01 17:52:12,376] {logging_mixin.py:104} INFO - [2023-11-01 17:52:12,376] {dag.py:1833} INFO - Sync 1 DAGs
[2023-11-01 17:52:12,384] {logging_mixin.py:104} INFO - [2023-11-01 17:52:12,384] {dag.py:2306} INFO - Setting next_dagrun for example_kubernetes_executor_config to None
[2023-11-01 17:52:12,398] {scheduler_job.py:190} INFO - Processing /home/airflow/.local/lib/python3.6/site-packages/airflow/example_dags/example_kubernetes_executor_config.py took 0.054 seconds
[2023-11-01 17:52:42,588] {scheduler_job.py:182} INFO - Started process (PID=2062) to work on /home/airflow/.local/lib/python3.6/site-packages/airflow/example_dags/example_kubernetes_executor_config.py
[2023-11-01 17:52:42,589] {scheduler_job.py:633} INFO - Processing file /home/airflow/.local/lib/python3.6/site-packages/airflow/example_dags/example_kubernetes_executor_config.py for tasks to queue
[2023-11-01 17:52:42,589] {logging_mixin.py:104} INFO - [2023-11-01 17:52:42,589] {dagbag.py:496} INFO - Filling up the DagBag from /home/airflow/.local/lib/python3.6/site-packages/airflow/example_dags/example_kubernetes_executor_config.py
[2023-11-01 17:52:42,596] {scheduler_job.py:643} INFO - DAG(s) dict_keys(['example_kubernetes_executor_config']) retrieved from /home/airflow/.local/lib/python3.6/site-packages/airflow/example_dags/example_kubernetes_executor_config.py
[2023-11-01 17:52:42,610] {logging_mixin.py:104} INFO - [2023-11-01 17:52:42,610] {dag.py:1833} INFO - Sync 1 DAGs
[2023-11-01 17:52:42,616] {logging_mixin.py:104} INFO - [2023-11-01 17:52:42,616] {dag.py:2306} INFO - Setting next_dagrun for example_kubernetes_executor_config to None
[2023-11-01 17:52:42,634] {scheduler_job.py:190} INFO - Processing /home/airflow/.local/lib/python3.6/site-packages/airflow/example_dags/example_kubernetes_executor_config.py took 0.048 seconds
[2023-11-01 17:53:12,678] {scheduler_job.py:182} INFO - Started process (PID=2143) to work on /home/airflow/.local/lib/python3.6/site-packages/airflow/example_dags/example_kubernetes_executor_config.py
[2023-11-01 17:53:12,679] {scheduler_job.py:633} INFO - Processing file /home/airflow/.local/lib/python3.6/site-packages/airflow/example_dags/example_kubernetes_executor_config.py for tasks to queue
[2023-11-01 17:53:12,679] {logging_mixin.py:104} INFO - [2023-11-01 17:53:12,679] {dagbag.py:496} INFO - Filling up the DagBag from /home/airflow/.local/lib/python3.6/site-packages/airflow/example_dags/example_kubernetes_executor_config.py
[2023-11-01 17:53:12,685] {scheduler_job.py:643} INFO - DAG(s) dict_keys(['example_kubernetes_executor_config']) retrieved from /home/airflow/.local/lib/python3.6/site-packages/airflow/example_dags/example_kubernetes_executor_config.py
[2023-11-01 17:53:12,700] {logging_mixin.py:104} INFO - [2023-11-01 17:53:12,700] {dag.py:1833} INFO - Sync 1 DAGs
[2023-11-01 17:53:12,708] {logging_mixin.py:104} INFO - [2023-11-01 17:53:12,708] {dag.py:2306} INFO - Setting next_dagrun for example_kubernetes_executor_config to None
[2023-11-01 17:53:12,720] {scheduler_job.py:190} INFO - Processing /home/airflow/.local/lib/python3.6/site-packages/airflow/example_dags/example_kubernetes_executor_config.py took 0.043 seconds
[2023-11-01 17:53:43,438] {scheduler_job.py:182} INFO - Started process (PID=2214) to work on /home/airflow/.local/lib/python3.6/site-packages/airflow/example_dags/example_kubernetes_executor_config.py
[2023-11-01 17:53:43,438] {scheduler_job.py:633} INFO - Processing file /home/airflow/.local/lib/python3.6/site-packages/airflow/example_dags/example_kubernetes_executor_config.py for tasks to queue
[2023-11-01 17:53:43,438] {logging_mixin.py:104} INFO - [2023-11-01 17:53:43,438] {dagbag.py:496} INFO - Filling up the DagBag from /home/airflow/.local/lib/python3.6/site-packages/airflow/example_dags/example_kubernetes_executor_config.py
[2023-11-01 17:53:43,445] {scheduler_job.py:643} INFO - DAG(s) dict_keys(['example_kubernetes_executor_config']) retrieved from /home/airflow/.local/lib/python3.6/site-packages/airflow/example_dags/example_kubernetes_executor_config.py
[2023-11-01 17:53:43,457] {logging_mixin.py:104} INFO - [2023-11-01 17:53:43,457] {dag.py:1833} INFO - Sync 1 DAGs
[2023-11-01 17:53:43,465] {logging_mixin.py:104} INFO - [2023-11-01 17:53:43,464] {dag.py:2306} INFO - Setting next_dagrun for example_kubernetes_executor_config to None
[2023-11-01 17:53:43,469] {scheduler_job.py:190} INFO - Processing /home/airflow/.local/lib/python3.6/site-packages/airflow/example_dags/example_kubernetes_executor_config.py took 0.032 seconds
[2023-11-01 17:54:14,232] {scheduler_job.py:182} INFO - Started process (PID=2295) to work on /home/airflow/.local/lib/python3.6/site-packages/airflow/example_dags/example_kubernetes_executor_config.py
[2023-11-01 17:54:14,233] {scheduler_job.py:633} INFO - Processing file /home/airflow/.local/lib/python3.6/site-packages/airflow/example_dags/example_kubernetes_executor_config.py for tasks to queue
[2023-11-01 17:54:14,233] {logging_mixin.py:104} INFO - [2023-11-01 17:54:14,233] {dagbag.py:496} INFO - Filling up the DagBag from /home/airflow/.local/lib/python3.6/site-packages/airflow/example_dags/example_kubernetes_executor_config.py
[2023-11-01 17:54:14,240] {scheduler_job.py:643} INFO - DAG(s) dict_keys(['example_kubernetes_executor_config']) retrieved from /home/airflow/.local/lib/python3.6/site-packages/airflow/example_dags/example_kubernetes_executor_config.py
[2023-11-01 17:54:14,255] {logging_mixin.py:104} INFO - [2023-11-01 17:54:14,255] {dag.py:1833} INFO - Sync 1 DAGs
[2023-11-01 17:54:14,262] {logging_mixin.py:104} INFO - [2023-11-01 17:54:14,262] {dag.py:2306} INFO - Setting next_dagrun for example_kubernetes_executor_config to None
[2023-11-01 17:54:14,267] {scheduler_job.py:190} INFO - Processing /home/airflow/.local/lib/python3.6/site-packages/airflow/example_dags/example_kubernetes_executor_config.py took 0.037 seconds
[2023-11-01 17:54:44,371] {scheduler_job.py:182} INFO - Started process (PID=2397) to work on /home/airflow/.local/lib/python3.6/site-packages/airflow/example_dags/example_kubernetes_executor_config.py
[2023-11-01 17:54:44,371] {scheduler_job.py:633} INFO - Processing file /home/airflow/.local/lib/python3.6/site-packages/airflow/example_dags/example_kubernetes_executor_config.py for tasks to queue
[2023-11-01 17:54:44,371] {logging_mixin.py:104} INFO - [2023-11-01 17:54:44,371] {dagbag.py:496} INFO - Filling up the DagBag from /home/airflow/.local/lib/python3.6/site-packages/airflow/example_dags/example_kubernetes_executor_config.py
[2023-11-01 17:54:44,378] {scheduler_job.py:643} INFO - DAG(s) dict_keys(['example_kubernetes_executor_config']) retrieved from /home/airflow/.local/lib/python3.6/site-packages/airflow/example_dags/example_kubernetes_executor_config.py
[2023-11-01 17:54:44,390] {logging_mixin.py:104} INFO - [2023-11-01 17:54:44,390] {dag.py:1833} INFO - Sync 1 DAGs
[2023-11-01 17:54:44,398] {logging_mixin.py:104} INFO - [2023-11-01 17:54:44,397] {dag.py:2306} INFO - Setting next_dagrun for example_kubernetes_executor_config to None
[2023-11-01 17:54:44,414] {scheduler_job.py:190} INFO - Processing /home/airflow/.local/lib/python3.6/site-packages/airflow/example_dags/example_kubernetes_executor_config.py took 0.044 seconds
[2023-11-01 17:55:14,521] {scheduler_job.py:182} INFO - Started process (PID=2478) to work on /home/airflow/.local/lib/python3.6/site-packages/airflow/example_dags/example_kubernetes_executor_config.py
[2023-11-01 17:55:14,521] {scheduler_job.py:633} INFO - Processing file /home/airflow/.local/lib/python3.6/site-packages/airflow/example_dags/example_kubernetes_executor_config.py for tasks to queue
[2023-11-01 17:55:14,521] {logging_mixin.py:104} INFO - [2023-11-01 17:55:14,521] {dagbag.py:496} INFO - Filling up the DagBag from /home/airflow/.local/lib/python3.6/site-packages/airflow/example_dags/example_kubernetes_executor_config.py
[2023-11-01 17:55:14,528] {scheduler_job.py:643} INFO - DAG(s) dict_keys(['example_kubernetes_executor_config']) retrieved from /home/airflow/.local/lib/python3.6/site-packages/airflow/example_dags/example_kubernetes_executor_config.py
[2023-11-01 17:55:14,539] {logging_mixin.py:104} INFO - [2023-11-01 17:55:14,538] {dag.py:1833} INFO - Sync 1 DAGs
[2023-11-01 17:55:14,545] {logging_mixin.py:104} INFO - [2023-11-01 17:55:14,545] {dag.py:2306} INFO - Setting next_dagrun for example_kubernetes_executor_config to None
[2023-11-01 17:55:14,563] {scheduler_job.py:190} INFO - Processing /home/airflow/.local/lib/python3.6/site-packages/airflow/example_dags/example_kubernetes_executor_config.py took 0.044 seconds
[2023-11-01 17:55:45,376] {scheduler_job.py:182} INFO - Started process (PID=2549) to work on /home/airflow/.local/lib/python3.6/site-packages/airflow/example_dags/example_kubernetes_executor_config.py
[2023-11-01 17:55:45,376] {scheduler_job.py:633} INFO - Processing file /home/airflow/.local/lib/python3.6/site-packages/airflow/example_dags/example_kubernetes_executor_config.py for tasks to queue
[2023-11-01 17:55:45,376] {logging_mixin.py:104} INFO - [2023-11-01 17:55:45,376] {dagbag.py:496} INFO - Filling up the DagBag from /home/airflow/.local/lib/python3.6/site-packages/airflow/example_dags/example_kubernetes_executor_config.py
[2023-11-01 17:55:45,383] {scheduler_job.py:643} INFO - DAG(s) dict_keys(['example_kubernetes_executor_config']) retrieved from /home/airflow/.local/lib/python3.6/site-packages/airflow/example_dags/example_kubernetes_executor_config.py
[2023-11-01 17:55:45,392] {logging_mixin.py:104} INFO - [2023-11-01 17:55:45,392] {dag.py:1833} INFO - Sync 1 DAGs
[2023-11-01 17:55:45,397] {logging_mixin.py:104} INFO - [2023-11-01 17:55:45,397] {dag.py:2306} INFO - Setting next_dagrun for example_kubernetes_executor_config to None
[2023-11-01 17:55:45,402] {scheduler_job.py:190} INFO - Processing /home/airflow/.local/lib/python3.6/site-packages/airflow/example_dags/example_kubernetes_executor_config.py took 0.028 seconds
[2023-11-01 17:56:16,189] {scheduler_job.py:182} INFO - Started process (PID=2630) to work on /home/airflow/.local/lib/python3.6/site-packages/airflow/example_dags/example_kubernetes_executor_config.py
[2023-11-01 17:56:16,190] {scheduler_job.py:633} INFO - Processing file /home/airflow/.local/lib/python3.6/site-packages/airflow/example_dags/example_kubernetes_executor_config.py for tasks to queue
[2023-11-01 17:56:16,190] {logging_mixin.py:104} INFO - [2023-11-01 17:56:16,190] {dagbag.py:496} INFO - Filling up the DagBag from /home/airflow/.local/lib/python3.6/site-packages/airflow/example_dags/example_kubernetes_executor_config.py
[2023-11-01 17:56:16,196] {scheduler_job.py:643} INFO - DAG(s) dict_keys(['example_kubernetes_executor_config']) retrieved from /home/airflow/.local/lib/python3.6/site-packages/airflow/example_dags/example_kubernetes_executor_config.py
[2023-11-01 17:56:16,210] {logging_mixin.py:104} INFO - [2023-11-01 17:56:16,210] {dag.py:1833} INFO - Sync 1 DAGs
[2023-11-01 17:56:16,215] {logging_mixin.py:104} INFO - [2023-11-01 17:56:16,215] {dag.py:2306} INFO - Setting next_dagrun for example_kubernetes_executor_config to None
[2023-11-01 17:56:16,230] {scheduler_job.py:190} INFO - Processing /home/airflow/.local/lib/python3.6/site-packages/airflow/example_dags/example_kubernetes_executor_config.py took 0.043 seconds
[2023-11-01 17:56:46,933] {scheduler_job.py:182} INFO - Started process (PID=2711) to work on /home/airflow/.local/lib/python3.6/site-packages/airflow/example_dags/example_kubernetes_executor_config.py
[2023-11-01 17:56:46,933] {scheduler_job.py:633} INFO - Processing file /home/airflow/.local/lib/python3.6/site-packages/airflow/example_dags/example_kubernetes_executor_config.py for tasks to queue
[2023-11-01 17:56:46,933] {logging_mixin.py:104} INFO - [2023-11-01 17:56:46,933] {dagbag.py:496} INFO - Filling up the DagBag from /home/airflow/.local/lib/python3.6/site-packages/airflow/example_dags/example_kubernetes_executor_config.py
[2023-11-01 17:56:46,940] {scheduler_job.py:643} INFO - DAG(s) dict_keys(['example_kubernetes_executor_config']) retrieved from /home/airflow/.local/lib/python3.6/site-packages/airflow/example_dags/example_kubernetes_executor_config.py
[2023-11-01 17:56:46,950] {logging_mixin.py:104} INFO - [2023-11-01 17:56:46,950] {dag.py:1833} INFO - Sync 1 DAGs
[2023-11-01 17:56:46,957] {logging_mixin.py:104} INFO - [2023-11-01 17:56:46,957] {dag.py:2306} INFO - Setting next_dagrun for example_kubernetes_executor_config to None
[2023-11-01 17:56:46,973] {scheduler_job.py:190} INFO - Processing /home/airflow/.local/lib/python3.6/site-packages/airflow/example_dags/example_kubernetes_executor_config.py took 0.042 seconds
[2023-11-01 17:57:17,756] {scheduler_job.py:182} INFO - Started process (PID=2792) to work on /home/airflow/.local/lib/python3.6/site-packages/airflow/example_dags/example_kubernetes_executor_config.py
[2023-11-01 17:57:17,757] {scheduler_job.py:633} INFO - Processing file /home/airflow/.local/lib/python3.6/site-packages/airflow/example_dags/example_kubernetes_executor_config.py for tasks to queue
[2023-11-01 17:57:17,757] {logging_mixin.py:104} INFO - [2023-11-01 17:57:17,757] {dagbag.py:496} INFO - Filling up the DagBag from /home/airflow/.local/lib/python3.6/site-packages/airflow/example_dags/example_kubernetes_executor_config.py
[2023-11-01 17:57:17,763] {scheduler_job.py:643} INFO - DAG(s) dict_keys(['example_kubernetes_executor_config']) retrieved from /home/airflow/.local/lib/python3.6/site-packages/airflow/example_dags/example_kubernetes_executor_config.py
[2023-11-01 17:57:17,775] {logging_mixin.py:104} INFO - [2023-11-01 17:57:17,775] {dag.py:1833} INFO - Sync 1 DAGs
[2023-11-01 17:57:17,782] {logging_mixin.py:104} INFO - [2023-11-01 17:57:17,782] {dag.py:2306} INFO - Setting next_dagrun for example_kubernetes_executor_config to None
[2023-11-01 17:57:17,797] {scheduler_job.py:190} INFO - Processing /home/airflow/.local/lib/python3.6/site-packages/airflow/example_dags/example_kubernetes_executor_config.py took 0.042 seconds
[2023-11-01 17:57:47,822] {scheduler_job.py:182} INFO - Started process (PID=2883) to work on /home/airflow/.local/lib/python3.6/site-packages/airflow/example_dags/example_kubernetes_executor_config.py
[2023-11-01 17:57:47,822] {scheduler_job.py:633} INFO - Processing file /home/airflow/.local/lib/python3.6/site-packages/airflow/example_dags/example_kubernetes_executor_config.py for tasks to queue
[2023-11-01 17:57:47,823] {logging_mixin.py:104} INFO - [2023-11-01 17:57:47,823] {dagbag.py:496} INFO - Filling up the DagBag from /home/airflow/.local/lib/python3.6/site-packages/airflow/example_dags/example_kubernetes_executor_config.py
[2023-11-01 17:57:47,831] {scheduler_job.py:643} INFO - DAG(s) dict_keys(['example_kubernetes_executor_config']) retrieved from /home/airflow/.local/lib/python3.6/site-packages/airflow/example_dags/example_kubernetes_executor_config.py
[2023-11-01 17:57:47,842] {logging_mixin.py:104} INFO - [2023-11-01 17:57:47,842] {dag.py:1833} INFO - Sync 1 DAGs
[2023-11-01 17:57:47,849] {logging_mixin.py:104} INFO - [2023-11-01 17:57:47,849] {dag.py:2306} INFO - Setting next_dagrun for example_kubernetes_executor_config to None
[2023-11-01 17:57:47,853] {scheduler_job.py:190} INFO - Processing /home/airflow/.local/lib/python3.6/site-packages/airflow/example_dags/example_kubernetes_executor_config.py took 0.032 seconds
[2023-11-01 17:58:18,691] {scheduler_job.py:182} INFO - Started process (PID=2945) to work on /home/airflow/.local/lib/python3.6/site-packages/airflow/example_dags/example_kubernetes_executor_config.py
[2023-11-01 17:58:18,692] {scheduler_job.py:633} INFO - Processing file /home/airflow/.local/lib/python3.6/site-packages/airflow/example_dags/example_kubernetes_executor_config.py for tasks to queue
[2023-11-01 17:58:18,692] {logging_mixin.py:104} INFO - [2023-11-01 17:58:18,692] {dagbag.py:496} INFO - Filling up the DagBag from /home/airflow/.local/lib/python3.6/site-packages/airflow/example_dags/example_kubernetes_executor_config.py
[2023-11-01 17:58:18,700] {scheduler_job.py:643} INFO - DAG(s) dict_keys(['example_kubernetes_executor_config']) retrieved from /home/airflow/.local/lib/python3.6/site-packages/airflow/example_dags/example_kubernetes_executor_config.py
[2023-11-01 17:58:18,722] {logging_mixin.py:104} INFO - [2023-11-01 17:58:18,722] {dag.py:1833} INFO - Sync 1 DAGs
[2023-11-01 17:58:18,742] {logging_mixin.py:104} INFO - [2023-11-01 17:58:18,742] {dag.py:2306} INFO - Setting next_dagrun for example_kubernetes_executor_config to None
[2023-11-01 17:58:18,763] {scheduler_job.py:190} INFO - Processing /home/airflow/.local/lib/python3.6/site-packages/airflow/example_dags/example_kubernetes_executor_config.py took 0.073 seconds
[2023-11-01 17:58:48,854] {scheduler_job.py:182} INFO - Started process (PID=3045) to work on /home/airflow/.local/lib/python3.6/site-packages/airflow/example_dags/example_kubernetes_executor_config.py
[2023-11-01 17:58:48,855] {scheduler_job.py:633} INFO - Processing file /home/airflow/.local/lib/python3.6/site-packages/airflow/example_dags/example_kubernetes_executor_config.py for tasks to queue
[2023-11-01 17:58:48,855] {logging_mixin.py:104} INFO - [2023-11-01 17:58:48,855] {dagbag.py:496} INFO - Filling up the DagBag from /home/airflow/.local/lib/python3.6/site-packages/airflow/example_dags/example_kubernetes_executor_config.py
[2023-11-01 17:58:48,861] {scheduler_job.py:643} INFO - DAG(s) dict_keys(['example_kubernetes_executor_config']) retrieved from /home/airflow/.local/lib/python3.6/site-packages/airflow/example_dags/example_kubernetes_executor_config.py
[2023-11-01 17:58:48,871] {logging_mixin.py:104} INFO - [2023-11-01 17:58:48,871] {dag.py:1833} INFO - Sync 1 DAGs
[2023-11-01 17:58:48,877] {logging_mixin.py:104} INFO - [2023-11-01 17:58:48,877] {dag.py:2306} INFO - Setting next_dagrun for example_kubernetes_executor_config to None
[2023-11-01 17:58:48,894] {scheduler_job.py:190} INFO - Processing /home/airflow/.local/lib/python3.6/site-packages/airflow/example_dags/example_kubernetes_executor_config.py took 0.041 seconds
[2023-11-01 17:59:18,929] {scheduler_job.py:182} INFO - Started process (PID=3146) to work on /home/airflow/.local/lib/python3.6/site-packages/airflow/example_dags/example_kubernetes_executor_config.py
[2023-11-01 17:59:18,931] {scheduler_job.py:633} INFO - Processing file /home/airflow/.local/lib/python3.6/site-packages/airflow/example_dags/example_kubernetes_executor_config.py for tasks to queue
[2023-11-01 17:59:18,931] {logging_mixin.py:104} INFO - [2023-11-01 17:59:18,931] {dagbag.py:496} INFO - Filling up the DagBag from /home/airflow/.local/lib/python3.6/site-packages/airflow/example_dags/example_kubernetes_executor_config.py
[2023-11-01 17:59:18,937] {scheduler_job.py:643} INFO - DAG(s) dict_keys(['example_kubernetes_executor_config']) retrieved from /home/airflow/.local/lib/python3.6/site-packages/airflow/example_dags/example_kubernetes_executor_config.py
[2023-11-01 17:59:18,948] {logging_mixin.py:104} INFO - [2023-11-01 17:59:18,948] {dag.py:1833} INFO - Sync 1 DAGs
[2023-11-01 17:59:18,956] {logging_mixin.py:104} INFO - [2023-11-01 17:59:18,956] {dag.py:2306} INFO - Setting next_dagrun for example_kubernetes_executor_config to None
[2023-11-01 17:59:18,960] {scheduler_job.py:190} INFO - Processing /home/airflow/.local/lib/python3.6/site-packages/airflow/example_dags/example_kubernetes_executor_config.py took 0.032 seconds
[2023-11-01 17:59:49,796] {scheduler_job.py:182} INFO - Started process (PID=3225) to work on /home/airflow/.local/lib/python3.6/site-packages/airflow/example_dags/example_kubernetes_executor_config.py
[2023-11-01 17:59:49,796] {scheduler_job.py:633} INFO - Processing file /home/airflow/.local/lib/python3.6/site-packages/airflow/example_dags/example_kubernetes_executor_config.py for tasks to queue
[2023-11-01 17:59:49,796] {logging_mixin.py:104} INFO - [2023-11-01 17:59:49,796] {dagbag.py:496} INFO - Filling up the DagBag from /home/airflow/.local/lib/python3.6/site-packages/airflow/example_dags/example_kubernetes_executor_config.py
[2023-11-01 17:59:49,802] {scheduler_job.py:643} INFO - DAG(s) dict_keys(['example_kubernetes_executor_config']) retrieved from /home/airflow/.local/lib/python3.6/site-packages/airflow/example_dags/example_kubernetes_executor_config.py
[2023-11-01 17:59:49,813] {logging_mixin.py:104} INFO - [2023-11-01 17:59:49,813] {dag.py:1833} INFO - Sync 1 DAGs
[2023-11-01 17:59:49,821] {logging_mixin.py:104} INFO - [2023-11-01 17:59:49,821] {dag.py:2306} INFO - Setting next_dagrun for example_kubernetes_executor_config to None
[2023-11-01 17:59:49,825] {scheduler_job.py:190} INFO - Processing /home/airflow/.local/lib/python3.6/site-packages/airflow/example_dags/example_kubernetes_executor_config.py took 0.031 seconds
[2023-11-01 18:00:20,610] {scheduler_job.py:182} INFO - Started process (PID=3297) to work on /home/airflow/.local/lib/python3.6/site-packages/airflow/example_dags/example_kubernetes_executor_config.py
[2023-11-01 18:00:20,610] {scheduler_job.py:633} INFO - Processing file /home/airflow/.local/lib/python3.6/site-packages/airflow/example_dags/example_kubernetes_executor_config.py for tasks to queue
[2023-11-01 18:00:20,610] {logging_mixin.py:104} INFO - [2023-11-01 18:00:20,610] {dagbag.py:496} INFO - Filling up the DagBag from /home/airflow/.local/lib/python3.6/site-packages/airflow/example_dags/example_kubernetes_executor_config.py
[2023-11-01 18:00:20,616] {scheduler_job.py:643} INFO - DAG(s) dict_keys(['example_kubernetes_executor_config']) retrieved from /home/airflow/.local/lib/python3.6/site-packages/airflow/example_dags/example_kubernetes_executor_config.py
[2023-11-01 18:00:20,626] {logging_mixin.py:104} INFO - [2023-11-01 18:00:20,626] {dag.py:1833} INFO - Sync 1 DAGs
[2023-11-01 18:00:20,632] {logging_mixin.py:104} INFO - [2023-11-01 18:00:20,632] {dag.py:2306} INFO - Setting next_dagrun for example_kubernetes_executor_config to None
[2023-11-01 18:00:20,638] {scheduler_job.py:190} INFO - Processing /home/airflow/.local/lib/python3.6/site-packages/airflow/example_dags/example_kubernetes_executor_config.py took 0.029 seconds
