[2023-11-01 17:42:15,570] {scheduler_job.py:182} INFO - Started process (PID=116) to work on /home/airflow/.local/lib/python3.6/site-packages/airflow/example_dags/example_python_operator.py
[2023-11-01 17:42:15,571] {scheduler_job.py:633} INFO - Processing file /home/airflow/.local/lib/python3.6/site-packages/airflow/example_dags/example_python_operator.py for tasks to queue
[2023-11-01 17:42:15,571] {logging_mixin.py:104} INFO - [2023-11-01 17:42:15,571] {dagbag.py:496} INFO - Filling up the DagBag from /home/airflow/.local/lib/python3.6/site-packages/airflow/example_dags/example_python_operator.py
[2023-11-01 17:42:15,578] {scheduler_job.py:643} INFO - DAG(s) dict_keys(['example_python_operator']) retrieved from /home/airflow/.local/lib/python3.6/site-packages/airflow/example_dags/example_python_operator.py
[2023-11-01 17:42:16,982] {logging_mixin.py:104} INFO - [2023-11-01 17:42:16,982] {dag.py:1833} INFO - Sync 1 DAGs
[2023-11-01 17:42:16,988] {logging_mixin.py:104} INFO - [2023-11-01 17:42:16,988] {dag.py:1852} INFO - Creating ORM DAG for example_python_operator
[2023-11-01 17:42:16,991] {logging_mixin.py:104} INFO - [2023-11-01 17:42:16,991] {dag.py:2306} INFO - Setting next_dagrun for example_python_operator to None
[2023-11-01 17:42:16,998] {scheduler_job.py:190} INFO - Processing /home/airflow/.local/lib/python3.6/site-packages/airflow/example_dags/example_python_operator.py took 1.429 seconds
[2023-11-01 17:42:47,735] {scheduler_job.py:182} INFO - Started process (PID=697) to work on /home/airflow/.local/lib/python3.6/site-packages/airflow/example_dags/example_python_operator.py
[2023-11-01 17:42:47,735] {scheduler_job.py:633} INFO - Processing file /home/airflow/.local/lib/python3.6/site-packages/airflow/example_dags/example_python_operator.py for tasks to queue
[2023-11-01 17:42:47,735] {logging_mixin.py:104} INFO - [2023-11-01 17:42:47,735] {dagbag.py:496} INFO - Filling up the DagBag from /home/airflow/.local/lib/python3.6/site-packages/airflow/example_dags/example_python_operator.py
[2023-11-01 17:42:47,741] {scheduler_job.py:643} INFO - DAG(s) dict_keys(['example_python_operator']) retrieved from /home/airflow/.local/lib/python3.6/site-packages/airflow/example_dags/example_python_operator.py
[2023-11-01 17:42:47,753] {logging_mixin.py:104} INFO - [2023-11-01 17:42:47,753] {dag.py:1833} INFO - Sync 1 DAGs
[2023-11-01 17:42:47,759] {logging_mixin.py:104} INFO - [2023-11-01 17:42:47,759] {dag.py:2306} INFO - Setting next_dagrun for example_python_operator to None
[2023-11-01 17:42:47,766] {scheduler_job.py:190} INFO - Processing /home/airflow/.local/lib/python3.6/site-packages/airflow/example_dags/example_python_operator.py took 0.033 seconds
[2023-11-01 17:43:18,386] {scheduler_job.py:182} INFO - Started process (PID=758) to work on /home/airflow/.local/lib/python3.6/site-packages/airflow/example_dags/example_python_operator.py
[2023-11-01 17:43:18,387] {scheduler_job.py:633} INFO - Processing file /home/airflow/.local/lib/python3.6/site-packages/airflow/example_dags/example_python_operator.py for tasks to queue
[2023-11-01 17:43:18,387] {logging_mixin.py:104} INFO - [2023-11-01 17:43:18,387] {dagbag.py:496} INFO - Filling up the DagBag from /home/airflow/.local/lib/python3.6/site-packages/airflow/example_dags/example_python_operator.py
[2023-11-01 17:43:18,392] {scheduler_job.py:643} INFO - DAG(s) dict_keys(['example_python_operator']) retrieved from /home/airflow/.local/lib/python3.6/site-packages/airflow/example_dags/example_python_operator.py
[2023-11-01 17:43:18,403] {logging_mixin.py:104} INFO - [2023-11-01 17:43:18,403] {dag.py:1833} INFO - Sync 1 DAGs
[2023-11-01 17:43:18,409] {logging_mixin.py:104} INFO - [2023-11-01 17:43:18,409] {dag.py:2306} INFO - Setting next_dagrun for example_python_operator to None
[2023-11-01 17:43:18,415] {scheduler_job.py:190} INFO - Processing /home/airflow/.local/lib/python3.6/site-packages/airflow/example_dags/example_python_operator.py took 0.030 seconds
[2023-11-01 17:43:49,021] {scheduler_job.py:182} INFO - Started process (PID=819) to work on /home/airflow/.local/lib/python3.6/site-packages/airflow/example_dags/example_python_operator.py
[2023-11-01 17:43:49,022] {scheduler_job.py:633} INFO - Processing file /home/airflow/.local/lib/python3.6/site-packages/airflow/example_dags/example_python_operator.py for tasks to queue
[2023-11-01 17:43:49,022] {logging_mixin.py:104} INFO - [2023-11-01 17:43:49,022] {dagbag.py:496} INFO - Filling up the DagBag from /home/airflow/.local/lib/python3.6/site-packages/airflow/example_dags/example_python_operator.py
[2023-11-01 17:43:49,028] {scheduler_job.py:643} INFO - DAG(s) dict_keys(['example_python_operator']) retrieved from /home/airflow/.local/lib/python3.6/site-packages/airflow/example_dags/example_python_operator.py
[2023-11-01 17:43:49,044] {logging_mixin.py:104} INFO - [2023-11-01 17:43:49,044] {dag.py:1833} INFO - Sync 1 DAGs
[2023-11-01 17:43:49,056] {logging_mixin.py:104} INFO - [2023-11-01 17:43:49,055] {dag.py:2306} INFO - Setting next_dagrun for example_python_operator to None
[2023-11-01 17:43:49,073] {scheduler_job.py:190} INFO - Processing /home/airflow/.local/lib/python3.6/site-packages/airflow/example_dags/example_python_operator.py took 0.053 seconds
[2023-11-01 17:44:19,853] {scheduler_job.py:182} INFO - Started process (PID=875) to work on /home/airflow/.local/lib/python3.6/site-packages/airflow/example_dags/example_python_operator.py
[2023-11-01 17:44:19,853] {scheduler_job.py:633} INFO - Processing file /home/airflow/.local/lib/python3.6/site-packages/airflow/example_dags/example_python_operator.py for tasks to queue
[2023-11-01 17:44:19,854] {logging_mixin.py:104} INFO - [2023-11-01 17:44:19,853] {dagbag.py:496} INFO - Filling up the DagBag from /home/airflow/.local/lib/python3.6/site-packages/airflow/example_dags/example_python_operator.py
[2023-11-01 17:44:19,860] {scheduler_job.py:643} INFO - DAG(s) dict_keys(['example_python_operator']) retrieved from /home/airflow/.local/lib/python3.6/site-packages/airflow/example_dags/example_python_operator.py
[2023-11-01 17:44:19,872] {logging_mixin.py:104} INFO - [2023-11-01 17:44:19,872] {dag.py:1833} INFO - Sync 1 DAGs
[2023-11-01 17:44:19,879] {logging_mixin.py:104} INFO - [2023-11-01 17:44:19,879] {dag.py:2306} INFO - Setting next_dagrun for example_python_operator to None
[2023-11-01 17:44:19,886] {scheduler_job.py:190} INFO - Processing /home/airflow/.local/lib/python3.6/site-packages/airflow/example_dags/example_python_operator.py took 0.035 seconds
[2023-11-01 17:44:50,541] {scheduler_job.py:182} INFO - Started process (PID=930) to work on /home/airflow/.local/lib/python3.6/site-packages/airflow/example_dags/example_python_operator.py
[2023-11-01 17:44:50,541] {scheduler_job.py:633} INFO - Processing file /home/airflow/.local/lib/python3.6/site-packages/airflow/example_dags/example_python_operator.py for tasks to queue
[2023-11-01 17:44:50,541] {logging_mixin.py:104} INFO - [2023-11-01 17:44:50,541] {dagbag.py:496} INFO - Filling up the DagBag from /home/airflow/.local/lib/python3.6/site-packages/airflow/example_dags/example_python_operator.py
[2023-11-01 17:44:50,547] {scheduler_job.py:643} INFO - DAG(s) dict_keys(['example_python_operator']) retrieved from /home/airflow/.local/lib/python3.6/site-packages/airflow/example_dags/example_python_operator.py
[2023-11-01 17:44:50,560] {logging_mixin.py:104} INFO - [2023-11-01 17:44:50,560] {dag.py:1833} INFO - Sync 1 DAGs
[2023-11-01 17:44:50,568] {logging_mixin.py:104} INFO - [2023-11-01 17:44:50,568] {dag.py:2306} INFO - Setting next_dagrun for example_python_operator to None
[2023-11-01 17:44:50,573] {scheduler_job.py:190} INFO - Processing /home/airflow/.local/lib/python3.6/site-packages/airflow/example_dags/example_python_operator.py took 0.034 seconds
[2023-11-01 17:45:21,170] {scheduler_job.py:182} INFO - Started process (PID=991) to work on /home/airflow/.local/lib/python3.6/site-packages/airflow/example_dags/example_python_operator.py
[2023-11-01 17:45:21,171] {scheduler_job.py:633} INFO - Processing file /home/airflow/.local/lib/python3.6/site-packages/airflow/example_dags/example_python_operator.py for tasks to queue
[2023-11-01 17:45:21,171] {logging_mixin.py:104} INFO - [2023-11-01 17:45:21,171] {dagbag.py:496} INFO - Filling up the DagBag from /home/airflow/.local/lib/python3.6/site-packages/airflow/example_dags/example_python_operator.py
[2023-11-01 17:45:21,176] {scheduler_job.py:643} INFO - DAG(s) dict_keys(['example_python_operator']) retrieved from /home/airflow/.local/lib/python3.6/site-packages/airflow/example_dags/example_python_operator.py
[2023-11-01 17:45:21,187] {logging_mixin.py:104} INFO - [2023-11-01 17:45:21,187] {dag.py:1833} INFO - Sync 1 DAGs
[2023-11-01 17:45:21,193] {logging_mixin.py:104} INFO - [2023-11-01 17:45:21,193] {dag.py:2306} INFO - Setting next_dagrun for example_python_operator to None
[2023-11-01 17:45:21,210] {scheduler_job.py:190} INFO - Processing /home/airflow/.local/lib/python3.6/site-packages/airflow/example_dags/example_python_operator.py took 0.041 seconds
[2023-11-01 17:45:51,915] {scheduler_job.py:182} INFO - Started process (PID=1052) to work on /home/airflow/.local/lib/python3.6/site-packages/airflow/example_dags/example_python_operator.py
[2023-11-01 17:45:51,916] {scheduler_job.py:633} INFO - Processing file /home/airflow/.local/lib/python3.6/site-packages/airflow/example_dags/example_python_operator.py for tasks to queue
[2023-11-01 17:45:51,916] {logging_mixin.py:104} INFO - [2023-11-01 17:45:51,916] {dagbag.py:496} INFO - Filling up the DagBag from /home/airflow/.local/lib/python3.6/site-packages/airflow/example_dags/example_python_operator.py
[2023-11-01 17:45:51,921] {scheduler_job.py:643} INFO - DAG(s) dict_keys(['example_python_operator']) retrieved from /home/airflow/.local/lib/python3.6/site-packages/airflow/example_dags/example_python_operator.py
[2023-11-01 17:45:51,934] {logging_mixin.py:104} INFO - [2023-11-01 17:45:51,934] {dag.py:1833} INFO - Sync 1 DAGs
[2023-11-01 17:45:51,941] {logging_mixin.py:104} INFO - [2023-11-01 17:45:51,941] {dag.py:2306} INFO - Setting next_dagrun for example_python_operator to None
[2023-11-01 17:45:51,958] {scheduler_job.py:190} INFO - Processing /home/airflow/.local/lib/python3.6/site-packages/airflow/example_dags/example_python_operator.py took 0.044 seconds
[2023-11-01 17:46:22,628] {scheduler_job.py:182} INFO - Started process (PID=1113) to work on /home/airflow/.local/lib/python3.6/site-packages/airflow/example_dags/example_python_operator.py
[2023-11-01 17:46:22,628] {scheduler_job.py:633} INFO - Processing file /home/airflow/.local/lib/python3.6/site-packages/airflow/example_dags/example_python_operator.py for tasks to queue
[2023-11-01 17:46:22,629] {logging_mixin.py:104} INFO - [2023-11-01 17:46:22,629] {dagbag.py:496} INFO - Filling up the DagBag from /home/airflow/.local/lib/python3.6/site-packages/airflow/example_dags/example_python_operator.py
[2023-11-01 17:46:22,637] {scheduler_job.py:643} INFO - DAG(s) dict_keys(['example_python_operator']) retrieved from /home/airflow/.local/lib/python3.6/site-packages/airflow/example_dags/example_python_operator.py
[2023-11-01 17:46:22,653] {logging_mixin.py:104} INFO - [2023-11-01 17:46:22,653] {dag.py:1833} INFO - Sync 1 DAGs
[2023-11-01 17:46:22,665] {logging_mixin.py:104} INFO - [2023-11-01 17:46:22,665] {dag.py:2306} INFO - Setting next_dagrun for example_python_operator to None
[2023-11-01 17:46:22,682] {scheduler_job.py:190} INFO - Processing /home/airflow/.local/lib/python3.6/site-packages/airflow/example_dags/example_python_operator.py took 0.057 seconds
[2023-11-01 17:46:53,383] {scheduler_job.py:182} INFO - Started process (PID=1164) to work on /home/airflow/.local/lib/python3.6/site-packages/airflow/example_dags/example_python_operator.py
[2023-11-01 17:46:53,383] {scheduler_job.py:633} INFO - Processing file /home/airflow/.local/lib/python3.6/site-packages/airflow/example_dags/example_python_operator.py for tasks to queue
[2023-11-01 17:46:53,384] {logging_mixin.py:104} INFO - [2023-11-01 17:46:53,383] {dagbag.py:496} INFO - Filling up the DagBag from /home/airflow/.local/lib/python3.6/site-packages/airflow/example_dags/example_python_operator.py
[2023-11-01 17:46:53,389] {scheduler_job.py:643} INFO - DAG(s) dict_keys(['example_python_operator']) retrieved from /home/airflow/.local/lib/python3.6/site-packages/airflow/example_dags/example_python_operator.py
[2023-11-01 17:46:53,401] {logging_mixin.py:104} INFO - [2023-11-01 17:46:53,401] {dag.py:1833} INFO - Sync 1 DAGs
[2023-11-01 17:46:53,407] {logging_mixin.py:104} INFO - [2023-11-01 17:46:53,407] {dag.py:2306} INFO - Setting next_dagrun for example_python_operator to None
[2023-11-01 17:46:53,412] {scheduler_job.py:190} INFO - Processing /home/airflow/.local/lib/python3.6/site-packages/airflow/example_dags/example_python_operator.py took 0.030 seconds
[2023-11-01 17:47:23,971] {scheduler_job.py:182} INFO - Started process (PID=1244) to work on /home/airflow/.local/lib/python3.6/site-packages/airflow/example_dags/example_python_operator.py
[2023-11-01 17:47:23,971] {scheduler_job.py:633} INFO - Processing file /home/airflow/.local/lib/python3.6/site-packages/airflow/example_dags/example_python_operator.py for tasks to queue
[2023-11-01 17:47:23,971] {logging_mixin.py:104} INFO - [2023-11-01 17:47:23,971] {dagbag.py:496} INFO - Filling up the DagBag from /home/airflow/.local/lib/python3.6/site-packages/airflow/example_dags/example_python_operator.py
[2023-11-01 17:47:23,977] {scheduler_job.py:643} INFO - DAG(s) dict_keys(['example_python_operator']) retrieved from /home/airflow/.local/lib/python3.6/site-packages/airflow/example_dags/example_python_operator.py
[2023-11-01 17:47:23,987] {logging_mixin.py:104} INFO - [2023-11-01 17:47:23,987] {dag.py:1833} INFO - Sync 1 DAGs
[2023-11-01 17:47:23,993] {logging_mixin.py:104} INFO - [2023-11-01 17:47:23,993] {dag.py:2306} INFO - Setting next_dagrun for example_python_operator to None
[2023-11-01 17:47:24,011] {scheduler_job.py:190} INFO - Processing /home/airflow/.local/lib/python3.6/site-packages/airflow/example_dags/example_python_operator.py took 0.042 seconds
[2023-11-01 17:47:54,681] {scheduler_job.py:182} INFO - Started process (PID=1324) to work on /home/airflow/.local/lib/python3.6/site-packages/airflow/example_dags/example_python_operator.py
[2023-11-01 17:47:54,681] {scheduler_job.py:633} INFO - Processing file /home/airflow/.local/lib/python3.6/site-packages/airflow/example_dags/example_python_operator.py for tasks to queue
[2023-11-01 17:47:54,682] {logging_mixin.py:104} INFO - [2023-11-01 17:47:54,682] {dagbag.py:496} INFO - Filling up the DagBag from /home/airflow/.local/lib/python3.6/site-packages/airflow/example_dags/example_python_operator.py
[2023-11-01 17:47:54,687] {scheduler_job.py:643} INFO - DAG(s) dict_keys(['example_python_operator']) retrieved from /home/airflow/.local/lib/python3.6/site-packages/airflow/example_dags/example_python_operator.py
[2023-11-01 17:47:54,698] {logging_mixin.py:104} INFO - [2023-11-01 17:47:54,698] {dag.py:1833} INFO - Sync 1 DAGs
[2023-11-01 17:47:54,704] {logging_mixin.py:104} INFO - [2023-11-01 17:47:54,704] {dag.py:2306} INFO - Setting next_dagrun for example_python_operator to None
[2023-11-01 17:47:54,719] {scheduler_job.py:190} INFO - Processing /home/airflow/.local/lib/python3.6/site-packages/airflow/example_dags/example_python_operator.py took 0.039 seconds
[2023-11-01 17:48:25,391] {scheduler_job.py:182} INFO - Started process (PID=1405) to work on /home/airflow/.local/lib/python3.6/site-packages/airflow/example_dags/example_python_operator.py
[2023-11-01 17:48:25,391] {scheduler_job.py:633} INFO - Processing file /home/airflow/.local/lib/python3.6/site-packages/airflow/example_dags/example_python_operator.py for tasks to queue
[2023-11-01 17:48:25,391] {logging_mixin.py:104} INFO - [2023-11-01 17:48:25,391] {dagbag.py:496} INFO - Filling up the DagBag from /home/airflow/.local/lib/python3.6/site-packages/airflow/example_dags/example_python_operator.py
[2023-11-01 17:48:25,396] {scheduler_job.py:643} INFO - DAG(s) dict_keys(['example_python_operator']) retrieved from /home/airflow/.local/lib/python3.6/site-packages/airflow/example_dags/example_python_operator.py
[2023-11-01 17:48:25,408] {logging_mixin.py:104} INFO - [2023-11-01 17:48:25,408] {dag.py:1833} INFO - Sync 1 DAGs
[2023-11-01 17:48:25,415] {logging_mixin.py:104} INFO - [2023-11-01 17:48:25,415] {dag.py:2306} INFO - Setting next_dagrun for example_python_operator to None
[2023-11-01 17:48:25,419] {scheduler_job.py:190} INFO - Processing /home/airflow/.local/lib/python3.6/site-packages/airflow/example_dags/example_python_operator.py took 0.030 seconds
[2023-11-01 17:48:56,094] {scheduler_job.py:182} INFO - Started process (PID=1483) to work on /home/airflow/.local/lib/python3.6/site-packages/airflow/example_dags/example_python_operator.py
[2023-11-01 17:48:56,095] {scheduler_job.py:633} INFO - Processing file /home/airflow/.local/lib/python3.6/site-packages/airflow/example_dags/example_python_operator.py for tasks to queue
[2023-11-01 17:48:56,095] {logging_mixin.py:104} INFO - [2023-11-01 17:48:56,095] {dagbag.py:496} INFO - Filling up the DagBag from /home/airflow/.local/lib/python3.6/site-packages/airflow/example_dags/example_python_operator.py
[2023-11-01 17:48:56,100] {scheduler_job.py:643} INFO - DAG(s) dict_keys(['example_python_operator']) retrieved from /home/airflow/.local/lib/python3.6/site-packages/airflow/example_dags/example_python_operator.py
[2023-11-01 17:48:56,113] {logging_mixin.py:104} INFO - [2023-11-01 17:48:56,113] {dag.py:1833} INFO - Sync 1 DAGs
[2023-11-01 17:48:56,119] {logging_mixin.py:104} INFO - [2023-11-01 17:48:56,119] {dag.py:2306} INFO - Setting next_dagrun for example_python_operator to None
[2023-11-01 17:48:56,134] {scheduler_job.py:190} INFO - Processing /home/airflow/.local/lib/python3.6/site-packages/airflow/example_dags/example_python_operator.py took 0.042 seconds
[2023-11-01 17:49:26,739] {scheduler_job.py:182} INFO - Started process (PID=1556) to work on /home/airflow/.local/lib/python3.6/site-packages/airflow/example_dags/example_python_operator.py
[2023-11-01 17:49:26,739] {scheduler_job.py:633} INFO - Processing file /home/airflow/.local/lib/python3.6/site-packages/airflow/example_dags/example_python_operator.py for tasks to queue
[2023-11-01 17:49:26,739] {logging_mixin.py:104} INFO - [2023-11-01 17:49:26,739] {dagbag.py:496} INFO - Filling up the DagBag from /home/airflow/.local/lib/python3.6/site-packages/airflow/example_dags/example_python_operator.py
[2023-11-01 17:49:26,744] {scheduler_job.py:643} INFO - DAG(s) dict_keys(['example_python_operator']) retrieved from /home/airflow/.local/lib/python3.6/site-packages/airflow/example_dags/example_python_operator.py
[2023-11-01 17:49:26,754] {logging_mixin.py:104} INFO - [2023-11-01 17:49:26,754] {dag.py:1833} INFO - Sync 1 DAGs
[2023-11-01 17:49:26,761] {logging_mixin.py:104} INFO - [2023-11-01 17:49:26,761] {dag.py:2306} INFO - Setting next_dagrun for example_python_operator to None
[2023-11-01 17:49:26,778] {scheduler_job.py:190} INFO - Processing /home/airflow/.local/lib/python3.6/site-packages/airflow/example_dags/example_python_operator.py took 0.041 seconds
[2023-11-01 17:49:57,516] {scheduler_job.py:182} INFO - Started process (PID=1637) to work on /home/airflow/.local/lib/python3.6/site-packages/airflow/example_dags/example_python_operator.py
[2023-11-01 17:49:57,516] {scheduler_job.py:633} INFO - Processing file /home/airflow/.local/lib/python3.6/site-packages/airflow/example_dags/example_python_operator.py for tasks to queue
[2023-11-01 17:49:57,517] {logging_mixin.py:104} INFO - [2023-11-01 17:49:57,517] {dagbag.py:496} INFO - Filling up the DagBag from /home/airflow/.local/lib/python3.6/site-packages/airflow/example_dags/example_python_operator.py
[2023-11-01 17:49:57,522] {scheduler_job.py:643} INFO - DAG(s) dict_keys(['example_python_operator']) retrieved from /home/airflow/.local/lib/python3.6/site-packages/airflow/example_dags/example_python_operator.py
[2023-11-01 17:49:57,532] {logging_mixin.py:104} INFO - [2023-11-01 17:49:57,532] {dag.py:1833} INFO - Sync 1 DAGs
[2023-11-01 17:49:57,538] {logging_mixin.py:104} INFO - [2023-11-01 17:49:57,538] {dag.py:2306} INFO - Setting next_dagrun for example_python_operator to None
[2023-11-01 17:49:57,544] {scheduler_job.py:190} INFO - Processing /home/airflow/.local/lib/python3.6/site-packages/airflow/example_dags/example_python_operator.py took 0.030 seconds
[2023-11-01 17:50:28,148] {scheduler_job.py:182} INFO - Started process (PID=1717) to work on /home/airflow/.local/lib/python3.6/site-packages/airflow/example_dags/example_python_operator.py
[2023-11-01 17:50:28,149] {scheduler_job.py:633} INFO - Processing file /home/airflow/.local/lib/python3.6/site-packages/airflow/example_dags/example_python_operator.py for tasks to queue
[2023-11-01 17:50:28,149] {logging_mixin.py:104} INFO - [2023-11-01 17:50:28,149] {dagbag.py:496} INFO - Filling up the DagBag from /home/airflow/.local/lib/python3.6/site-packages/airflow/example_dags/example_python_operator.py
[2023-11-01 17:50:28,154] {scheduler_job.py:643} INFO - DAG(s) dict_keys(['example_python_operator']) retrieved from /home/airflow/.local/lib/python3.6/site-packages/airflow/example_dags/example_python_operator.py
[2023-11-01 17:50:28,166] {logging_mixin.py:104} INFO - [2023-11-01 17:50:28,165] {dag.py:1833} INFO - Sync 1 DAGs
[2023-11-01 17:50:28,172] {logging_mixin.py:104} INFO - [2023-11-01 17:50:28,172] {dag.py:2306} INFO - Setting next_dagrun for example_python_operator to None
[2023-11-01 17:50:28,187] {scheduler_job.py:190} INFO - Processing /home/airflow/.local/lib/python3.6/site-packages/airflow/example_dags/example_python_operator.py took 0.040 seconds
[2023-11-01 17:50:58,868] {scheduler_job.py:182} INFO - Started process (PID=1798) to work on /home/airflow/.local/lib/python3.6/site-packages/airflow/example_dags/example_python_operator.py
[2023-11-01 17:50:58,869] {scheduler_job.py:633} INFO - Processing file /home/airflow/.local/lib/python3.6/site-packages/airflow/example_dags/example_python_operator.py for tasks to queue
[2023-11-01 17:50:58,869] {logging_mixin.py:104} INFO - [2023-11-01 17:50:58,869] {dagbag.py:496} INFO - Filling up the DagBag from /home/airflow/.local/lib/python3.6/site-packages/airflow/example_dags/example_python_operator.py
[2023-11-01 17:50:58,874] {scheduler_job.py:643} INFO - DAG(s) dict_keys(['example_python_operator']) retrieved from /home/airflow/.local/lib/python3.6/site-packages/airflow/example_dags/example_python_operator.py
[2023-11-01 17:50:58,884] {logging_mixin.py:104} INFO - [2023-11-01 17:50:58,884] {dag.py:1833} INFO - Sync 1 DAGs
[2023-11-01 17:50:58,890] {logging_mixin.py:104} INFO - [2023-11-01 17:50:58,890] {dag.py:2306} INFO - Setting next_dagrun for example_python_operator to None
[2023-11-01 17:50:58,905] {scheduler_job.py:190} INFO - Processing /home/airflow/.local/lib/python3.6/site-packages/airflow/example_dags/example_python_operator.py took 0.038 seconds
[2023-11-01 17:51:29,639] {scheduler_job.py:182} INFO - Started process (PID=1869) to work on /home/airflow/.local/lib/python3.6/site-packages/airflow/example_dags/example_python_operator.py
[2023-11-01 17:51:29,640] {scheduler_job.py:633} INFO - Processing file /home/airflow/.local/lib/python3.6/site-packages/airflow/example_dags/example_python_operator.py for tasks to queue
[2023-11-01 17:51:29,640] {logging_mixin.py:104} INFO - [2023-11-01 17:51:29,640] {dagbag.py:496} INFO - Filling up the DagBag from /home/airflow/.local/lib/python3.6/site-packages/airflow/example_dags/example_python_operator.py
[2023-11-01 17:51:29,654] {scheduler_job.py:643} INFO - DAG(s) dict_keys(['example_python_operator']) retrieved from /home/airflow/.local/lib/python3.6/site-packages/airflow/example_dags/example_python_operator.py
[2023-11-01 17:51:29,676] {logging_mixin.py:104} INFO - [2023-11-01 17:51:29,676] {dag.py:1833} INFO - Sync 1 DAGs
[2023-11-01 17:51:29,691] {logging_mixin.py:104} INFO - [2023-11-01 17:51:29,690] {dag.py:2306} INFO - Setting next_dagrun for example_python_operator to None
[2023-11-01 17:51:29,698] {scheduler_job.py:190} INFO - Processing /home/airflow/.local/lib/python3.6/site-packages/airflow/example_dags/example_python_operator.py took 0.060 seconds
[2023-11-01 17:51:59,801] {scheduler_job.py:182} INFO - Started process (PID=1950) to work on /home/airflow/.local/lib/python3.6/site-packages/airflow/example_dags/example_python_operator.py
[2023-11-01 17:51:59,801] {scheduler_job.py:633} INFO - Processing file /home/airflow/.local/lib/python3.6/site-packages/airflow/example_dags/example_python_operator.py for tasks to queue
[2023-11-01 17:51:59,802] {logging_mixin.py:104} INFO - [2023-11-01 17:51:59,801] {dagbag.py:496} INFO - Filling up the DagBag from /home/airflow/.local/lib/python3.6/site-packages/airflow/example_dags/example_python_operator.py
[2023-11-01 17:51:59,807] {scheduler_job.py:643} INFO - DAG(s) dict_keys(['example_python_operator']) retrieved from /home/airflow/.local/lib/python3.6/site-packages/airflow/example_dags/example_python_operator.py
[2023-11-01 17:51:59,817] {logging_mixin.py:104} INFO - [2023-11-01 17:51:59,817] {dag.py:1833} INFO - Sync 1 DAGs
[2023-11-01 17:51:59,825] {logging_mixin.py:104} INFO - [2023-11-01 17:51:59,825] {dag.py:2306} INFO - Setting next_dagrun for example_python_operator to None
[2023-11-01 17:51:59,829] {scheduler_job.py:190} INFO - Processing /home/airflow/.local/lib/python3.6/site-packages/airflow/example_dags/example_python_operator.py took 0.030 seconds
[2023-11-01 17:52:30,047] {scheduler_job.py:182} INFO - Started process (PID=2031) to work on /home/airflow/.local/lib/python3.6/site-packages/airflow/example_dags/example_python_operator.py
[2023-11-01 17:52:30,047] {scheduler_job.py:633} INFO - Processing file /home/airflow/.local/lib/python3.6/site-packages/airflow/example_dags/example_python_operator.py for tasks to queue
[2023-11-01 17:52:30,047] {logging_mixin.py:104} INFO - [2023-11-01 17:52:30,047] {dagbag.py:496} INFO - Filling up the DagBag from /home/airflow/.local/lib/python3.6/site-packages/airflow/example_dags/example_python_operator.py
[2023-11-01 17:52:30,054] {scheduler_job.py:643} INFO - DAG(s) dict_keys(['example_python_operator']) retrieved from /home/airflow/.local/lib/python3.6/site-packages/airflow/example_dags/example_python_operator.py
[2023-11-01 17:52:30,065] {logging_mixin.py:104} INFO - [2023-11-01 17:52:30,065] {dag.py:1833} INFO - Sync 1 DAGs
[2023-11-01 17:52:30,072] {logging_mixin.py:104} INFO - [2023-11-01 17:52:30,072] {dag.py:2306} INFO - Setting next_dagrun for example_python_operator to None
[2023-11-01 17:52:30,087] {scheduler_job.py:190} INFO - Processing /home/airflow/.local/lib/python3.6/site-packages/airflow/example_dags/example_python_operator.py took 0.042 seconds
[2023-11-01 17:53:00,228] {scheduler_job.py:182} INFO - Started process (PID=2111) to work on /home/airflow/.local/lib/python3.6/site-packages/airflow/example_dags/example_python_operator.py
[2023-11-01 17:53:00,228] {scheduler_job.py:633} INFO - Processing file /home/airflow/.local/lib/python3.6/site-packages/airflow/example_dags/example_python_operator.py for tasks to queue
[2023-11-01 17:53:00,228] {logging_mixin.py:104} INFO - [2023-11-01 17:53:00,228] {dagbag.py:496} INFO - Filling up the DagBag from /home/airflow/.local/lib/python3.6/site-packages/airflow/example_dags/example_python_operator.py
[2023-11-01 17:53:00,234] {scheduler_job.py:643} INFO - DAG(s) dict_keys(['example_python_operator']) retrieved from /home/airflow/.local/lib/python3.6/site-packages/airflow/example_dags/example_python_operator.py
[2023-11-01 17:53:00,248] {logging_mixin.py:104} INFO - [2023-11-01 17:53:00,248] {dag.py:1833} INFO - Sync 1 DAGs
[2023-11-01 17:53:00,257] {logging_mixin.py:104} INFO - [2023-11-01 17:53:00,257] {dag.py:2306} INFO - Setting next_dagrun for example_python_operator to None
[2023-11-01 17:53:00,263] {scheduler_job.py:190} INFO - Processing /home/airflow/.local/lib/python3.6/site-packages/airflow/example_dags/example_python_operator.py took 0.037 seconds
[2023-11-01 17:53:30,968] {scheduler_job.py:182} INFO - Started process (PID=2183) to work on /home/airflow/.local/lib/python3.6/site-packages/airflow/example_dags/example_python_operator.py
[2023-11-01 17:53:30,969] {scheduler_job.py:633} INFO - Processing file /home/airflow/.local/lib/python3.6/site-packages/airflow/example_dags/example_python_operator.py for tasks to queue
[2023-11-01 17:53:30,969] {logging_mixin.py:104} INFO - [2023-11-01 17:53:30,969] {dagbag.py:496} INFO - Filling up the DagBag from /home/airflow/.local/lib/python3.6/site-packages/airflow/example_dags/example_python_operator.py
[2023-11-01 17:53:30,975] {scheduler_job.py:643} INFO - DAG(s) dict_keys(['example_python_operator']) retrieved from /home/airflow/.local/lib/python3.6/site-packages/airflow/example_dags/example_python_operator.py
[2023-11-01 17:53:30,986] {logging_mixin.py:104} INFO - [2023-11-01 17:53:30,986] {dag.py:1833} INFO - Sync 1 DAGs
[2023-11-01 17:53:30,995] {logging_mixin.py:104} INFO - [2023-11-01 17:53:30,995] {dag.py:2306} INFO - Setting next_dagrun for example_python_operator to None
[2023-11-01 17:53:31,012] {scheduler_job.py:190} INFO - Processing /home/airflow/.local/lib/python3.6/site-packages/airflow/example_dags/example_python_operator.py took 0.045 seconds
[2023-11-01 17:54:01,754] {scheduler_job.py:182} INFO - Started process (PID=2264) to work on /home/airflow/.local/lib/python3.6/site-packages/airflow/example_dags/example_python_operator.py
[2023-11-01 17:54:01,754] {scheduler_job.py:633} INFO - Processing file /home/airflow/.local/lib/python3.6/site-packages/airflow/example_dags/example_python_operator.py for tasks to queue
[2023-11-01 17:54:01,754] {logging_mixin.py:104} INFO - [2023-11-01 17:54:01,754] {dagbag.py:496} INFO - Filling up the DagBag from /home/airflow/.local/lib/python3.6/site-packages/airflow/example_dags/example_python_operator.py
[2023-11-01 17:54:01,760] {scheduler_job.py:643} INFO - DAG(s) dict_keys(['example_python_operator']) retrieved from /home/airflow/.local/lib/python3.6/site-packages/airflow/example_dags/example_python_operator.py
[2023-11-01 17:54:01,772] {logging_mixin.py:104} INFO - [2023-11-01 17:54:01,772] {dag.py:1833} INFO - Sync 1 DAGs
[2023-11-01 17:54:01,781] {logging_mixin.py:104} INFO - [2023-11-01 17:54:01,781] {dag.py:2306} INFO - Setting next_dagrun for example_python_operator to None
[2023-11-01 17:54:01,787] {scheduler_job.py:190} INFO - Processing /home/airflow/.local/lib/python3.6/site-packages/airflow/example_dags/example_python_operator.py took 0.035 seconds
[2023-11-01 17:54:31,827] {scheduler_job.py:182} INFO - Started process (PID=2366) to work on /home/airflow/.local/lib/python3.6/site-packages/airflow/example_dags/example_python_operator.py
[2023-11-01 17:54:31,828] {scheduler_job.py:633} INFO - Processing file /home/airflow/.local/lib/python3.6/site-packages/airflow/example_dags/example_python_operator.py for tasks to queue
[2023-11-01 17:54:31,828] {logging_mixin.py:104} INFO - [2023-11-01 17:54:31,828] {dagbag.py:496} INFO - Filling up the DagBag from /home/airflow/.local/lib/python3.6/site-packages/airflow/example_dags/example_python_operator.py
[2023-11-01 17:54:31,835] {scheduler_job.py:643} INFO - DAG(s) dict_keys(['example_python_operator']) retrieved from /home/airflow/.local/lib/python3.6/site-packages/airflow/example_dags/example_python_operator.py
[2023-11-01 17:54:31,847] {logging_mixin.py:104} INFO - [2023-11-01 17:54:31,846] {dag.py:1833} INFO - Sync 1 DAGs
[2023-11-01 17:54:31,854] {logging_mixin.py:104} INFO - [2023-11-01 17:54:31,854] {dag.py:2306} INFO - Setting next_dagrun for example_python_operator to None
[2023-11-01 17:54:31,868] {scheduler_job.py:190} INFO - Processing /home/airflow/.local/lib/python3.6/site-packages/airflow/example_dags/example_python_operator.py took 0.043 seconds
[2023-11-01 17:55:01,931] {scheduler_job.py:182} INFO - Started process (PID=2437) to work on /home/airflow/.local/lib/python3.6/site-packages/airflow/example_dags/example_python_operator.py
[2023-11-01 17:55:01,931] {scheduler_job.py:633} INFO - Processing file /home/airflow/.local/lib/python3.6/site-packages/airflow/example_dags/example_python_operator.py for tasks to queue
[2023-11-01 17:55:01,931] {logging_mixin.py:104} INFO - [2023-11-01 17:55:01,931] {dagbag.py:496} INFO - Filling up the DagBag from /home/airflow/.local/lib/python3.6/site-packages/airflow/example_dags/example_python_operator.py
[2023-11-01 17:55:01,938] {scheduler_job.py:643} INFO - DAG(s) dict_keys(['example_python_operator']) retrieved from /home/airflow/.local/lib/python3.6/site-packages/airflow/example_dags/example_python_operator.py
[2023-11-01 17:55:01,949] {logging_mixin.py:104} INFO - [2023-11-01 17:55:01,949] {dag.py:1833} INFO - Sync 1 DAGs
[2023-11-01 17:55:01,956] {logging_mixin.py:104} INFO - [2023-11-01 17:55:01,956] {dag.py:2306} INFO - Setting next_dagrun for example_python_operator to None
[2023-11-01 17:55:01,965] {scheduler_job.py:190} INFO - Processing /home/airflow/.local/lib/python3.6/site-packages/airflow/example_dags/example_python_operator.py took 0.036 seconds
[2023-11-01 17:55:32,743] {scheduler_job.py:182} INFO - Started process (PID=2499) to work on /home/airflow/.local/lib/python3.6/site-packages/airflow/example_dags/example_python_operator.py
[2023-11-01 17:55:32,743] {scheduler_job.py:633} INFO - Processing file /home/airflow/.local/lib/python3.6/site-packages/airflow/example_dags/example_python_operator.py for tasks to queue
[2023-11-01 17:55:32,743] {logging_mixin.py:104} INFO - [2023-11-01 17:55:32,743] {dagbag.py:496} INFO - Filling up the DagBag from /home/airflow/.local/lib/python3.6/site-packages/airflow/example_dags/example_python_operator.py
[2023-11-01 17:55:32,751] {scheduler_job.py:643} INFO - DAG(s) dict_keys(['example_python_operator']) retrieved from /home/airflow/.local/lib/python3.6/site-packages/airflow/example_dags/example_python_operator.py
[2023-11-01 17:55:32,765] {logging_mixin.py:104} INFO - [2023-11-01 17:55:32,765] {dag.py:1833} INFO - Sync 1 DAGs
[2023-11-01 17:55:32,776] {logging_mixin.py:104} INFO - [2023-11-01 17:55:32,776] {dag.py:2306} INFO - Setting next_dagrun for example_python_operator to None
[2023-11-01 17:55:32,783] {scheduler_job.py:190} INFO - Processing /home/airflow/.local/lib/python3.6/site-packages/airflow/example_dags/example_python_operator.py took 0.041 seconds
[2023-11-01 17:56:03,563] {scheduler_job.py:182} INFO - Started process (PID=2580) to work on /home/airflow/.local/lib/python3.6/site-packages/airflow/example_dags/example_python_operator.py
[2023-11-01 17:56:03,563] {scheduler_job.py:633} INFO - Processing file /home/airflow/.local/lib/python3.6/site-packages/airflow/example_dags/example_python_operator.py for tasks to queue
[2023-11-01 17:56:03,563] {logging_mixin.py:104} INFO - [2023-11-01 17:56:03,563] {dagbag.py:496} INFO - Filling up the DagBag from /home/airflow/.local/lib/python3.6/site-packages/airflow/example_dags/example_python_operator.py
[2023-11-01 17:56:03,570] {scheduler_job.py:643} INFO - DAG(s) dict_keys(['example_python_operator']) retrieved from /home/airflow/.local/lib/python3.6/site-packages/airflow/example_dags/example_python_operator.py
[2023-11-01 17:56:03,581] {logging_mixin.py:104} INFO - [2023-11-01 17:56:03,581] {dag.py:1833} INFO - Sync 1 DAGs
[2023-11-01 17:56:03,599] {logging_mixin.py:104} INFO - [2023-11-01 17:56:03,599] {dag.py:2306} INFO - Setting next_dagrun for example_python_operator to None
[2023-11-01 17:56:03,618] {scheduler_job.py:190} INFO - Processing /home/airflow/.local/lib/python3.6/site-packages/airflow/example_dags/example_python_operator.py took 0.056 seconds
[2023-11-01 17:56:34,381] {scheduler_job.py:182} INFO - Started process (PID=2661) to work on /home/airflow/.local/lib/python3.6/site-packages/airflow/example_dags/example_python_operator.py
[2023-11-01 17:56:34,382] {scheduler_job.py:633} INFO - Processing file /home/airflow/.local/lib/python3.6/site-packages/airflow/example_dags/example_python_operator.py for tasks to queue
[2023-11-01 17:56:34,382] {logging_mixin.py:104} INFO - [2023-11-01 17:56:34,382] {dagbag.py:496} INFO - Filling up the DagBag from /home/airflow/.local/lib/python3.6/site-packages/airflow/example_dags/example_python_operator.py
[2023-11-01 17:56:34,389] {scheduler_job.py:643} INFO - DAG(s) dict_keys(['example_python_operator']) retrieved from /home/airflow/.local/lib/python3.6/site-packages/airflow/example_dags/example_python_operator.py
[2023-11-01 17:56:34,403] {logging_mixin.py:104} INFO - [2023-11-01 17:56:34,403] {dag.py:1833} INFO - Sync 1 DAGs
[2023-11-01 17:56:34,414] {logging_mixin.py:104} INFO - [2023-11-01 17:56:34,413] {dag.py:2306} INFO - Setting next_dagrun for example_python_operator to None
[2023-11-01 17:56:34,429] {scheduler_job.py:190} INFO - Processing /home/airflow/.local/lib/python3.6/site-packages/airflow/example_dags/example_python_operator.py took 0.049 seconds
[2023-11-01 17:57:05,146] {scheduler_job.py:182} INFO - Started process (PID=2742) to work on /home/airflow/.local/lib/python3.6/site-packages/airflow/example_dags/example_python_operator.py
[2023-11-01 17:57:05,146] {scheduler_job.py:633} INFO - Processing file /home/airflow/.local/lib/python3.6/site-packages/airflow/example_dags/example_python_operator.py for tasks to queue
[2023-11-01 17:57:05,146] {logging_mixin.py:104} INFO - [2023-11-01 17:57:05,146] {dagbag.py:496} INFO - Filling up the DagBag from /home/airflow/.local/lib/python3.6/site-packages/airflow/example_dags/example_python_operator.py
[2023-11-01 17:57:05,152] {scheduler_job.py:643} INFO - DAG(s) dict_keys(['example_python_operator']) retrieved from /home/airflow/.local/lib/python3.6/site-packages/airflow/example_dags/example_python_operator.py
[2023-11-01 17:57:05,163] {logging_mixin.py:104} INFO - [2023-11-01 17:57:05,163] {dag.py:1833} INFO - Sync 1 DAGs
[2023-11-01 17:57:05,172] {logging_mixin.py:104} INFO - [2023-11-01 17:57:05,172] {dag.py:2306} INFO - Setting next_dagrun for example_python_operator to None
[2023-11-01 17:57:05,188] {scheduler_job.py:190} INFO - Processing /home/airflow/.local/lib/python3.6/site-packages/airflow/example_dags/example_python_operator.py took 0.044 seconds
[2023-11-01 17:57:35,973] {scheduler_job.py:182} INFO - Started process (PID=2813) to work on /home/airflow/.local/lib/python3.6/site-packages/airflow/example_dags/example_python_operator.py
[2023-11-01 17:57:35,974] {scheduler_job.py:633} INFO - Processing file /home/airflow/.local/lib/python3.6/site-packages/airflow/example_dags/example_python_operator.py for tasks to queue
[2023-11-01 17:57:35,974] {logging_mixin.py:104} INFO - [2023-11-01 17:57:35,974] {dagbag.py:496} INFO - Filling up the DagBag from /home/airflow/.local/lib/python3.6/site-packages/airflow/example_dags/example_python_operator.py
[2023-11-01 17:57:35,980] {scheduler_job.py:643} INFO - DAG(s) dict_keys(['example_python_operator']) retrieved from /home/airflow/.local/lib/python3.6/site-packages/airflow/example_dags/example_python_operator.py
[2023-11-01 17:57:35,992] {logging_mixin.py:104} INFO - [2023-11-01 17:57:35,992] {dag.py:1833} INFO - Sync 1 DAGs
[2023-11-01 17:57:36,001] {logging_mixin.py:104} INFO - [2023-11-01 17:57:36,001] {dag.py:2306} INFO - Setting next_dagrun for example_python_operator to None
[2023-11-01 17:57:36,017] {scheduler_job.py:190} INFO - Processing /home/airflow/.local/lib/python3.6/site-packages/airflow/example_dags/example_python_operator.py took 0.045 seconds
[2023-11-01 17:58:06,088] {scheduler_job.py:182} INFO - Started process (PID=2913) to work on /home/airflow/.local/lib/python3.6/site-packages/airflow/example_dags/example_python_operator.py
[2023-11-01 17:58:06,089] {scheduler_job.py:633} INFO - Processing file /home/airflow/.local/lib/python3.6/site-packages/airflow/example_dags/example_python_operator.py for tasks to queue
[2023-11-01 17:58:06,089] {logging_mixin.py:104} INFO - [2023-11-01 17:58:06,089] {dagbag.py:496} INFO - Filling up the DagBag from /home/airflow/.local/lib/python3.6/site-packages/airflow/example_dags/example_python_operator.py
[2023-11-01 17:58:06,096] {scheduler_job.py:643} INFO - DAG(s) dict_keys(['example_python_operator']) retrieved from /home/airflow/.local/lib/python3.6/site-packages/airflow/example_dags/example_python_operator.py
[2023-11-01 17:58:06,109] {logging_mixin.py:104} INFO - [2023-11-01 17:58:06,109] {dag.py:1833} INFO - Sync 1 DAGs
[2023-11-01 17:58:06,115] {logging_mixin.py:104} INFO - [2023-11-01 17:58:06,115] {dag.py:2306} INFO - Setting next_dagrun for example_python_operator to None
[2023-11-01 17:58:06,130] {scheduler_job.py:190} INFO - Processing /home/airflow/.local/lib/python3.6/site-packages/airflow/example_dags/example_python_operator.py took 0.043 seconds
[2023-11-01 17:58:36,198] {scheduler_job.py:182} INFO - Started process (PID=2994) to work on /home/airflow/.local/lib/python3.6/site-packages/airflow/example_dags/example_python_operator.py
[2023-11-01 17:58:36,199] {scheduler_job.py:633} INFO - Processing file /home/airflow/.local/lib/python3.6/site-packages/airflow/example_dags/example_python_operator.py for tasks to queue
[2023-11-01 17:58:36,199] {logging_mixin.py:104} INFO - [2023-11-01 17:58:36,199] {dagbag.py:496} INFO - Filling up the DagBag from /home/airflow/.local/lib/python3.6/site-packages/airflow/example_dags/example_python_operator.py
[2023-11-01 17:58:36,206] {scheduler_job.py:643} INFO - DAG(s) dict_keys(['example_python_operator']) retrieved from /home/airflow/.local/lib/python3.6/site-packages/airflow/example_dags/example_python_operator.py
[2023-11-01 17:58:36,218] {logging_mixin.py:104} INFO - [2023-11-01 17:58:36,218] {dag.py:1833} INFO - Sync 1 DAGs
[2023-11-01 17:58:36,225] {logging_mixin.py:104} INFO - [2023-11-01 17:58:36,225] {dag.py:2306} INFO - Setting next_dagrun for example_python_operator to None
[2023-11-01 17:58:36,240] {scheduler_job.py:190} INFO - Processing /home/airflow/.local/lib/python3.6/site-packages/airflow/example_dags/example_python_operator.py took 0.044 seconds
[2023-11-01 17:59:07,112] {scheduler_job.py:182} INFO - Started process (PID=3075) to work on /home/airflow/.local/lib/python3.6/site-packages/airflow/example_dags/example_python_operator.py
[2023-11-01 17:59:07,112] {scheduler_job.py:633} INFO - Processing file /home/airflow/.local/lib/python3.6/site-packages/airflow/example_dags/example_python_operator.py for tasks to queue
[2023-11-01 17:59:07,113] {logging_mixin.py:104} INFO - [2023-11-01 17:59:07,113] {dagbag.py:496} INFO - Filling up the DagBag from /home/airflow/.local/lib/python3.6/site-packages/airflow/example_dags/example_python_operator.py
[2023-11-01 17:59:07,119] {scheduler_job.py:643} INFO - DAG(s) dict_keys(['example_python_operator']) retrieved from /home/airflow/.local/lib/python3.6/site-packages/airflow/example_dags/example_python_operator.py
[2023-11-01 17:59:07,128] {logging_mixin.py:104} INFO - [2023-11-01 17:59:07,128] {dag.py:1833} INFO - Sync 1 DAGs
[2023-11-01 17:59:07,135] {logging_mixin.py:104} INFO - [2023-11-01 17:59:07,135] {dag.py:2306} INFO - Setting next_dagrun for example_python_operator to None
[2023-11-01 17:59:07,151] {scheduler_job.py:190} INFO - Processing /home/airflow/.local/lib/python3.6/site-packages/airflow/example_dags/example_python_operator.py took 0.040 seconds
[2023-11-01 17:59:37,167] {scheduler_job.py:182} INFO - Started process (PID=3165) to work on /home/airflow/.local/lib/python3.6/site-packages/airflow/example_dags/example_python_operator.py
[2023-11-01 17:59:37,170] {scheduler_job.py:633} INFO - Processing file /home/airflow/.local/lib/python3.6/site-packages/airflow/example_dags/example_python_operator.py for tasks to queue
[2023-11-01 17:59:37,170] {logging_mixin.py:104} INFO - [2023-11-01 17:59:37,170] {dagbag.py:496} INFO - Filling up the DagBag from /home/airflow/.local/lib/python3.6/site-packages/airflow/example_dags/example_python_operator.py
[2023-11-01 17:59:37,178] {scheduler_job.py:643} INFO - DAG(s) dict_keys(['example_python_operator']) retrieved from /home/airflow/.local/lib/python3.6/site-packages/airflow/example_dags/example_python_operator.py
[2023-11-01 17:59:37,189] {logging_mixin.py:104} INFO - [2023-11-01 17:59:37,189] {dag.py:1833} INFO - Sync 1 DAGs
[2023-11-01 17:59:37,195] {logging_mixin.py:104} INFO - [2023-11-01 17:59:37,195] {dag.py:2306} INFO - Setting next_dagrun for example_python_operator to None
[2023-11-01 17:59:37,210] {scheduler_job.py:190} INFO - Processing /home/airflow/.local/lib/python3.6/site-packages/airflow/example_dags/example_python_operator.py took 0.045 seconds
[2023-11-01 18:00:08,071] {scheduler_job.py:182} INFO - Started process (PID=3246) to work on /home/airflow/.local/lib/python3.6/site-packages/airflow/example_dags/example_python_operator.py
[2023-11-01 18:00:08,072] {scheduler_job.py:633} INFO - Processing file /home/airflow/.local/lib/python3.6/site-packages/airflow/example_dags/example_python_operator.py for tasks to queue
[2023-11-01 18:00:08,072] {logging_mixin.py:104} INFO - [2023-11-01 18:00:08,072] {dagbag.py:496} INFO - Filling up the DagBag from /home/airflow/.local/lib/python3.6/site-packages/airflow/example_dags/example_python_operator.py
[2023-11-01 18:00:08,077] {scheduler_job.py:643} INFO - DAG(s) dict_keys(['example_python_operator']) retrieved from /home/airflow/.local/lib/python3.6/site-packages/airflow/example_dags/example_python_operator.py
[2023-11-01 18:00:08,088] {logging_mixin.py:104} INFO - [2023-11-01 18:00:08,088] {dag.py:1833} INFO - Sync 1 DAGs
[2023-11-01 18:00:08,094] {logging_mixin.py:104} INFO - [2023-11-01 18:00:08,094] {dag.py:2306} INFO - Setting next_dagrun for example_python_operator to None
[2023-11-01 18:00:08,111] {scheduler_job.py:190} INFO - Processing /home/airflow/.local/lib/python3.6/site-packages/airflow/example_dags/example_python_operator.py took 0.041 seconds
