[2023-11-01 17:42:14,455] {scheduler_job.py:182} INFO - Started process (PID=75) to work on /home/airflow/.local/lib/python3.6/site-packages/airflow/example_dags/example_latest_only_with_trigger.py
[2023-11-01 17:42:14,456] {scheduler_job.py:633} INFO - Processing file /home/airflow/.local/lib/python3.6/site-packages/airflow/example_dags/example_latest_only_with_trigger.py for tasks to queue
[2023-11-01 17:42:14,456] {logging_mixin.py:104} INFO - [2023-11-01 17:42:14,456] {dagbag.py:496} INFO - Filling up the DagBag from /home/airflow/.local/lib/python3.6/site-packages/airflow/example_dags/example_latest_only_with_trigger.py
[2023-11-01 17:42:14,461] {scheduler_job.py:643} INFO - DAG(s) dict_keys(['latest_only_with_trigger']) retrieved from /home/airflow/.local/lib/python3.6/site-packages/airflow/example_dags/example_latest_only_with_trigger.py
[2023-11-01 17:42:15,574] {logging_mixin.py:104} INFO - [2023-11-01 17:42:15,574] {dag.py:1833} INFO - Sync 1 DAGs
[2023-11-01 17:42:15,580] {logging_mixin.py:104} INFO - [2023-11-01 17:42:15,580] {dag.py:1852} INFO - Creating ORM DAG for latest_only_with_trigger
[2023-11-01 17:42:15,583] {logging_mixin.py:104} INFO - [2023-11-01 17:42:15,583] {dag.py:2306} INFO - Setting next_dagrun for latest_only_with_trigger to 2023-10-30 00:00:00+00:00
[2023-11-01 17:42:15,587] {scheduler_job.py:190} INFO - Processing /home/airflow/.local/lib/python3.6/site-packages/airflow/example_dags/example_latest_only_with_trigger.py took 1.134 seconds
[2023-11-01 17:42:45,726] {scheduler_job.py:182} INFO - Started process (PID=696) to work on /home/airflow/.local/lib/python3.6/site-packages/airflow/example_dags/example_latest_only_with_trigger.py
[2023-11-01 17:42:45,726] {scheduler_job.py:633} INFO - Processing file /home/airflow/.local/lib/python3.6/site-packages/airflow/example_dags/example_latest_only_with_trigger.py for tasks to queue
[2023-11-01 17:42:45,726] {logging_mixin.py:104} INFO - [2023-11-01 17:42:45,726] {dagbag.py:496} INFO - Filling up the DagBag from /home/airflow/.local/lib/python3.6/site-packages/airflow/example_dags/example_latest_only_with_trigger.py
[2023-11-01 17:42:45,733] {scheduler_job.py:643} INFO - DAG(s) dict_keys(['latest_only_with_trigger']) retrieved from /home/airflow/.local/lib/python3.6/site-packages/airflow/example_dags/example_latest_only_with_trigger.py
[2023-11-01 17:42:45,742] {logging_mixin.py:104} INFO - [2023-11-01 17:42:45,742] {dag.py:1833} INFO - Sync 1 DAGs
[2023-11-01 17:42:45,750] {logging_mixin.py:104} INFO - [2023-11-01 17:42:45,750] {dag.py:2306} INFO - Setting next_dagrun for latest_only_with_trigger to 2023-10-30 00:00:00+00:00
[2023-11-01 17:42:45,754] {scheduler_job.py:190} INFO - Processing /home/airflow/.local/lib/python3.6/site-packages/airflow/example_dags/example_latest_only_with_trigger.py took 0.030 seconds
[2023-11-01 17:43:16,381] {scheduler_job.py:182} INFO - Started process (PID=757) to work on /home/airflow/.local/lib/python3.6/site-packages/airflow/example_dags/example_latest_only_with_trigger.py
[2023-11-01 17:43:16,381] {scheduler_job.py:633} INFO - Processing file /home/airflow/.local/lib/python3.6/site-packages/airflow/example_dags/example_latest_only_with_trigger.py for tasks to queue
[2023-11-01 17:43:16,382] {logging_mixin.py:104} INFO - [2023-11-01 17:43:16,382] {dagbag.py:496} INFO - Filling up the DagBag from /home/airflow/.local/lib/python3.6/site-packages/airflow/example_dags/example_latest_only_with_trigger.py
[2023-11-01 17:43:16,386] {scheduler_job.py:643} INFO - DAG(s) dict_keys(['latest_only_with_trigger']) retrieved from /home/airflow/.local/lib/python3.6/site-packages/airflow/example_dags/example_latest_only_with_trigger.py
[2023-11-01 17:43:16,395] {logging_mixin.py:104} INFO - [2023-11-01 17:43:16,395] {dag.py:1833} INFO - Sync 1 DAGs
[2023-11-01 17:43:16,402] {logging_mixin.py:104} INFO - [2023-11-01 17:43:16,402] {dag.py:2306} INFO - Setting next_dagrun for latest_only_with_trigger to 2023-10-30 00:00:00+00:00
[2023-11-01 17:43:16,417] {scheduler_job.py:190} INFO - Processing /home/airflow/.local/lib/python3.6/site-packages/airflow/example_dags/example_latest_only_with_trigger.py took 0.037 seconds
[2023-11-01 17:43:46,959] {scheduler_job.py:182} INFO - Started process (PID=817) to work on /home/airflow/.local/lib/python3.6/site-packages/airflow/example_dags/example_latest_only_with_trigger.py
[2023-11-01 17:43:46,959] {scheduler_job.py:633} INFO - Processing file /home/airflow/.local/lib/python3.6/site-packages/airflow/example_dags/example_latest_only_with_trigger.py for tasks to queue
[2023-11-01 17:43:46,960] {logging_mixin.py:104} INFO - [2023-11-01 17:43:46,959] {dagbag.py:496} INFO - Filling up the DagBag from /home/airflow/.local/lib/python3.6/site-packages/airflow/example_dags/example_latest_only_with_trigger.py
[2023-11-01 17:43:46,965] {scheduler_job.py:643} INFO - DAG(s) dict_keys(['latest_only_with_trigger']) retrieved from /home/airflow/.local/lib/python3.6/site-packages/airflow/example_dags/example_latest_only_with_trigger.py
[2023-11-01 17:43:46,980] {logging_mixin.py:104} INFO - [2023-11-01 17:43:46,980] {dag.py:1833} INFO - Sync 1 DAGs
[2023-11-01 17:43:46,988] {logging_mixin.py:104} INFO - [2023-11-01 17:43:46,988] {dag.py:2306} INFO - Setting next_dagrun for latest_only_with_trigger to 2023-10-30 00:00:00+00:00
[2023-11-01 17:43:47,007] {scheduler_job.py:190} INFO - Processing /home/airflow/.local/lib/python3.6/site-packages/airflow/example_dags/example_latest_only_with_trigger.py took 0.050 seconds
[2023-11-01 17:44:17,770] {scheduler_job.py:182} INFO - Started process (PID=869) to work on /home/airflow/.local/lib/python3.6/site-packages/airflow/example_dags/example_latest_only_with_trigger.py
[2023-11-01 17:44:17,771] {scheduler_job.py:633} INFO - Processing file /home/airflow/.local/lib/python3.6/site-packages/airflow/example_dags/example_latest_only_with_trigger.py for tasks to queue
[2023-11-01 17:44:17,771] {logging_mixin.py:104} INFO - [2023-11-01 17:44:17,771] {dagbag.py:496} INFO - Filling up the DagBag from /home/airflow/.local/lib/python3.6/site-packages/airflow/example_dags/example_latest_only_with_trigger.py
[2023-11-01 17:44:17,775] {scheduler_job.py:643} INFO - DAG(s) dict_keys(['latest_only_with_trigger']) retrieved from /home/airflow/.local/lib/python3.6/site-packages/airflow/example_dags/example_latest_only_with_trigger.py
[2023-11-01 17:44:17,786] {logging_mixin.py:104} INFO - [2023-11-01 17:44:17,786] {dag.py:1833} INFO - Sync 1 DAGs
[2023-11-01 17:44:17,795] {logging_mixin.py:104} INFO - [2023-11-01 17:44:17,794] {dag.py:2306} INFO - Setting next_dagrun for latest_only_with_trigger to 2023-10-30 00:00:00+00:00
[2023-11-01 17:44:17,812] {scheduler_job.py:190} INFO - Processing /home/airflow/.local/lib/python3.6/site-packages/airflow/example_dags/example_latest_only_with_trigger.py took 0.043 seconds
[2023-11-01 17:44:48,534] {scheduler_job.py:182} INFO - Started process (PID=929) to work on /home/airflow/.local/lib/python3.6/site-packages/airflow/example_dags/example_latest_only_with_trigger.py
[2023-11-01 17:44:48,534] {scheduler_job.py:633} INFO - Processing file /home/airflow/.local/lib/python3.6/site-packages/airflow/example_dags/example_latest_only_with_trigger.py for tasks to queue
[2023-11-01 17:44:48,534] {logging_mixin.py:104} INFO - [2023-11-01 17:44:48,534] {dagbag.py:496} INFO - Filling up the DagBag from /home/airflow/.local/lib/python3.6/site-packages/airflow/example_dags/example_latest_only_with_trigger.py
[2023-11-01 17:44:48,539] {scheduler_job.py:643} INFO - DAG(s) dict_keys(['latest_only_with_trigger']) retrieved from /home/airflow/.local/lib/python3.6/site-packages/airflow/example_dags/example_latest_only_with_trigger.py
[2023-11-01 17:44:48,549] {logging_mixin.py:104} INFO - [2023-11-01 17:44:48,549] {dag.py:1833} INFO - Sync 1 DAGs
[2023-11-01 17:44:48,557] {logging_mixin.py:104} INFO - [2023-11-01 17:44:48,556] {dag.py:2306} INFO - Setting next_dagrun for latest_only_with_trigger to 2023-10-30 00:00:00+00:00
[2023-11-01 17:44:48,562] {scheduler_job.py:190} INFO - Processing /home/airflow/.local/lib/python3.6/site-packages/airflow/example_dags/example_latest_only_with_trigger.py took 0.030 seconds
[2023-11-01 17:45:19,165] {scheduler_job.py:182} INFO - Started process (PID=990) to work on /home/airflow/.local/lib/python3.6/site-packages/airflow/example_dags/example_latest_only_with_trigger.py
[2023-11-01 17:45:19,165] {scheduler_job.py:633} INFO - Processing file /home/airflow/.local/lib/python3.6/site-packages/airflow/example_dags/example_latest_only_with_trigger.py for tasks to queue
[2023-11-01 17:45:19,166] {logging_mixin.py:104} INFO - [2023-11-01 17:45:19,166] {dagbag.py:496} INFO - Filling up the DagBag from /home/airflow/.local/lib/python3.6/site-packages/airflow/example_dags/example_latest_only_with_trigger.py
[2023-11-01 17:45:19,172] {scheduler_job.py:643} INFO - DAG(s) dict_keys(['latest_only_with_trigger']) retrieved from /home/airflow/.local/lib/python3.6/site-packages/airflow/example_dags/example_latest_only_with_trigger.py
[2023-11-01 17:45:19,183] {logging_mixin.py:104} INFO - [2023-11-01 17:45:19,183] {dag.py:1833} INFO - Sync 1 DAGs
[2023-11-01 17:45:19,190] {logging_mixin.py:104} INFO - [2023-11-01 17:45:19,190] {dag.py:2306} INFO - Setting next_dagrun for latest_only_with_trigger to 2023-10-30 00:00:00+00:00
[2023-11-01 17:45:19,207] {scheduler_job.py:190} INFO - Processing /home/airflow/.local/lib/python3.6/site-packages/airflow/example_dags/example_latest_only_with_trigger.py took 0.043 seconds
[2023-11-01 17:45:49,909] {scheduler_job.py:182} INFO - Started process (PID=1051) to work on /home/airflow/.local/lib/python3.6/site-packages/airflow/example_dags/example_latest_only_with_trigger.py
[2023-11-01 17:45:49,909] {scheduler_job.py:633} INFO - Processing file /home/airflow/.local/lib/python3.6/site-packages/airflow/example_dags/example_latest_only_with_trigger.py for tasks to queue
[2023-11-01 17:45:49,909] {logging_mixin.py:104} INFO - [2023-11-01 17:45:49,909] {dagbag.py:496} INFO - Filling up the DagBag from /home/airflow/.local/lib/python3.6/site-packages/airflow/example_dags/example_latest_only_with_trigger.py
[2023-11-01 17:45:49,915] {scheduler_job.py:643} INFO - DAG(s) dict_keys(['latest_only_with_trigger']) retrieved from /home/airflow/.local/lib/python3.6/site-packages/airflow/example_dags/example_latest_only_with_trigger.py
[2023-11-01 17:45:49,926] {logging_mixin.py:104} INFO - [2023-11-01 17:45:49,926] {dag.py:1833} INFO - Sync 1 DAGs
[2023-11-01 17:45:49,933] {logging_mixin.py:104} INFO - [2023-11-01 17:45:49,933] {dag.py:2306} INFO - Setting next_dagrun for latest_only_with_trigger to 2023-10-30 00:00:00+00:00
[2023-11-01 17:45:49,950] {scheduler_job.py:190} INFO - Processing /home/airflow/.local/lib/python3.6/site-packages/airflow/example_dags/example_latest_only_with_trigger.py took 0.043 seconds
[2023-11-01 17:46:20,617] {scheduler_job.py:182} INFO - Started process (PID=1102) to work on /home/airflow/.local/lib/python3.6/site-packages/airflow/example_dags/example_latest_only_with_trigger.py
[2023-11-01 17:46:20,617] {scheduler_job.py:633} INFO - Processing file /home/airflow/.local/lib/python3.6/site-packages/airflow/example_dags/example_latest_only_with_trigger.py for tasks to queue
[2023-11-01 17:46:20,617] {logging_mixin.py:104} INFO - [2023-11-01 17:46:20,617] {dagbag.py:496} INFO - Filling up the DagBag from /home/airflow/.local/lib/python3.6/site-packages/airflow/example_dags/example_latest_only_with_trigger.py
[2023-11-01 17:46:20,623] {scheduler_job.py:643} INFO - DAG(s) dict_keys(['latest_only_with_trigger']) retrieved from /home/airflow/.local/lib/python3.6/site-packages/airflow/example_dags/example_latest_only_with_trigger.py
[2023-11-01 17:46:20,636] {logging_mixin.py:104} INFO - [2023-11-01 17:46:20,636] {dag.py:1833} INFO - Sync 1 DAGs
[2023-11-01 17:46:20,646] {logging_mixin.py:104} INFO - [2023-11-01 17:46:20,646] {dag.py:2306} INFO - Setting next_dagrun for latest_only_with_trigger to 2023-10-30 00:00:00+00:00
[2023-11-01 17:46:20,662] {scheduler_job.py:190} INFO - Processing /home/airflow/.local/lib/python3.6/site-packages/airflow/example_dags/example_latest_only_with_trigger.py took 0.047 seconds
[2023-11-01 17:46:51,306] {scheduler_job.py:182} INFO - Started process (PID=1163) to work on /home/airflow/.local/lib/python3.6/site-packages/airflow/example_dags/example_latest_only_with_trigger.py
[2023-11-01 17:46:51,306] {scheduler_job.py:633} INFO - Processing file /home/airflow/.local/lib/python3.6/site-packages/airflow/example_dags/example_latest_only_with_trigger.py for tasks to queue
[2023-11-01 17:46:51,306] {logging_mixin.py:104} INFO - [2023-11-01 17:46:51,306] {dagbag.py:496} INFO - Filling up the DagBag from /home/airflow/.local/lib/python3.6/site-packages/airflow/example_dags/example_latest_only_with_trigger.py
[2023-11-01 17:46:51,312] {scheduler_job.py:643} INFO - DAG(s) dict_keys(['latest_only_with_trigger']) retrieved from /home/airflow/.local/lib/python3.6/site-packages/airflow/example_dags/example_latest_only_with_trigger.py
[2023-11-01 17:46:51,322] {logging_mixin.py:104} INFO - [2023-11-01 17:46:51,322] {dag.py:1833} INFO - Sync 1 DAGs
[2023-11-01 17:46:51,329] {logging_mixin.py:104} INFO - [2023-11-01 17:46:51,329] {dag.py:2306} INFO - Setting next_dagrun for latest_only_with_trigger to 2023-10-30 00:00:00+00:00
[2023-11-01 17:46:51,344] {scheduler_job.py:190} INFO - Processing /home/airflow/.local/lib/python3.6/site-packages/airflow/example_dags/example_latest_only_with_trigger.py took 0.039 seconds
[2023-11-01 17:47:21,921] {scheduler_job.py:182} INFO - Started process (PID=1243) to work on /home/airflow/.local/lib/python3.6/site-packages/airflow/example_dags/example_latest_only_with_trigger.py
[2023-11-01 17:47:21,921] {scheduler_job.py:633} INFO - Processing file /home/airflow/.local/lib/python3.6/site-packages/airflow/example_dags/example_latest_only_with_trigger.py for tasks to queue
[2023-11-01 17:47:21,922] {logging_mixin.py:104} INFO - [2023-11-01 17:47:21,922] {dagbag.py:496} INFO - Filling up the DagBag from /home/airflow/.local/lib/python3.6/site-packages/airflow/example_dags/example_latest_only_with_trigger.py
[2023-11-01 17:47:21,926] {scheduler_job.py:643} INFO - DAG(s) dict_keys(['latest_only_with_trigger']) retrieved from /home/airflow/.local/lib/python3.6/site-packages/airflow/example_dags/example_latest_only_with_trigger.py
[2023-11-01 17:47:21,936] {logging_mixin.py:104} INFO - [2023-11-01 17:47:21,936] {dag.py:1833} INFO - Sync 1 DAGs
[2023-11-01 17:47:21,943] {logging_mixin.py:104} INFO - [2023-11-01 17:47:21,943] {dag.py:2306} INFO - Setting next_dagrun for latest_only_with_trigger to 2023-10-30 00:00:00+00:00
[2023-11-01 17:47:21,958] {scheduler_job.py:190} INFO - Processing /home/airflow/.local/lib/python3.6/site-packages/airflow/example_dags/example_latest_only_with_trigger.py took 0.038 seconds
[2023-11-01 17:47:52,631] {scheduler_job.py:182} INFO - Started process (PID=1323) to work on /home/airflow/.local/lib/python3.6/site-packages/airflow/example_dags/example_latest_only_with_trigger.py
[2023-11-01 17:47:52,631] {scheduler_job.py:633} INFO - Processing file /home/airflow/.local/lib/python3.6/site-packages/airflow/example_dags/example_latest_only_with_trigger.py for tasks to queue
[2023-11-01 17:47:52,631] {logging_mixin.py:104} INFO - [2023-11-01 17:47:52,631] {dagbag.py:496} INFO - Filling up the DagBag from /home/airflow/.local/lib/python3.6/site-packages/airflow/example_dags/example_latest_only_with_trigger.py
[2023-11-01 17:47:52,636] {scheduler_job.py:643} INFO - DAG(s) dict_keys(['latest_only_with_trigger']) retrieved from /home/airflow/.local/lib/python3.6/site-packages/airflow/example_dags/example_latest_only_with_trigger.py
[2023-11-01 17:47:52,646] {logging_mixin.py:104} INFO - [2023-11-01 17:47:52,646] {dag.py:1833} INFO - Sync 1 DAGs
[2023-11-01 17:47:52,653] {logging_mixin.py:104} INFO - [2023-11-01 17:47:52,653] {dag.py:2306} INFO - Setting next_dagrun for latest_only_with_trigger to 2023-10-30 00:00:00+00:00
[2023-11-01 17:47:52,668] {scheduler_job.py:190} INFO - Processing /home/airflow/.local/lib/python3.6/site-packages/airflow/example_dags/example_latest_only_with_trigger.py took 0.038 seconds
[2023-11-01 17:48:23,384] {scheduler_job.py:182} INFO - Started process (PID=1403) to work on /home/airflow/.local/lib/python3.6/site-packages/airflow/example_dags/example_latest_only_with_trigger.py
[2023-11-01 17:48:23,385] {scheduler_job.py:633} INFO - Processing file /home/airflow/.local/lib/python3.6/site-packages/airflow/example_dags/example_latest_only_with_trigger.py for tasks to queue
[2023-11-01 17:48:23,385] {logging_mixin.py:104} INFO - [2023-11-01 17:48:23,385] {dagbag.py:496} INFO - Filling up the DagBag from /home/airflow/.local/lib/python3.6/site-packages/airflow/example_dags/example_latest_only_with_trigger.py
[2023-11-01 17:48:23,390] {scheduler_job.py:643} INFO - DAG(s) dict_keys(['latest_only_with_trigger']) retrieved from /home/airflow/.local/lib/python3.6/site-packages/airflow/example_dags/example_latest_only_with_trigger.py
[2023-11-01 17:48:23,399] {logging_mixin.py:104} INFO - [2023-11-01 17:48:23,399] {dag.py:1833} INFO - Sync 1 DAGs
[2023-11-01 17:48:23,407] {logging_mixin.py:104} INFO - [2023-11-01 17:48:23,407] {dag.py:2306} INFO - Setting next_dagrun for latest_only_with_trigger to 2023-10-30 00:00:00+00:00
[2023-11-01 17:48:23,422] {scheduler_job.py:190} INFO - Processing /home/airflow/.local/lib/python3.6/site-packages/airflow/example_dags/example_latest_only_with_trigger.py took 0.039 seconds
[2023-11-01 17:48:54,048] {scheduler_job.py:182} INFO - Started process (PID=1475) to work on /home/airflow/.local/lib/python3.6/site-packages/airflow/example_dags/example_latest_only_with_trigger.py
[2023-11-01 17:48:54,049] {scheduler_job.py:633} INFO - Processing file /home/airflow/.local/lib/python3.6/site-packages/airflow/example_dags/example_latest_only_with_trigger.py for tasks to queue
[2023-11-01 17:48:54,049] {logging_mixin.py:104} INFO - [2023-11-01 17:48:54,049] {dagbag.py:496} INFO - Filling up the DagBag from /home/airflow/.local/lib/python3.6/site-packages/airflow/example_dags/example_latest_only_with_trigger.py
[2023-11-01 17:48:54,056] {scheduler_job.py:643} INFO - DAG(s) dict_keys(['latest_only_with_trigger']) retrieved from /home/airflow/.local/lib/python3.6/site-packages/airflow/example_dags/example_latest_only_with_trigger.py
[2023-11-01 17:48:54,069] {logging_mixin.py:104} INFO - [2023-11-01 17:48:54,068] {dag.py:1833} INFO - Sync 1 DAGs
[2023-11-01 17:48:54,077] {logging_mixin.py:104} INFO - [2023-11-01 17:48:54,077] {dag.py:2306} INFO - Setting next_dagrun for latest_only_with_trigger to 2023-10-30 00:00:00+00:00
[2023-11-01 17:48:54,081] {scheduler_job.py:190} INFO - Processing /home/airflow/.local/lib/python3.6/site-packages/airflow/example_dags/example_latest_only_with_trigger.py took 0.034 seconds
[2023-11-01 17:49:24,701] {scheduler_job.py:182} INFO - Started process (PID=1555) to work on /home/airflow/.local/lib/python3.6/site-packages/airflow/example_dags/example_latest_only_with_trigger.py
[2023-11-01 17:49:24,701] {scheduler_job.py:633} INFO - Processing file /home/airflow/.local/lib/python3.6/site-packages/airflow/example_dags/example_latest_only_with_trigger.py for tasks to queue
[2023-11-01 17:49:24,701] {logging_mixin.py:104} INFO - [2023-11-01 17:49:24,701] {dagbag.py:496} INFO - Filling up the DagBag from /home/airflow/.local/lib/python3.6/site-packages/airflow/example_dags/example_latest_only_with_trigger.py
[2023-11-01 17:49:24,706] {scheduler_job.py:643} INFO - DAG(s) dict_keys(['latest_only_with_trigger']) retrieved from /home/airflow/.local/lib/python3.6/site-packages/airflow/example_dags/example_latest_only_with_trigger.py
[2023-11-01 17:49:24,715] {logging_mixin.py:104} INFO - [2023-11-01 17:49:24,715] {dag.py:1833} INFO - Sync 1 DAGs
[2023-11-01 17:49:24,722] {logging_mixin.py:104} INFO - [2023-11-01 17:49:24,722] {dag.py:2306} INFO - Setting next_dagrun for latest_only_with_trigger to 2023-10-30 00:00:00+00:00
[2023-11-01 17:49:24,727] {scheduler_job.py:190} INFO - Processing /home/airflow/.local/lib/python3.6/site-packages/airflow/example_dags/example_latest_only_with_trigger.py took 0.028 seconds
[2023-11-01 17:49:55,467] {scheduler_job.py:182} INFO - Started process (PID=1636) to work on /home/airflow/.local/lib/python3.6/site-packages/airflow/example_dags/example_latest_only_with_trigger.py
[2023-11-01 17:49:55,467] {scheduler_job.py:633} INFO - Processing file /home/airflow/.local/lib/python3.6/site-packages/airflow/example_dags/example_latest_only_with_trigger.py for tasks to queue
[2023-11-01 17:49:55,467] {logging_mixin.py:104} INFO - [2023-11-01 17:49:55,467] {dagbag.py:496} INFO - Filling up the DagBag from /home/airflow/.local/lib/python3.6/site-packages/airflow/example_dags/example_latest_only_with_trigger.py
[2023-11-01 17:49:55,472] {scheduler_job.py:643} INFO - DAG(s) dict_keys(['latest_only_with_trigger']) retrieved from /home/airflow/.local/lib/python3.6/site-packages/airflow/example_dags/example_latest_only_with_trigger.py
[2023-11-01 17:49:55,481] {logging_mixin.py:104} INFO - [2023-11-01 17:49:55,481] {dag.py:1833} INFO - Sync 1 DAGs
[2023-11-01 17:49:55,487] {logging_mixin.py:104} INFO - [2023-11-01 17:49:55,487] {dag.py:2306} INFO - Setting next_dagrun for latest_only_with_trigger to 2023-10-30 00:00:00+00:00
[2023-11-01 17:49:55,503] {scheduler_job.py:190} INFO - Processing /home/airflow/.local/lib/python3.6/site-packages/airflow/example_dags/example_latest_only_with_trigger.py took 0.038 seconds
[2023-11-01 17:50:26,101] {scheduler_job.py:182} INFO - Started process (PID=1716) to work on /home/airflow/.local/lib/python3.6/site-packages/airflow/example_dags/example_latest_only_with_trigger.py
[2023-11-01 17:50:26,101] {scheduler_job.py:633} INFO - Processing file /home/airflow/.local/lib/python3.6/site-packages/airflow/example_dags/example_latest_only_with_trigger.py for tasks to queue
[2023-11-01 17:50:26,101] {logging_mixin.py:104} INFO - [2023-11-01 17:50:26,101] {dagbag.py:496} INFO - Filling up the DagBag from /home/airflow/.local/lib/python3.6/site-packages/airflow/example_dags/example_latest_only_with_trigger.py
[2023-11-01 17:50:26,106] {scheduler_job.py:643} INFO - DAG(s) dict_keys(['latest_only_with_trigger']) retrieved from /home/airflow/.local/lib/python3.6/site-packages/airflow/example_dags/example_latest_only_with_trigger.py
[2023-11-01 17:50:26,115] {logging_mixin.py:104} INFO - [2023-11-01 17:50:26,115] {dag.py:1833} INFO - Sync 1 DAGs
[2023-11-01 17:50:26,122] {logging_mixin.py:104} INFO - [2023-11-01 17:50:26,122] {dag.py:2306} INFO - Setting next_dagrun for latest_only_with_trigger to 2023-10-30 00:00:00+00:00
[2023-11-01 17:50:26,138] {scheduler_job.py:190} INFO - Processing /home/airflow/.local/lib/python3.6/site-packages/airflow/example_dags/example_latest_only_with_trigger.py took 0.038 seconds
[2023-11-01 17:50:56,820] {scheduler_job.py:182} INFO - Started process (PID=1787) to work on /home/airflow/.local/lib/python3.6/site-packages/airflow/example_dags/example_latest_only_with_trigger.py
[2023-11-01 17:50:56,821] {scheduler_job.py:633} INFO - Processing file /home/airflow/.local/lib/python3.6/site-packages/airflow/example_dags/example_latest_only_with_trigger.py for tasks to queue
[2023-11-01 17:50:56,821] {logging_mixin.py:104} INFO - [2023-11-01 17:50:56,821] {dagbag.py:496} INFO - Filling up the DagBag from /home/airflow/.local/lib/python3.6/site-packages/airflow/example_dags/example_latest_only_with_trigger.py
[2023-11-01 17:50:56,826] {scheduler_job.py:643} INFO - DAG(s) dict_keys(['latest_only_with_trigger']) retrieved from /home/airflow/.local/lib/python3.6/site-packages/airflow/example_dags/example_latest_only_with_trigger.py
[2023-11-01 17:50:56,838] {logging_mixin.py:104} INFO - [2023-11-01 17:50:56,838] {dag.py:1833} INFO - Sync 1 DAGs
[2023-11-01 17:50:56,845] {logging_mixin.py:104} INFO - [2023-11-01 17:50:56,845] {dag.py:2306} INFO - Setting next_dagrun for latest_only_with_trigger to 2023-10-30 00:00:00+00:00
[2023-11-01 17:50:56,859] {scheduler_job.py:190} INFO - Processing /home/airflow/.local/lib/python3.6/site-packages/airflow/example_dags/example_latest_only_with_trigger.py took 0.040 seconds
[2023-11-01 17:51:27,558] {scheduler_job.py:182} INFO - Started process (PID=1868) to work on /home/airflow/.local/lib/python3.6/site-packages/airflow/example_dags/example_latest_only_with_trigger.py
[2023-11-01 17:51:27,559] {scheduler_job.py:633} INFO - Processing file /home/airflow/.local/lib/python3.6/site-packages/airflow/example_dags/example_latest_only_with_trigger.py for tasks to queue
[2023-11-01 17:51:27,559] {logging_mixin.py:104} INFO - [2023-11-01 17:51:27,559] {dagbag.py:496} INFO - Filling up the DagBag from /home/airflow/.local/lib/python3.6/site-packages/airflow/example_dags/example_latest_only_with_trigger.py
[2023-11-01 17:51:27,567] {scheduler_job.py:643} INFO - DAG(s) dict_keys(['latest_only_with_trigger']) retrieved from /home/airflow/.local/lib/python3.6/site-packages/airflow/example_dags/example_latest_only_with_trigger.py
[2023-11-01 17:51:27,579] {logging_mixin.py:104} INFO - [2023-11-01 17:51:27,579] {dag.py:1833} INFO - Sync 1 DAGs
[2023-11-01 17:51:27,589] {logging_mixin.py:104} INFO - [2023-11-01 17:51:27,589] {dag.py:2306} INFO - Setting next_dagrun for latest_only_with_trigger to 2023-10-30 00:00:00+00:00
[2023-11-01 17:51:27,608] {scheduler_job.py:190} INFO - Processing /home/airflow/.local/lib/python3.6/site-packages/airflow/example_dags/example_latest_only_with_trigger.py took 0.052 seconds
[2023-11-01 17:51:57,794] {scheduler_job.py:182} INFO - Started process (PID=1949) to work on /home/airflow/.local/lib/python3.6/site-packages/airflow/example_dags/example_latest_only_with_trigger.py
[2023-11-01 17:51:57,795] {scheduler_job.py:633} INFO - Processing file /home/airflow/.local/lib/python3.6/site-packages/airflow/example_dags/example_latest_only_with_trigger.py for tasks to queue
[2023-11-01 17:51:57,795] {logging_mixin.py:104} INFO - [2023-11-01 17:51:57,795] {dagbag.py:496} INFO - Filling up the DagBag from /home/airflow/.local/lib/python3.6/site-packages/airflow/example_dags/example_latest_only_with_trigger.py
[2023-11-01 17:51:57,801] {scheduler_job.py:643} INFO - DAG(s) dict_keys(['latest_only_with_trigger']) retrieved from /home/airflow/.local/lib/python3.6/site-packages/airflow/example_dags/example_latest_only_with_trigger.py
[2023-11-01 17:51:57,817] {logging_mixin.py:104} INFO - [2023-11-01 17:51:57,817] {dag.py:1833} INFO - Sync 1 DAGs
[2023-11-01 17:51:57,831] {logging_mixin.py:104} INFO - [2023-11-01 17:51:57,831] {dag.py:2306} INFO - Setting next_dagrun for latest_only_with_trigger to 2023-10-30 00:00:00+00:00
[2023-11-01 17:51:57,849] {scheduler_job.py:190} INFO - Processing /home/airflow/.local/lib/python3.6/site-packages/airflow/example_dags/example_latest_only_with_trigger.py took 0.055 seconds
[2023-11-01 17:52:28,041] {scheduler_job.py:182} INFO - Started process (PID=2030) to work on /home/airflow/.local/lib/python3.6/site-packages/airflow/example_dags/example_latest_only_with_trigger.py
[2023-11-01 17:52:28,042] {scheduler_job.py:633} INFO - Processing file /home/airflow/.local/lib/python3.6/site-packages/airflow/example_dags/example_latest_only_with_trigger.py for tasks to queue
[2023-11-01 17:52:28,042] {logging_mixin.py:104} INFO - [2023-11-01 17:52:28,042] {dagbag.py:496} INFO - Filling up the DagBag from /home/airflow/.local/lib/python3.6/site-packages/airflow/example_dags/example_latest_only_with_trigger.py
[2023-11-01 17:52:28,047] {scheduler_job.py:643} INFO - DAG(s) dict_keys(['latest_only_with_trigger']) retrieved from /home/airflow/.local/lib/python3.6/site-packages/airflow/example_dags/example_latest_only_with_trigger.py
[2023-11-01 17:52:28,058] {logging_mixin.py:104} INFO - [2023-11-01 17:52:28,058] {dag.py:1833} INFO - Sync 1 DAGs
[2023-11-01 17:52:28,065] {logging_mixin.py:104} INFO - [2023-11-01 17:52:28,065] {dag.py:2306} INFO - Setting next_dagrun for latest_only_with_trigger to 2023-10-30 00:00:00+00:00
[2023-11-01 17:52:28,069] {scheduler_job.py:190} INFO - Processing /home/airflow/.local/lib/python3.6/site-packages/airflow/example_dags/example_latest_only_with_trigger.py took 0.029 seconds
[2023-11-01 17:52:58,221] {scheduler_job.py:182} INFO - Started process (PID=2101) to work on /home/airflow/.local/lib/python3.6/site-packages/airflow/example_dags/example_latest_only_with_trigger.py
[2023-11-01 17:52:58,222] {scheduler_job.py:633} INFO - Processing file /home/airflow/.local/lib/python3.6/site-packages/airflow/example_dags/example_latest_only_with_trigger.py for tasks to queue
[2023-11-01 17:52:58,222] {logging_mixin.py:104} INFO - [2023-11-01 17:52:58,222] {dagbag.py:496} INFO - Filling up the DagBag from /home/airflow/.local/lib/python3.6/site-packages/airflow/example_dags/example_latest_only_with_trigger.py
[2023-11-01 17:52:58,228] {scheduler_job.py:643} INFO - DAG(s) dict_keys(['latest_only_with_trigger']) retrieved from /home/airflow/.local/lib/python3.6/site-packages/airflow/example_dags/example_latest_only_with_trigger.py
[2023-11-01 17:52:58,239] {logging_mixin.py:104} INFO - [2023-11-01 17:52:58,239] {dag.py:1833} INFO - Sync 1 DAGs
[2023-11-01 17:52:58,247] {logging_mixin.py:104} INFO - [2023-11-01 17:52:58,247] {dag.py:2306} INFO - Setting next_dagrun for latest_only_with_trigger to 2023-10-30 00:00:00+00:00
[2023-11-01 17:52:58,252] {scheduler_job.py:190} INFO - Processing /home/airflow/.local/lib/python3.6/site-packages/airflow/example_dags/example_latest_only_with_trigger.py took 0.033 seconds
[2023-11-01 17:53:28,961] {scheduler_job.py:182} INFO - Started process (PID=2182) to work on /home/airflow/.local/lib/python3.6/site-packages/airflow/example_dags/example_latest_only_with_trigger.py
[2023-11-01 17:53:28,962] {scheduler_job.py:633} INFO - Processing file /home/airflow/.local/lib/python3.6/site-packages/airflow/example_dags/example_latest_only_with_trigger.py for tasks to queue
[2023-11-01 17:53:28,962] {logging_mixin.py:104} INFO - [2023-11-01 17:53:28,962] {dagbag.py:496} INFO - Filling up the DagBag from /home/airflow/.local/lib/python3.6/site-packages/airflow/example_dags/example_latest_only_with_trigger.py
[2023-11-01 17:53:28,966] {scheduler_job.py:643} INFO - DAG(s) dict_keys(['latest_only_with_trigger']) retrieved from /home/airflow/.local/lib/python3.6/site-packages/airflow/example_dags/example_latest_only_with_trigger.py
[2023-11-01 17:53:28,977] {logging_mixin.py:104} INFO - [2023-11-01 17:53:28,977] {dag.py:1833} INFO - Sync 1 DAGs
[2023-11-01 17:53:28,984] {logging_mixin.py:104} INFO - [2023-11-01 17:53:28,984] {dag.py:2306} INFO - Setting next_dagrun for latest_only_with_trigger to 2023-10-30 00:00:00+00:00
[2023-11-01 17:53:28,991] {scheduler_job.py:190} INFO - Processing /home/airflow/.local/lib/python3.6/site-packages/airflow/example_dags/example_latest_only_with_trigger.py took 0.031 seconds
[2023-11-01 17:53:59,700] {scheduler_job.py:182} INFO - Started process (PID=2263) to work on /home/airflow/.local/lib/python3.6/site-packages/airflow/example_dags/example_latest_only_with_trigger.py
[2023-11-01 17:53:59,700] {scheduler_job.py:633} INFO - Processing file /home/airflow/.local/lib/python3.6/site-packages/airflow/example_dags/example_latest_only_with_trigger.py for tasks to queue
[2023-11-01 17:53:59,700] {logging_mixin.py:104} INFO - [2023-11-01 17:53:59,700] {dagbag.py:496} INFO - Filling up the DagBag from /home/airflow/.local/lib/python3.6/site-packages/airflow/example_dags/example_latest_only_with_trigger.py
[2023-11-01 17:53:59,705] {scheduler_job.py:643} INFO - DAG(s) dict_keys(['latest_only_with_trigger']) retrieved from /home/airflow/.local/lib/python3.6/site-packages/airflow/example_dags/example_latest_only_with_trigger.py
[2023-11-01 17:53:59,719] {logging_mixin.py:104} INFO - [2023-11-01 17:53:59,719] {dag.py:1833} INFO - Sync 1 DAGs
[2023-11-01 17:53:59,728] {logging_mixin.py:104} INFO - [2023-11-01 17:53:59,728] {dag.py:2306} INFO - Setting next_dagrun for latest_only_with_trigger to 2023-10-30 00:00:00+00:00
[2023-11-01 17:53:59,743] {scheduler_job.py:190} INFO - Processing /home/airflow/.local/lib/python3.6/site-packages/airflow/example_dags/example_latest_only_with_trigger.py took 0.045 seconds
[2023-11-01 17:54:29,832] {scheduler_job.py:182} INFO - Started process (PID=2364) to work on /home/airflow/.local/lib/python3.6/site-packages/airflow/example_dags/example_latest_only_with_trigger.py
[2023-11-01 17:54:29,833] {scheduler_job.py:633} INFO - Processing file /home/airflow/.local/lib/python3.6/site-packages/airflow/example_dags/example_latest_only_with_trigger.py for tasks to queue
[2023-11-01 17:54:29,833] {logging_mixin.py:104} INFO - [2023-11-01 17:54:29,833] {dagbag.py:496} INFO - Filling up the DagBag from /home/airflow/.local/lib/python3.6/site-packages/airflow/example_dags/example_latest_only_with_trigger.py
[2023-11-01 17:54:29,851] {scheduler_job.py:643} INFO - DAG(s) dict_keys(['latest_only_with_trigger']) retrieved from /home/airflow/.local/lib/python3.6/site-packages/airflow/example_dags/example_latest_only_with_trigger.py
[2023-11-01 17:54:29,875] {logging_mixin.py:104} INFO - [2023-11-01 17:54:29,875] {dag.py:1833} INFO - Sync 1 DAGs
[2023-11-01 17:54:29,883] {logging_mixin.py:104} INFO - [2023-11-01 17:54:29,883] {dag.py:2306} INFO - Setting next_dagrun for latest_only_with_trigger to 2023-10-30 00:00:00+00:00
[2023-11-01 17:54:29,889] {scheduler_job.py:190} INFO - Processing /home/airflow/.local/lib/python3.6/site-packages/airflow/example_dags/example_latest_only_with_trigger.py took 0.063 seconds
[2023-11-01 17:55:00,598] {scheduler_job.py:182} INFO - Started process (PID=2416) to work on /home/airflow/.local/lib/python3.6/site-packages/airflow/example_dags/example_latest_only_with_trigger.py
[2023-11-01 17:55:00,599] {scheduler_job.py:633} INFO - Processing file /home/airflow/.local/lib/python3.6/site-packages/airflow/example_dags/example_latest_only_with_trigger.py for tasks to queue
[2023-11-01 17:55:00,599] {logging_mixin.py:104} INFO - [2023-11-01 17:55:00,599] {dagbag.py:496} INFO - Filling up the DagBag from /home/airflow/.local/lib/python3.6/site-packages/airflow/example_dags/example_latest_only_with_trigger.py
[2023-11-01 17:55:00,603] {scheduler_job.py:643} INFO - DAG(s) dict_keys(['latest_only_with_trigger']) retrieved from /home/airflow/.local/lib/python3.6/site-packages/airflow/example_dags/example_latest_only_with_trigger.py
[2023-11-01 17:55:00,614] {logging_mixin.py:104} INFO - [2023-11-01 17:55:00,614] {dag.py:1833} INFO - Sync 1 DAGs
[2023-11-01 17:55:00,621] {logging_mixin.py:104} INFO - [2023-11-01 17:55:00,621] {dag.py:2306} INFO - Setting next_dagrun for latest_only_with_trigger to 2023-10-30 00:00:00+00:00
[2023-11-01 17:55:00,636] {scheduler_job.py:190} INFO - Processing /home/airflow/.local/lib/python3.6/site-packages/airflow/example_dags/example_latest_only_with_trigger.py took 0.039 seconds
[2023-11-01 17:55:30,695] {scheduler_job.py:182} INFO - Started process (PID=2497) to work on /home/airflow/.local/lib/python3.6/site-packages/airflow/example_dags/example_latest_only_with_trigger.py
[2023-11-01 17:55:30,695] {scheduler_job.py:633} INFO - Processing file /home/airflow/.local/lib/python3.6/site-packages/airflow/example_dags/example_latest_only_with_trigger.py for tasks to queue
[2023-11-01 17:55:30,696] {logging_mixin.py:104} INFO - [2023-11-01 17:55:30,695] {dagbag.py:496} INFO - Filling up the DagBag from /home/airflow/.local/lib/python3.6/site-packages/airflow/example_dags/example_latest_only_with_trigger.py
[2023-11-01 17:55:30,701] {scheduler_job.py:643} INFO - DAG(s) dict_keys(['latest_only_with_trigger']) retrieved from /home/airflow/.local/lib/python3.6/site-packages/airflow/example_dags/example_latest_only_with_trigger.py
[2023-11-01 17:55:30,710] {logging_mixin.py:104} INFO - [2023-11-01 17:55:30,710] {dag.py:1833} INFO - Sync 1 DAGs
[2023-11-01 17:55:30,719] {logging_mixin.py:104} INFO - [2023-11-01 17:55:30,719] {dag.py:2306} INFO - Setting next_dagrun for latest_only_with_trigger to 2023-10-30 00:00:00+00:00
[2023-11-01 17:55:30,723] {scheduler_job.py:190} INFO - Processing /home/airflow/.local/lib/python3.6/site-packages/airflow/example_dags/example_latest_only_with_trigger.py took 0.030 seconds
[2023-11-01 17:56:01,550] {scheduler_job.py:182} INFO - Started process (PID=2578) to work on /home/airflow/.local/lib/python3.6/site-packages/airflow/example_dags/example_latest_only_with_trigger.py
[2023-11-01 17:56:01,550] {scheduler_job.py:633} INFO - Processing file /home/airflow/.local/lib/python3.6/site-packages/airflow/example_dags/example_latest_only_with_trigger.py for tasks to queue
[2023-11-01 17:56:01,550] {logging_mixin.py:104} INFO - [2023-11-01 17:56:01,550] {dagbag.py:496} INFO - Filling up the DagBag from /home/airflow/.local/lib/python3.6/site-packages/airflow/example_dags/example_latest_only_with_trigger.py
[2023-11-01 17:56:01,555] {scheduler_job.py:643} INFO - DAG(s) dict_keys(['latest_only_with_trigger']) retrieved from /home/airflow/.local/lib/python3.6/site-packages/airflow/example_dags/example_latest_only_with_trigger.py
[2023-11-01 17:56:01,565] {logging_mixin.py:104} INFO - [2023-11-01 17:56:01,565] {dag.py:1833} INFO - Sync 1 DAGs
[2023-11-01 17:56:01,571] {logging_mixin.py:104} INFO - [2023-11-01 17:56:01,571] {dag.py:2306} INFO - Setting next_dagrun for latest_only_with_trigger to 2023-10-30 00:00:00+00:00
[2023-11-01 17:56:01,575] {scheduler_job.py:190} INFO - Processing /home/airflow/.local/lib/python3.6/site-packages/airflow/example_dags/example_latest_only_with_trigger.py took 0.027 seconds
[2023-11-01 17:56:32,372] {scheduler_job.py:182} INFO - Started process (PID=2659) to work on /home/airflow/.local/lib/python3.6/site-packages/airflow/example_dags/example_latest_only_with_trigger.py
[2023-11-01 17:56:32,372] {scheduler_job.py:633} INFO - Processing file /home/airflow/.local/lib/python3.6/site-packages/airflow/example_dags/example_latest_only_with_trigger.py for tasks to queue
[2023-11-01 17:56:32,373] {logging_mixin.py:104} INFO - [2023-11-01 17:56:32,373] {dagbag.py:496} INFO - Filling up the DagBag from /home/airflow/.local/lib/python3.6/site-packages/airflow/example_dags/example_latest_only_with_trigger.py
[2023-11-01 17:56:32,380] {scheduler_job.py:643} INFO - DAG(s) dict_keys(['latest_only_with_trigger']) retrieved from /home/airflow/.local/lib/python3.6/site-packages/airflow/example_dags/example_latest_only_with_trigger.py
[2023-11-01 17:56:32,392] {logging_mixin.py:104} INFO - [2023-11-01 17:56:32,392] {dag.py:1833} INFO - Sync 1 DAGs
[2023-11-01 17:56:32,403] {logging_mixin.py:104} INFO - [2023-11-01 17:56:32,402] {dag.py:2306} INFO - Setting next_dagrun for latest_only_with_trigger to 2023-10-30 00:00:00+00:00
[2023-11-01 17:56:32,422] {scheduler_job.py:190} INFO - Processing /home/airflow/.local/lib/python3.6/site-packages/airflow/example_dags/example_latest_only_with_trigger.py took 0.053 seconds
[2023-11-01 17:57:03,132] {scheduler_job.py:182} INFO - Started process (PID=2730) to work on /home/airflow/.local/lib/python3.6/site-packages/airflow/example_dags/example_latest_only_with_trigger.py
[2023-11-01 17:57:03,133] {scheduler_job.py:633} INFO - Processing file /home/airflow/.local/lib/python3.6/site-packages/airflow/example_dags/example_latest_only_with_trigger.py for tasks to queue
[2023-11-01 17:57:03,133] {logging_mixin.py:104} INFO - [2023-11-01 17:57:03,133] {dagbag.py:496} INFO - Filling up the DagBag from /home/airflow/.local/lib/python3.6/site-packages/airflow/example_dags/example_latest_only_with_trigger.py
[2023-11-01 17:57:03,140] {scheduler_job.py:643} INFO - DAG(s) dict_keys(['latest_only_with_trigger']) retrieved from /home/airflow/.local/lib/python3.6/site-packages/airflow/example_dags/example_latest_only_with_trigger.py
[2023-11-01 17:57:03,150] {logging_mixin.py:104} INFO - [2023-11-01 17:57:03,150] {dag.py:1833} INFO - Sync 1 DAGs
[2023-11-01 17:57:03,160] {logging_mixin.py:104} INFO - [2023-11-01 17:57:03,160] {dag.py:2306} INFO - Setting next_dagrun for latest_only_with_trigger to 2023-10-30 00:00:00+00:00
[2023-11-01 17:57:03,178] {scheduler_job.py:190} INFO - Processing /home/airflow/.local/lib/python3.6/site-packages/airflow/example_dags/example_latest_only_with_trigger.py took 0.048 seconds
[2023-11-01 17:57:33,962] {scheduler_job.py:182} INFO - Started process (PID=2811) to work on /home/airflow/.local/lib/python3.6/site-packages/airflow/example_dags/example_latest_only_with_trigger.py
[2023-11-01 17:57:33,963] {scheduler_job.py:633} INFO - Processing file /home/airflow/.local/lib/python3.6/site-packages/airflow/example_dags/example_latest_only_with_trigger.py for tasks to queue
[2023-11-01 17:57:33,963] {logging_mixin.py:104} INFO - [2023-11-01 17:57:33,963] {dagbag.py:496} INFO - Filling up the DagBag from /home/airflow/.local/lib/python3.6/site-packages/airflow/example_dags/example_latest_only_with_trigger.py
[2023-11-01 17:57:33,969] {scheduler_job.py:643} INFO - DAG(s) dict_keys(['latest_only_with_trigger']) retrieved from /home/airflow/.local/lib/python3.6/site-packages/airflow/example_dags/example_latest_only_with_trigger.py
[2023-11-01 17:57:33,978] {logging_mixin.py:104} INFO - [2023-11-01 17:57:33,978] {dag.py:1833} INFO - Sync 1 DAGs
[2023-11-01 17:57:33,985] {logging_mixin.py:104} INFO - [2023-11-01 17:57:33,985] {dag.py:2306} INFO - Setting next_dagrun for latest_only_with_trigger to 2023-10-30 00:00:00+00:00
[2023-11-01 17:57:33,989] {scheduler_job.py:190} INFO - Processing /home/airflow/.local/lib/python3.6/site-packages/airflow/example_dags/example_latest_only_with_trigger.py took 0.028 seconds
[2023-11-01 17:58:04,062] {scheduler_job.py:182} INFO - Started process (PID=2912) to work on /home/airflow/.local/lib/python3.6/site-packages/airflow/example_dags/example_latest_only_with_trigger.py
[2023-11-01 17:58:04,063] {scheduler_job.py:633} INFO - Processing file /home/airflow/.local/lib/python3.6/site-packages/airflow/example_dags/example_latest_only_with_trigger.py for tasks to queue
[2023-11-01 17:58:04,063] {logging_mixin.py:104} INFO - [2023-11-01 17:58:04,063] {dagbag.py:496} INFO - Filling up the DagBag from /home/airflow/.local/lib/python3.6/site-packages/airflow/example_dags/example_latest_only_with_trigger.py
[2023-11-01 17:58:04,068] {scheduler_job.py:643} INFO - DAG(s) dict_keys(['latest_only_with_trigger']) retrieved from /home/airflow/.local/lib/python3.6/site-packages/airflow/example_dags/example_latest_only_with_trigger.py
[2023-11-01 17:58:04,078] {logging_mixin.py:104} INFO - [2023-11-01 17:58:04,078] {dag.py:1833} INFO - Sync 1 DAGs
[2023-11-01 17:58:04,085] {logging_mixin.py:104} INFO - [2023-11-01 17:58:04,085] {dag.py:2306} INFO - Setting next_dagrun for latest_only_with_trigger to 2023-10-30 00:00:00+00:00
[2023-11-01 17:58:04,089] {scheduler_job.py:190} INFO - Processing /home/airflow/.local/lib/python3.6/site-packages/airflow/example_dags/example_latest_only_with_trigger.py took 0.028 seconds
[2023-11-01 17:58:34,158] {scheduler_job.py:182} INFO - Started process (PID=2993) to work on /home/airflow/.local/lib/python3.6/site-packages/airflow/example_dags/example_latest_only_with_trigger.py
[2023-11-01 17:58:34,159] {scheduler_job.py:633} INFO - Processing file /home/airflow/.local/lib/python3.6/site-packages/airflow/example_dags/example_latest_only_with_trigger.py for tasks to queue
[2023-11-01 17:58:34,159] {logging_mixin.py:104} INFO - [2023-11-01 17:58:34,159] {dagbag.py:496} INFO - Filling up the DagBag from /home/airflow/.local/lib/python3.6/site-packages/airflow/example_dags/example_latest_only_with_trigger.py
[2023-11-01 17:58:34,164] {scheduler_job.py:643} INFO - DAG(s) dict_keys(['latest_only_with_trigger']) retrieved from /home/airflow/.local/lib/python3.6/site-packages/airflow/example_dags/example_latest_only_with_trigger.py
[2023-11-01 17:58:34,173] {logging_mixin.py:104} INFO - [2023-11-01 17:58:34,173] {dag.py:1833} INFO - Sync 1 DAGs
[2023-11-01 17:58:34,180] {logging_mixin.py:104} INFO - [2023-11-01 17:58:34,180] {dag.py:2306} INFO - Setting next_dagrun for latest_only_with_trigger to 2023-10-30 00:00:00+00:00
[2023-11-01 17:58:34,184] {scheduler_job.py:190} INFO - Processing /home/airflow/.local/lib/python3.6/site-packages/airflow/example_dags/example_latest_only_with_trigger.py took 0.027 seconds
[2023-11-01 17:59:05,072] {scheduler_job.py:182} INFO - Started process (PID=3064) to work on /home/airflow/.local/lib/python3.6/site-packages/airflow/example_dags/example_latest_only_with_trigger.py
[2023-11-01 17:59:05,073] {scheduler_job.py:633} INFO - Processing file /home/airflow/.local/lib/python3.6/site-packages/airflow/example_dags/example_latest_only_with_trigger.py for tasks to queue
[2023-11-01 17:59:05,073] {logging_mixin.py:104} INFO - [2023-11-01 17:59:05,073] {dagbag.py:496} INFO - Filling up the DagBag from /home/airflow/.local/lib/python3.6/site-packages/airflow/example_dags/example_latest_only_with_trigger.py
[2023-11-01 17:59:05,079] {scheduler_job.py:643} INFO - DAG(s) dict_keys(['latest_only_with_trigger']) retrieved from /home/airflow/.local/lib/python3.6/site-packages/airflow/example_dags/example_latest_only_with_trigger.py
[2023-11-01 17:59:05,088] {logging_mixin.py:104} INFO - [2023-11-01 17:59:05,088] {dag.py:1833} INFO - Sync 1 DAGs
[2023-11-01 17:59:05,094] {logging_mixin.py:104} INFO - [2023-11-01 17:59:05,094] {dag.py:2306} INFO - Setting next_dagrun for latest_only_with_trigger to 2023-10-30 00:00:00+00:00
[2023-11-01 17:59:05,099] {scheduler_job.py:190} INFO - Processing /home/airflow/.local/lib/python3.6/site-packages/airflow/example_dags/example_latest_only_with_trigger.py took 0.028 seconds
[2023-11-01 17:59:35,124] {scheduler_job.py:182} INFO - Started process (PID=3163) to work on /home/airflow/.local/lib/python3.6/site-packages/airflow/example_dags/example_latest_only_with_trigger.py
[2023-11-01 17:59:35,125] {scheduler_job.py:633} INFO - Processing file /home/airflow/.local/lib/python3.6/site-packages/airflow/example_dags/example_latest_only_with_trigger.py for tasks to queue
[2023-11-01 17:59:35,126] {logging_mixin.py:104} INFO - [2023-11-01 17:59:35,126] {dagbag.py:496} INFO - Filling up the DagBag from /home/airflow/.local/lib/python3.6/site-packages/airflow/example_dags/example_latest_only_with_trigger.py
[2023-11-01 17:59:35,130] {scheduler_job.py:643} INFO - DAG(s) dict_keys(['latest_only_with_trigger']) retrieved from /home/airflow/.local/lib/python3.6/site-packages/airflow/example_dags/example_latest_only_with_trigger.py
[2023-11-01 17:59:35,140] {logging_mixin.py:104} INFO - [2023-11-01 17:59:35,140] {dag.py:1833} INFO - Sync 1 DAGs
[2023-11-01 17:59:35,147] {logging_mixin.py:104} INFO - [2023-11-01 17:59:35,147] {dag.py:2306} INFO - Setting next_dagrun for latest_only_with_trigger to 2023-10-30 00:00:00+00:00
[2023-11-01 17:59:35,151] {scheduler_job.py:190} INFO - Processing /home/airflow/.local/lib/python3.6/site-packages/airflow/example_dags/example_latest_only_with_trigger.py took 0.029 seconds
[2023-11-01 18:00:06,029] {scheduler_job.py:182} INFO - Started process (PID=3245) to work on /home/airflow/.local/lib/python3.6/site-packages/airflow/example_dags/example_latest_only_with_trigger.py
[2023-11-01 18:00:06,029] {scheduler_job.py:633} INFO - Processing file /home/airflow/.local/lib/python3.6/site-packages/airflow/example_dags/example_latest_only_with_trigger.py for tasks to queue
[2023-11-01 18:00:06,029] {logging_mixin.py:104} INFO - [2023-11-01 18:00:06,029] {dagbag.py:496} INFO - Filling up the DagBag from /home/airflow/.local/lib/python3.6/site-packages/airflow/example_dags/example_latest_only_with_trigger.py
[2023-11-01 18:00:06,034] {scheduler_job.py:643} INFO - DAG(s) dict_keys(['latest_only_with_trigger']) retrieved from /home/airflow/.local/lib/python3.6/site-packages/airflow/example_dags/example_latest_only_with_trigger.py
[2023-11-01 18:00:06,047] {logging_mixin.py:104} INFO - [2023-11-01 18:00:06,046] {dag.py:1833} INFO - Sync 1 DAGs
[2023-11-01 18:00:06,053] {logging_mixin.py:104} INFO - [2023-11-01 18:00:06,053] {dag.py:2306} INFO - Setting next_dagrun for latest_only_with_trigger to 2023-10-30 00:00:00+00:00
[2023-11-01 18:00:06,057] {scheduler_job.py:190} INFO - Processing /home/airflow/.local/lib/python3.6/site-packages/airflow/example_dags/example_latest_only_with_trigger.py took 0.030 seconds
