[2023-11-01 17:42:25,639] {scheduler_job.py:182} INFO - Started process (PID=461) to work on /home/airflow/.local/lib/python3.6/site-packages/airflow/example_dags/tutorial_etl_dag.py
[2023-11-01 17:42:25,640] {scheduler_job.py:633} INFO - Processing file /home/airflow/.local/lib/python3.6/site-packages/airflow/example_dags/tutorial_etl_dag.py for tasks to queue
[2023-11-01 17:42:25,641] {logging_mixin.py:104} INFO - [2023-11-01 17:42:25,641] {dagbag.py:496} INFO - Filling up the DagBag from /home/airflow/.local/lib/python3.6/site-packages/airflow/example_dags/tutorial_etl_dag.py
[2023-11-01 17:42:25,652] {scheduler_job.py:643} INFO - DAG(s) dict_keys(['tutorial_etl_dag']) retrieved from /home/airflow/.local/lib/python3.6/site-packages/airflow/example_dags/tutorial_etl_dag.py
[2023-11-01 17:42:26,700] {logging_mixin.py:104} INFO - [2023-11-01 17:42:26,699] {dag.py:1833} INFO - Sync 1 DAGs
[2023-11-01 17:42:26,706] {logging_mixin.py:104} INFO - [2023-11-01 17:42:26,706] {dag.py:1852} INFO - Creating ORM DAG for tutorial_etl_dag
[2023-11-01 17:42:26,710] {logging_mixin.py:104} INFO - [2023-11-01 17:42:26,710] {dag.py:2306} INFO - Setting next_dagrun for tutorial_etl_dag to None
[2023-11-01 17:42:26,716] {scheduler_job.py:190} INFO - Processing /home/airflow/.local/lib/python3.6/site-packages/airflow/example_dags/tutorial_etl_dag.py took 1.079 seconds
[2023-11-01 17:42:57,070] {scheduler_job.py:182} INFO - Started process (PID=723) to work on /home/airflow/.local/lib/python3.6/site-packages/airflow/example_dags/tutorial_etl_dag.py
[2023-11-01 17:42:57,071] {scheduler_job.py:633} INFO - Processing file /home/airflow/.local/lib/python3.6/site-packages/airflow/example_dags/tutorial_etl_dag.py for tasks to queue
[2023-11-01 17:42:57,071] {logging_mixin.py:104} INFO - [2023-11-01 17:42:57,071] {dagbag.py:496} INFO - Filling up the DagBag from /home/airflow/.local/lib/python3.6/site-packages/airflow/example_dags/tutorial_etl_dag.py
[2023-11-01 17:42:57,075] {scheduler_job.py:643} INFO - DAG(s) dict_keys(['tutorial_etl_dag']) retrieved from /home/airflow/.local/lib/python3.6/site-packages/airflow/example_dags/tutorial_etl_dag.py
[2023-11-01 17:42:57,085] {logging_mixin.py:104} INFO - [2023-11-01 17:42:57,085] {dag.py:1833} INFO - Sync 1 DAGs
[2023-11-01 17:42:57,091] {logging_mixin.py:104} INFO - [2023-11-01 17:42:57,091] {dag.py:2306} INFO - Setting next_dagrun for tutorial_etl_dag to None
[2023-11-01 17:42:57,097] {scheduler_job.py:190} INFO - Processing /home/airflow/.local/lib/python3.6/site-packages/airflow/example_dags/tutorial_etl_dag.py took 0.028 seconds
[2023-11-01 17:43:27,625] {scheduler_job.py:182} INFO - Started process (PID=784) to work on /home/airflow/.local/lib/python3.6/site-packages/airflow/example_dags/tutorial_etl_dag.py
[2023-11-01 17:43:27,625] {scheduler_job.py:633} INFO - Processing file /home/airflow/.local/lib/python3.6/site-packages/airflow/example_dags/tutorial_etl_dag.py for tasks to queue
[2023-11-01 17:43:27,626] {logging_mixin.py:104} INFO - [2023-11-01 17:43:27,626] {dagbag.py:496} INFO - Filling up the DagBag from /home/airflow/.local/lib/python3.6/site-packages/airflow/example_dags/tutorial_etl_dag.py
[2023-11-01 17:43:27,631] {scheduler_job.py:643} INFO - DAG(s) dict_keys(['tutorial_etl_dag']) retrieved from /home/airflow/.local/lib/python3.6/site-packages/airflow/example_dags/tutorial_etl_dag.py
[2023-11-01 17:43:27,640] {logging_mixin.py:104} INFO - [2023-11-01 17:43:27,639] {dag.py:1833} INFO - Sync 1 DAGs
[2023-11-01 17:43:27,646] {logging_mixin.py:104} INFO - [2023-11-01 17:43:27,646] {dag.py:2306} INFO - Setting next_dagrun for tutorial_etl_dag to None
[2023-11-01 17:43:27,662] {scheduler_job.py:190} INFO - Processing /home/airflow/.local/lib/python3.6/site-packages/airflow/example_dags/tutorial_etl_dag.py took 0.038 seconds
[2023-11-01 17:43:58,356] {scheduler_job.py:182} INFO - Started process (PID=845) to work on /home/airflow/.local/lib/python3.6/site-packages/airflow/example_dags/tutorial_etl_dag.py
[2023-11-01 17:43:58,357] {scheduler_job.py:633} INFO - Processing file /home/airflow/.local/lib/python3.6/site-packages/airflow/example_dags/tutorial_etl_dag.py for tasks to queue
[2023-11-01 17:43:58,357] {logging_mixin.py:104} INFO - [2023-11-01 17:43:58,357] {dagbag.py:496} INFO - Filling up the DagBag from /home/airflow/.local/lib/python3.6/site-packages/airflow/example_dags/tutorial_etl_dag.py
[2023-11-01 17:43:58,362] {scheduler_job.py:643} INFO - DAG(s) dict_keys(['tutorial_etl_dag']) retrieved from /home/airflow/.local/lib/python3.6/site-packages/airflow/example_dags/tutorial_etl_dag.py
[2023-11-01 17:43:58,370] {logging_mixin.py:104} INFO - [2023-11-01 17:43:58,370] {dag.py:1833} INFO - Sync 1 DAGs
[2023-11-01 17:43:58,377] {logging_mixin.py:104} INFO - [2023-11-01 17:43:58,377] {dag.py:2306} INFO - Setting next_dagrun for tutorial_etl_dag to None
[2023-11-01 17:43:58,393] {scheduler_job.py:190} INFO - Processing /home/airflow/.local/lib/python3.6/site-packages/airflow/example_dags/tutorial_etl_dag.py took 0.038 seconds
[2023-11-01 17:44:29,206] {scheduler_job.py:182} INFO - Started process (PID=895) to work on /home/airflow/.local/lib/python3.6/site-packages/airflow/example_dags/tutorial_etl_dag.py
[2023-11-01 17:44:29,206] {scheduler_job.py:633} INFO - Processing file /home/airflow/.local/lib/python3.6/site-packages/airflow/example_dags/tutorial_etl_dag.py for tasks to queue
[2023-11-01 17:44:29,206] {logging_mixin.py:104} INFO - [2023-11-01 17:44:29,206] {dagbag.py:496} INFO - Filling up the DagBag from /home/airflow/.local/lib/python3.6/site-packages/airflow/example_dags/tutorial_etl_dag.py
[2023-11-01 17:44:29,211] {scheduler_job.py:643} INFO - DAG(s) dict_keys(['tutorial_etl_dag']) retrieved from /home/airflow/.local/lib/python3.6/site-packages/airflow/example_dags/tutorial_etl_dag.py
[2023-11-01 17:44:29,221] {logging_mixin.py:104} INFO - [2023-11-01 17:44:29,221] {dag.py:1833} INFO - Sync 1 DAGs
[2023-11-01 17:44:29,227] {logging_mixin.py:104} INFO - [2023-11-01 17:44:29,227] {dag.py:2306} INFO - Setting next_dagrun for tutorial_etl_dag to None
[2023-11-01 17:44:29,242] {scheduler_job.py:190} INFO - Processing /home/airflow/.local/lib/python3.6/site-packages/airflow/example_dags/tutorial_etl_dag.py took 0.038 seconds
[2023-11-01 17:44:59,838] {scheduler_job.py:182} INFO - Started process (PID=956) to work on /home/airflow/.local/lib/python3.6/site-packages/airflow/example_dags/tutorial_etl_dag.py
[2023-11-01 17:44:59,838] {scheduler_job.py:633} INFO - Processing file /home/airflow/.local/lib/python3.6/site-packages/airflow/example_dags/tutorial_etl_dag.py for tasks to queue
[2023-11-01 17:44:59,839] {logging_mixin.py:104} INFO - [2023-11-01 17:44:59,839] {dagbag.py:496} INFO - Filling up the DagBag from /home/airflow/.local/lib/python3.6/site-packages/airflow/example_dags/tutorial_etl_dag.py
[2023-11-01 17:44:59,844] {scheduler_job.py:643} INFO - DAG(s) dict_keys(['tutorial_etl_dag']) retrieved from /home/airflow/.local/lib/python3.6/site-packages/airflow/example_dags/tutorial_etl_dag.py
[2023-11-01 17:44:59,855] {logging_mixin.py:104} INFO - [2023-11-01 17:44:59,855] {dag.py:1833} INFO - Sync 1 DAGs
[2023-11-01 17:44:59,862] {logging_mixin.py:104} INFO - [2023-11-01 17:44:59,862] {dag.py:2306} INFO - Setting next_dagrun for tutorial_etl_dag to None
[2023-11-01 17:44:59,877] {scheduler_job.py:190} INFO - Processing /home/airflow/.local/lib/python3.6/site-packages/airflow/example_dags/tutorial_etl_dag.py took 0.041 seconds
[2023-11-01 17:45:30,527] {scheduler_job.py:182} INFO - Started process (PID=1017) to work on /home/airflow/.local/lib/python3.6/site-packages/airflow/example_dags/tutorial_etl_dag.py
[2023-11-01 17:45:30,528] {scheduler_job.py:633} INFO - Processing file /home/airflow/.local/lib/python3.6/site-packages/airflow/example_dags/tutorial_etl_dag.py for tasks to queue
[2023-11-01 17:45:30,528] {logging_mixin.py:104} INFO - [2023-11-01 17:45:30,528] {dagbag.py:496} INFO - Filling up the DagBag from /home/airflow/.local/lib/python3.6/site-packages/airflow/example_dags/tutorial_etl_dag.py
[2023-11-01 17:45:30,534] {scheduler_job.py:643} INFO - DAG(s) dict_keys(['tutorial_etl_dag']) retrieved from /home/airflow/.local/lib/python3.6/site-packages/airflow/example_dags/tutorial_etl_dag.py
[2023-11-01 17:45:30,546] {logging_mixin.py:104} INFO - [2023-11-01 17:45:30,546] {dag.py:1833} INFO - Sync 1 DAGs
[2023-11-01 17:45:30,553] {logging_mixin.py:104} INFO - [2023-11-01 17:45:30,553] {dag.py:2306} INFO - Setting next_dagrun for tutorial_etl_dag to None
[2023-11-01 17:45:30,569] {scheduler_job.py:190} INFO - Processing /home/airflow/.local/lib/python3.6/site-packages/airflow/example_dags/tutorial_etl_dag.py took 0.043 seconds
[2023-11-01 17:46:01,183] {scheduler_job.py:182} INFO - Started process (PID=1078) to work on /home/airflow/.local/lib/python3.6/site-packages/airflow/example_dags/tutorial_etl_dag.py
[2023-11-01 17:46:01,183] {scheduler_job.py:633} INFO - Processing file /home/airflow/.local/lib/python3.6/site-packages/airflow/example_dags/tutorial_etl_dag.py for tasks to queue
[2023-11-01 17:46:01,183] {logging_mixin.py:104} INFO - [2023-11-01 17:46:01,183] {dagbag.py:496} INFO - Filling up the DagBag from /home/airflow/.local/lib/python3.6/site-packages/airflow/example_dags/tutorial_etl_dag.py
[2023-11-01 17:46:01,188] {scheduler_job.py:643} INFO - DAG(s) dict_keys(['tutorial_etl_dag']) retrieved from /home/airflow/.local/lib/python3.6/site-packages/airflow/example_dags/tutorial_etl_dag.py
[2023-11-01 17:46:01,197] {logging_mixin.py:104} INFO - [2023-11-01 17:46:01,197] {dag.py:1833} INFO - Sync 1 DAGs
[2023-11-01 17:46:01,203] {logging_mixin.py:104} INFO - [2023-11-01 17:46:01,203] {dag.py:2306} INFO - Setting next_dagrun for tutorial_etl_dag to None
[2023-11-01 17:46:01,213] {scheduler_job.py:190} INFO - Processing /home/airflow/.local/lib/python3.6/site-packages/airflow/example_dags/tutorial_etl_dag.py took 0.032 seconds
[2023-11-01 17:46:31,959] {scheduler_job.py:182} INFO - Started process (PID=1129) to work on /home/airflow/.local/lib/python3.6/site-packages/airflow/example_dags/tutorial_etl_dag.py
[2023-11-01 17:46:31,959] {scheduler_job.py:633} INFO - Processing file /home/airflow/.local/lib/python3.6/site-packages/airflow/example_dags/tutorial_etl_dag.py for tasks to queue
[2023-11-01 17:46:31,960] {logging_mixin.py:104} INFO - [2023-11-01 17:46:31,960] {dagbag.py:496} INFO - Filling up the DagBag from /home/airflow/.local/lib/python3.6/site-packages/airflow/example_dags/tutorial_etl_dag.py
[2023-11-01 17:46:31,966] {scheduler_job.py:643} INFO - DAG(s) dict_keys(['tutorial_etl_dag']) retrieved from /home/airflow/.local/lib/python3.6/site-packages/airflow/example_dags/tutorial_etl_dag.py
[2023-11-01 17:46:31,975] {logging_mixin.py:104} INFO - [2023-11-01 17:46:31,975] {dag.py:1833} INFO - Sync 1 DAGs
[2023-11-01 17:46:31,982] {logging_mixin.py:104} INFO - [2023-11-01 17:46:31,981] {dag.py:2306} INFO - Setting next_dagrun for tutorial_etl_dag to None
[2023-11-01 17:46:31,997] {scheduler_job.py:190} INFO - Processing /home/airflow/.local/lib/python3.6/site-packages/airflow/example_dags/tutorial_etl_dag.py took 0.040 seconds
[2023-11-01 17:47:02,594] {scheduler_job.py:182} INFO - Started process (PID=1190) to work on /home/airflow/.local/lib/python3.6/site-packages/airflow/example_dags/tutorial_etl_dag.py
[2023-11-01 17:47:02,594] {scheduler_job.py:633} INFO - Processing file /home/airflow/.local/lib/python3.6/site-packages/airflow/example_dags/tutorial_etl_dag.py for tasks to queue
[2023-11-01 17:47:02,594] {logging_mixin.py:104} INFO - [2023-11-01 17:47:02,594] {dagbag.py:496} INFO - Filling up the DagBag from /home/airflow/.local/lib/python3.6/site-packages/airflow/example_dags/tutorial_etl_dag.py
[2023-11-01 17:47:02,599] {scheduler_job.py:643} INFO - DAG(s) dict_keys(['tutorial_etl_dag']) retrieved from /home/airflow/.local/lib/python3.6/site-packages/airflow/example_dags/tutorial_etl_dag.py
[2023-11-01 17:47:02,609] {logging_mixin.py:104} INFO - [2023-11-01 17:47:02,609] {dag.py:1833} INFO - Sync 1 DAGs
[2023-11-01 17:47:02,616] {logging_mixin.py:104} INFO - [2023-11-01 17:47:02,616] {dag.py:2306} INFO - Setting next_dagrun for tutorial_etl_dag to None
[2023-11-01 17:47:02,631] {scheduler_job.py:190} INFO - Processing /home/airflow/.local/lib/python3.6/site-packages/airflow/example_dags/tutorial_etl_dag.py took 0.039 seconds
[2023-11-01 17:47:33,285] {scheduler_job.py:182} INFO - Started process (PID=1270) to work on /home/airflow/.local/lib/python3.6/site-packages/airflow/example_dags/tutorial_etl_dag.py
[2023-11-01 17:47:33,285] {scheduler_job.py:633} INFO - Processing file /home/airflow/.local/lib/python3.6/site-packages/airflow/example_dags/tutorial_etl_dag.py for tasks to queue
[2023-11-01 17:47:33,285] {logging_mixin.py:104} INFO - [2023-11-01 17:47:33,285] {dagbag.py:496} INFO - Filling up the DagBag from /home/airflow/.local/lib/python3.6/site-packages/airflow/example_dags/tutorial_etl_dag.py
[2023-11-01 17:47:33,290] {scheduler_job.py:643} INFO - DAG(s) dict_keys(['tutorial_etl_dag']) retrieved from /home/airflow/.local/lib/python3.6/site-packages/airflow/example_dags/tutorial_etl_dag.py
[2023-11-01 17:47:33,299] {logging_mixin.py:104} INFO - [2023-11-01 17:47:33,299] {dag.py:1833} INFO - Sync 1 DAGs
[2023-11-01 17:47:33,306] {logging_mixin.py:104} INFO - [2023-11-01 17:47:33,306] {dag.py:2306} INFO - Setting next_dagrun for tutorial_etl_dag to None
[2023-11-01 17:47:33,321] {scheduler_job.py:190} INFO - Processing /home/airflow/.local/lib/python3.6/site-packages/airflow/example_dags/tutorial_etl_dag.py took 0.038 seconds
[2023-11-01 17:48:03,985] {scheduler_job.py:182} INFO - Started process (PID=1350) to work on /home/airflow/.local/lib/python3.6/site-packages/airflow/example_dags/tutorial_etl_dag.py
[2023-11-01 17:48:03,985] {scheduler_job.py:633} INFO - Processing file /home/airflow/.local/lib/python3.6/site-packages/airflow/example_dags/tutorial_etl_dag.py for tasks to queue
[2023-11-01 17:48:03,985] {logging_mixin.py:104} INFO - [2023-11-01 17:48:03,985] {dagbag.py:496} INFO - Filling up the DagBag from /home/airflow/.local/lib/python3.6/site-packages/airflow/example_dags/tutorial_etl_dag.py
[2023-11-01 17:48:03,990] {scheduler_job.py:643} INFO - DAG(s) dict_keys(['tutorial_etl_dag']) retrieved from /home/airflow/.local/lib/python3.6/site-packages/airflow/example_dags/tutorial_etl_dag.py
[2023-11-01 17:48:03,999] {logging_mixin.py:104} INFO - [2023-11-01 17:48:03,999] {dag.py:1833} INFO - Sync 1 DAGs
[2023-11-01 17:48:04,005] {logging_mixin.py:104} INFO - [2023-11-01 17:48:04,005] {dag.py:2306} INFO - Setting next_dagrun for tutorial_etl_dag to None
[2023-11-01 17:48:04,020] {scheduler_job.py:190} INFO - Processing /home/airflow/.local/lib/python3.6/site-packages/airflow/example_dags/tutorial_etl_dag.py took 0.037 seconds
[2023-11-01 17:48:34,694] {scheduler_job.py:182} INFO - Started process (PID=1431) to work on /home/airflow/.local/lib/python3.6/site-packages/airflow/example_dags/tutorial_etl_dag.py
[2023-11-01 17:48:34,694] {scheduler_job.py:633} INFO - Processing file /home/airflow/.local/lib/python3.6/site-packages/airflow/example_dags/tutorial_etl_dag.py for tasks to queue
[2023-11-01 17:48:34,694] {logging_mixin.py:104} INFO - [2023-11-01 17:48:34,694] {dagbag.py:496} INFO - Filling up the DagBag from /home/airflow/.local/lib/python3.6/site-packages/airflow/example_dags/tutorial_etl_dag.py
[2023-11-01 17:48:34,699] {scheduler_job.py:643} INFO - DAG(s) dict_keys(['tutorial_etl_dag']) retrieved from /home/airflow/.local/lib/python3.6/site-packages/airflow/example_dags/tutorial_etl_dag.py
[2023-11-01 17:48:34,710] {logging_mixin.py:104} INFO - [2023-11-01 17:48:34,710] {dag.py:1833} INFO - Sync 1 DAGs
[2023-11-01 17:48:34,717] {logging_mixin.py:104} INFO - [2023-11-01 17:48:34,717] {dag.py:2306} INFO - Setting next_dagrun for tutorial_etl_dag to None
[2023-11-01 17:48:34,731] {scheduler_job.py:190} INFO - Processing /home/airflow/.local/lib/python3.6/site-packages/airflow/example_dags/tutorial_etl_dag.py took 0.039 seconds
[2023-11-01 17:49:05,339] {scheduler_job.py:182} INFO - Started process (PID=1502) to work on /home/airflow/.local/lib/python3.6/site-packages/airflow/example_dags/tutorial_etl_dag.py
[2023-11-01 17:49:05,340] {scheduler_job.py:633} INFO - Processing file /home/airflow/.local/lib/python3.6/site-packages/airflow/example_dags/tutorial_etl_dag.py for tasks to queue
[2023-11-01 17:49:05,340] {logging_mixin.py:104} INFO - [2023-11-01 17:49:05,340] {dagbag.py:496} INFO - Filling up the DagBag from /home/airflow/.local/lib/python3.6/site-packages/airflow/example_dags/tutorial_etl_dag.py
[2023-11-01 17:49:05,344] {scheduler_job.py:643} INFO - DAG(s) dict_keys(['tutorial_etl_dag']) retrieved from /home/airflow/.local/lib/python3.6/site-packages/airflow/example_dags/tutorial_etl_dag.py
[2023-11-01 17:49:05,355] {logging_mixin.py:104} INFO - [2023-11-01 17:49:05,355] {dag.py:1833} INFO - Sync 1 DAGs
[2023-11-01 17:49:05,362] {logging_mixin.py:104} INFO - [2023-11-01 17:49:05,362] {dag.py:2306} INFO - Setting next_dagrun for tutorial_etl_dag to None
[2023-11-01 17:49:05,370] {scheduler_job.py:190} INFO - Processing /home/airflow/.local/lib/python3.6/site-packages/airflow/example_dags/tutorial_etl_dag.py took 0.033 seconds
[2023-11-01 17:49:36,061] {scheduler_job.py:182} INFO - Started process (PID=1582) to work on /home/airflow/.local/lib/python3.6/site-packages/airflow/example_dags/tutorial_etl_dag.py
[2023-11-01 17:49:36,061] {scheduler_job.py:633} INFO - Processing file /home/airflow/.local/lib/python3.6/site-packages/airflow/example_dags/tutorial_etl_dag.py for tasks to queue
[2023-11-01 17:49:36,061] {logging_mixin.py:104} INFO - [2023-11-01 17:49:36,061] {dagbag.py:496} INFO - Filling up the DagBag from /home/airflow/.local/lib/python3.6/site-packages/airflow/example_dags/tutorial_etl_dag.py
[2023-11-01 17:49:36,066] {scheduler_job.py:643} INFO - DAG(s) dict_keys(['tutorial_etl_dag']) retrieved from /home/airflow/.local/lib/python3.6/site-packages/airflow/example_dags/tutorial_etl_dag.py
[2023-11-01 17:49:36,076] {logging_mixin.py:104} INFO - [2023-11-01 17:49:36,076] {dag.py:1833} INFO - Sync 1 DAGs
[2023-11-01 17:49:36,081] {logging_mixin.py:104} INFO - [2023-11-01 17:49:36,081] {dag.py:2306} INFO - Setting next_dagrun for tutorial_etl_dag to None
[2023-11-01 17:49:36,097] {scheduler_job.py:190} INFO - Processing /home/airflow/.local/lib/python3.6/site-packages/airflow/example_dags/tutorial_etl_dag.py took 0.038 seconds
[2023-11-01 17:50:06,785] {scheduler_job.py:182} INFO - Started process (PID=1662) to work on /home/airflow/.local/lib/python3.6/site-packages/airflow/example_dags/tutorial_etl_dag.py
[2023-11-01 17:50:06,786] {scheduler_job.py:633} INFO - Processing file /home/airflow/.local/lib/python3.6/site-packages/airflow/example_dags/tutorial_etl_dag.py for tasks to queue
[2023-11-01 17:50:06,786] {logging_mixin.py:104} INFO - [2023-11-01 17:50:06,786] {dagbag.py:496} INFO - Filling up the DagBag from /home/airflow/.local/lib/python3.6/site-packages/airflow/example_dags/tutorial_etl_dag.py
[2023-11-01 17:50:06,791] {scheduler_job.py:643} INFO - DAG(s) dict_keys(['tutorial_etl_dag']) retrieved from /home/airflow/.local/lib/python3.6/site-packages/airflow/example_dags/tutorial_etl_dag.py
[2023-11-01 17:50:06,800] {logging_mixin.py:104} INFO - [2023-11-01 17:50:06,800] {dag.py:1833} INFO - Sync 1 DAGs
[2023-11-01 17:50:06,806] {logging_mixin.py:104} INFO - [2023-11-01 17:50:06,806] {dag.py:2306} INFO - Setting next_dagrun for tutorial_etl_dag to None
[2023-11-01 17:50:06,813] {scheduler_job.py:190} INFO - Processing /home/airflow/.local/lib/python3.6/site-packages/airflow/example_dags/tutorial_etl_dag.py took 0.029 seconds
[2023-11-01 17:50:37,451] {scheduler_job.py:182} INFO - Started process (PID=1743) to work on /home/airflow/.local/lib/python3.6/site-packages/airflow/example_dags/tutorial_etl_dag.py
[2023-11-01 17:50:37,452] {scheduler_job.py:633} INFO - Processing file /home/airflow/.local/lib/python3.6/site-packages/airflow/example_dags/tutorial_etl_dag.py for tasks to queue
[2023-11-01 17:50:37,452] {logging_mixin.py:104} INFO - [2023-11-01 17:50:37,452] {dagbag.py:496} INFO - Filling up the DagBag from /home/airflow/.local/lib/python3.6/site-packages/airflow/example_dags/tutorial_etl_dag.py
[2023-11-01 17:50:37,456] {scheduler_job.py:643} INFO - DAG(s) dict_keys(['tutorial_etl_dag']) retrieved from /home/airflow/.local/lib/python3.6/site-packages/airflow/example_dags/tutorial_etl_dag.py
[2023-11-01 17:50:37,467] {logging_mixin.py:104} INFO - [2023-11-01 17:50:37,466] {dag.py:1833} INFO - Sync 1 DAGs
[2023-11-01 17:50:37,473] {logging_mixin.py:104} INFO - [2023-11-01 17:50:37,473] {dag.py:2306} INFO - Setting next_dagrun for tutorial_etl_dag to None
[2023-11-01 17:50:37,489] {scheduler_job.py:190} INFO - Processing /home/airflow/.local/lib/python3.6/site-packages/airflow/example_dags/tutorial_etl_dag.py took 0.039 seconds
[2023-11-01 17:51:08,172] {scheduler_job.py:182} INFO - Started process (PID=1823) to work on /home/airflow/.local/lib/python3.6/site-packages/airflow/example_dags/tutorial_etl_dag.py
[2023-11-01 17:51:08,172] {scheduler_job.py:633} INFO - Processing file /home/airflow/.local/lib/python3.6/site-packages/airflow/example_dags/tutorial_etl_dag.py for tasks to queue
[2023-11-01 17:51:08,172] {logging_mixin.py:104} INFO - [2023-11-01 17:51:08,172] {dagbag.py:496} INFO - Filling up the DagBag from /home/airflow/.local/lib/python3.6/site-packages/airflow/example_dags/tutorial_etl_dag.py
[2023-11-01 17:51:08,177] {scheduler_job.py:643} INFO - DAG(s) dict_keys(['tutorial_etl_dag']) retrieved from /home/airflow/.local/lib/python3.6/site-packages/airflow/example_dags/tutorial_etl_dag.py
[2023-11-01 17:51:08,187] {logging_mixin.py:104} INFO - [2023-11-01 17:51:08,187] {dag.py:1833} INFO - Sync 1 DAGs
[2023-11-01 17:51:08,194] {logging_mixin.py:104} INFO - [2023-11-01 17:51:08,194] {dag.py:2306} INFO - Setting next_dagrun for tutorial_etl_dag to None
[2023-11-01 17:51:08,210] {scheduler_job.py:190} INFO - Processing /home/airflow/.local/lib/python3.6/site-packages/airflow/example_dags/tutorial_etl_dag.py took 0.040 seconds
[2023-11-01 17:51:39,054] {scheduler_job.py:182} INFO - Started process (PID=1895) to work on /home/airflow/.local/lib/python3.6/site-packages/airflow/example_dags/tutorial_etl_dag.py
[2023-11-01 17:51:39,055] {scheduler_job.py:633} INFO - Processing file /home/airflow/.local/lib/python3.6/site-packages/airflow/example_dags/tutorial_etl_dag.py for tasks to queue
[2023-11-01 17:51:39,055] {logging_mixin.py:104} INFO - [2023-11-01 17:51:39,055] {dagbag.py:496} INFO - Filling up the DagBag from /home/airflow/.local/lib/python3.6/site-packages/airflow/example_dags/tutorial_etl_dag.py
[2023-11-01 17:51:39,062] {scheduler_job.py:643} INFO - DAG(s) dict_keys(['tutorial_etl_dag']) retrieved from /home/airflow/.local/lib/python3.6/site-packages/airflow/example_dags/tutorial_etl_dag.py
[2023-11-01 17:51:39,093] {logging_mixin.py:104} INFO - [2023-11-01 17:51:39,093] {dag.py:1833} INFO - Sync 1 DAGs
[2023-11-01 17:51:39,101] {logging_mixin.py:104} INFO - [2023-11-01 17:51:39,101] {dag.py:2306} INFO - Setting next_dagrun for tutorial_etl_dag to None
[2023-11-01 17:51:39,106] {scheduler_job.py:190} INFO - Processing /home/airflow/.local/lib/python3.6/site-packages/airflow/example_dags/tutorial_etl_dag.py took 0.053 seconds
[2023-11-01 17:52:09,138] {scheduler_job.py:182} INFO - Started process (PID=1976) to work on /home/airflow/.local/lib/python3.6/site-packages/airflow/example_dags/tutorial_etl_dag.py
[2023-11-01 17:52:09,139] {scheduler_job.py:633} INFO - Processing file /home/airflow/.local/lib/python3.6/site-packages/airflow/example_dags/tutorial_etl_dag.py for tasks to queue
[2023-11-01 17:52:09,139] {logging_mixin.py:104} INFO - [2023-11-01 17:52:09,139] {dagbag.py:496} INFO - Filling up the DagBag from /home/airflow/.local/lib/python3.6/site-packages/airflow/example_dags/tutorial_etl_dag.py
[2023-11-01 17:52:09,145] {scheduler_job.py:643} INFO - DAG(s) dict_keys(['tutorial_etl_dag']) retrieved from /home/airflow/.local/lib/python3.6/site-packages/airflow/example_dags/tutorial_etl_dag.py
[2023-11-01 17:52:09,161] {logging_mixin.py:104} INFO - [2023-11-01 17:52:09,161] {dag.py:1833} INFO - Sync 1 DAGs
[2023-11-01 17:52:09,170] {logging_mixin.py:104} INFO - [2023-11-01 17:52:09,170] {dag.py:2306} INFO - Setting next_dagrun for tutorial_etl_dag to None
[2023-11-01 17:52:09,187] {scheduler_job.py:190} INFO - Processing /home/airflow/.local/lib/python3.6/site-packages/airflow/example_dags/tutorial_etl_dag.py took 0.052 seconds
[2023-11-01 17:52:39,431] {scheduler_job.py:182} INFO - Started process (PID=2057) to work on /home/airflow/.local/lib/python3.6/site-packages/airflow/example_dags/tutorial_etl_dag.py
[2023-11-01 17:52:39,432] {scheduler_job.py:633} INFO - Processing file /home/airflow/.local/lib/python3.6/site-packages/airflow/example_dags/tutorial_etl_dag.py for tasks to queue
[2023-11-01 17:52:39,432] {logging_mixin.py:104} INFO - [2023-11-01 17:52:39,432] {dagbag.py:496} INFO - Filling up the DagBag from /home/airflow/.local/lib/python3.6/site-packages/airflow/example_dags/tutorial_etl_dag.py
[2023-11-01 17:52:39,437] {scheduler_job.py:643} INFO - DAG(s) dict_keys(['tutorial_etl_dag']) retrieved from /home/airflow/.local/lib/python3.6/site-packages/airflow/example_dags/tutorial_etl_dag.py
[2023-11-01 17:52:39,446] {logging_mixin.py:104} INFO - [2023-11-01 17:52:39,446] {dag.py:1833} INFO - Sync 1 DAGs
[2023-11-01 17:52:39,454] {logging_mixin.py:104} INFO - [2023-11-01 17:52:39,454] {dag.py:2306} INFO - Setting next_dagrun for tutorial_etl_dag to None
[2023-11-01 17:52:39,459] {scheduler_job.py:190} INFO - Processing /home/airflow/.local/lib/python3.6/site-packages/airflow/example_dags/tutorial_etl_dag.py took 0.029 seconds
[2023-11-01 17:53:09,529] {scheduler_job.py:182} INFO - Started process (PID=2128) to work on /home/airflow/.local/lib/python3.6/site-packages/airflow/example_dags/tutorial_etl_dag.py
[2023-11-01 17:53:09,529] {scheduler_job.py:633} INFO - Processing file /home/airflow/.local/lib/python3.6/site-packages/airflow/example_dags/tutorial_etl_dag.py for tasks to queue
[2023-11-01 17:53:09,530] {logging_mixin.py:104} INFO - [2023-11-01 17:53:09,530] {dagbag.py:496} INFO - Filling up the DagBag from /home/airflow/.local/lib/python3.6/site-packages/airflow/example_dags/tutorial_etl_dag.py
[2023-11-01 17:53:09,534] {scheduler_job.py:643} INFO - DAG(s) dict_keys(['tutorial_etl_dag']) retrieved from /home/airflow/.local/lib/python3.6/site-packages/airflow/example_dags/tutorial_etl_dag.py
[2023-11-01 17:53:09,544] {logging_mixin.py:104} INFO - [2023-11-01 17:53:09,544] {dag.py:1833} INFO - Sync 1 DAGs
[2023-11-01 17:53:09,551] {logging_mixin.py:104} INFO - [2023-11-01 17:53:09,551] {dag.py:2306} INFO - Setting next_dagrun for tutorial_etl_dag to None
[2023-11-01 17:53:09,566] {scheduler_job.py:190} INFO - Processing /home/airflow/.local/lib/python3.6/site-packages/airflow/example_dags/tutorial_etl_dag.py took 0.038 seconds
[2023-11-01 17:53:40,282] {scheduler_job.py:182} INFO - Started process (PID=2209) to work on /home/airflow/.local/lib/python3.6/site-packages/airflow/example_dags/tutorial_etl_dag.py
[2023-11-01 17:53:40,283] {scheduler_job.py:633} INFO - Processing file /home/airflow/.local/lib/python3.6/site-packages/airflow/example_dags/tutorial_etl_dag.py for tasks to queue
[2023-11-01 17:53:40,283] {logging_mixin.py:104} INFO - [2023-11-01 17:53:40,283] {dagbag.py:496} INFO - Filling up the DagBag from /home/airflow/.local/lib/python3.6/site-packages/airflow/example_dags/tutorial_etl_dag.py
[2023-11-01 17:53:40,290] {scheduler_job.py:643} INFO - DAG(s) dict_keys(['tutorial_etl_dag']) retrieved from /home/airflow/.local/lib/python3.6/site-packages/airflow/example_dags/tutorial_etl_dag.py
[2023-11-01 17:53:40,302] {logging_mixin.py:104} INFO - [2023-11-01 17:53:40,302] {dag.py:1833} INFO - Sync 1 DAGs
[2023-11-01 17:53:40,313] {logging_mixin.py:104} INFO - [2023-11-01 17:53:40,313] {dag.py:2306} INFO - Setting next_dagrun for tutorial_etl_dag to None
[2023-11-01 17:53:40,317] {scheduler_job.py:190} INFO - Processing /home/airflow/.local/lib/python3.6/site-packages/airflow/example_dags/tutorial_etl_dag.py took 0.037 seconds
[2023-11-01 17:54:11,099] {scheduler_job.py:182} INFO - Started process (PID=2290) to work on /home/airflow/.local/lib/python3.6/site-packages/airflow/example_dags/tutorial_etl_dag.py
[2023-11-01 17:54:11,100] {scheduler_job.py:633} INFO - Processing file /home/airflow/.local/lib/python3.6/site-packages/airflow/example_dags/tutorial_etl_dag.py for tasks to queue
[2023-11-01 17:54:11,100] {logging_mixin.py:104} INFO - [2023-11-01 17:54:11,100] {dagbag.py:496} INFO - Filling up the DagBag from /home/airflow/.local/lib/python3.6/site-packages/airflow/example_dags/tutorial_etl_dag.py
[2023-11-01 17:54:11,105] {scheduler_job.py:643} INFO - DAG(s) dict_keys(['tutorial_etl_dag']) retrieved from /home/airflow/.local/lib/python3.6/site-packages/airflow/example_dags/tutorial_etl_dag.py
[2023-11-01 17:54:11,117] {logging_mixin.py:104} INFO - [2023-11-01 17:54:11,117] {dag.py:1833} INFO - Sync 1 DAGs
[2023-11-01 17:54:11,124] {logging_mixin.py:104} INFO - [2023-11-01 17:54:11,123] {dag.py:2306} INFO - Setting next_dagrun for tutorial_etl_dag to None
[2023-11-01 17:54:11,143] {scheduler_job.py:190} INFO - Processing /home/airflow/.local/lib/python3.6/site-packages/airflow/example_dags/tutorial_etl_dag.py took 0.046 seconds
[2023-11-01 17:54:41,213] {scheduler_job.py:182} INFO - Started process (PID=2392) to work on /home/airflow/.local/lib/python3.6/site-packages/airflow/example_dags/tutorial_etl_dag.py
[2023-11-01 17:54:41,214] {scheduler_job.py:633} INFO - Processing file /home/airflow/.local/lib/python3.6/site-packages/airflow/example_dags/tutorial_etl_dag.py for tasks to queue
[2023-11-01 17:54:41,214] {logging_mixin.py:104} INFO - [2023-11-01 17:54:41,214] {dagbag.py:496} INFO - Filling up the DagBag from /home/airflow/.local/lib/python3.6/site-packages/airflow/example_dags/tutorial_etl_dag.py
[2023-11-01 17:54:41,218] {scheduler_job.py:643} INFO - DAG(s) dict_keys(['tutorial_etl_dag']) retrieved from /home/airflow/.local/lib/python3.6/site-packages/airflow/example_dags/tutorial_etl_dag.py
[2023-11-01 17:54:41,229] {logging_mixin.py:104} INFO - [2023-11-01 17:54:41,229] {dag.py:1833} INFO - Sync 1 DAGs
[2023-11-01 17:54:41,236] {logging_mixin.py:104} INFO - [2023-11-01 17:54:41,236] {dag.py:2306} INFO - Setting next_dagrun for tutorial_etl_dag to None
[2023-11-01 17:54:41,251] {scheduler_job.py:190} INFO - Processing /home/airflow/.local/lib/python3.6/site-packages/airflow/example_dags/tutorial_etl_dag.py took 0.039 seconds
[2023-11-01 17:55:11,392] {scheduler_job.py:182} INFO - Started process (PID=2463) to work on /home/airflow/.local/lib/python3.6/site-packages/airflow/example_dags/tutorial_etl_dag.py
[2023-11-01 17:55:11,393] {scheduler_job.py:633} INFO - Processing file /home/airflow/.local/lib/python3.6/site-packages/airflow/example_dags/tutorial_etl_dag.py for tasks to queue
[2023-11-01 17:55:11,393] {logging_mixin.py:104} INFO - [2023-11-01 17:55:11,393] {dagbag.py:496} INFO - Filling up the DagBag from /home/airflow/.local/lib/python3.6/site-packages/airflow/example_dags/tutorial_etl_dag.py
[2023-11-01 17:55:11,398] {scheduler_job.py:643} INFO - DAG(s) dict_keys(['tutorial_etl_dag']) retrieved from /home/airflow/.local/lib/python3.6/site-packages/airflow/example_dags/tutorial_etl_dag.py
[2023-11-01 17:55:11,413] {logging_mixin.py:104} INFO - [2023-11-01 17:55:11,413] {dag.py:1833} INFO - Sync 1 DAGs
[2023-11-01 17:55:11,424] {logging_mixin.py:104} INFO - [2023-11-01 17:55:11,424] {dag.py:2306} INFO - Setting next_dagrun for tutorial_etl_dag to None
[2023-11-01 17:55:11,430] {scheduler_job.py:190} INFO - Processing /home/airflow/.local/lib/python3.6/site-packages/airflow/example_dags/tutorial_etl_dag.py took 0.039 seconds
[2023-11-01 17:55:42,257] {scheduler_job.py:182} INFO - Started process (PID=2544) to work on /home/airflow/.local/lib/python3.6/site-packages/airflow/example_dags/tutorial_etl_dag.py
[2023-11-01 17:55:42,257] {scheduler_job.py:633} INFO - Processing file /home/airflow/.local/lib/python3.6/site-packages/airflow/example_dags/tutorial_etl_dag.py for tasks to queue
[2023-11-01 17:55:42,258] {logging_mixin.py:104} INFO - [2023-11-01 17:55:42,258] {dagbag.py:496} INFO - Filling up the DagBag from /home/airflow/.local/lib/python3.6/site-packages/airflow/example_dags/tutorial_etl_dag.py
[2023-11-01 17:55:42,262] {scheduler_job.py:643} INFO - DAG(s) dict_keys(['tutorial_etl_dag']) retrieved from /home/airflow/.local/lib/python3.6/site-packages/airflow/example_dags/tutorial_etl_dag.py
[2023-11-01 17:55:42,275] {logging_mixin.py:104} INFO - [2023-11-01 17:55:42,274] {dag.py:1833} INFO - Sync 1 DAGs
[2023-11-01 17:55:42,281] {logging_mixin.py:104} INFO - [2023-11-01 17:55:42,280] {dag.py:2306} INFO - Setting next_dagrun for tutorial_etl_dag to None
[2023-11-01 17:55:42,285] {scheduler_job.py:190} INFO - Processing /home/airflow/.local/lib/python3.6/site-packages/airflow/example_dags/tutorial_etl_dag.py took 0.029 seconds
[2023-11-01 17:56:13,046] {scheduler_job.py:182} INFO - Started process (PID=2625) to work on /home/airflow/.local/lib/python3.6/site-packages/airflow/example_dags/tutorial_etl_dag.py
[2023-11-01 17:56:13,046] {scheduler_job.py:633} INFO - Processing file /home/airflow/.local/lib/python3.6/site-packages/airflow/example_dags/tutorial_etl_dag.py for tasks to queue
[2023-11-01 17:56:13,046] {logging_mixin.py:104} INFO - [2023-11-01 17:56:13,046] {dagbag.py:496} INFO - Filling up the DagBag from /home/airflow/.local/lib/python3.6/site-packages/airflow/example_dags/tutorial_etl_dag.py
[2023-11-01 17:56:13,052] {scheduler_job.py:643} INFO - DAG(s) dict_keys(['tutorial_etl_dag']) retrieved from /home/airflow/.local/lib/python3.6/site-packages/airflow/example_dags/tutorial_etl_dag.py
[2023-11-01 17:56:13,063] {logging_mixin.py:104} INFO - [2023-11-01 17:56:13,063] {dag.py:1833} INFO - Sync 1 DAGs
[2023-11-01 17:56:13,070] {logging_mixin.py:104} INFO - [2023-11-01 17:56:13,070] {dag.py:2306} INFO - Setting next_dagrun for tutorial_etl_dag to None
[2023-11-01 17:56:13,075] {scheduler_job.py:190} INFO - Processing /home/airflow/.local/lib/python3.6/site-packages/airflow/example_dags/tutorial_etl_dag.py took 0.031 seconds
[2023-11-01 17:56:43,783] {scheduler_job.py:182} INFO - Started process (PID=2706) to work on /home/airflow/.local/lib/python3.6/site-packages/airflow/example_dags/tutorial_etl_dag.py
[2023-11-01 17:56:43,783] {scheduler_job.py:633} INFO - Processing file /home/airflow/.local/lib/python3.6/site-packages/airflow/example_dags/tutorial_etl_dag.py for tasks to queue
[2023-11-01 17:56:43,784] {logging_mixin.py:104} INFO - [2023-11-01 17:56:43,784] {dagbag.py:496} INFO - Filling up the DagBag from /home/airflow/.local/lib/python3.6/site-packages/airflow/example_dags/tutorial_etl_dag.py
[2023-11-01 17:56:43,791] {scheduler_job.py:643} INFO - DAG(s) dict_keys(['tutorial_etl_dag']) retrieved from /home/airflow/.local/lib/python3.6/site-packages/airflow/example_dags/tutorial_etl_dag.py
[2023-11-01 17:56:43,802] {logging_mixin.py:104} INFO - [2023-11-01 17:56:43,802] {dag.py:1833} INFO - Sync 1 DAGs
[2023-11-01 17:56:43,811] {logging_mixin.py:104} INFO - [2023-11-01 17:56:43,810] {dag.py:2306} INFO - Setting next_dagrun for tutorial_etl_dag to None
[2023-11-01 17:56:43,815] {scheduler_job.py:190} INFO - Processing /home/airflow/.local/lib/python3.6/site-packages/airflow/example_dags/tutorial_etl_dag.py took 0.034 seconds
[2023-11-01 17:57:14,608] {scheduler_job.py:182} INFO - Started process (PID=2777) to work on /home/airflow/.local/lib/python3.6/site-packages/airflow/example_dags/tutorial_etl_dag.py
[2023-11-01 17:57:14,609] {scheduler_job.py:633} INFO - Processing file /home/airflow/.local/lib/python3.6/site-packages/airflow/example_dags/tutorial_etl_dag.py for tasks to queue
[2023-11-01 17:57:14,609] {logging_mixin.py:104} INFO - [2023-11-01 17:57:14,609] {dagbag.py:496} INFO - Filling up the DagBag from /home/airflow/.local/lib/python3.6/site-packages/airflow/example_dags/tutorial_etl_dag.py
[2023-11-01 17:57:14,615] {scheduler_job.py:643} INFO - DAG(s) dict_keys(['tutorial_etl_dag']) retrieved from /home/airflow/.local/lib/python3.6/site-packages/airflow/example_dags/tutorial_etl_dag.py
[2023-11-01 17:57:14,626] {logging_mixin.py:104} INFO - [2023-11-01 17:57:14,626] {dag.py:1833} INFO - Sync 1 DAGs
[2023-11-01 17:57:14,632] {logging_mixin.py:104} INFO - [2023-11-01 17:57:14,632] {dag.py:2306} INFO - Setting next_dagrun for tutorial_etl_dag to None
[2023-11-01 17:57:14,637] {scheduler_job.py:190} INFO - Processing /home/airflow/.local/lib/python3.6/site-packages/airflow/example_dags/tutorial_etl_dag.py took 0.031 seconds
[2023-11-01 17:57:45,437] {scheduler_job.py:182} INFO - Started process (PID=2858) to work on /home/airflow/.local/lib/python3.6/site-packages/airflow/example_dags/tutorial_etl_dag.py
[2023-11-01 17:57:45,438] {scheduler_job.py:633} INFO - Processing file /home/airflow/.local/lib/python3.6/site-packages/airflow/example_dags/tutorial_etl_dag.py for tasks to queue
[2023-11-01 17:57:45,438] {logging_mixin.py:104} INFO - [2023-11-01 17:57:45,438] {dagbag.py:496} INFO - Filling up the DagBag from /home/airflow/.local/lib/python3.6/site-packages/airflow/example_dags/tutorial_etl_dag.py
[2023-11-01 17:57:45,443] {scheduler_job.py:643} INFO - DAG(s) dict_keys(['tutorial_etl_dag']) retrieved from /home/airflow/.local/lib/python3.6/site-packages/airflow/example_dags/tutorial_etl_dag.py
[2023-11-01 17:57:45,453] {logging_mixin.py:104} INFO - [2023-11-01 17:57:45,453] {dag.py:1833} INFO - Sync 1 DAGs
[2023-11-01 17:57:45,459] {logging_mixin.py:104} INFO - [2023-11-01 17:57:45,459] {dag.py:2306} INFO - Setting next_dagrun for tutorial_etl_dag to None
[2023-11-01 17:57:45,464] {scheduler_job.py:190} INFO - Processing /home/airflow/.local/lib/python3.6/site-packages/airflow/example_dags/tutorial_etl_dag.py took 0.028 seconds
[2023-11-01 17:58:15,510] {scheduler_job.py:182} INFO - Started process (PID=2939) to work on /home/airflow/.local/lib/python3.6/site-packages/airflow/example_dags/tutorial_etl_dag.py
[2023-11-01 17:58:15,511] {scheduler_job.py:633} INFO - Processing file /home/airflow/.local/lib/python3.6/site-packages/airflow/example_dags/tutorial_etl_dag.py for tasks to queue
[2023-11-01 17:58:15,511] {logging_mixin.py:104} INFO - [2023-11-01 17:58:15,511] {dagbag.py:496} INFO - Filling up the DagBag from /home/airflow/.local/lib/python3.6/site-packages/airflow/example_dags/tutorial_etl_dag.py
[2023-11-01 17:58:15,518] {scheduler_job.py:643} INFO - DAG(s) dict_keys(['tutorial_etl_dag']) retrieved from /home/airflow/.local/lib/python3.6/site-packages/airflow/example_dags/tutorial_etl_dag.py
[2023-11-01 17:58:15,528] {logging_mixin.py:104} INFO - [2023-11-01 17:58:15,528] {dag.py:1833} INFO - Sync 1 DAGs
[2023-11-01 17:58:15,535] {logging_mixin.py:104} INFO - [2023-11-01 17:58:15,535] {dag.py:2306} INFO - Setting next_dagrun for tutorial_etl_dag to None
[2023-11-01 17:58:15,539] {scheduler_job.py:190} INFO - Processing /home/airflow/.local/lib/python3.6/site-packages/airflow/example_dags/tutorial_etl_dag.py took 0.030 seconds
[2023-11-01 17:58:45,727] {scheduler_job.py:182} INFO - Started process (PID=3040) to work on /home/airflow/.local/lib/python3.6/site-packages/airflow/example_dags/tutorial_etl_dag.py
[2023-11-01 17:58:45,727] {scheduler_job.py:633} INFO - Processing file /home/airflow/.local/lib/python3.6/site-packages/airflow/example_dags/tutorial_etl_dag.py for tasks to queue
[2023-11-01 17:58:45,727] {logging_mixin.py:104} INFO - [2023-11-01 17:58:45,727] {dagbag.py:496} INFO - Filling up the DagBag from /home/airflow/.local/lib/python3.6/site-packages/airflow/example_dags/tutorial_etl_dag.py
[2023-11-01 17:58:45,735] {scheduler_job.py:643} INFO - DAG(s) dict_keys(['tutorial_etl_dag']) retrieved from /home/airflow/.local/lib/python3.6/site-packages/airflow/example_dags/tutorial_etl_dag.py
[2023-11-01 17:58:45,746] {logging_mixin.py:104} INFO - [2023-11-01 17:58:45,746] {dag.py:1833} INFO - Sync 1 DAGs
[2023-11-01 17:58:45,754] {logging_mixin.py:104} INFO - [2023-11-01 17:58:45,753] {dag.py:2306} INFO - Setting next_dagrun for tutorial_etl_dag to None
[2023-11-01 17:58:45,758] {scheduler_job.py:190} INFO - Processing /home/airflow/.local/lib/python3.6/site-packages/airflow/example_dags/tutorial_etl_dag.py took 0.033 seconds
[2023-11-01 17:59:16,662] {scheduler_job.py:182} INFO - Started process (PID=3120) to work on /home/airflow/.local/lib/python3.6/site-packages/airflow/example_dags/tutorial_etl_dag.py
[2023-11-01 17:59:16,663] {scheduler_job.py:633} INFO - Processing file /home/airflow/.local/lib/python3.6/site-packages/airflow/example_dags/tutorial_etl_dag.py for tasks to queue
[2023-11-01 17:59:16,664] {logging_mixin.py:104} INFO - [2023-11-01 17:59:16,664] {dagbag.py:496} INFO - Filling up the DagBag from /home/airflow/.local/lib/python3.6/site-packages/airflow/example_dags/tutorial_etl_dag.py
[2023-11-01 17:59:16,669] {scheduler_job.py:643} INFO - DAG(s) dict_keys(['tutorial_etl_dag']) retrieved from /home/airflow/.local/lib/python3.6/site-packages/airflow/example_dags/tutorial_etl_dag.py
[2023-11-01 17:59:16,678] {logging_mixin.py:104} INFO - [2023-11-01 17:59:16,678] {dag.py:1833} INFO - Sync 1 DAGs
[2023-11-01 17:59:16,686] {logging_mixin.py:104} INFO - [2023-11-01 17:59:16,686] {dag.py:2306} INFO - Setting next_dagrun for tutorial_etl_dag to None
[2023-11-01 17:59:16,691] {scheduler_job.py:190} INFO - Processing /home/airflow/.local/lib/python3.6/site-packages/airflow/example_dags/tutorial_etl_dag.py took 0.030 seconds
[2023-11-01 17:59:47,576] {scheduler_job.py:182} INFO - Started process (PID=3191) to work on /home/airflow/.local/lib/python3.6/site-packages/airflow/example_dags/tutorial_etl_dag.py
[2023-11-01 17:59:47,577] {scheduler_job.py:633} INFO - Processing file /home/airflow/.local/lib/python3.6/site-packages/airflow/example_dags/tutorial_etl_dag.py for tasks to queue
[2023-11-01 17:59:47,577] {logging_mixin.py:104} INFO - [2023-11-01 17:59:47,577] {dagbag.py:496} INFO - Filling up the DagBag from /home/airflow/.local/lib/python3.6/site-packages/airflow/example_dags/tutorial_etl_dag.py
[2023-11-01 17:59:47,583] {scheduler_job.py:643} INFO - DAG(s) dict_keys(['tutorial_etl_dag']) retrieved from /home/airflow/.local/lib/python3.6/site-packages/airflow/example_dags/tutorial_etl_dag.py
[2023-11-01 17:59:47,593] {logging_mixin.py:104} INFO - [2023-11-01 17:59:47,593] {dag.py:1833} INFO - Sync 1 DAGs
[2023-11-01 17:59:47,600] {logging_mixin.py:104} INFO - [2023-11-01 17:59:47,600] {dag.py:2306} INFO - Setting next_dagrun for tutorial_etl_dag to None
[2023-11-01 17:59:47,605] {scheduler_job.py:190} INFO - Processing /home/airflow/.local/lib/python3.6/site-packages/airflow/example_dags/tutorial_etl_dag.py took 0.030 seconds
[2023-11-01 18:00:18,398] {scheduler_job.py:182} INFO - Started process (PID=3272) to work on /home/airflow/.local/lib/python3.6/site-packages/airflow/example_dags/tutorial_etl_dag.py
[2023-11-01 18:00:18,398] {scheduler_job.py:633} INFO - Processing file /home/airflow/.local/lib/python3.6/site-packages/airflow/example_dags/tutorial_etl_dag.py for tasks to queue
[2023-11-01 18:00:18,399] {logging_mixin.py:104} INFO - [2023-11-01 18:00:18,399] {dagbag.py:496} INFO - Filling up the DagBag from /home/airflow/.local/lib/python3.6/site-packages/airflow/example_dags/tutorial_etl_dag.py
[2023-11-01 18:00:18,404] {scheduler_job.py:643} INFO - DAG(s) dict_keys(['tutorial_etl_dag']) retrieved from /home/airflow/.local/lib/python3.6/site-packages/airflow/example_dags/tutorial_etl_dag.py
[2023-11-01 18:00:18,415] {logging_mixin.py:104} INFO - [2023-11-01 18:00:18,415] {dag.py:1833} INFO - Sync 1 DAGs
[2023-11-01 18:00:18,422] {logging_mixin.py:104} INFO - [2023-11-01 18:00:18,422] {dag.py:2306} INFO - Setting next_dagrun for tutorial_etl_dag to None
[2023-11-01 18:00:18,427] {scheduler_job.py:190} INFO - Processing /home/airflow/.local/lib/python3.6/site-packages/airflow/example_dags/tutorial_etl_dag.py took 0.030 seconds
