[2023-11-01 17:42:11,438] {scheduler_job.py:182} INFO - Started process (PID=32) to work on /home/airflow/.local/lib/python3.6/site-packages/airflow/example_dags/tutorial_taskflow_api_etl.py
[2023-11-01 17:42:11,439] {scheduler_job.py:633} INFO - Processing file /home/airflow/.local/lib/python3.6/site-packages/airflow/example_dags/tutorial_taskflow_api_etl.py for tasks to queue
[2023-11-01 17:42:11,440] {logging_mixin.py:104} INFO - [2023-11-01 17:42:11,440] {dagbag.py:496} INFO - Filling up the DagBag from /home/airflow/.local/lib/python3.6/site-packages/airflow/example_dags/tutorial_taskflow_api_etl.py
[2023-11-01 17:42:11,465] {scheduler_job.py:643} INFO - DAG(s) dict_keys(['tutorial_taskflow_api_etl']) retrieved from /home/airflow/.local/lib/python3.6/site-packages/airflow/example_dags/tutorial_taskflow_api_etl.py
[2023-11-01 17:42:14,429] {logging_mixin.py:104} INFO - [2023-11-01 17:42:14,429] {dag.py:1833} INFO - Sync 1 DAGs
[2023-11-01 17:42:14,433] {logging_mixin.py:104} INFO - [2023-11-01 17:42:14,433] {dag.py:1852} INFO - Creating ORM DAG for tutorial_taskflow_api_etl
[2023-11-01 17:42:14,435] {logging_mixin.py:104} INFO - [2023-11-01 17:42:14,435] {dag.py:2306} INFO - Setting next_dagrun for tutorial_taskflow_api_etl to None
[2023-11-01 17:42:14,440] {scheduler_job.py:190} INFO - Processing /home/airflow/.local/lib/python3.6/site-packages/airflow/example_dags/tutorial_taskflow_api_etl.py took 3.004 seconds
[2023-11-01 17:42:44,666] {scheduler_job.py:182} INFO - Started process (PID=693) to work on /home/airflow/.local/lib/python3.6/site-packages/airflow/example_dags/tutorial_taskflow_api_etl.py
[2023-11-01 17:42:44,667] {scheduler_job.py:633} INFO - Processing file /home/airflow/.local/lib/python3.6/site-packages/airflow/example_dags/tutorial_taskflow_api_etl.py for tasks to queue
[2023-11-01 17:42:44,667] {logging_mixin.py:104} INFO - [2023-11-01 17:42:44,667] {dagbag.py:496} INFO - Filling up the DagBag from /home/airflow/.local/lib/python3.6/site-packages/airflow/example_dags/tutorial_taskflow_api_etl.py
[2023-11-01 17:42:44,674] {scheduler_job.py:643} INFO - DAG(s) dict_keys(['tutorial_taskflow_api_etl']) retrieved from /home/airflow/.local/lib/python3.6/site-packages/airflow/example_dags/tutorial_taskflow_api_etl.py
[2023-11-01 17:42:44,764] {logging_mixin.py:104} INFO - [2023-11-01 17:42:44,764] {dag.py:1833} INFO - Sync 1 DAGs
[2023-11-01 17:42:44,773] {logging_mixin.py:104} INFO - [2023-11-01 17:42:44,773] {dag.py:2306} INFO - Setting next_dagrun for tutorial_taskflow_api_etl to None
[2023-11-01 17:42:44,780] {scheduler_job.py:190} INFO - Processing /home/airflow/.local/lib/python3.6/site-packages/airflow/example_dags/tutorial_taskflow_api_etl.py took 0.115 seconds
[2023-11-01 17:43:15,326] {scheduler_job.py:182} INFO - Started process (PID=754) to work on /home/airflow/.local/lib/python3.6/site-packages/airflow/example_dags/tutorial_taskflow_api_etl.py
[2023-11-01 17:43:15,327] {scheduler_job.py:633} INFO - Processing file /home/airflow/.local/lib/python3.6/site-packages/airflow/example_dags/tutorial_taskflow_api_etl.py for tasks to queue
[2023-11-01 17:43:15,327] {logging_mixin.py:104} INFO - [2023-11-01 17:43:15,327] {dagbag.py:496} INFO - Filling up the DagBag from /home/airflow/.local/lib/python3.6/site-packages/airflow/example_dags/tutorial_taskflow_api_etl.py
[2023-11-01 17:43:15,336] {scheduler_job.py:643} INFO - DAG(s) dict_keys(['tutorial_taskflow_api_etl']) retrieved from /home/airflow/.local/lib/python3.6/site-packages/airflow/example_dags/tutorial_taskflow_api_etl.py
[2023-11-01 17:43:15,421] {logging_mixin.py:104} INFO - [2023-11-01 17:43:15,421] {dag.py:1833} INFO - Sync 1 DAGs
[2023-11-01 17:43:15,427] {logging_mixin.py:104} INFO - [2023-11-01 17:43:15,427] {dag.py:2306} INFO - Setting next_dagrun for tutorial_taskflow_api_etl to None
[2023-11-01 17:43:15,432] {scheduler_job.py:190} INFO - Processing /home/airflow/.local/lib/python3.6/site-packages/airflow/example_dags/tutorial_taskflow_api_etl.py took 0.106 seconds
[2023-11-01 17:43:45,892] {scheduler_job.py:182} INFO - Started process (PID=805) to work on /home/airflow/.local/lib/python3.6/site-packages/airflow/example_dags/tutorial_taskflow_api_etl.py
[2023-11-01 17:43:45,893] {scheduler_job.py:633} INFO - Processing file /home/airflow/.local/lib/python3.6/site-packages/airflow/example_dags/tutorial_taskflow_api_etl.py for tasks to queue
[2023-11-01 17:43:45,893] {logging_mixin.py:104} INFO - [2023-11-01 17:43:45,893] {dagbag.py:496} INFO - Filling up the DagBag from /home/airflow/.local/lib/python3.6/site-packages/airflow/example_dags/tutorial_taskflow_api_etl.py
[2023-11-01 17:43:45,901] {scheduler_job.py:643} INFO - DAG(s) dict_keys(['tutorial_taskflow_api_etl']) retrieved from /home/airflow/.local/lib/python3.6/site-packages/airflow/example_dags/tutorial_taskflow_api_etl.py
[2023-11-01 17:43:45,994] {logging_mixin.py:104} INFO - [2023-11-01 17:43:45,994] {dag.py:1833} INFO - Sync 1 DAGs
[2023-11-01 17:43:46,001] {logging_mixin.py:104} INFO - [2023-11-01 17:43:46,001] {dag.py:2306} INFO - Setting next_dagrun for tutorial_taskflow_api_etl to None
[2023-11-01 17:43:46,007] {scheduler_job.py:190} INFO - Processing /home/airflow/.local/lib/python3.6/site-packages/airflow/example_dags/tutorial_taskflow_api_etl.py took 0.116 seconds
[2023-11-01 17:44:16,709] {scheduler_job.py:182} INFO - Started process (PID=866) to work on /home/airflow/.local/lib/python3.6/site-packages/airflow/example_dags/tutorial_taskflow_api_etl.py
[2023-11-01 17:44:16,709] {scheduler_job.py:633} INFO - Processing file /home/airflow/.local/lib/python3.6/site-packages/airflow/example_dags/tutorial_taskflow_api_etl.py for tasks to queue
[2023-11-01 17:44:16,709] {logging_mixin.py:104} INFO - [2023-11-01 17:44:16,709] {dagbag.py:496} INFO - Filling up the DagBag from /home/airflow/.local/lib/python3.6/site-packages/airflow/example_dags/tutorial_taskflow_api_etl.py
[2023-11-01 17:44:16,719] {scheduler_job.py:643} INFO - DAG(s) dict_keys(['tutorial_taskflow_api_etl']) retrieved from /home/airflow/.local/lib/python3.6/site-packages/airflow/example_dags/tutorial_taskflow_api_etl.py
[2023-11-01 17:44:16,826] {logging_mixin.py:104} INFO - [2023-11-01 17:44:16,826] {dag.py:1833} INFO - Sync 1 DAGs
[2023-11-01 17:44:16,835] {logging_mixin.py:104} INFO - [2023-11-01 17:44:16,835] {dag.py:2306} INFO - Setting next_dagrun for tutorial_taskflow_api_etl to None
[2023-11-01 17:44:16,843] {scheduler_job.py:190} INFO - Processing /home/airflow/.local/lib/python3.6/site-packages/airflow/example_dags/tutorial_taskflow_api_etl.py took 0.137 seconds
[2023-11-01 17:44:47,480] {scheduler_job.py:182} INFO - Started process (PID=926) to work on /home/airflow/.local/lib/python3.6/site-packages/airflow/example_dags/tutorial_taskflow_api_etl.py
[2023-11-01 17:44:47,481] {scheduler_job.py:633} INFO - Processing file /home/airflow/.local/lib/python3.6/site-packages/airflow/example_dags/tutorial_taskflow_api_etl.py for tasks to queue
[2023-11-01 17:44:47,481] {logging_mixin.py:104} INFO - [2023-11-01 17:44:47,481] {dagbag.py:496} INFO - Filling up the DagBag from /home/airflow/.local/lib/python3.6/site-packages/airflow/example_dags/tutorial_taskflow_api_etl.py
[2023-11-01 17:44:47,487] {scheduler_job.py:643} INFO - DAG(s) dict_keys(['tutorial_taskflow_api_etl']) retrieved from /home/airflow/.local/lib/python3.6/site-packages/airflow/example_dags/tutorial_taskflow_api_etl.py
[2023-11-01 17:44:47,573] {logging_mixin.py:104} INFO - [2023-11-01 17:44:47,572] {dag.py:1833} INFO - Sync 1 DAGs
[2023-11-01 17:44:47,578] {logging_mixin.py:104} INFO - [2023-11-01 17:44:47,578] {dag.py:2306} INFO - Setting next_dagrun for tutorial_taskflow_api_etl to None
[2023-11-01 17:44:47,583] {scheduler_job.py:190} INFO - Processing /home/airflow/.local/lib/python3.6/site-packages/airflow/example_dags/tutorial_taskflow_api_etl.py took 0.104 seconds
[2023-11-01 17:45:18,083] {scheduler_job.py:182} INFO - Started process (PID=987) to work on /home/airflow/.local/lib/python3.6/site-packages/airflow/example_dags/tutorial_taskflow_api_etl.py
[2023-11-01 17:45:18,084] {scheduler_job.py:633} INFO - Processing file /home/airflow/.local/lib/python3.6/site-packages/airflow/example_dags/tutorial_taskflow_api_etl.py for tasks to queue
[2023-11-01 17:45:18,084] {logging_mixin.py:104} INFO - [2023-11-01 17:45:18,084] {dagbag.py:496} INFO - Filling up the DagBag from /home/airflow/.local/lib/python3.6/site-packages/airflow/example_dags/tutorial_taskflow_api_etl.py
[2023-11-01 17:45:18,093] {scheduler_job.py:643} INFO - DAG(s) dict_keys(['tutorial_taskflow_api_etl']) retrieved from /home/airflow/.local/lib/python3.6/site-packages/airflow/example_dags/tutorial_taskflow_api_etl.py
[2023-11-01 17:45:18,211] {logging_mixin.py:104} INFO - [2023-11-01 17:45:18,211] {dag.py:1833} INFO - Sync 1 DAGs
[2023-11-01 17:45:18,222] {logging_mixin.py:104} INFO - [2023-11-01 17:45:18,222] {dag.py:2306} INFO - Setting next_dagrun for tutorial_taskflow_api_etl to None
[2023-11-01 17:45:18,230] {scheduler_job.py:190} INFO - Processing /home/airflow/.local/lib/python3.6/site-packages/airflow/example_dags/tutorial_taskflow_api_etl.py took 0.148 seconds
[2023-11-01 17:45:48,852] {scheduler_job.py:182} INFO - Started process (PID=1047) to work on /home/airflow/.local/lib/python3.6/site-packages/airflow/example_dags/tutorial_taskflow_api_etl.py
[2023-11-01 17:45:48,852] {scheduler_job.py:633} INFO - Processing file /home/airflow/.local/lib/python3.6/site-packages/airflow/example_dags/tutorial_taskflow_api_etl.py for tasks to queue
[2023-11-01 17:45:48,853] {logging_mixin.py:104} INFO - [2023-11-01 17:45:48,853] {dagbag.py:496} INFO - Filling up the DagBag from /home/airflow/.local/lib/python3.6/site-packages/airflow/example_dags/tutorial_taskflow_api_etl.py
[2023-11-01 17:45:48,863] {scheduler_job.py:643} INFO - DAG(s) dict_keys(['tutorial_taskflow_api_etl']) retrieved from /home/airflow/.local/lib/python3.6/site-packages/airflow/example_dags/tutorial_taskflow_api_etl.py
[2023-11-01 17:45:48,968] {logging_mixin.py:104} INFO - [2023-11-01 17:45:48,968] {dag.py:1833} INFO - Sync 1 DAGs
[2023-11-01 17:45:48,975] {logging_mixin.py:104} INFO - [2023-11-01 17:45:48,975] {dag.py:2306} INFO - Setting next_dagrun for tutorial_taskflow_api_etl to None
[2023-11-01 17:45:48,980] {scheduler_job.py:190} INFO - Processing /home/airflow/.local/lib/python3.6/site-packages/airflow/example_dags/tutorial_taskflow_api_etl.py took 0.130 seconds
[2023-11-01 17:46:19,545] {scheduler_job.py:182} INFO - Started process (PID=1099) to work on /home/airflow/.local/lib/python3.6/site-packages/airflow/example_dags/tutorial_taskflow_api_etl.py
[2023-11-01 17:46:19,546] {scheduler_job.py:633} INFO - Processing file /home/airflow/.local/lib/python3.6/site-packages/airflow/example_dags/tutorial_taskflow_api_etl.py for tasks to queue
[2023-11-01 17:46:19,546] {logging_mixin.py:104} INFO - [2023-11-01 17:46:19,546] {dagbag.py:496} INFO - Filling up the DagBag from /home/airflow/.local/lib/python3.6/site-packages/airflow/example_dags/tutorial_taskflow_api_etl.py
[2023-11-01 17:46:19,553] {scheduler_job.py:643} INFO - DAG(s) dict_keys(['tutorial_taskflow_api_etl']) retrieved from /home/airflow/.local/lib/python3.6/site-packages/airflow/example_dags/tutorial_taskflow_api_etl.py
[2023-11-01 17:46:19,655] {logging_mixin.py:104} INFO - [2023-11-01 17:46:19,655] {dag.py:1833} INFO - Sync 1 DAGs
[2023-11-01 17:46:19,662] {logging_mixin.py:104} INFO - [2023-11-01 17:46:19,662] {dag.py:2306} INFO - Setting next_dagrun for tutorial_taskflow_api_etl to None
[2023-11-01 17:46:19,669] {scheduler_job.py:190} INFO - Processing /home/airflow/.local/lib/python3.6/site-packages/airflow/example_dags/tutorial_taskflow_api_etl.py took 0.126 seconds
[2023-11-01 17:46:50,249] {scheduler_job.py:182} INFO - Started process (PID=1160) to work on /home/airflow/.local/lib/python3.6/site-packages/airflow/example_dags/tutorial_taskflow_api_etl.py
[2023-11-01 17:46:50,250] {scheduler_job.py:633} INFO - Processing file /home/airflow/.local/lib/python3.6/site-packages/airflow/example_dags/tutorial_taskflow_api_etl.py for tasks to queue
[2023-11-01 17:46:50,250] {logging_mixin.py:104} INFO - [2023-11-01 17:46:50,250] {dagbag.py:496} INFO - Filling up the DagBag from /home/airflow/.local/lib/python3.6/site-packages/airflow/example_dags/tutorial_taskflow_api_etl.py
[2023-11-01 17:46:50,256] {scheduler_job.py:643} INFO - DAG(s) dict_keys(['tutorial_taskflow_api_etl']) retrieved from /home/airflow/.local/lib/python3.6/site-packages/airflow/example_dags/tutorial_taskflow_api_etl.py
[2023-11-01 17:46:50,346] {logging_mixin.py:104} INFO - [2023-11-01 17:46:50,346] {dag.py:1833} INFO - Sync 1 DAGs
[2023-11-01 17:46:50,353] {logging_mixin.py:104} INFO - [2023-11-01 17:46:50,352] {dag.py:2306} INFO - Setting next_dagrun for tutorial_taskflow_api_etl to None
[2023-11-01 17:46:50,357] {scheduler_job.py:190} INFO - Processing /home/airflow/.local/lib/python3.6/site-packages/airflow/example_dags/tutorial_taskflow_api_etl.py took 0.109 seconds
[2023-11-01 17:47:20,876] {scheduler_job.py:182} INFO - Started process (PID=1240) to work on /home/airflow/.local/lib/python3.6/site-packages/airflow/example_dags/tutorial_taskflow_api_etl.py
[2023-11-01 17:47:20,877] {scheduler_job.py:633} INFO - Processing file /home/airflow/.local/lib/python3.6/site-packages/airflow/example_dags/tutorial_taskflow_api_etl.py for tasks to queue
[2023-11-01 17:47:20,877] {logging_mixin.py:104} INFO - [2023-11-01 17:47:20,877] {dagbag.py:496} INFO - Filling up the DagBag from /home/airflow/.local/lib/python3.6/site-packages/airflow/example_dags/tutorial_taskflow_api_etl.py
[2023-11-01 17:47:20,884] {scheduler_job.py:643} INFO - DAG(s) dict_keys(['tutorial_taskflow_api_etl']) retrieved from /home/airflow/.local/lib/python3.6/site-packages/airflow/example_dags/tutorial_taskflow_api_etl.py
[2023-11-01 17:47:20,967] {logging_mixin.py:104} INFO - [2023-11-01 17:47:20,967] {dag.py:1833} INFO - Sync 1 DAGs
[2023-11-01 17:47:20,972] {logging_mixin.py:104} INFO - [2023-11-01 17:47:20,972] {dag.py:2306} INFO - Setting next_dagrun for tutorial_taskflow_api_etl to None
[2023-11-01 17:47:20,978] {scheduler_job.py:190} INFO - Processing /home/airflow/.local/lib/python3.6/site-packages/airflow/example_dags/tutorial_taskflow_api_etl.py took 0.103 seconds
[2023-11-01 17:47:51,575] {scheduler_job.py:182} INFO - Started process (PID=1320) to work on /home/airflow/.local/lib/python3.6/site-packages/airflow/example_dags/tutorial_taskflow_api_etl.py
[2023-11-01 17:47:51,575] {scheduler_job.py:633} INFO - Processing file /home/airflow/.local/lib/python3.6/site-packages/airflow/example_dags/tutorial_taskflow_api_etl.py for tasks to queue
[2023-11-01 17:47:51,575] {logging_mixin.py:104} INFO - [2023-11-01 17:47:51,575] {dagbag.py:496} INFO - Filling up the DagBag from /home/airflow/.local/lib/python3.6/site-packages/airflow/example_dags/tutorial_taskflow_api_etl.py
[2023-11-01 17:47:51,582] {scheduler_job.py:643} INFO - DAG(s) dict_keys(['tutorial_taskflow_api_etl']) retrieved from /home/airflow/.local/lib/python3.6/site-packages/airflow/example_dags/tutorial_taskflow_api_etl.py
[2023-11-01 17:47:51,668] {logging_mixin.py:104} INFO - [2023-11-01 17:47:51,667] {dag.py:1833} INFO - Sync 1 DAGs
[2023-11-01 17:47:51,673] {logging_mixin.py:104} INFO - [2023-11-01 17:47:51,673] {dag.py:2306} INFO - Setting next_dagrun for tutorial_taskflow_api_etl to None
[2023-11-01 17:47:51,678] {scheduler_job.py:190} INFO - Processing /home/airflow/.local/lib/python3.6/site-packages/airflow/example_dags/tutorial_taskflow_api_etl.py took 0.105 seconds
[2023-11-01 17:48:22,328] {scheduler_job.py:182} INFO - Started process (PID=1391) to work on /home/airflow/.local/lib/python3.6/site-packages/airflow/example_dags/tutorial_taskflow_api_etl.py
[2023-11-01 17:48:22,329] {scheduler_job.py:633} INFO - Processing file /home/airflow/.local/lib/python3.6/site-packages/airflow/example_dags/tutorial_taskflow_api_etl.py for tasks to queue
[2023-11-01 17:48:22,329] {logging_mixin.py:104} INFO - [2023-11-01 17:48:22,329] {dagbag.py:496} INFO - Filling up the DagBag from /home/airflow/.local/lib/python3.6/site-packages/airflow/example_dags/tutorial_taskflow_api_etl.py
[2023-11-01 17:48:22,335] {scheduler_job.py:643} INFO - DAG(s) dict_keys(['tutorial_taskflow_api_etl']) retrieved from /home/airflow/.local/lib/python3.6/site-packages/airflow/example_dags/tutorial_taskflow_api_etl.py
[2023-11-01 17:48:22,419] {logging_mixin.py:104} INFO - [2023-11-01 17:48:22,419] {dag.py:1833} INFO - Sync 1 DAGs
[2023-11-01 17:48:22,425] {logging_mixin.py:104} INFO - [2023-11-01 17:48:22,425] {dag.py:2306} INFO - Setting next_dagrun for tutorial_taskflow_api_etl to None
[2023-11-01 17:48:22,430] {scheduler_job.py:190} INFO - Processing /home/airflow/.local/lib/python3.6/site-packages/airflow/example_dags/tutorial_taskflow_api_etl.py took 0.103 seconds
[2023-11-01 17:48:53,039] {scheduler_job.py:182} INFO - Started process (PID=1472) to work on /home/airflow/.local/lib/python3.6/site-packages/airflow/example_dags/tutorial_taskflow_api_etl.py
[2023-11-01 17:48:53,040] {scheduler_job.py:633} INFO - Processing file /home/airflow/.local/lib/python3.6/site-packages/airflow/example_dags/tutorial_taskflow_api_etl.py for tasks to queue
[2023-11-01 17:48:53,040] {logging_mixin.py:104} INFO - [2023-11-01 17:48:53,040] {dagbag.py:496} INFO - Filling up the DagBag from /home/airflow/.local/lib/python3.6/site-packages/airflow/example_dags/tutorial_taskflow_api_etl.py
[2023-11-01 17:48:53,048] {scheduler_job.py:643} INFO - DAG(s) dict_keys(['tutorial_taskflow_api_etl']) retrieved from /home/airflow/.local/lib/python3.6/site-packages/airflow/example_dags/tutorial_taskflow_api_etl.py
[2023-11-01 17:48:53,062] {logging_mixin.py:104} INFO - [2023-11-01 17:48:53,062] {dag.py:1833} INFO - Sync 1 DAGs
[2023-11-01 17:48:53,072] {logging_mixin.py:104} INFO - [2023-11-01 17:48:53,072] {dag.py:2306} INFO - Setting next_dagrun for tutorial_taskflow_api_etl to None
[2023-11-01 17:48:53,089] {scheduler_job.py:190} INFO - Processing /home/airflow/.local/lib/python3.6/site-packages/airflow/example_dags/tutorial_taskflow_api_etl.py took 0.052 seconds
[2023-11-01 17:49:23,647] {scheduler_job.py:182} INFO - Started process (PID=1552) to work on /home/airflow/.local/lib/python3.6/site-packages/airflow/example_dags/tutorial_taskflow_api_etl.py
[2023-11-01 17:49:23,648] {scheduler_job.py:633} INFO - Processing file /home/airflow/.local/lib/python3.6/site-packages/airflow/example_dags/tutorial_taskflow_api_etl.py for tasks to queue
[2023-11-01 17:49:23,648] {logging_mixin.py:104} INFO - [2023-11-01 17:49:23,648] {dagbag.py:496} INFO - Filling up the DagBag from /home/airflow/.local/lib/python3.6/site-packages/airflow/example_dags/tutorial_taskflow_api_etl.py
[2023-11-01 17:49:23,654] {scheduler_job.py:643} INFO - DAG(s) dict_keys(['tutorial_taskflow_api_etl']) retrieved from /home/airflow/.local/lib/python3.6/site-packages/airflow/example_dags/tutorial_taskflow_api_etl.py
[2023-11-01 17:49:23,737] {logging_mixin.py:104} INFO - [2023-11-01 17:49:23,736] {dag.py:1833} INFO - Sync 1 DAGs
[2023-11-01 17:49:23,742] {logging_mixin.py:104} INFO - [2023-11-01 17:49:23,742] {dag.py:2306} INFO - Setting next_dagrun for tutorial_taskflow_api_etl to None
[2023-11-01 17:49:23,747] {scheduler_job.py:190} INFO - Processing /home/airflow/.local/lib/python3.6/site-packages/airflow/example_dags/tutorial_taskflow_api_etl.py took 0.102 seconds
[2023-11-01 17:49:54,408] {scheduler_job.py:182} INFO - Started process (PID=1633) to work on /home/airflow/.local/lib/python3.6/site-packages/airflow/example_dags/tutorial_taskflow_api_etl.py
[2023-11-01 17:49:54,408] {scheduler_job.py:633} INFO - Processing file /home/airflow/.local/lib/python3.6/site-packages/airflow/example_dags/tutorial_taskflow_api_etl.py for tasks to queue
[2023-11-01 17:49:54,408] {logging_mixin.py:104} INFO - [2023-11-01 17:49:54,408] {dagbag.py:496} INFO - Filling up the DagBag from /home/airflow/.local/lib/python3.6/site-packages/airflow/example_dags/tutorial_taskflow_api_etl.py
[2023-11-01 17:49:54,415] {scheduler_job.py:643} INFO - DAG(s) dict_keys(['tutorial_taskflow_api_etl']) retrieved from /home/airflow/.local/lib/python3.6/site-packages/airflow/example_dags/tutorial_taskflow_api_etl.py
[2023-11-01 17:49:54,499] {logging_mixin.py:104} INFO - [2023-11-01 17:49:54,499] {dag.py:1833} INFO - Sync 1 DAGs
[2023-11-01 17:49:54,504] {logging_mixin.py:104} INFO - [2023-11-01 17:49:54,504] {dag.py:2306} INFO - Setting next_dagrun for tutorial_taskflow_api_etl to None
[2023-11-01 17:49:54,509] {scheduler_job.py:190} INFO - Processing /home/airflow/.local/lib/python3.6/site-packages/airflow/example_dags/tutorial_taskflow_api_etl.py took 0.103 seconds
[2023-11-01 17:50:25,046] {scheduler_job.py:182} INFO - Started process (PID=1713) to work on /home/airflow/.local/lib/python3.6/site-packages/airflow/example_dags/tutorial_taskflow_api_etl.py
[2023-11-01 17:50:25,046] {scheduler_job.py:633} INFO - Processing file /home/airflow/.local/lib/python3.6/site-packages/airflow/example_dags/tutorial_taskflow_api_etl.py for tasks to queue
[2023-11-01 17:50:25,047] {logging_mixin.py:104} INFO - [2023-11-01 17:50:25,046] {dagbag.py:496} INFO - Filling up the DagBag from /home/airflow/.local/lib/python3.6/site-packages/airflow/example_dags/tutorial_taskflow_api_etl.py
[2023-11-01 17:50:25,053] {scheduler_job.py:643} INFO - DAG(s) dict_keys(['tutorial_taskflow_api_etl']) retrieved from /home/airflow/.local/lib/python3.6/site-packages/airflow/example_dags/tutorial_taskflow_api_etl.py
[2023-11-01 17:50:25,139] {logging_mixin.py:104} INFO - [2023-11-01 17:50:25,139] {dag.py:1833} INFO - Sync 1 DAGs
[2023-11-01 17:50:25,145] {logging_mixin.py:104} INFO - [2023-11-01 17:50:25,145] {dag.py:2306} INFO - Setting next_dagrun for tutorial_taskflow_api_etl to None
[2023-11-01 17:50:25,150] {scheduler_job.py:190} INFO - Processing /home/airflow/.local/lib/python3.6/site-packages/airflow/example_dags/tutorial_taskflow_api_etl.py took 0.106 seconds
[2023-11-01 17:50:55,757] {scheduler_job.py:182} INFO - Started process (PID=1784) to work on /home/airflow/.local/lib/python3.6/site-packages/airflow/example_dags/tutorial_taskflow_api_etl.py
[2023-11-01 17:50:55,758] {scheduler_job.py:633} INFO - Processing file /home/airflow/.local/lib/python3.6/site-packages/airflow/example_dags/tutorial_taskflow_api_etl.py for tasks to queue
[2023-11-01 17:50:55,758] {logging_mixin.py:104} INFO - [2023-11-01 17:50:55,758] {dagbag.py:496} INFO - Filling up the DagBag from /home/airflow/.local/lib/python3.6/site-packages/airflow/example_dags/tutorial_taskflow_api_etl.py
[2023-11-01 17:50:55,766] {scheduler_job.py:643} INFO - DAG(s) dict_keys(['tutorial_taskflow_api_etl']) retrieved from /home/airflow/.local/lib/python3.6/site-packages/airflow/example_dags/tutorial_taskflow_api_etl.py
[2023-11-01 17:50:55,855] {logging_mixin.py:104} INFO - [2023-11-01 17:50:55,855] {dag.py:1833} INFO - Sync 1 DAGs
[2023-11-01 17:50:55,861] {logging_mixin.py:104} INFO - [2023-11-01 17:50:55,861] {dag.py:2306} INFO - Setting next_dagrun for tutorial_taskflow_api_etl to None
[2023-11-01 17:50:55,866] {scheduler_job.py:190} INFO - Processing /home/airflow/.local/lib/python3.6/site-packages/airflow/example_dags/tutorial_taskflow_api_etl.py took 0.110 seconds
[2023-11-01 17:51:26,493] {scheduler_job.py:182} INFO - Started process (PID=1865) to work on /home/airflow/.local/lib/python3.6/site-packages/airflow/example_dags/tutorial_taskflow_api_etl.py
[2023-11-01 17:51:26,494] {scheduler_job.py:633} INFO - Processing file /home/airflow/.local/lib/python3.6/site-packages/airflow/example_dags/tutorial_taskflow_api_etl.py for tasks to queue
[2023-11-01 17:51:26,494] {logging_mixin.py:104} INFO - [2023-11-01 17:51:26,494] {dagbag.py:496} INFO - Filling up the DagBag from /home/airflow/.local/lib/python3.6/site-packages/airflow/example_dags/tutorial_taskflow_api_etl.py
[2023-11-01 17:51:26,503] {scheduler_job.py:643} INFO - DAG(s) dict_keys(['tutorial_taskflow_api_etl']) retrieved from /home/airflow/.local/lib/python3.6/site-packages/airflow/example_dags/tutorial_taskflow_api_etl.py
[2023-11-01 17:51:26,588] {logging_mixin.py:104} INFO - [2023-11-01 17:51:26,588] {dag.py:1833} INFO - Sync 1 DAGs
[2023-11-01 17:51:26,594] {logging_mixin.py:104} INFO - [2023-11-01 17:51:26,594] {dag.py:2306} INFO - Setting next_dagrun for tutorial_taskflow_api_etl to None
[2023-11-01 17:51:26,599] {scheduler_job.py:190} INFO - Processing /home/airflow/.local/lib/python3.6/site-packages/airflow/example_dags/tutorial_taskflow_api_etl.py took 0.107 seconds
[2023-11-01 17:51:56,739] {scheduler_job.py:182} INFO - Started process (PID=1946) to work on /home/airflow/.local/lib/python3.6/site-packages/airflow/example_dags/tutorial_taskflow_api_etl.py
[2023-11-01 17:51:56,739] {scheduler_job.py:633} INFO - Processing file /home/airflow/.local/lib/python3.6/site-packages/airflow/example_dags/tutorial_taskflow_api_etl.py for tasks to queue
[2023-11-01 17:51:56,740] {logging_mixin.py:104} INFO - [2023-11-01 17:51:56,740] {dagbag.py:496} INFO - Filling up the DagBag from /home/airflow/.local/lib/python3.6/site-packages/airflow/example_dags/tutorial_taskflow_api_etl.py
[2023-11-01 17:51:56,746] {scheduler_job.py:643} INFO - DAG(s) dict_keys(['tutorial_taskflow_api_etl']) retrieved from /home/airflow/.local/lib/python3.6/site-packages/airflow/example_dags/tutorial_taskflow_api_etl.py
[2023-11-01 17:51:56,832] {logging_mixin.py:104} INFO - [2023-11-01 17:51:56,832] {dag.py:1833} INFO - Sync 1 DAGs
[2023-11-01 17:51:56,841] {logging_mixin.py:104} INFO - [2023-11-01 17:51:56,841] {dag.py:2306} INFO - Setting next_dagrun for tutorial_taskflow_api_etl to None
[2023-11-01 17:51:56,848] {scheduler_job.py:190} INFO - Processing /home/airflow/.local/lib/python3.6/site-packages/airflow/example_dags/tutorial_taskflow_api_etl.py took 0.111 seconds
[2023-11-01 17:52:26,980] {scheduler_job.py:182} INFO - Started process (PID=2027) to work on /home/airflow/.local/lib/python3.6/site-packages/airflow/example_dags/tutorial_taskflow_api_etl.py
[2023-11-01 17:52:26,981] {scheduler_job.py:633} INFO - Processing file /home/airflow/.local/lib/python3.6/site-packages/airflow/example_dags/tutorial_taskflow_api_etl.py for tasks to queue
[2023-11-01 17:52:26,981] {logging_mixin.py:104} INFO - [2023-11-01 17:52:26,981] {dagbag.py:496} INFO - Filling up the DagBag from /home/airflow/.local/lib/python3.6/site-packages/airflow/example_dags/tutorial_taskflow_api_etl.py
[2023-11-01 17:52:26,989] {scheduler_job.py:643} INFO - DAG(s) dict_keys(['tutorial_taskflow_api_etl']) retrieved from /home/airflow/.local/lib/python3.6/site-packages/airflow/example_dags/tutorial_taskflow_api_etl.py
[2023-11-01 17:52:27,087] {logging_mixin.py:104} INFO - [2023-11-01 17:52:27,087] {dag.py:1833} INFO - Sync 1 DAGs
[2023-11-01 17:52:27,094] {logging_mixin.py:104} INFO - [2023-11-01 17:52:27,094] {dag.py:2306} INFO - Setting next_dagrun for tutorial_taskflow_api_etl to None
[2023-11-01 17:52:27,099] {scheduler_job.py:190} INFO - Processing /home/airflow/.local/lib/python3.6/site-packages/airflow/example_dags/tutorial_taskflow_api_etl.py took 0.120 seconds
[2023-11-01 17:52:57,153] {scheduler_job.py:182} INFO - Started process (PID=2098) to work on /home/airflow/.local/lib/python3.6/site-packages/airflow/example_dags/tutorial_taskflow_api_etl.py
[2023-11-01 17:52:57,154] {scheduler_job.py:633} INFO - Processing file /home/airflow/.local/lib/python3.6/site-packages/airflow/example_dags/tutorial_taskflow_api_etl.py for tasks to queue
[2023-11-01 17:52:57,154] {logging_mixin.py:104} INFO - [2023-11-01 17:52:57,154] {dagbag.py:496} INFO - Filling up the DagBag from /home/airflow/.local/lib/python3.6/site-packages/airflow/example_dags/tutorial_taskflow_api_etl.py
[2023-11-01 17:52:57,163] {scheduler_job.py:643} INFO - DAG(s) dict_keys(['tutorial_taskflow_api_etl']) retrieved from /home/airflow/.local/lib/python3.6/site-packages/airflow/example_dags/tutorial_taskflow_api_etl.py
[2023-11-01 17:52:57,255] {logging_mixin.py:104} INFO - [2023-11-01 17:52:57,255] {dag.py:1833} INFO - Sync 1 DAGs
[2023-11-01 17:52:57,263] {logging_mixin.py:104} INFO - [2023-11-01 17:52:57,263] {dag.py:2306} INFO - Setting next_dagrun for tutorial_taskflow_api_etl to None
[2023-11-01 17:52:57,270] {scheduler_job.py:190} INFO - Processing /home/airflow/.local/lib/python3.6/site-packages/airflow/example_dags/tutorial_taskflow_api_etl.py took 0.118 seconds
[2023-11-01 17:53:27,912] {scheduler_job.py:182} INFO - Started process (PID=2179) to work on /home/airflow/.local/lib/python3.6/site-packages/airflow/example_dags/tutorial_taskflow_api_etl.py
[2023-11-01 17:53:27,912] {scheduler_job.py:633} INFO - Processing file /home/airflow/.local/lib/python3.6/site-packages/airflow/example_dags/tutorial_taskflow_api_etl.py for tasks to queue
[2023-11-01 17:53:27,913] {logging_mixin.py:104} INFO - [2023-11-01 17:53:27,913] {dagbag.py:496} INFO - Filling up the DagBag from /home/airflow/.local/lib/python3.6/site-packages/airflow/example_dags/tutorial_taskflow_api_etl.py
[2023-11-01 17:53:27,920] {scheduler_job.py:643} INFO - DAG(s) dict_keys(['tutorial_taskflow_api_etl']) retrieved from /home/airflow/.local/lib/python3.6/site-packages/airflow/example_dags/tutorial_taskflow_api_etl.py
[2023-11-01 17:53:28,009] {logging_mixin.py:104} INFO - [2023-11-01 17:53:28,009] {dag.py:1833} INFO - Sync 1 DAGs
[2023-11-01 17:53:28,014] {logging_mixin.py:104} INFO - [2023-11-01 17:53:28,014] {dag.py:2306} INFO - Setting next_dagrun for tutorial_taskflow_api_etl to None
[2023-11-01 17:53:28,019] {scheduler_job.py:190} INFO - Processing /home/airflow/.local/lib/python3.6/site-packages/airflow/example_dags/tutorial_taskflow_api_etl.py took 0.109 seconds
[2023-11-01 17:53:58,636] {scheduler_job.py:182} INFO - Started process (PID=2260) to work on /home/airflow/.local/lib/python3.6/site-packages/airflow/example_dags/tutorial_taskflow_api_etl.py
[2023-11-01 17:53:58,636] {scheduler_job.py:633} INFO - Processing file /home/airflow/.local/lib/python3.6/site-packages/airflow/example_dags/tutorial_taskflow_api_etl.py for tasks to queue
[2023-11-01 17:53:58,637] {logging_mixin.py:104} INFO - [2023-11-01 17:53:58,637] {dagbag.py:496} INFO - Filling up the DagBag from /home/airflow/.local/lib/python3.6/site-packages/airflow/example_dags/tutorial_taskflow_api_etl.py
[2023-11-01 17:53:58,645] {scheduler_job.py:643} INFO - DAG(s) dict_keys(['tutorial_taskflow_api_etl']) retrieved from /home/airflow/.local/lib/python3.6/site-packages/airflow/example_dags/tutorial_taskflow_api_etl.py
[2023-11-01 17:53:58,729] {logging_mixin.py:104} INFO - [2023-11-01 17:53:58,729] {dag.py:1833} INFO - Sync 1 DAGs
[2023-11-01 17:53:58,734] {logging_mixin.py:104} INFO - [2023-11-01 17:53:58,734] {dag.py:2306} INFO - Setting next_dagrun for tutorial_taskflow_api_etl to None
[2023-11-01 17:53:58,739] {scheduler_job.py:190} INFO - Processing /home/airflow/.local/lib/python3.6/site-packages/airflow/example_dags/tutorial_taskflow_api_etl.py took 0.104 seconds
[2023-11-01 17:54:28,757] {scheduler_job.py:182} INFO - Started process (PID=2332) to work on /home/airflow/.local/lib/python3.6/site-packages/airflow/example_dags/tutorial_taskflow_api_etl.py
[2023-11-01 17:54:28,758] {scheduler_job.py:633} INFO - Processing file /home/airflow/.local/lib/python3.6/site-packages/airflow/example_dags/tutorial_taskflow_api_etl.py for tasks to queue
[2023-11-01 17:54:28,758] {logging_mixin.py:104} INFO - [2023-11-01 17:54:28,758] {dagbag.py:496} INFO - Filling up the DagBag from /home/airflow/.local/lib/python3.6/site-packages/airflow/example_dags/tutorial_taskflow_api_etl.py
[2023-11-01 17:54:28,767] {scheduler_job.py:643} INFO - DAG(s) dict_keys(['tutorial_taskflow_api_etl']) retrieved from /home/airflow/.local/lib/python3.6/site-packages/airflow/example_dags/tutorial_taskflow_api_etl.py
[2023-11-01 17:54:28,852] {logging_mixin.py:104} INFO - [2023-11-01 17:54:28,852] {dag.py:1833} INFO - Sync 1 DAGs
[2023-11-01 17:54:28,858] {logging_mixin.py:104} INFO - [2023-11-01 17:54:28,858] {dag.py:2306} INFO - Setting next_dagrun for tutorial_taskflow_api_etl to None
[2023-11-01 17:54:28,874] {scheduler_job.py:190} INFO - Processing /home/airflow/.local/lib/python3.6/site-packages/airflow/example_dags/tutorial_taskflow_api_etl.py took 0.118 seconds
[2023-11-01 17:54:59,535] {scheduler_job.py:182} INFO - Started process (PID=2413) to work on /home/airflow/.local/lib/python3.6/site-packages/airflow/example_dags/tutorial_taskflow_api_etl.py
[2023-11-01 17:54:59,536] {scheduler_job.py:633} INFO - Processing file /home/airflow/.local/lib/python3.6/site-packages/airflow/example_dags/tutorial_taskflow_api_etl.py for tasks to queue
[2023-11-01 17:54:59,536] {logging_mixin.py:104} INFO - [2023-11-01 17:54:59,536] {dagbag.py:496} INFO - Filling up the DagBag from /home/airflow/.local/lib/python3.6/site-packages/airflow/example_dags/tutorial_taskflow_api_etl.py
[2023-11-01 17:54:59,545] {scheduler_job.py:643} INFO - DAG(s) dict_keys(['tutorial_taskflow_api_etl']) retrieved from /home/airflow/.local/lib/python3.6/site-packages/airflow/example_dags/tutorial_taskflow_api_etl.py
[2023-11-01 17:54:59,642] {logging_mixin.py:104} INFO - [2023-11-01 17:54:59,641] {dag.py:1833} INFO - Sync 1 DAGs
[2023-11-01 17:54:59,649] {logging_mixin.py:104} INFO - [2023-11-01 17:54:59,649] {dag.py:2306} INFO - Setting next_dagrun for tutorial_taskflow_api_etl to None
[2023-11-01 17:54:59,654] {scheduler_job.py:190} INFO - Processing /home/airflow/.local/lib/python3.6/site-packages/airflow/example_dags/tutorial_taskflow_api_etl.py took 0.121 seconds
[2023-11-01 17:55:29,689] {scheduler_job.py:182} INFO - Started process (PID=2495) to work on /home/airflow/.local/lib/python3.6/site-packages/airflow/example_dags/tutorial_taskflow_api_etl.py
[2023-11-01 17:55:29,690] {scheduler_job.py:633} INFO - Processing file /home/airflow/.local/lib/python3.6/site-packages/airflow/example_dags/tutorial_taskflow_api_etl.py for tasks to queue
[2023-11-01 17:55:29,690] {logging_mixin.py:104} INFO - [2023-11-01 17:55:29,690] {dagbag.py:496} INFO - Filling up the DagBag from /home/airflow/.local/lib/python3.6/site-packages/airflow/example_dags/tutorial_taskflow_api_etl.py
[2023-11-01 17:55:29,697] {scheduler_job.py:643} INFO - DAG(s) dict_keys(['tutorial_taskflow_api_etl']) retrieved from /home/airflow/.local/lib/python3.6/site-packages/airflow/example_dags/tutorial_taskflow_api_etl.py
[2023-11-01 17:55:29,787] {logging_mixin.py:104} INFO - [2023-11-01 17:55:29,787] {dag.py:1833} INFO - Sync 1 DAGs
[2023-11-01 17:55:29,796] {logging_mixin.py:104} INFO - [2023-11-01 17:55:29,796] {dag.py:2306} INFO - Setting next_dagrun for tutorial_taskflow_api_etl to None
[2023-11-01 17:55:29,816] {scheduler_job.py:190} INFO - Processing /home/airflow/.local/lib/python3.6/site-packages/airflow/example_dags/tutorial_taskflow_api_etl.py took 0.128 seconds
[2023-11-01 17:56:00,493] {scheduler_job.py:182} INFO - Started process (PID=2575) to work on /home/airflow/.local/lib/python3.6/site-packages/airflow/example_dags/tutorial_taskflow_api_etl.py
[2023-11-01 17:56:00,494] {scheduler_job.py:633} INFO - Processing file /home/airflow/.local/lib/python3.6/site-packages/airflow/example_dags/tutorial_taskflow_api_etl.py for tasks to queue
[2023-11-01 17:56:00,494] {logging_mixin.py:104} INFO - [2023-11-01 17:56:00,494] {dagbag.py:496} INFO - Filling up the DagBag from /home/airflow/.local/lib/python3.6/site-packages/airflow/example_dags/tutorial_taskflow_api_etl.py
[2023-11-01 17:56:00,502] {scheduler_job.py:643} INFO - DAG(s) dict_keys(['tutorial_taskflow_api_etl']) retrieved from /home/airflow/.local/lib/python3.6/site-packages/airflow/example_dags/tutorial_taskflow_api_etl.py
[2023-11-01 17:56:00,585] {logging_mixin.py:104} INFO - [2023-11-01 17:56:00,585] {dag.py:1833} INFO - Sync 1 DAGs
[2023-11-01 17:56:00,591] {logging_mixin.py:104} INFO - [2023-11-01 17:56:00,591] {dag.py:2306} INFO - Setting next_dagrun for tutorial_taskflow_api_etl to None
[2023-11-01 17:56:00,596] {scheduler_job.py:190} INFO - Processing /home/airflow/.local/lib/python3.6/site-packages/airflow/example_dags/tutorial_taskflow_api_etl.py took 0.103 seconds
[2023-11-01 17:56:31,311] {scheduler_job.py:182} INFO - Started process (PID=2656) to work on /home/airflow/.local/lib/python3.6/site-packages/airflow/example_dags/tutorial_taskflow_api_etl.py
[2023-11-01 17:56:31,311] {scheduler_job.py:633} INFO - Processing file /home/airflow/.local/lib/python3.6/site-packages/airflow/example_dags/tutorial_taskflow_api_etl.py for tasks to queue
[2023-11-01 17:56:31,311] {logging_mixin.py:104} INFO - [2023-11-01 17:56:31,311] {dagbag.py:496} INFO - Filling up the DagBag from /home/airflow/.local/lib/python3.6/site-packages/airflow/example_dags/tutorial_taskflow_api_etl.py
[2023-11-01 17:56:31,319] {scheduler_job.py:643} INFO - DAG(s) dict_keys(['tutorial_taskflow_api_etl']) retrieved from /home/airflow/.local/lib/python3.6/site-packages/airflow/example_dags/tutorial_taskflow_api_etl.py
[2023-11-01 17:56:31,411] {logging_mixin.py:104} INFO - [2023-11-01 17:56:31,411] {dag.py:1833} INFO - Sync 1 DAGs
[2023-11-01 17:56:31,418] {logging_mixin.py:104} INFO - [2023-11-01 17:56:31,418] {dag.py:2306} INFO - Setting next_dagrun for tutorial_taskflow_api_etl to None
[2023-11-01 17:56:31,425] {scheduler_job.py:190} INFO - Processing /home/airflow/.local/lib/python3.6/site-packages/airflow/example_dags/tutorial_taskflow_api_etl.py took 0.116 seconds
[2023-11-01 17:57:02,085] {scheduler_job.py:182} INFO - Started process (PID=2727) to work on /home/airflow/.local/lib/python3.6/site-packages/airflow/example_dags/tutorial_taskflow_api_etl.py
[2023-11-01 17:57:02,085] {scheduler_job.py:633} INFO - Processing file /home/airflow/.local/lib/python3.6/site-packages/airflow/example_dags/tutorial_taskflow_api_etl.py for tasks to queue
[2023-11-01 17:57:02,086] {logging_mixin.py:104} INFO - [2023-11-01 17:57:02,086] {dagbag.py:496} INFO - Filling up the DagBag from /home/airflow/.local/lib/python3.6/site-packages/airflow/example_dags/tutorial_taskflow_api_etl.py
[2023-11-01 17:57:02,093] {scheduler_job.py:643} INFO - DAG(s) dict_keys(['tutorial_taskflow_api_etl']) retrieved from /home/airflow/.local/lib/python3.6/site-packages/airflow/example_dags/tutorial_taskflow_api_etl.py
[2023-11-01 17:57:02,176] {logging_mixin.py:104} INFO - [2023-11-01 17:57:02,176] {dag.py:1833} INFO - Sync 1 DAGs
[2023-11-01 17:57:02,182] {logging_mixin.py:104} INFO - [2023-11-01 17:57:02,182] {dag.py:2306} INFO - Setting next_dagrun for tutorial_taskflow_api_etl to None
[2023-11-01 17:57:02,188] {scheduler_job.py:190} INFO - Processing /home/airflow/.local/lib/python3.6/site-packages/airflow/example_dags/tutorial_taskflow_api_etl.py took 0.104 seconds
[2023-11-01 17:57:32,914] {scheduler_job.py:182} INFO - Started process (PID=2808) to work on /home/airflow/.local/lib/python3.6/site-packages/airflow/example_dags/tutorial_taskflow_api_etl.py
[2023-11-01 17:57:32,914] {scheduler_job.py:633} INFO - Processing file /home/airflow/.local/lib/python3.6/site-packages/airflow/example_dags/tutorial_taskflow_api_etl.py for tasks to queue
[2023-11-01 17:57:32,915] {logging_mixin.py:104} INFO - [2023-11-01 17:57:32,915] {dagbag.py:496} INFO - Filling up the DagBag from /home/airflow/.local/lib/python3.6/site-packages/airflow/example_dags/tutorial_taskflow_api_etl.py
[2023-11-01 17:57:32,921] {scheduler_job.py:643} INFO - DAG(s) dict_keys(['tutorial_taskflow_api_etl']) retrieved from /home/airflow/.local/lib/python3.6/site-packages/airflow/example_dags/tutorial_taskflow_api_etl.py
[2023-11-01 17:57:33,011] {logging_mixin.py:104} INFO - [2023-11-01 17:57:33,011] {dag.py:1833} INFO - Sync 1 DAGs
[2023-11-01 17:57:33,017] {logging_mixin.py:104} INFO - [2023-11-01 17:57:33,017] {dag.py:2306} INFO - Setting next_dagrun for tutorial_taskflow_api_etl to None
[2023-11-01 17:57:33,023] {scheduler_job.py:190} INFO - Processing /home/airflow/.local/lib/python3.6/site-packages/airflow/example_dags/tutorial_taskflow_api_etl.py took 0.111 seconds
[2023-11-01 17:58:03,969] {scheduler_job.py:182} INFO - Started process (PID=2910) to work on /home/airflow/.local/lib/python3.6/site-packages/airflow/example_dags/tutorial_taskflow_api_etl.py
[2023-11-01 17:58:03,969] {scheduler_job.py:633} INFO - Processing file /home/airflow/.local/lib/python3.6/site-packages/airflow/example_dags/tutorial_taskflow_api_etl.py for tasks to queue
[2023-11-01 17:58:03,970] {logging_mixin.py:104} INFO - [2023-11-01 17:58:03,970] {dagbag.py:496} INFO - Filling up the DagBag from /home/airflow/.local/lib/python3.6/site-packages/airflow/example_dags/tutorial_taskflow_api_etl.py
[2023-11-01 17:58:03,976] {scheduler_job.py:643} INFO - DAG(s) dict_keys(['tutorial_taskflow_api_etl']) retrieved from /home/airflow/.local/lib/python3.6/site-packages/airflow/example_dags/tutorial_taskflow_api_etl.py
[2023-11-01 17:58:04,062] {logging_mixin.py:104} INFO - [2023-11-01 17:58:04,062] {dag.py:1833} INFO - Sync 1 DAGs
[2023-11-01 17:58:04,068] {logging_mixin.py:104} INFO - [2023-11-01 17:58:04,068] {dag.py:2306} INFO - Setting next_dagrun for tutorial_taskflow_api_etl to None
[2023-11-01 17:58:04,073] {scheduler_job.py:190} INFO - Processing /home/airflow/.local/lib/python3.6/site-packages/airflow/example_dags/tutorial_taskflow_api_etl.py took 0.105 seconds
[2023-11-01 17:58:34,117] {scheduler_job.py:182} INFO - Started process (PID=2991) to work on /home/airflow/.local/lib/python3.6/site-packages/airflow/example_dags/tutorial_taskflow_api_etl.py
[2023-11-01 17:58:34,118] {scheduler_job.py:633} INFO - Processing file /home/airflow/.local/lib/python3.6/site-packages/airflow/example_dags/tutorial_taskflow_api_etl.py for tasks to queue
[2023-11-01 17:58:34,118] {logging_mixin.py:104} INFO - [2023-11-01 17:58:34,118] {dagbag.py:496} INFO - Filling up the DagBag from /home/airflow/.local/lib/python3.6/site-packages/airflow/example_dags/tutorial_taskflow_api_etl.py
[2023-11-01 17:58:34,126] {scheduler_job.py:643} INFO - DAG(s) dict_keys(['tutorial_taskflow_api_etl']) retrieved from /home/airflow/.local/lib/python3.6/site-packages/airflow/example_dags/tutorial_taskflow_api_etl.py
[2023-11-01 17:58:34,216] {logging_mixin.py:104} INFO - [2023-11-01 17:58:34,216] {dag.py:1833} INFO - Sync 1 DAGs
[2023-11-01 17:58:34,222] {logging_mixin.py:104} INFO - [2023-11-01 17:58:34,221] {dag.py:2306} INFO - Setting next_dagrun for tutorial_taskflow_api_etl to None
[2023-11-01 17:58:34,227] {scheduler_job.py:190} INFO - Processing /home/airflow/.local/lib/python3.6/site-packages/airflow/example_dags/tutorial_taskflow_api_etl.py took 0.112 seconds
[2023-11-01 17:59:05,019] {scheduler_job.py:182} INFO - Started process (PID=3062) to work on /home/airflow/.local/lib/python3.6/site-packages/airflow/example_dags/tutorial_taskflow_api_etl.py
[2023-11-01 17:59:05,020] {scheduler_job.py:633} INFO - Processing file /home/airflow/.local/lib/python3.6/site-packages/airflow/example_dags/tutorial_taskflow_api_etl.py for tasks to queue
[2023-11-01 17:59:05,020] {logging_mixin.py:104} INFO - [2023-11-01 17:59:05,020] {dagbag.py:496} INFO - Filling up the DagBag from /home/airflow/.local/lib/python3.6/site-packages/airflow/example_dags/tutorial_taskflow_api_etl.py
[2023-11-01 17:59:05,028] {scheduler_job.py:643} INFO - DAG(s) dict_keys(['tutorial_taskflow_api_etl']) retrieved from /home/airflow/.local/lib/python3.6/site-packages/airflow/example_dags/tutorial_taskflow_api_etl.py
[2023-11-01 17:59:05,116] {logging_mixin.py:104} INFO - [2023-11-01 17:59:05,116] {dag.py:1833} INFO - Sync 1 DAGs
[2023-11-01 17:59:05,122] {logging_mixin.py:104} INFO - [2023-11-01 17:59:05,122] {dag.py:2306} INFO - Setting next_dagrun for tutorial_taskflow_api_etl to None
[2023-11-01 17:59:05,127] {scheduler_job.py:190} INFO - Processing /home/airflow/.local/lib/python3.6/site-packages/airflow/example_dags/tutorial_taskflow_api_etl.py took 0.109 seconds
[2023-11-01 17:59:35,160] {scheduler_job.py:182} INFO - Started process (PID=3164) to work on /home/airflow/.local/lib/python3.6/site-packages/airflow/example_dags/tutorial_taskflow_api_etl.py
[2023-11-01 17:59:35,161] {scheduler_job.py:633} INFO - Processing file /home/airflow/.local/lib/python3.6/site-packages/airflow/example_dags/tutorial_taskflow_api_etl.py for tasks to queue
[2023-11-01 17:59:35,161] {logging_mixin.py:104} INFO - [2023-11-01 17:59:35,161] {dagbag.py:496} INFO - Filling up the DagBag from /home/airflow/.local/lib/python3.6/site-packages/airflow/example_dags/tutorial_taskflow_api_etl.py
[2023-11-01 17:59:35,168] {scheduler_job.py:643} INFO - DAG(s) dict_keys(['tutorial_taskflow_api_etl']) retrieved from /home/airflow/.local/lib/python3.6/site-packages/airflow/example_dags/tutorial_taskflow_api_etl.py
[2023-11-01 17:59:35,256] {logging_mixin.py:104} INFO - [2023-11-01 17:59:35,256] {dag.py:1833} INFO - Sync 1 DAGs
[2023-11-01 17:59:35,262] {logging_mixin.py:104} INFO - [2023-11-01 17:59:35,262] {dag.py:2306} INFO - Setting next_dagrun for tutorial_taskflow_api_etl to None
[2023-11-01 17:59:35,278] {scheduler_job.py:190} INFO - Processing /home/airflow/.local/lib/python3.6/site-packages/airflow/example_dags/tutorial_taskflow_api_etl.py took 0.120 seconds
[2023-11-01 18:00:05,980] {scheduler_job.py:182} INFO - Started process (PID=3243) to work on /home/airflow/.local/lib/python3.6/site-packages/airflow/example_dags/tutorial_taskflow_api_etl.py
[2023-11-01 18:00:05,981] {scheduler_job.py:633} INFO - Processing file /home/airflow/.local/lib/python3.6/site-packages/airflow/example_dags/tutorial_taskflow_api_etl.py for tasks to queue
[2023-11-01 18:00:05,981] {logging_mixin.py:104} INFO - [2023-11-01 18:00:05,981] {dagbag.py:496} INFO - Filling up the DagBag from /home/airflow/.local/lib/python3.6/site-packages/airflow/example_dags/tutorial_taskflow_api_etl.py
[2023-11-01 18:00:05,989] {scheduler_job.py:643} INFO - DAG(s) dict_keys(['tutorial_taskflow_api_etl']) retrieved from /home/airflow/.local/lib/python3.6/site-packages/airflow/example_dags/tutorial_taskflow_api_etl.py
[2023-11-01 18:00:06,076] {logging_mixin.py:104} INFO - [2023-11-01 18:00:06,076] {dag.py:1833} INFO - Sync 1 DAGs
[2023-11-01 18:00:06,082] {logging_mixin.py:104} INFO - [2023-11-01 18:00:06,082] {dag.py:2306} INFO - Setting next_dagrun for tutorial_taskflow_api_etl to None
[2023-11-01 18:00:06,087] {scheduler_job.py:190} INFO - Processing /home/airflow/.local/lib/python3.6/site-packages/airflow/example_dags/tutorial_taskflow_api_etl.py took 0.108 seconds
