[2023-11-01 17:42:22,850] {scheduler_job.py:182} INFO - Started process (PID=357) to work on /home/airflow/.local/lib/python3.6/site-packages/airflow/example_dags/tutorial_taskflow_api_etl_virtualenv.py
[2023-11-01 17:42:22,850] {scheduler_job.py:633} INFO - Processing file /home/airflow/.local/lib/python3.6/site-packages/airflow/example_dags/tutorial_taskflow_api_etl_virtualenv.py for tasks to queue
[2023-11-01 17:42:22,851] {logging_mixin.py:104} INFO - [2023-11-01 17:42:22,850] {dagbag.py:496} INFO - Filling up the DagBag from /home/airflow/.local/lib/python3.6/site-packages/airflow/example_dags/tutorial_taskflow_api_etl_virtualenv.py
[2023-11-01 17:42:22,858] {scheduler_job.py:643} INFO - DAG(s) dict_keys(['tutorial_taskflow_api_etl_virtualenv']) retrieved from /home/airflow/.local/lib/python3.6/site-packages/airflow/example_dags/tutorial_taskflow_api_etl_virtualenv.py
[2023-11-01 17:42:24,205] {logging_mixin.py:104} INFO - [2023-11-01 17:42:24,205] {dag.py:1833} INFO - Sync 1 DAGs
[2023-11-01 17:42:24,210] {logging_mixin.py:104} INFO - [2023-11-01 17:42:24,210] {dag.py:1852} INFO - Creating ORM DAG for tutorial_taskflow_api_etl_virtualenv
[2023-11-01 17:42:24,214] {logging_mixin.py:104} INFO - [2023-11-01 17:42:24,214] {dag.py:2306} INFO - Setting next_dagrun for tutorial_taskflow_api_etl_virtualenv to None
[2023-11-01 17:42:24,219] {scheduler_job.py:190} INFO - Processing /home/airflow/.local/lib/python3.6/site-packages/airflow/example_dags/tutorial_taskflow_api_etl_virtualenv.py took 1.370 seconds
[2023-11-01 17:42:54,956] {scheduler_job.py:182} INFO - Started process (PID=718) to work on /home/airflow/.local/lib/python3.6/site-packages/airflow/example_dags/tutorial_taskflow_api_etl_virtualenv.py
[2023-11-01 17:42:54,956] {scheduler_job.py:633} INFO - Processing file /home/airflow/.local/lib/python3.6/site-packages/airflow/example_dags/tutorial_taskflow_api_etl_virtualenv.py for tasks to queue
[2023-11-01 17:42:54,957] {logging_mixin.py:104} INFO - [2023-11-01 17:42:54,957] {dagbag.py:496} INFO - Filling up the DagBag from /home/airflow/.local/lib/python3.6/site-packages/airflow/example_dags/tutorial_taskflow_api_etl_virtualenv.py
[2023-11-01 17:42:54,963] {scheduler_job.py:643} INFO - DAG(s) dict_keys(['tutorial_taskflow_api_etl_virtualenv']) retrieved from /home/airflow/.local/lib/python3.6/site-packages/airflow/example_dags/tutorial_taskflow_api_etl_virtualenv.py
[2023-11-01 17:42:55,049] {logging_mixin.py:104} INFO - [2023-11-01 17:42:55,049] {dag.py:1833} INFO - Sync 1 DAGs
[2023-11-01 17:42:55,055] {logging_mixin.py:104} INFO - [2023-11-01 17:42:55,055] {dag.py:2306} INFO - Setting next_dagrun for tutorial_taskflow_api_etl_virtualenv to None
[2023-11-01 17:42:55,060] {scheduler_job.py:190} INFO - Processing /home/airflow/.local/lib/python3.6/site-packages/airflow/example_dags/tutorial_taskflow_api_etl_virtualenv.py took 0.105 seconds
[2023-11-01 17:43:25,533] {scheduler_job.py:182} INFO - Started process (PID=779) to work on /home/airflow/.local/lib/python3.6/site-packages/airflow/example_dags/tutorial_taskflow_api_etl_virtualenv.py
[2023-11-01 17:43:25,533] {scheduler_job.py:633} INFO - Processing file /home/airflow/.local/lib/python3.6/site-packages/airflow/example_dags/tutorial_taskflow_api_etl_virtualenv.py for tasks to queue
[2023-11-01 17:43:25,533] {logging_mixin.py:104} INFO - [2023-11-01 17:43:25,533] {dagbag.py:496} INFO - Filling up the DagBag from /home/airflow/.local/lib/python3.6/site-packages/airflow/example_dags/tutorial_taskflow_api_etl_virtualenv.py
[2023-11-01 17:43:25,540] {scheduler_job.py:643} INFO - DAG(s) dict_keys(['tutorial_taskflow_api_etl_virtualenv']) retrieved from /home/airflow/.local/lib/python3.6/site-packages/airflow/example_dags/tutorial_taskflow_api_etl_virtualenv.py
[2023-11-01 17:43:25,631] {logging_mixin.py:104} INFO - [2023-11-01 17:43:25,631] {dag.py:1833} INFO - Sync 1 DAGs
[2023-11-01 17:43:25,638] {logging_mixin.py:104} INFO - [2023-11-01 17:43:25,638] {dag.py:2306} INFO - Setting next_dagrun for tutorial_taskflow_api_etl_virtualenv to None
[2023-11-01 17:43:25,643] {scheduler_job.py:190} INFO - Processing /home/airflow/.local/lib/python3.6/site-packages/airflow/example_dags/tutorial_taskflow_api_etl_virtualenv.py took 0.112 seconds
[2023-11-01 17:43:56,244] {scheduler_job.py:182} INFO - Started process (PID=830) to work on /home/airflow/.local/lib/python3.6/site-packages/airflow/example_dags/tutorial_taskflow_api_etl_virtualenv.py
[2023-11-01 17:43:56,245] {scheduler_job.py:633} INFO - Processing file /home/airflow/.local/lib/python3.6/site-packages/airflow/example_dags/tutorial_taskflow_api_etl_virtualenv.py for tasks to queue
[2023-11-01 17:43:56,245] {logging_mixin.py:104} INFO - [2023-11-01 17:43:56,245] {dagbag.py:496} INFO - Filling up the DagBag from /home/airflow/.local/lib/python3.6/site-packages/airflow/example_dags/tutorial_taskflow_api_etl_virtualenv.py
[2023-11-01 17:43:56,252] {scheduler_job.py:643} INFO - DAG(s) dict_keys(['tutorial_taskflow_api_etl_virtualenv']) retrieved from /home/airflow/.local/lib/python3.6/site-packages/airflow/example_dags/tutorial_taskflow_api_etl_virtualenv.py
[2023-11-01 17:43:56,338] {logging_mixin.py:104} INFO - [2023-11-01 17:43:56,338] {dag.py:1833} INFO - Sync 1 DAGs
[2023-11-01 17:43:56,344] {logging_mixin.py:104} INFO - [2023-11-01 17:43:56,344] {dag.py:2306} INFO - Setting next_dagrun for tutorial_taskflow_api_etl_virtualenv to None
[2023-11-01 17:43:56,348] {scheduler_job.py:190} INFO - Processing /home/airflow/.local/lib/python3.6/site-packages/airflow/example_dags/tutorial_taskflow_api_etl_virtualenv.py took 0.105 seconds
[2023-11-01 17:44:27,103] {scheduler_job.py:182} INFO - Started process (PID=890) to work on /home/airflow/.local/lib/python3.6/site-packages/airflow/example_dags/tutorial_taskflow_api_etl_virtualenv.py
[2023-11-01 17:44:27,104] {scheduler_job.py:633} INFO - Processing file /home/airflow/.local/lib/python3.6/site-packages/airflow/example_dags/tutorial_taskflow_api_etl_virtualenv.py for tasks to queue
[2023-11-01 17:44:27,104] {logging_mixin.py:104} INFO - [2023-11-01 17:44:27,104] {dagbag.py:496} INFO - Filling up the DagBag from /home/airflow/.local/lib/python3.6/site-packages/airflow/example_dags/tutorial_taskflow_api_etl_virtualenv.py
[2023-11-01 17:44:27,111] {scheduler_job.py:643} INFO - DAG(s) dict_keys(['tutorial_taskflow_api_etl_virtualenv']) retrieved from /home/airflow/.local/lib/python3.6/site-packages/airflow/example_dags/tutorial_taskflow_api_etl_virtualenv.py
[2023-11-01 17:44:27,198] {logging_mixin.py:104} INFO - [2023-11-01 17:44:27,198] {dag.py:1833} INFO - Sync 1 DAGs
[2023-11-01 17:44:27,203] {logging_mixin.py:104} INFO - [2023-11-01 17:44:27,203] {dag.py:2306} INFO - Setting next_dagrun for tutorial_taskflow_api_etl_virtualenv to None
[2023-11-01 17:44:27,209] {scheduler_job.py:190} INFO - Processing /home/airflow/.local/lib/python3.6/site-packages/airflow/example_dags/tutorial_taskflow_api_etl_virtualenv.py took 0.107 seconds
[2023-11-01 17:44:57,734] {scheduler_job.py:182} INFO - Started process (PID=951) to work on /home/airflow/.local/lib/python3.6/site-packages/airflow/example_dags/tutorial_taskflow_api_etl_virtualenv.py
[2023-11-01 17:44:57,735] {scheduler_job.py:633} INFO - Processing file /home/airflow/.local/lib/python3.6/site-packages/airflow/example_dags/tutorial_taskflow_api_etl_virtualenv.py for tasks to queue
[2023-11-01 17:44:57,735] {logging_mixin.py:104} INFO - [2023-11-01 17:44:57,735] {dagbag.py:496} INFO - Filling up the DagBag from /home/airflow/.local/lib/python3.6/site-packages/airflow/example_dags/tutorial_taskflow_api_etl_virtualenv.py
[2023-11-01 17:44:57,741] {scheduler_job.py:643} INFO - DAG(s) dict_keys(['tutorial_taskflow_api_etl_virtualenv']) retrieved from /home/airflow/.local/lib/python3.6/site-packages/airflow/example_dags/tutorial_taskflow_api_etl_virtualenv.py
[2023-11-01 17:44:57,827] {logging_mixin.py:104} INFO - [2023-11-01 17:44:57,827] {dag.py:1833} INFO - Sync 1 DAGs
[2023-11-01 17:44:57,833] {logging_mixin.py:104} INFO - [2023-11-01 17:44:57,833] {dag.py:2306} INFO - Setting next_dagrun for tutorial_taskflow_api_etl_virtualenv to None
[2023-11-01 17:44:57,840] {scheduler_job.py:190} INFO - Processing /home/airflow/.local/lib/python3.6/site-packages/airflow/example_dags/tutorial_taskflow_api_etl_virtualenv.py took 0.107 seconds
[2023-11-01 17:45:28,391] {scheduler_job.py:182} INFO - Started process (PID=1012) to work on /home/airflow/.local/lib/python3.6/site-packages/airflow/example_dags/tutorial_taskflow_api_etl_virtualenv.py
[2023-11-01 17:45:28,391] {scheduler_job.py:633} INFO - Processing file /home/airflow/.local/lib/python3.6/site-packages/airflow/example_dags/tutorial_taskflow_api_etl_virtualenv.py for tasks to queue
[2023-11-01 17:45:28,392] {logging_mixin.py:104} INFO - [2023-11-01 17:45:28,392] {dagbag.py:496} INFO - Filling up the DagBag from /home/airflow/.local/lib/python3.6/site-packages/airflow/example_dags/tutorial_taskflow_api_etl_virtualenv.py
[2023-11-01 17:45:28,398] {scheduler_job.py:643} INFO - DAG(s) dict_keys(['tutorial_taskflow_api_etl_virtualenv']) retrieved from /home/airflow/.local/lib/python3.6/site-packages/airflow/example_dags/tutorial_taskflow_api_etl_virtualenv.py
[2023-11-01 17:45:28,491] {logging_mixin.py:104} INFO - [2023-11-01 17:45:28,491] {dag.py:1833} INFO - Sync 1 DAGs
[2023-11-01 17:45:28,497] {logging_mixin.py:104} INFO - [2023-11-01 17:45:28,497] {dag.py:2306} INFO - Setting next_dagrun for tutorial_taskflow_api_etl_virtualenv to None
[2023-11-01 17:45:28,503] {scheduler_job.py:190} INFO - Processing /home/airflow/.local/lib/python3.6/site-packages/airflow/example_dags/tutorial_taskflow_api_etl_virtualenv.py took 0.113 seconds
[2023-11-01 17:45:59,080] {scheduler_job.py:182} INFO - Started process (PID=1063) to work on /home/airflow/.local/lib/python3.6/site-packages/airflow/example_dags/tutorial_taskflow_api_etl_virtualenv.py
[2023-11-01 17:45:59,080] {scheduler_job.py:633} INFO - Processing file /home/airflow/.local/lib/python3.6/site-packages/airflow/example_dags/tutorial_taskflow_api_etl_virtualenv.py for tasks to queue
[2023-11-01 17:45:59,081] {logging_mixin.py:104} INFO - [2023-11-01 17:45:59,081] {dagbag.py:496} INFO - Filling up the DagBag from /home/airflow/.local/lib/python3.6/site-packages/airflow/example_dags/tutorial_taskflow_api_etl_virtualenv.py
[2023-11-01 17:45:59,090] {scheduler_job.py:643} INFO - DAG(s) dict_keys(['tutorial_taskflow_api_etl_virtualenv']) retrieved from /home/airflow/.local/lib/python3.6/site-packages/airflow/example_dags/tutorial_taskflow_api_etl_virtualenv.py
[2023-11-01 17:45:59,191] {logging_mixin.py:104} INFO - [2023-11-01 17:45:59,191] {dag.py:1833} INFO - Sync 1 DAGs
[2023-11-01 17:45:59,200] {logging_mixin.py:104} INFO - [2023-11-01 17:45:59,199] {dag.py:2306} INFO - Setting next_dagrun for tutorial_taskflow_api_etl_virtualenv to None
[2023-11-01 17:45:59,206] {scheduler_job.py:190} INFO - Processing /home/airflow/.local/lib/python3.6/site-packages/airflow/example_dags/tutorial_taskflow_api_etl_virtualenv.py took 0.129 seconds
[2023-11-01 17:46:29,856] {scheduler_job.py:182} INFO - Started process (PID=1124) to work on /home/airflow/.local/lib/python3.6/site-packages/airflow/example_dags/tutorial_taskflow_api_etl_virtualenv.py
[2023-11-01 17:46:29,856] {scheduler_job.py:633} INFO - Processing file /home/airflow/.local/lib/python3.6/site-packages/airflow/example_dags/tutorial_taskflow_api_etl_virtualenv.py for tasks to queue
[2023-11-01 17:46:29,856] {logging_mixin.py:104} INFO - [2023-11-01 17:46:29,856] {dagbag.py:496} INFO - Filling up the DagBag from /home/airflow/.local/lib/python3.6/site-packages/airflow/example_dags/tutorial_taskflow_api_etl_virtualenv.py
[2023-11-01 17:46:29,864] {scheduler_job.py:643} INFO - DAG(s) dict_keys(['tutorial_taskflow_api_etl_virtualenv']) retrieved from /home/airflow/.local/lib/python3.6/site-packages/airflow/example_dags/tutorial_taskflow_api_etl_virtualenv.py
[2023-11-01 17:46:29,951] {logging_mixin.py:104} INFO - [2023-11-01 17:46:29,951] {dag.py:1833} INFO - Sync 1 DAGs
[2023-11-01 17:46:29,957] {logging_mixin.py:104} INFO - [2023-11-01 17:46:29,957] {dag.py:2306} INFO - Setting next_dagrun for tutorial_taskflow_api_etl_virtualenv to None
[2023-11-01 17:46:29,963] {scheduler_job.py:190} INFO - Processing /home/airflow/.local/lib/python3.6/site-packages/airflow/example_dags/tutorial_taskflow_api_etl_virtualenv.py took 0.109 seconds
[2023-11-01 17:47:00,512] {scheduler_job.py:182} INFO - Started process (PID=1185) to work on /home/airflow/.local/lib/python3.6/site-packages/airflow/example_dags/tutorial_taskflow_api_etl_virtualenv.py
[2023-11-01 17:47:00,513] {scheduler_job.py:633} INFO - Processing file /home/airflow/.local/lib/python3.6/site-packages/airflow/example_dags/tutorial_taskflow_api_etl_virtualenv.py for tasks to queue
[2023-11-01 17:47:00,513] {logging_mixin.py:104} INFO - [2023-11-01 17:47:00,513] {dagbag.py:496} INFO - Filling up the DagBag from /home/airflow/.local/lib/python3.6/site-packages/airflow/example_dags/tutorial_taskflow_api_etl_virtualenv.py
[2023-11-01 17:47:00,520] {scheduler_job.py:643} INFO - DAG(s) dict_keys(['tutorial_taskflow_api_etl_virtualenv']) retrieved from /home/airflow/.local/lib/python3.6/site-packages/airflow/example_dags/tutorial_taskflow_api_etl_virtualenv.py
[2023-11-01 17:47:00,608] {logging_mixin.py:104} INFO - [2023-11-01 17:47:00,608] {dag.py:1833} INFO - Sync 1 DAGs
[2023-11-01 17:47:00,614] {logging_mixin.py:104} INFO - [2023-11-01 17:47:00,614] {dag.py:2306} INFO - Setting next_dagrun for tutorial_taskflow_api_etl_virtualenv to None
[2023-11-01 17:47:00,619] {scheduler_job.py:190} INFO - Processing /home/airflow/.local/lib/python3.6/site-packages/airflow/example_dags/tutorial_taskflow_api_etl_virtualenv.py took 0.108 seconds
[2023-11-01 17:47:31,183] {scheduler_job.py:182} INFO - Started process (PID=1265) to work on /home/airflow/.local/lib/python3.6/site-packages/airflow/example_dags/tutorial_taskflow_api_etl_virtualenv.py
[2023-11-01 17:47:31,184] {scheduler_job.py:633} INFO - Processing file /home/airflow/.local/lib/python3.6/site-packages/airflow/example_dags/tutorial_taskflow_api_etl_virtualenv.py for tasks to queue
[2023-11-01 17:47:31,184] {logging_mixin.py:104} INFO - [2023-11-01 17:47:31,184] {dagbag.py:496} INFO - Filling up the DagBag from /home/airflow/.local/lib/python3.6/site-packages/airflow/example_dags/tutorial_taskflow_api_etl_virtualenv.py
[2023-11-01 17:47:31,191] {scheduler_job.py:643} INFO - DAG(s) dict_keys(['tutorial_taskflow_api_etl_virtualenv']) retrieved from /home/airflow/.local/lib/python3.6/site-packages/airflow/example_dags/tutorial_taskflow_api_etl_virtualenv.py
[2023-11-01 17:47:31,279] {logging_mixin.py:104} INFO - [2023-11-01 17:47:31,279] {dag.py:1833} INFO - Sync 1 DAGs
[2023-11-01 17:47:31,285] {logging_mixin.py:104} INFO - [2023-11-01 17:47:31,285] {dag.py:2306} INFO - Setting next_dagrun for tutorial_taskflow_api_etl_virtualenv to None
[2023-11-01 17:47:31,289] {scheduler_job.py:190} INFO - Processing /home/airflow/.local/lib/python3.6/site-packages/airflow/example_dags/tutorial_taskflow_api_etl_virtualenv.py took 0.107 seconds
[2023-11-01 17:48:01,889] {scheduler_job.py:182} INFO - Started process (PID=1345) to work on /home/airflow/.local/lib/python3.6/site-packages/airflow/example_dags/tutorial_taskflow_api_etl_virtualenv.py
[2023-11-01 17:48:01,889] {scheduler_job.py:633} INFO - Processing file /home/airflow/.local/lib/python3.6/site-packages/airflow/example_dags/tutorial_taskflow_api_etl_virtualenv.py for tasks to queue
[2023-11-01 17:48:01,889] {logging_mixin.py:104} INFO - [2023-11-01 17:48:01,889] {dagbag.py:496} INFO - Filling up the DagBag from /home/airflow/.local/lib/python3.6/site-packages/airflow/example_dags/tutorial_taskflow_api_etl_virtualenv.py
[2023-11-01 17:48:01,897] {scheduler_job.py:643} INFO - DAG(s) dict_keys(['tutorial_taskflow_api_etl_virtualenv']) retrieved from /home/airflow/.local/lib/python3.6/site-packages/airflow/example_dags/tutorial_taskflow_api_etl_virtualenv.py
[2023-11-01 17:48:01,986] {logging_mixin.py:104} INFO - [2023-11-01 17:48:01,986] {dag.py:1833} INFO - Sync 1 DAGs
[2023-11-01 17:48:01,992] {logging_mixin.py:104} INFO - [2023-11-01 17:48:01,992] {dag.py:2306} INFO - Setting next_dagrun for tutorial_taskflow_api_etl_virtualenv to None
[2023-11-01 17:48:01,997] {scheduler_job.py:190} INFO - Processing /home/airflow/.local/lib/python3.6/site-packages/airflow/example_dags/tutorial_taskflow_api_etl_virtualenv.py took 0.110 seconds
[2023-11-01 17:48:32,595] {scheduler_job.py:182} INFO - Started process (PID=1416) to work on /home/airflow/.local/lib/python3.6/site-packages/airflow/example_dags/tutorial_taskflow_api_etl_virtualenv.py
[2023-11-01 17:48:32,595] {scheduler_job.py:633} INFO - Processing file /home/airflow/.local/lib/python3.6/site-packages/airflow/example_dags/tutorial_taskflow_api_etl_virtualenv.py for tasks to queue
[2023-11-01 17:48:32,596] {logging_mixin.py:104} INFO - [2023-11-01 17:48:32,596] {dagbag.py:496} INFO - Filling up the DagBag from /home/airflow/.local/lib/python3.6/site-packages/airflow/example_dags/tutorial_taskflow_api_etl_virtualenv.py
[2023-11-01 17:48:32,602] {scheduler_job.py:643} INFO - DAG(s) dict_keys(['tutorial_taskflow_api_etl_virtualenv']) retrieved from /home/airflow/.local/lib/python3.6/site-packages/airflow/example_dags/tutorial_taskflow_api_etl_virtualenv.py
[2023-11-01 17:48:32,687] {logging_mixin.py:104} INFO - [2023-11-01 17:48:32,687] {dag.py:1833} INFO - Sync 1 DAGs
[2023-11-01 17:48:32,693] {logging_mixin.py:104} INFO - [2023-11-01 17:48:32,693] {dag.py:2306} INFO - Setting next_dagrun for tutorial_taskflow_api_etl_virtualenv to None
[2023-11-01 17:48:32,698] {scheduler_job.py:190} INFO - Processing /home/airflow/.local/lib/python3.6/site-packages/airflow/example_dags/tutorial_taskflow_api_etl_virtualenv.py took 0.105 seconds
[2023-11-01 17:49:03,267] {scheduler_job.py:182} INFO - Started process (PID=1497) to work on /home/airflow/.local/lib/python3.6/site-packages/airflow/example_dags/tutorial_taskflow_api_etl_virtualenv.py
[2023-11-01 17:49:03,268] {scheduler_job.py:633} INFO - Processing file /home/airflow/.local/lib/python3.6/site-packages/airflow/example_dags/tutorial_taskflow_api_etl_virtualenv.py for tasks to queue
[2023-11-01 17:49:03,268] {logging_mixin.py:104} INFO - [2023-11-01 17:49:03,268] {dagbag.py:496} INFO - Filling up the DagBag from /home/airflow/.local/lib/python3.6/site-packages/airflow/example_dags/tutorial_taskflow_api_etl_virtualenv.py
[2023-11-01 17:49:03,275] {scheduler_job.py:643} INFO - DAG(s) dict_keys(['tutorial_taskflow_api_etl_virtualenv']) retrieved from /home/airflow/.local/lib/python3.6/site-packages/airflow/example_dags/tutorial_taskflow_api_etl_virtualenv.py
[2023-11-01 17:49:03,286] {logging_mixin.py:104} INFO - [2023-11-01 17:49:03,286] {dag.py:1833} INFO - Sync 1 DAGs
[2023-11-01 17:49:03,293] {logging_mixin.py:104} INFO - [2023-11-01 17:49:03,293] {dag.py:2306} INFO - Setting next_dagrun for tutorial_taskflow_api_etl_virtualenv to None
[2023-11-01 17:49:03,297] {scheduler_job.py:190} INFO - Processing /home/airflow/.local/lib/python3.6/site-packages/airflow/example_dags/tutorial_taskflow_api_etl_virtualenv.py took 0.031 seconds
[2023-11-01 17:49:33,971] {scheduler_job.py:182} INFO - Started process (PID=1577) to work on /home/airflow/.local/lib/python3.6/site-packages/airflow/example_dags/tutorial_taskflow_api_etl_virtualenv.py
[2023-11-01 17:49:33,972] {scheduler_job.py:633} INFO - Processing file /home/airflow/.local/lib/python3.6/site-packages/airflow/example_dags/tutorial_taskflow_api_etl_virtualenv.py for tasks to queue
[2023-11-01 17:49:33,972] {logging_mixin.py:104} INFO - [2023-11-01 17:49:33,972] {dagbag.py:496} INFO - Filling up the DagBag from /home/airflow/.local/lib/python3.6/site-packages/airflow/example_dags/tutorial_taskflow_api_etl_virtualenv.py
[2023-11-01 17:49:33,979] {scheduler_job.py:643} INFO - DAG(s) dict_keys(['tutorial_taskflow_api_etl_virtualenv']) retrieved from /home/airflow/.local/lib/python3.6/site-packages/airflow/example_dags/tutorial_taskflow_api_etl_virtualenv.py
[2023-11-01 17:49:34,062] {logging_mixin.py:104} INFO - [2023-11-01 17:49:34,062] {dag.py:1833} INFO - Sync 1 DAGs
[2023-11-01 17:49:34,067] {logging_mixin.py:104} INFO - [2023-11-01 17:49:34,067] {dag.py:2306} INFO - Setting next_dagrun for tutorial_taskflow_api_etl_virtualenv to None
[2023-11-01 17:49:34,072] {scheduler_job.py:190} INFO - Processing /home/airflow/.local/lib/python3.6/site-packages/airflow/example_dags/tutorial_taskflow_api_etl_virtualenv.py took 0.102 seconds
[2023-11-01 17:50:04,693] {scheduler_job.py:182} INFO - Started process (PID=1657) to work on /home/airflow/.local/lib/python3.6/site-packages/airflow/example_dags/tutorial_taskflow_api_etl_virtualenv.py
[2023-11-01 17:50:04,693] {scheduler_job.py:633} INFO - Processing file /home/airflow/.local/lib/python3.6/site-packages/airflow/example_dags/tutorial_taskflow_api_etl_virtualenv.py for tasks to queue
[2023-11-01 17:50:04,693] {logging_mixin.py:104} INFO - [2023-11-01 17:50:04,693] {dagbag.py:496} INFO - Filling up the DagBag from /home/airflow/.local/lib/python3.6/site-packages/airflow/example_dags/tutorial_taskflow_api_etl_virtualenv.py
[2023-11-01 17:50:04,700] {scheduler_job.py:643} INFO - DAG(s) dict_keys(['tutorial_taskflow_api_etl_virtualenv']) retrieved from /home/airflow/.local/lib/python3.6/site-packages/airflow/example_dags/tutorial_taskflow_api_etl_virtualenv.py
[2023-11-01 17:50:04,785] {logging_mixin.py:104} INFO - [2023-11-01 17:50:04,785] {dag.py:1833} INFO - Sync 1 DAGs
[2023-11-01 17:50:04,791] {logging_mixin.py:104} INFO - [2023-11-01 17:50:04,791] {dag.py:2306} INFO - Setting next_dagrun for tutorial_taskflow_api_etl_virtualenv to None
[2023-11-01 17:50:04,798] {scheduler_job.py:190} INFO - Processing /home/airflow/.local/lib/python3.6/site-packages/airflow/example_dags/tutorial_taskflow_api_etl_virtualenv.py took 0.107 seconds
[2023-11-01 17:50:35,360] {scheduler_job.py:182} INFO - Started process (PID=1738) to work on /home/airflow/.local/lib/python3.6/site-packages/airflow/example_dags/tutorial_taskflow_api_etl_virtualenv.py
[2023-11-01 17:50:35,360] {scheduler_job.py:633} INFO - Processing file /home/airflow/.local/lib/python3.6/site-packages/airflow/example_dags/tutorial_taskflow_api_etl_virtualenv.py for tasks to queue
[2023-11-01 17:50:35,360] {logging_mixin.py:104} INFO - [2023-11-01 17:50:35,360] {dagbag.py:496} INFO - Filling up the DagBag from /home/airflow/.local/lib/python3.6/site-packages/airflow/example_dags/tutorial_taskflow_api_etl_virtualenv.py
[2023-11-01 17:50:35,367] {scheduler_job.py:643} INFO - DAG(s) dict_keys(['tutorial_taskflow_api_etl_virtualenv']) retrieved from /home/airflow/.local/lib/python3.6/site-packages/airflow/example_dags/tutorial_taskflow_api_etl_virtualenv.py
[2023-11-01 17:50:35,455] {logging_mixin.py:104} INFO - [2023-11-01 17:50:35,455] {dag.py:1833} INFO - Sync 1 DAGs
[2023-11-01 17:50:35,462] {logging_mixin.py:104} INFO - [2023-11-01 17:50:35,462] {dag.py:2306} INFO - Setting next_dagrun for tutorial_taskflow_api_etl_virtualenv to None
[2023-11-01 17:50:35,469] {scheduler_job.py:190} INFO - Processing /home/airflow/.local/lib/python3.6/site-packages/airflow/example_dags/tutorial_taskflow_api_etl_virtualenv.py took 0.110 seconds
[2023-11-01 17:51:06,068] {scheduler_job.py:182} INFO - Started process (PID=1809) to work on /home/airflow/.local/lib/python3.6/site-packages/airflow/example_dags/tutorial_taskflow_api_etl_virtualenv.py
[2023-11-01 17:51:06,068] {scheduler_job.py:633} INFO - Processing file /home/airflow/.local/lib/python3.6/site-packages/airflow/example_dags/tutorial_taskflow_api_etl_virtualenv.py for tasks to queue
[2023-11-01 17:51:06,069] {logging_mixin.py:104} INFO - [2023-11-01 17:51:06,069] {dagbag.py:496} INFO - Filling up the DagBag from /home/airflow/.local/lib/python3.6/site-packages/airflow/example_dags/tutorial_taskflow_api_etl_virtualenv.py
[2023-11-01 17:51:06,075] {scheduler_job.py:643} INFO - DAG(s) dict_keys(['tutorial_taskflow_api_etl_virtualenv']) retrieved from /home/airflow/.local/lib/python3.6/site-packages/airflow/example_dags/tutorial_taskflow_api_etl_virtualenv.py
[2023-11-01 17:51:06,162] {logging_mixin.py:104} INFO - [2023-11-01 17:51:06,162] {dag.py:1833} INFO - Sync 1 DAGs
[2023-11-01 17:51:06,168] {logging_mixin.py:104} INFO - [2023-11-01 17:51:06,168] {dag.py:2306} INFO - Setting next_dagrun for tutorial_taskflow_api_etl_virtualenv to None
[2023-11-01 17:51:06,174] {scheduler_job.py:190} INFO - Processing /home/airflow/.local/lib/python3.6/site-packages/airflow/example_dags/tutorial_taskflow_api_etl_virtualenv.py took 0.107 seconds
[2023-11-01 17:51:36,919] {scheduler_job.py:182} INFO - Started process (PID=1890) to work on /home/airflow/.local/lib/python3.6/site-packages/airflow/example_dags/tutorial_taskflow_api_etl_virtualenv.py
[2023-11-01 17:51:36,920] {scheduler_job.py:633} INFO - Processing file /home/airflow/.local/lib/python3.6/site-packages/airflow/example_dags/tutorial_taskflow_api_etl_virtualenv.py for tasks to queue
[2023-11-01 17:51:36,921] {logging_mixin.py:104} INFO - [2023-11-01 17:51:36,920] {dagbag.py:496} INFO - Filling up the DagBag from /home/airflow/.local/lib/python3.6/site-packages/airflow/example_dags/tutorial_taskflow_api_etl_virtualenv.py
[2023-11-01 17:51:36,930] {scheduler_job.py:643} INFO - DAG(s) dict_keys(['tutorial_taskflow_api_etl_virtualenv']) retrieved from /home/airflow/.local/lib/python3.6/site-packages/airflow/example_dags/tutorial_taskflow_api_etl_virtualenv.py
[2023-11-01 17:51:37,034] {logging_mixin.py:104} INFO - [2023-11-01 17:51:37,034] {dag.py:1833} INFO - Sync 1 DAGs
[2023-11-01 17:51:37,042] {logging_mixin.py:104} INFO - [2023-11-01 17:51:37,042] {dag.py:2306} INFO - Setting next_dagrun for tutorial_taskflow_api_etl_virtualenv to None
[2023-11-01 17:51:37,048] {scheduler_job.py:190} INFO - Processing /home/airflow/.local/lib/python3.6/site-packages/airflow/example_dags/tutorial_taskflow_api_etl_virtualenv.py took 0.131 seconds
[2023-11-01 17:52:07,088] {scheduler_job.py:182} INFO - Started process (PID=1972) to work on /home/airflow/.local/lib/python3.6/site-packages/airflow/example_dags/tutorial_taskflow_api_etl_virtualenv.py
[2023-11-01 17:52:07,089] {scheduler_job.py:633} INFO - Processing file /home/airflow/.local/lib/python3.6/site-packages/airflow/example_dags/tutorial_taskflow_api_etl_virtualenv.py for tasks to queue
[2023-11-01 17:52:07,089] {logging_mixin.py:104} INFO - [2023-11-01 17:52:07,089] {dagbag.py:496} INFO - Filling up the DagBag from /home/airflow/.local/lib/python3.6/site-packages/airflow/example_dags/tutorial_taskflow_api_etl_virtualenv.py
[2023-11-01 17:52:07,095] {scheduler_job.py:643} INFO - DAG(s) dict_keys(['tutorial_taskflow_api_etl_virtualenv']) retrieved from /home/airflow/.local/lib/python3.6/site-packages/airflow/example_dags/tutorial_taskflow_api_etl_virtualenv.py
[2023-11-01 17:52:07,179] {logging_mixin.py:104} INFO - [2023-11-01 17:52:07,179] {dag.py:1833} INFO - Sync 1 DAGs
[2023-11-01 17:52:07,184] {logging_mixin.py:104} INFO - [2023-11-01 17:52:07,184] {dag.py:2306} INFO - Setting next_dagrun for tutorial_taskflow_api_etl_virtualenv to None
[2023-11-01 17:52:07,201] {scheduler_job.py:190} INFO - Processing /home/airflow/.local/lib/python3.6/site-packages/airflow/example_dags/tutorial_taskflow_api_etl_virtualenv.py took 0.115 seconds
[2023-11-01 17:52:37,312] {scheduler_job.py:182} INFO - Started process (PID=2042) to work on /home/airflow/.local/lib/python3.6/site-packages/airflow/example_dags/tutorial_taskflow_api_etl_virtualenv.py
[2023-11-01 17:52:37,313] {scheduler_job.py:633} INFO - Processing file /home/airflow/.local/lib/python3.6/site-packages/airflow/example_dags/tutorial_taskflow_api_etl_virtualenv.py for tasks to queue
[2023-11-01 17:52:37,313] {logging_mixin.py:104} INFO - [2023-11-01 17:52:37,313] {dagbag.py:496} INFO - Filling up the DagBag from /home/airflow/.local/lib/python3.6/site-packages/airflow/example_dags/tutorial_taskflow_api_etl_virtualenv.py
[2023-11-01 17:52:37,322] {scheduler_job.py:643} INFO - DAG(s) dict_keys(['tutorial_taskflow_api_etl_virtualenv']) retrieved from /home/airflow/.local/lib/python3.6/site-packages/airflow/example_dags/tutorial_taskflow_api_etl_virtualenv.py
[2023-11-01 17:52:37,418] {logging_mixin.py:104} INFO - [2023-11-01 17:52:37,417] {dag.py:1833} INFO - Sync 1 DAGs
[2023-11-01 17:52:37,424] {logging_mixin.py:104} INFO - [2023-11-01 17:52:37,424] {dag.py:2306} INFO - Setting next_dagrun for tutorial_taskflow_api_etl_virtualenv to None
[2023-11-01 17:52:37,429] {scheduler_job.py:190} INFO - Processing /home/airflow/.local/lib/python3.6/site-packages/airflow/example_dags/tutorial_taskflow_api_etl_virtualenv.py took 0.118 seconds
[2023-11-01 17:53:07,468] {scheduler_job.py:182} INFO - Started process (PID=2124) to work on /home/airflow/.local/lib/python3.6/site-packages/airflow/example_dags/tutorial_taskflow_api_etl_virtualenv.py
[2023-11-01 17:53:07,469] {scheduler_job.py:633} INFO - Processing file /home/airflow/.local/lib/python3.6/site-packages/airflow/example_dags/tutorial_taskflow_api_etl_virtualenv.py for tasks to queue
[2023-11-01 17:53:07,469] {logging_mixin.py:104} INFO - [2023-11-01 17:53:07,469] {dagbag.py:496} INFO - Filling up the DagBag from /home/airflow/.local/lib/python3.6/site-packages/airflow/example_dags/tutorial_taskflow_api_etl_virtualenv.py
[2023-11-01 17:53:07,477] {scheduler_job.py:643} INFO - DAG(s) dict_keys(['tutorial_taskflow_api_etl_virtualenv']) retrieved from /home/airflow/.local/lib/python3.6/site-packages/airflow/example_dags/tutorial_taskflow_api_etl_virtualenv.py
[2023-11-01 17:53:07,561] {logging_mixin.py:104} INFO - [2023-11-01 17:53:07,561] {dag.py:1833} INFO - Sync 1 DAGs
[2023-11-01 17:53:07,566] {logging_mixin.py:104} INFO - [2023-11-01 17:53:07,566] {dag.py:2306} INFO - Setting next_dagrun for tutorial_taskflow_api_etl_virtualenv to None
[2023-11-01 17:53:07,582] {scheduler_job.py:190} INFO - Processing /home/airflow/.local/lib/python3.6/site-packages/airflow/example_dags/tutorial_taskflow_api_etl_virtualenv.py took 0.115 seconds
[2023-11-01 17:53:38,180] {scheduler_job.py:182} INFO - Started process (PID=2204) to work on /home/airflow/.local/lib/python3.6/site-packages/airflow/example_dags/tutorial_taskflow_api_etl_virtualenv.py
[2023-11-01 17:53:38,181] {scheduler_job.py:633} INFO - Processing file /home/airflow/.local/lib/python3.6/site-packages/airflow/example_dags/tutorial_taskflow_api_etl_virtualenv.py for tasks to queue
[2023-11-01 17:53:38,181] {logging_mixin.py:104} INFO - [2023-11-01 17:53:38,181] {dagbag.py:496} INFO - Filling up the DagBag from /home/airflow/.local/lib/python3.6/site-packages/airflow/example_dags/tutorial_taskflow_api_etl_virtualenv.py
[2023-11-01 17:53:38,187] {scheduler_job.py:643} INFO - DAG(s) dict_keys(['tutorial_taskflow_api_etl_virtualenv']) retrieved from /home/airflow/.local/lib/python3.6/site-packages/airflow/example_dags/tutorial_taskflow_api_etl_virtualenv.py
[2023-11-01 17:53:38,283] {logging_mixin.py:104} INFO - [2023-11-01 17:53:38,283] {dag.py:1833} INFO - Sync 1 DAGs
[2023-11-01 17:53:38,289] {logging_mixin.py:104} INFO - [2023-11-01 17:53:38,289] {dag.py:2306} INFO - Setting next_dagrun for tutorial_taskflow_api_etl_virtualenv to None
[2023-11-01 17:53:38,295] {scheduler_job.py:190} INFO - Processing /home/airflow/.local/lib/python3.6/site-packages/airflow/example_dags/tutorial_taskflow_api_etl_virtualenv.py took 0.116 seconds
[2023-11-01 17:54:08,976] {scheduler_job.py:182} INFO - Started process (PID=2285) to work on /home/airflow/.local/lib/python3.6/site-packages/airflow/example_dags/tutorial_taskflow_api_etl_virtualenv.py
[2023-11-01 17:54:08,977] {scheduler_job.py:633} INFO - Processing file /home/airflow/.local/lib/python3.6/site-packages/airflow/example_dags/tutorial_taskflow_api_etl_virtualenv.py for tasks to queue
[2023-11-01 17:54:08,977] {logging_mixin.py:104} INFO - [2023-11-01 17:54:08,977] {dagbag.py:496} INFO - Filling up the DagBag from /home/airflow/.local/lib/python3.6/site-packages/airflow/example_dags/tutorial_taskflow_api_etl_virtualenv.py
[2023-11-01 17:54:08,986] {scheduler_job.py:643} INFO - DAG(s) dict_keys(['tutorial_taskflow_api_etl_virtualenv']) retrieved from /home/airflow/.local/lib/python3.6/site-packages/airflow/example_dags/tutorial_taskflow_api_etl_virtualenv.py
[2023-11-01 17:54:09,083] {logging_mixin.py:104} INFO - [2023-11-01 17:54:09,083] {dag.py:1833} INFO - Sync 1 DAGs
[2023-11-01 17:54:09,089] {logging_mixin.py:104} INFO - [2023-11-01 17:54:09,089] {dag.py:2306} INFO - Setting next_dagrun for tutorial_taskflow_api_etl_virtualenv to None
[2023-11-01 17:54:09,097] {scheduler_job.py:190} INFO - Processing /home/airflow/.local/lib/python3.6/site-packages/airflow/example_dags/tutorial_taskflow_api_etl_virtualenv.py took 0.123 seconds
[2023-11-01 17:54:39,140] {scheduler_job.py:182} INFO - Started process (PID=2378) to work on /home/airflow/.local/lib/python3.6/site-packages/airflow/example_dags/tutorial_taskflow_api_etl_virtualenv.py
[2023-11-01 17:54:39,141] {scheduler_job.py:633} INFO - Processing file /home/airflow/.local/lib/python3.6/site-packages/airflow/example_dags/tutorial_taskflow_api_etl_virtualenv.py for tasks to queue
[2023-11-01 17:54:39,141] {logging_mixin.py:104} INFO - [2023-11-01 17:54:39,141] {dagbag.py:496} INFO - Filling up the DagBag from /home/airflow/.local/lib/python3.6/site-packages/airflow/example_dags/tutorial_taskflow_api_etl_virtualenv.py
[2023-11-01 17:54:39,151] {scheduler_job.py:643} INFO - DAG(s) dict_keys(['tutorial_taskflow_api_etl_virtualenv']) retrieved from /home/airflow/.local/lib/python3.6/site-packages/airflow/example_dags/tutorial_taskflow_api_etl_virtualenv.py
[2023-11-01 17:54:39,247] {logging_mixin.py:104} INFO - [2023-11-01 17:54:39,247] {dag.py:1833} INFO - Sync 1 DAGs
[2023-11-01 17:54:39,254] {logging_mixin.py:104} INFO - [2023-11-01 17:54:39,254] {dag.py:2306} INFO - Setting next_dagrun for tutorial_taskflow_api_etl_virtualenv to None
[2023-11-01 17:54:39,270] {scheduler_job.py:190} INFO - Processing /home/airflow/.local/lib/python3.6/site-packages/airflow/example_dags/tutorial_taskflow_api_etl_virtualenv.py took 0.131 seconds
[2023-11-01 17:55:09,289] {scheduler_job.py:182} INFO - Started process (PID=2459) to work on /home/airflow/.local/lib/python3.6/site-packages/airflow/example_dags/tutorial_taskflow_api_etl_virtualenv.py
[2023-11-01 17:55:09,290] {scheduler_job.py:633} INFO - Processing file /home/airflow/.local/lib/python3.6/site-packages/airflow/example_dags/tutorial_taskflow_api_etl_virtualenv.py for tasks to queue
[2023-11-01 17:55:09,290] {logging_mixin.py:104} INFO - [2023-11-01 17:55:09,290] {dagbag.py:496} INFO - Filling up the DagBag from /home/airflow/.local/lib/python3.6/site-packages/airflow/example_dags/tutorial_taskflow_api_etl_virtualenv.py
[2023-11-01 17:55:09,301] {scheduler_job.py:643} INFO - DAG(s) dict_keys(['tutorial_taskflow_api_etl_virtualenv']) retrieved from /home/airflow/.local/lib/python3.6/site-packages/airflow/example_dags/tutorial_taskflow_api_etl_virtualenv.py
[2023-11-01 17:55:09,403] {logging_mixin.py:104} INFO - [2023-11-01 17:55:09,403] {dag.py:1833} INFO - Sync 1 DAGs
[2023-11-01 17:55:09,409] {logging_mixin.py:104} INFO - [2023-11-01 17:55:09,409] {dag.py:2306} INFO - Setting next_dagrun for tutorial_taskflow_api_etl_virtualenv to None
[2023-11-01 17:55:09,427] {scheduler_job.py:190} INFO - Processing /home/airflow/.local/lib/python3.6/site-packages/airflow/example_dags/tutorial_taskflow_api_etl_virtualenv.py took 0.140 seconds
[2023-11-01 17:55:40,159] {scheduler_job.py:182} INFO - Started process (PID=2539) to work on /home/airflow/.local/lib/python3.6/site-packages/airflow/example_dags/tutorial_taskflow_api_etl_virtualenv.py
[2023-11-01 17:55:40,159] {scheduler_job.py:633} INFO - Processing file /home/airflow/.local/lib/python3.6/site-packages/airflow/example_dags/tutorial_taskflow_api_etl_virtualenv.py for tasks to queue
[2023-11-01 17:55:40,160] {logging_mixin.py:104} INFO - [2023-11-01 17:55:40,160] {dagbag.py:496} INFO - Filling up the DagBag from /home/airflow/.local/lib/python3.6/site-packages/airflow/example_dags/tutorial_taskflow_api_etl_virtualenv.py
[2023-11-01 17:55:40,169] {scheduler_job.py:643} INFO - DAG(s) dict_keys(['tutorial_taskflow_api_etl_virtualenv']) retrieved from /home/airflow/.local/lib/python3.6/site-packages/airflow/example_dags/tutorial_taskflow_api_etl_virtualenv.py
[2023-11-01 17:55:40,257] {logging_mixin.py:104} INFO - [2023-11-01 17:55:40,257] {dag.py:1833} INFO - Sync 1 DAGs
[2023-11-01 17:55:40,262] {logging_mixin.py:104} INFO - [2023-11-01 17:55:40,262] {dag.py:2306} INFO - Setting next_dagrun for tutorial_taskflow_api_etl_virtualenv to None
[2023-11-01 17:55:40,268] {scheduler_job.py:190} INFO - Processing /home/airflow/.local/lib/python3.6/site-packages/airflow/example_dags/tutorial_taskflow_api_etl_virtualenv.py took 0.111 seconds
[2023-11-01 17:56:10,920] {scheduler_job.py:182} INFO - Started process (PID=2620) to work on /home/airflow/.local/lib/python3.6/site-packages/airflow/example_dags/tutorial_taskflow_api_etl_virtualenv.py
[2023-11-01 17:56:10,921] {scheduler_job.py:633} INFO - Processing file /home/airflow/.local/lib/python3.6/site-packages/airflow/example_dags/tutorial_taskflow_api_etl_virtualenv.py for tasks to queue
[2023-11-01 17:56:10,921] {logging_mixin.py:104} INFO - [2023-11-01 17:56:10,921] {dagbag.py:496} INFO - Filling up the DagBag from /home/airflow/.local/lib/python3.6/site-packages/airflow/example_dags/tutorial_taskflow_api_etl_virtualenv.py
[2023-11-01 17:56:10,929] {scheduler_job.py:643} INFO - DAG(s) dict_keys(['tutorial_taskflow_api_etl_virtualenv']) retrieved from /home/airflow/.local/lib/python3.6/site-packages/airflow/example_dags/tutorial_taskflow_api_etl_virtualenv.py
[2023-11-01 17:56:11,014] {logging_mixin.py:104} INFO - [2023-11-01 17:56:11,014] {dag.py:1833} INFO - Sync 1 DAGs
[2023-11-01 17:56:11,020] {logging_mixin.py:104} INFO - [2023-11-01 17:56:11,020] {dag.py:2306} INFO - Setting next_dagrun for tutorial_taskflow_api_etl_virtualenv to None
[2023-11-01 17:56:11,026] {scheduler_job.py:190} INFO - Processing /home/airflow/.local/lib/python3.6/site-packages/airflow/example_dags/tutorial_taskflow_api_etl_virtualenv.py took 0.108 seconds
[2023-11-01 17:56:41,688] {scheduler_job.py:182} INFO - Started process (PID=2691) to work on /home/airflow/.local/lib/python3.6/site-packages/airflow/example_dags/tutorial_taskflow_api_etl_virtualenv.py
[2023-11-01 17:56:41,688] {scheduler_job.py:633} INFO - Processing file /home/airflow/.local/lib/python3.6/site-packages/airflow/example_dags/tutorial_taskflow_api_etl_virtualenv.py for tasks to queue
[2023-11-01 17:56:41,688] {logging_mixin.py:104} INFO - [2023-11-01 17:56:41,688] {dagbag.py:496} INFO - Filling up the DagBag from /home/airflow/.local/lib/python3.6/site-packages/airflow/example_dags/tutorial_taskflow_api_etl_virtualenv.py
[2023-11-01 17:56:41,696] {scheduler_job.py:643} INFO - DAG(s) dict_keys(['tutorial_taskflow_api_etl_virtualenv']) retrieved from /home/airflow/.local/lib/python3.6/site-packages/airflow/example_dags/tutorial_taskflow_api_etl_virtualenv.py
[2023-11-01 17:56:41,781] {logging_mixin.py:104} INFO - [2023-11-01 17:56:41,781] {dag.py:1833} INFO - Sync 1 DAGs
[2023-11-01 17:56:41,787] {logging_mixin.py:104} INFO - [2023-11-01 17:56:41,787] {dag.py:2306} INFO - Setting next_dagrun for tutorial_taskflow_api_etl_virtualenv to None
[2023-11-01 17:56:41,794] {scheduler_job.py:190} INFO - Processing /home/airflow/.local/lib/python3.6/site-packages/airflow/example_dags/tutorial_taskflow_api_etl_virtualenv.py took 0.108 seconds
[2023-11-01 17:57:12,523] {scheduler_job.py:182} INFO - Started process (PID=2772) to work on /home/airflow/.local/lib/python3.6/site-packages/airflow/example_dags/tutorial_taskflow_api_etl_virtualenv.py
[2023-11-01 17:57:12,523] {scheduler_job.py:633} INFO - Processing file /home/airflow/.local/lib/python3.6/site-packages/airflow/example_dags/tutorial_taskflow_api_etl_virtualenv.py for tasks to queue
[2023-11-01 17:57:12,524] {logging_mixin.py:104} INFO - [2023-11-01 17:57:12,524] {dagbag.py:496} INFO - Filling up the DagBag from /home/airflow/.local/lib/python3.6/site-packages/airflow/example_dags/tutorial_taskflow_api_etl_virtualenv.py
[2023-11-01 17:57:12,532] {scheduler_job.py:643} INFO - DAG(s) dict_keys(['tutorial_taskflow_api_etl_virtualenv']) retrieved from /home/airflow/.local/lib/python3.6/site-packages/airflow/example_dags/tutorial_taskflow_api_etl_virtualenv.py
[2023-11-01 17:57:12,616] {logging_mixin.py:104} INFO - [2023-11-01 17:57:12,616] {dag.py:1833} INFO - Sync 1 DAGs
[2023-11-01 17:57:12,622] {logging_mixin.py:104} INFO - [2023-11-01 17:57:12,622] {dag.py:2306} INFO - Setting next_dagrun for tutorial_taskflow_api_etl_virtualenv to None
[2023-11-01 17:57:12,626] {scheduler_job.py:190} INFO - Processing /home/airflow/.local/lib/python3.6/site-packages/airflow/example_dags/tutorial_taskflow_api_etl_virtualenv.py took 0.106 seconds
[2023-11-01 17:57:43,331] {scheduler_job.py:182} INFO - Started process (PID=2853) to work on /home/airflow/.local/lib/python3.6/site-packages/airflow/example_dags/tutorial_taskflow_api_etl_virtualenv.py
[2023-11-01 17:57:43,332] {scheduler_job.py:633} INFO - Processing file /home/airflow/.local/lib/python3.6/site-packages/airflow/example_dags/tutorial_taskflow_api_etl_virtualenv.py for tasks to queue
[2023-11-01 17:57:43,332] {logging_mixin.py:104} INFO - [2023-11-01 17:57:43,332] {dagbag.py:496} INFO - Filling up the DagBag from /home/airflow/.local/lib/python3.6/site-packages/airflow/example_dags/tutorial_taskflow_api_etl_virtualenv.py
[2023-11-01 17:57:43,339] {scheduler_job.py:643} INFO - DAG(s) dict_keys(['tutorial_taskflow_api_etl_virtualenv']) retrieved from /home/airflow/.local/lib/python3.6/site-packages/airflow/example_dags/tutorial_taskflow_api_etl_virtualenv.py
[2023-11-01 17:57:43,421] {logging_mixin.py:104} INFO - [2023-11-01 17:57:43,421] {dag.py:1833} INFO - Sync 1 DAGs
[2023-11-01 17:57:43,427] {logging_mixin.py:104} INFO - [2023-11-01 17:57:43,427] {dag.py:2306} INFO - Setting next_dagrun for tutorial_taskflow_api_etl_virtualenv to None
[2023-11-01 17:57:43,433] {scheduler_job.py:190} INFO - Processing /home/airflow/.local/lib/python3.6/site-packages/airflow/example_dags/tutorial_taskflow_api_etl_virtualenv.py took 0.103 seconds
[2023-11-01 17:58:14,318] {scheduler_job.py:182} INFO - Started process (PID=2934) to work on /home/airflow/.local/lib/python3.6/site-packages/airflow/example_dags/tutorial_taskflow_api_etl_virtualenv.py
[2023-11-01 17:58:14,318] {scheduler_job.py:633} INFO - Processing file /home/airflow/.local/lib/python3.6/site-packages/airflow/example_dags/tutorial_taskflow_api_etl_virtualenv.py for tasks to queue
[2023-11-01 17:58:14,318] {logging_mixin.py:104} INFO - [2023-11-01 17:58:14,318] {dagbag.py:496} INFO - Filling up the DagBag from /home/airflow/.local/lib/python3.6/site-packages/airflow/example_dags/tutorial_taskflow_api_etl_virtualenv.py
[2023-11-01 17:58:14,325] {scheduler_job.py:643} INFO - DAG(s) dict_keys(['tutorial_taskflow_api_etl_virtualenv']) retrieved from /home/airflow/.local/lib/python3.6/site-packages/airflow/example_dags/tutorial_taskflow_api_etl_virtualenv.py
[2023-11-01 17:58:14,410] {logging_mixin.py:104} INFO - [2023-11-01 17:58:14,410] {dag.py:1833} INFO - Sync 1 DAGs
[2023-11-01 17:58:14,416] {logging_mixin.py:104} INFO - [2023-11-01 17:58:14,416] {dag.py:2306} INFO - Setting next_dagrun for tutorial_taskflow_api_etl_virtualenv to None
[2023-11-01 17:58:14,422] {scheduler_job.py:190} INFO - Processing /home/airflow/.local/lib/python3.6/site-packages/airflow/example_dags/tutorial_taskflow_api_etl_virtualenv.py took 0.106 seconds
[2023-11-01 17:58:44,473] {scheduler_job.py:182} INFO - Started process (PID=3036) to work on /home/airflow/.local/lib/python3.6/site-packages/airflow/example_dags/tutorial_taskflow_api_etl_virtualenv.py
[2023-11-01 17:58:44,473] {scheduler_job.py:633} INFO - Processing file /home/airflow/.local/lib/python3.6/site-packages/airflow/example_dags/tutorial_taskflow_api_etl_virtualenv.py for tasks to queue
[2023-11-01 17:58:44,474] {logging_mixin.py:104} INFO - [2023-11-01 17:58:44,474] {dagbag.py:496} INFO - Filling up the DagBag from /home/airflow/.local/lib/python3.6/site-packages/airflow/example_dags/tutorial_taskflow_api_etl_virtualenv.py
[2023-11-01 17:58:44,485] {scheduler_job.py:643} INFO - DAG(s) dict_keys(['tutorial_taskflow_api_etl_virtualenv']) retrieved from /home/airflow/.local/lib/python3.6/site-packages/airflow/example_dags/tutorial_taskflow_api_etl_virtualenv.py
[2023-11-01 17:58:44,607] {logging_mixin.py:104} INFO - [2023-11-01 17:58:44,607] {dag.py:1833} INFO - Sync 1 DAGs
[2023-11-01 17:58:44,614] {logging_mixin.py:104} INFO - [2023-11-01 17:58:44,614] {dag.py:2306} INFO - Setting next_dagrun for tutorial_taskflow_api_etl_virtualenv to None
[2023-11-01 17:58:44,621] {scheduler_job.py:190} INFO - Processing /home/airflow/.local/lib/python3.6/site-packages/airflow/example_dags/tutorial_taskflow_api_etl_virtualenv.py took 0.150 seconds
[2023-11-01 17:59:15,354] {scheduler_job.py:182} INFO - Started process (PID=3087) to work on /home/airflow/.local/lib/python3.6/site-packages/airflow/example_dags/tutorial_taskflow_api_etl_virtualenv.py
[2023-11-01 17:59:15,355] {scheduler_job.py:633} INFO - Processing file /home/airflow/.local/lib/python3.6/site-packages/airflow/example_dags/tutorial_taskflow_api_etl_virtualenv.py for tasks to queue
[2023-11-01 17:59:15,355] {logging_mixin.py:104} INFO - [2023-11-01 17:59:15,355] {dagbag.py:496} INFO - Filling up the DagBag from /home/airflow/.local/lib/python3.6/site-packages/airflow/example_dags/tutorial_taskflow_api_etl_virtualenv.py
[2023-11-01 17:59:15,361] {scheduler_job.py:643} INFO - DAG(s) dict_keys(['tutorial_taskflow_api_etl_virtualenv']) retrieved from /home/airflow/.local/lib/python3.6/site-packages/airflow/example_dags/tutorial_taskflow_api_etl_virtualenv.py
[2023-11-01 17:59:15,515] {logging_mixin.py:104} INFO - [2023-11-01 17:59:15,515] {dag.py:1833} INFO - Sync 1 DAGs
[2023-11-01 17:59:15,521] {logging_mixin.py:104} INFO - [2023-11-01 17:59:15,521] {dag.py:2306} INFO - Setting next_dagrun for tutorial_taskflow_api_etl_virtualenv to None
[2023-11-01 17:59:15,538] {scheduler_job.py:190} INFO - Processing /home/airflow/.local/lib/python3.6/site-packages/airflow/example_dags/tutorial_taskflow_api_etl_virtualenv.py took 0.185 seconds
[2023-11-01 17:59:46,446] {scheduler_job.py:182} INFO - Started process (PID=3186) to work on /home/airflow/.local/lib/python3.6/site-packages/airflow/example_dags/tutorial_taskflow_api_etl_virtualenv.py
[2023-11-01 17:59:46,446] {scheduler_job.py:633} INFO - Processing file /home/airflow/.local/lib/python3.6/site-packages/airflow/example_dags/tutorial_taskflow_api_etl_virtualenv.py for tasks to queue
[2023-11-01 17:59:46,447] {logging_mixin.py:104} INFO - [2023-11-01 17:59:46,447] {dagbag.py:496} INFO - Filling up the DagBag from /home/airflow/.local/lib/python3.6/site-packages/airflow/example_dags/tutorial_taskflow_api_etl_virtualenv.py
[2023-11-01 17:59:46,454] {scheduler_job.py:643} INFO - DAG(s) dict_keys(['tutorial_taskflow_api_etl_virtualenv']) retrieved from /home/airflow/.local/lib/python3.6/site-packages/airflow/example_dags/tutorial_taskflow_api_etl_virtualenv.py
[2023-11-01 17:59:46,539] {logging_mixin.py:104} INFO - [2023-11-01 17:59:46,539] {dag.py:1833} INFO - Sync 1 DAGs
[2023-11-01 17:59:46,545] {logging_mixin.py:104} INFO - [2023-11-01 17:59:46,544] {dag.py:2306} INFO - Setting next_dagrun for tutorial_taskflow_api_etl_virtualenv to None
[2023-11-01 17:59:46,550] {scheduler_job.py:190} INFO - Processing /home/airflow/.local/lib/python3.6/site-packages/airflow/example_dags/tutorial_taskflow_api_etl_virtualenv.py took 0.105 seconds
[2023-11-01 18:00:17,262] {scheduler_job.py:182} INFO - Started process (PID=3267) to work on /home/airflow/.local/lib/python3.6/site-packages/airflow/example_dags/tutorial_taskflow_api_etl_virtualenv.py
[2023-11-01 18:00:17,263] {scheduler_job.py:633} INFO - Processing file /home/airflow/.local/lib/python3.6/site-packages/airflow/example_dags/tutorial_taskflow_api_etl_virtualenv.py for tasks to queue
[2023-11-01 18:00:17,263] {logging_mixin.py:104} INFO - [2023-11-01 18:00:17,263] {dagbag.py:496} INFO - Filling up the DagBag from /home/airflow/.local/lib/python3.6/site-packages/airflow/example_dags/tutorial_taskflow_api_etl_virtualenv.py
[2023-11-01 18:00:17,270] {scheduler_job.py:643} INFO - DAG(s) dict_keys(['tutorial_taskflow_api_etl_virtualenv']) retrieved from /home/airflow/.local/lib/python3.6/site-packages/airflow/example_dags/tutorial_taskflow_api_etl_virtualenv.py
[2023-11-01 18:00:17,353] {logging_mixin.py:104} INFO - [2023-11-01 18:00:17,353] {dag.py:1833} INFO - Sync 1 DAGs
[2023-11-01 18:00:17,359] {logging_mixin.py:104} INFO - [2023-11-01 18:00:17,359] {dag.py:2306} INFO - Setting next_dagrun for tutorial_taskflow_api_etl_virtualenv to None
[2023-11-01 18:00:17,364] {scheduler_job.py:190} INFO - Processing /home/airflow/.local/lib/python3.6/site-packages/airflow/example_dags/tutorial_taskflow_api_etl_virtualenv.py took 0.103 seconds
